faze-vs-ence-dust2.out
de_dust2
DMG/!rain /!43.221,51.273/!knife/!NiKo /!43.962,51.993/!30
DMG/!rain /!45.076,52.417/!knife/!NiKo /!45.907,52.025/!30
DMG/!rain /!47.065,51.902/!knife/!NiKo /!47.829,52.064/!61
KILL/!rain /!47.065,51.902/!knife_butterfly/!NiKo /!47.829,52.064
DMG/!suNny/!73.025,110.841/!knife/!allu/!73.841,110.863/!30
DMG/!suNny/!74.522,110.952/!knife/!allu/!75.764,110.622/!8
DMG/!sergej/!89.383,102.153/!knife/!Jamppi/!88.669,101.483/!13
DMG/!sergej/!89.036,100.845/!knife/!Jamppi/!88.597,99.479/!30
DMG/!allu/!87.643,99.997/!knife/!Aerial/!88.026,99.074/!30
DMG/!sergej/!89.117,98.588/!knife/!Jamppi/!88.604,97.893/!30
DMG/!Aerial/!88.358,98.389/!knife/!Jamppi/!88.605,97.760/!61
KILL/!Aerial/!88.358,98.389/!bayonet/!Jamppi/!88.605,97.760
DMG/!suNny/!89.670,99.190/!knife/!sergej/!89.023,98.250/!30
DMG/!allu/!87.605,98.057/!knife/!Aerial/!88.283,98.193/!8
DMG/!sergej/!89.419,96.227/!knife/!Aerial/!88.449,96.264/!8
DMG/!sergej/!89.621,93.814/!knife/!Aerial/!88.591,94.327/!8
DMG/!rain /!69.189,69.155/!knife/!broky /!70.148,69.081/!13
DMG/!broky /!70.095,69.034/!knife/!rain /!69.235,69.105/!13
DMG/!sergej/!88.985,91.576/!knife/!Aerial/!88.752,92.390/!8
DMG/!suNny/!89.627,93.988/!knife/!Aerial/!88.751,92.315/!30
DMG/!rain /!69.515,69.558/!knife/!broky /!71.032,68.869/!8
DMG/!broky /!70.408,68.821/!knife/!rain /!70.905,69.451/!8
KILL/!sergej/!88.735,89.801/!knife_css/!Aerial/!88.275,90.881
DMG/!sergej/!88.735,89.801/!knife/!Aerial/!88.275,90.881/!8
DMG/!rain /!70.915,69.454/!knife/!broky /!70.427,68.817/!8
DMG/!suNny/!89.118,90.420/!knife/!sergej/!88.629,89.789/!22
DMG/!rain /!70.433,69.556/!knife/!broky /!71.409,68.262/!8
DMG/!broky /!70.400,68.052/!knife/!rain /!71.540,69.339/!8
DMG/!allu/!89.346,89.581/!knife/!suNny/!88.722,88.162/!30
DMG/!suNny/!87.166,87.299/!knife/!sergej/!86.501,86.405/!61
KILL/!suNny/!87.166,87.299/!knife_butterfly/!sergej/!86.501,86.405
DMG/!allu/!88.735,87.814/!knife/!suNny/!87.076,87.214/!30
DMG/!coldzera /!86.720,84.276/!knife/!suNny/!85.898,84.882/!55
KILL/!coldzera /!86.720,84.276/!knife_css/!suNny/!85.898,84.882
DMG/!rain /!72.784,67.377/!knife/!broky /!72.949,66.386/!8
DMG/!broky /!72.894,66.499/!knife/!rain /!72.712,67.282/!13
DMG/!rain /!72.432,67.387/!knife/!broky /!73.139,66.429/!8
DMG/!broky /!73.192,66.510/!knife/!rain /!72.381,67.343/!8
DMG/!rain /!72.779,66.839/!knife/!broky /!73.403,66.946/!22
DMG/!broky /!73.403,66.821/!knife/!rain /!72.779,66.940/!8
DMG/!rain /!74.928,68.396/!knife/!broky /!75.763,67.022/!13
DMG/!broky /!75.463,67.026/!knife/!rain /!75.229,68.150/!13
DMG/!coldzera /!77.049,82.885/!knife/!Bymas/!75.575,82.033/!30
DMG/!rain /!75.041,68.020/!knife/!broky /!76.063,67.499/!8
DMG/!broky /!76.083,67.838/!knife/!rain /!75.127,67.800/!8
DMG/!coldzera /!75.255,81.701/!knife/!Bymas/!74.752,80.626/!30
DMG/!rain /!75.573,68.065/!knife/!broky /!76.201,68.612/!22
KILL/!rain /!75.573,68.065/!knife_butterfly/!broky /!76.201,68.612
DMG/!coldzera /!74.475,79.732/!knife/!Bymas/!75.121,78.713/!30
DMG/!coldzera /!75.160,77.753/!knife/!Bymas/!75.534,77.192/!30
KILL/!coldzera /!75.160,77.753/!knife_css/!Bymas/!75.534,77.192
DMG/!allu/!74.492,71.359/!knife/!rain /!74.149,70.624/!55
KILL/!allu/!74.492,71.359/!knife_butterfly/!rain /!74.149,70.624
DMG/!coldzera /!74.773,72.231/!knife/!allu/!74.626,71.561/!33
DMG/!coldzera /!74.119,71.685/!knife/!allu/!74.462,70.973/!21
DMG/!Bymas/!60.020,96.490/!hkp2000/!Aerial/!59.577,75.836/!115
KILL/!Bymas/!60.020,96.490/!usp_silencer HS/!Aerial/!59.577,75.836
DMG/!unnamed/!NAN/!/!rain /!74.145,108.027/!2
DMG/!coldzera /!22.653,124.143/!hkp2000/!Jamppi/!24.825,99.461/!13
DMG/!unnamed/!NAN/!/!sergej/!74.996,110.676/!8
DMG/!Bymas/!92.742,105.587/!hkp2000/!sergej/!75.131,110.555/!117
KILL/!Bymas/!92.742,105.587/!usp_silencer HS/!sergej/!75.131,110.555
DMG/!coldzera /!22.509,124.111/!hkp2000/!suNny/!24.146,101.819/!28
DMG/!Jamppi/!26.405,104.735/!glock/!broky /!36.632,110.444/!11
DMG/!Jamppi/!26.804,104.788/!glock/!broky /!36.777,110.171/!11
DMG/!Jamppi/!27.335,105.208/!glock/!broky /!36.601,110.530/!11
KILL/!coldzera /!22.811,124.124/!usp_silencer HS/!allu/!25.106,94.196
DMG/!coldzera /!22.811,124.124/!hkp2000/!allu/!25.106,94.196/!105
KILL/!coldzera /!21.895,124.061/!usp_silencer HS/!Jamppi/!27.515,107.396
DMG/!coldzera /!21.895,124.061/!hkp2000/!Jamppi/!27.515,107.396/!118
DMG/!suNny/!29.503,108.205/!glock/!broky /!36.425,111.044/!106
KILL/!suNny/!29.503,108.205/!glock HS/!broky /!36.425,111.044
DMG/!suNny/!25.475,112.091/!glock/!coldzera /!26.688,123.054/!11
DMG/!coldzera /!26.343,123.092/!hkp2000/!suNny/!25.334,112.107/!31
DMG/!suNny/!25.092,112.137/!glock/!coldzera /!26.642,123.054/!11
KILL/!coldzera /!26.656,123.052/!usp_silencer HS/!suNny/!25.091,112.137
DMG/!coldzera /!26.656,123.052/!hkp2000/!suNny/!25.091,112.137/!126
DMG/!sergej/!77.288,110.163/!glock/!rain /!92.883,105.898/!10
DMG/!NiKo /!88.068,115.805/!ssg08/!suNny/!70.195,107.149/!84
DMG/!unnamed/!NAN/!/!sergej/!78.738,109.814/!14
DMG/!rain /!92.786,105.584/!m4a1/!sergej/!78.802,109.816/!126
KILL/!rain /!92.786,105.584/!m4a1 HS/!sergej/!78.802,109.816
DMG/!unnamed/!NAN/!/!Jamppi/!77.856,107.654/!19
DMG/!coldzera /!59.332,109.551/!famas/!Jamppi/!78.851,107.594/!34
DMG/!coldzera /!59.333,109.551/!famas/!Jamppi/!79.096,107.594/!34
DMG/!coldzera /!59.333,109.543/!famas/!Jamppi/!79.096,107.594/!27
KILL/!coldzera /!59.333,109.543/!famas/!Jamppi/!79.096,107.594
DMG/!NiKo /!88.088,115.966/!hkp2000/!Aerial/!68.846,107.492/!28
DMG/!suNny/!69.271,109.790/!p250/!rain /!92.803,105.860/!75
KILL/!rain /!92.791,105.752/!m4a1/!suNny/!69.284,109.871
DMG/!rain /!92.791,105.752/!m4a1/!suNny/!69.284,109.871/!30
DMG/!Aerial/!68.307,110.411/!glock/!rain /!92.798,105.796/!11
DMG/!Aerial/!68.285,110.970/!glock/!rain /!92.778,105.682/!9
KILL/!Aerial/!68.285,110.970/!glock/!rain /!92.778,105.682
DMG/!Bymas/!93.945,104.683/!m4a1/!Aerial/!68.903,113.758/!30
DMG/!Bymas/!93.842,104.399/!m4a1/!Aerial/!69.168,114.380/!121
KILL/!Bymas/!93.842,104.399/!m4a1 HS/!Aerial/!69.168,114.380
DMG/!Bymas/!93.500,103.641/!m4a1/!allu/!70.251,116.530/!30
DMG/!NiKo /!88.411,118.371/!hkp2000/!allu/!70.239,116.681/!29
DMG/!Bymas/!93.224,103.152/!m4a1/!allu/!70.228,116.831/!121
DMG/!NiKo /!88.447,117.898/!hkp2000/!allu/!70.228,116.831/!20
KILL/!Bymas/!93.224,103.152/!m4a1 HS/!allu/!70.228,116.831
DMG/!allu/!22.058,88.425/!hegrenade/!broky /!29.800,105.645/!13
DMG/!suNny/!24.829,90.537/!hegrenade/!broky /!31.352,104.896/!2
DMG/!NiKo /!55.830,110.279/!ssg08/!suNny/!54.086,93.340/!46
DMG/!suNny/!54.133,93.279/!ak47/!NiKo /!55.994,110.260/!9
DMG/!suNny/!53.894,93.306/!ak47/!NiKo /!56.280,110.226/!33
DMG/!suNny/!53.862,93.309/!ak47/!NiKo /!56.608,110.184/!9
DMG/!NiKo /!57.254,110.126/!ssg08/!suNny/!53.907,93.298/!59
KILL/!NiKo /!57.254,110.126/!ssg08 WB/!suNny/!53.907,93.298
DMG/!NiKo /!60.498,108.550/!hegrenade/!Aerial/!62.896,95.265/!4
DMG/!sergej/!73.556,79.396/!ak47/!NiKo /!93.491,95.600/!12
DMG/!sergej/!73.542,79.415/!ak47/!NiKo /!93.453,95.649/!26
DMG/!Bymas/!87.646,75.714/!m4a1/!sergej/!74.141,88.940/!23
DMG/!Bymas/!87.646,75.714/!m4a1/!sergej/!74.323,89.363/!27
DMG/!Bymas/!87.645,75.712/!m4a1/!sergej/!74.528,89.775/!21
DMG/!Bymas/!87.655,75.689/!m4a1/!sergej/!75.407,90.154/!9
DMG/!Bymas/!85.152,75.175/!m4a1/!Jamppi/!79.152,86.437/!22
DMG/!Bymas/!85.154,75.172/!m4a1/!Jamppi/!79.148,86.434/!88
KILL/!Bymas/!85.154,75.172/!m4a1 HS/!Jamppi/!79.148,86.434
DMG/!Bymas/!85.123,75.155/!m4a1/!sergej/!75.501,89.834/!21
KILL/!Bymas/!85.123,75.155/!m4a1/!sergej/!75.501,89.834
DMG/!Aerial/!87.288,121.898/!ak47/!NiKo /!88.611,85.928/!25
KILL/!Aerial/!87.288,121.898/!ak47/!NiKo /!88.611,85.928
DMG/!rain /!88.014,111.838/!m4a1/!Aerial/!87.731,121.554/!22
DMG/!Aerial/!87.742,121.554/!ak47/!rain /!88.023,111.842/!27
DMG/!rain /!88.023,111.842/!m4a1/!Aerial/!87.742,121.554/!22
DMG/!Aerial/!87.742,121.554/!ak47/!rain /!88.023,111.842/!34
KILL/!rain /!88.023,111.842/!m4a1 HS/!Aerial/!87.742,121.554
DMG/!rain /!88.023,111.842/!m4a1/!Aerial/!87.742,121.554/!89
DMG/!allu/!84.412,120.384/!ak47/!Bymas/!94.284,85.762/!25
DMG/!allu/!84.300,120.412/!ak47/!Bymas/!94.481,85.821/!32
DMG/!Bymas/!94.400,85.797/!ak47/!allu/!84.300,120.412/!14
KILL/!rain /!87.925,113.490/!m4a1 HS/!allu/!83.765,119.972
DMG/!rain /!87.925,113.490/!m4a1/!allu/!83.765,119.972/!90
KILL/!coldzera /!56.553,80.259/!ak47 HS/!sergej/!68.726,67.723
DMG/!coldzera /!56.553,80.259/!ak47/!sergej/!68.726,67.723/!139
DMG/!coldzera /!57.605,79.233/!ak47/!Aerial/!68.747,69.111/!27
DMG/!coldzera /!57.578,79.201/!ak47/!Aerial/!68.695,69.040/!27
DMG/!coldzera /!57.586,79.210/!ak47/!Aerial/!68.759,69.108/!27
DMG/!coldzera /!57.575,79.199/!ak47/!Aerial/!68.870,69.233/!33
KILL/!coldzera /!57.575,79.199/!ak47/!Aerial/!68.870,69.233
DMG/!rain /!87.461,125.009/!ak47/!Jamppi/!87.678,97.788/!26
DMG/!allu/!71.871,67.667/!deagle/!coldzera /!57.222,77.999/!39
DMG/!coldzera /!57.272,78.037/!ak47/!allu/!71.753,67.500/!33
DMG/!coldzera /!57.303,78.079/!ak47/!allu/!71.725,67.460/!33
DMG/!coldzera /!57.336,78.124/!ak47/!allu/!71.702,67.428/!33
DMG/!rain /!88.189,125.014/!ak47/!Jamppi/!88.160,97.855/!26
DMG/!coldzera /!57.411,78.223/!ak47/!allu/!71.638,67.400/!138
KILL/!coldzera /!57.411,78.223/!ak47 HS/!allu/!71.638,67.400
DMG/!rain /!88.456,125.015/!ak47/!Jamppi/!88.169,97.854/!136
KILL/!rain /!88.456,125.015/!ak47 HS/!Jamppi/!88.169,97.854
KILL/!coldzera /!67.751,75.742/!ak47 HS/!suNny/!73.978,69.569
DMG/!coldzera /!67.751,75.742/!ak47/!suNny/!73.978,69.569/!141
DMG/!NiKo /!87.856,91.460/!awp/!allu/!73.416,79.566/!451
KILL/!NiKo /!87.856,91.460/!awp HS/!allu/!73.416,79.566
DMG/!NiKo /!83.147,88.298/!molotov/!Jamppi/!75.609,76.872/!1
DMG/!NiKo /!79.560,87.439/!inferno/!Jamppi/!76.200,75.209/!1
DMG/!NiKo /!78.818,87.266/!inferno/!Jamppi/!76.438,74.388/!2
DMG/!Aerial/!26.368,104.437/!ak47/!broky /!34.437,104.828/!27
DMG/!broky /!34.428,104.818/!ak47/!Aerial/!26.408,104.435/!27
DMG/!Aerial/!26.471,104.324/!ak47/!broky /!34.429,104.778/!34
DMG/!broky /!34.429,104.772/!ak47/!Aerial/!26.489,104.318/!27
DMG/!Aerial/!26.502,104.316/!ak47/!broky /!34.429,104.761/!27
DMG/!broky /!34.429,104.758/!ak47/!Aerial/!26.502,104.316/!27
DMG/!Aerial/!26.502,104.316/!ak47/!broky /!34.430,104.751/!109
KILL/!Aerial/!26.502,104.316/!ak47 HS/!broky /!34.430,104.751
DMG/!sergej/!29.904,102.137/!ak47/!coldzera /!36.568,110.934/!27
DMG/!sergej/!29.337,102.775/!ak47/!coldzera /!36.713,110.867/!27
DMG/!suNny/!24.942,104.107/!ak47/!coldzera /!37.536,109.678/!9
DMG/!suNny/!24.942,104.107/!ak47/!coldzera /!37.641,109.631/!9
DMG/!Jamppi/!27.747,94.182/!awp/!Bymas/!35.116,57.007/!107
KILL/!Jamppi/!27.747,94.182/!awp/!Bymas/!35.116,57.007
DMG/!unnamed/!NAN/!/!suNny/!31.017,98.780/!60
DMG/!unnamed/!NAN/!/!Aerial/!27.443,86.229/!4
DMG/!unnamed/!NAN/!/!Jamppi/!28.319,94.149/!25
DMG/!unnamed/!NAN/!/!NiKo /!55.975,102.502/!23
DMG/!unnamed/!NAN/!/!sergej/!29.422,98.780/!56
DMG/!Jamppi/!29.285,94.196/!awp/!rain /!29.305,54.019/!107
KILL/!Jamppi/!29.285,94.196/!awp/!rain /!29.305,54.019
DMG/!allu/!41.288,92.976/!awp/!NiKo /!70.553,97.540/!31
DMG/!unnamed/!NAN/!/!NiKo /!76.198,107.595/!11
DMG/!coldzera /!55.111,109.005/!awp/!Aerial/!55.242,93.348/!96
DMG/!coldzera /!59.962,109.672/!hegrenade/!Aerial/!56.083,91.987/!4
KILL/!coldzera /!59.962,109.672/!hegrenade/!Aerial/!56.083,91.987
DMG/!sergej/!75.096,65.243/!ak47/!NiKo /!75.331,85.713/!107
KILL/!sergej/!75.096,65.243/!ak47 HS/!NiKo /!75.331,85.713
DMG/!sergej/!69.149,103.900/!inferno/!coldzera /!83.213,123.366/!1
DMG/!sergej/!69.045,104.599/!inferno/!coldzera /!83.213,123.366/!2
DMG/!sergej/!69.282,104.847/!inferno/!coldzera /!83.213,123.366/!3
DMG/!sergej/!69.649,105.079/!inferno/!coldzera /!83.213,123.366/!4
DMG/!unnamed/!NAN/!/!suNny/!76.005,107.595/!3
DMG/!sergej/!69.021,112.015/!ak47/!coldzera /!84.390,117.316/!26
DMG/!sergej/!69.036,112.000/!ak47/!coldzera /!84.392,117.310/!107
KILL/!sergej/!69.036,112.000/!ak47 HS/!coldzera /!84.392,117.310
DMG/!Bymas/!92.654,104.176/!awp/!Jamppi/!68.769,115.081/!436
KILL/!Bymas/!92.654,104.176/!awp HS/!Jamppi/!68.769,115.081
DMG/!sergej/!69.760,115.608/!ak47/!Bymas/!92.346,103.619/!9
DMG/!suNny/!86.715,107.912/!ak47/!Bymas/!90.252,99.997/!27
DMG/!suNny/!86.755,107.930/!ak47/!Bymas/!90.149,99.867/!27
DMG/!suNny/!86.812,107.955/!ak47/!Bymas/!90.081,99.739/!27
DMG/!suNny/!86.810,107.955/!ak47/!Bymas/!90.077,99.731/!27
KILL/!suNny/!86.810,107.955/!ak47/!Bymas/!90.077,99.731
DMG/!broky /!45.281,108.991/!m4a1/!suNny/!87.047,107.665/!21
DMG/!broky /!45.478,109.086/!m4a1/!suNny/!87.190,107.528/!21
DMG/!unnamed/!NAN/!/!sergej/!91.957,87.770/!12
DMG/!coldzera /!30.852,120.048/!inferno/!Aerial/!25.579,93.649/!8
DMG/!coldzera /!30.274,120.736/!inferno/!Aerial/!24.917,93.797/!8
DMG/!broky /!30.793,98.793/!ak47/!Aerial/!29.178,103.719/!27
DMG/!Aerial/!29.136,103.631/!ak47/!broky /!30.782,98.789/!110
KILL/!Aerial/!29.136,103.631/!ak47 HS/!broky /!30.782,98.789
DMG/!coldzera /!32.146,118.350/!m4a1/!Aerial/!29.453,102.679/!22
DMG/!coldzera /!32.093,118.359/!m4a1/!Aerial/!29.494,102.624/!21
DMG/!Aerial/!29.577,102.594/!ak47/!coldzera /!32.058,118.365/!27
DMG/!coldzera /!32.056,118.365/!m4a1/!Aerial/!29.577,102.594/!88
KILL/!coldzera /!32.056,118.365/!m4a1 HS/!Aerial/!29.577,102.594
DMG/!Jamppi/!24.678,114.450/!ak47/!coldzera /!31.099,118.021/!10
DMG/!Jamppi/!24.698,114.466/!ak47/!coldzera /!31.068,118.021/!28
DMG/!Jamppi/!24.674,114.508/!ak47/!coldzera /!31.068,118.021/!28
DMG/!Jamppi/!24.666,114.524/!ak47/!coldzera /!31.068,118.021/!3
DMG/!Jamppi/!24.663,114.529/!ak47/!coldzera /!31.068,118.021/!11
KILL/!Jamppi/!24.663,114.529/!ak47 WB/!coldzera /!31.068,118.021
DMG/!unnamed/!NAN/!/!Jamppi/!31.020,98.780/!60
DMG/!unnamed/!NAN/!/!sergej/!29.421,98.780/!56
DMG/!unnamed/!NAN/!/!allu/!24.736,94.168/!19
DMG/!rain /!88.707,87.685/!molotov/!sergej/!74.910,81.689/!1
DMG/!sergej/!77.606,84.523/!ak47/!rain /!89.110,81.587/!20
DMG/!rain /!87.912,80.265/!ak47/!sergej/!82.586,89.669/!27
DMG/!rain /!87.934,80.208/!ak47/!sergej/!82.612,89.691/!27
DMG/!sergej/!82.633,89.704/!ak47/!rain /!87.936,80.206/!13
DMG/!rain /!87.936,80.206/!ak47/!sergej/!82.633,89.704/!109
KILL/!rain /!87.936,80.206/!ak47 HS/!sergej/!82.633,89.704
DMG/!Aerial/!43.591,113.600/!ak47/!coldzera /!37.129,110.407/!27
DMG/!Aerial/!43.529,113.675/!ak47/!coldzera /!37.100,110.140/!40
DMG/!Aerial/!43.519,113.670/!ak47/!coldzera /!37.100,110.124/!40
KILL/!Aerial/!43.519,113.670/!ak47 HS WB/!coldzera /!37.100,110.124
DMG/!unnamed/!NAN/!/!Jamppi/!31.001,98.780/!60
DMG/!unnamed/!NAN/!/!allu/!38.119,90.948/!16
DMG/!unnamed/!NAN/!/!Aerial/!23.763,90.341/!8
DMG/!unnamed/!NAN/!/!suNny/!26.886,86.230/!4
DMG/!NiKo /!68.045,97.183/!awp/!Aerial/!50.350,94.902/!326
KILL/!NiKo /!68.045,97.183/!awp HS WB/!Aerial/!50.350,94.902
DMG/!Bymas/!79.090,87.125/!ak47/!sergej/!73.486,79.255/!34
DMG/!sergej/!73.593,79.169/!ak47/!Bymas/!79.091,87.151/!27
DMG/!Bymas/!79.127,87.123/!ak47/!sergej/!73.704,79.089/!27
DMG/!sergej/!73.710,79.085/!ak47/!Bymas/!79.130,87.121/!109
KILL/!sergej/!73.710,79.085/!ak47 HS/!Bymas/!79.130,87.121
DMG/!coldzera /!41.833,94.225/!m4a1/!suNny/!58.041,95.359/!21
DMG/!coldzera /!41.835,94.216/!m4a1/!suNny/!58.092,95.377/!21
DMG/!coldzera /!41.836,94.206/!m4a1/!suNny/!58.138,95.384/!21
DMG/!coldzera /!41.838,94.185/!m4a1/!suNny/!58.196,95.389/!21
DMG/!coldzera /!41.840,94.159/!m4a1/!suNny/!58.201,95.390/!21
KILL/!coldzera /!41.840,94.159/!m4a1/!suNny/!58.201,95.390
DMG/!sergej/!69.283,108.748/!inferno/!broky /!75.298,111.188/!8
DMG/!sergej/!68.975,109.593/!inferno/!broky /!75.742,111.846/!8
DMG/!sergej/!68.707,110.374/!inferno/!broky /!75.938,112.453/!8
DMG/!rain /!88.178,118.020/!ak47/!Jamppi/!69.384,112.503/!107
KILL/!rain /!88.178,118.020/!ak47 HS/!Jamppi/!69.384,112.503
DMG/!unnamed/!NAN/!/!allu/!76.608,109.236/!2
DMG/!broky /!76.565,113.731/!m4a1/!allu/!81.403,107.414/!22
DMG/!broky /!76.565,113.731/!m4a1/!allu/!81.492,107.387/!22
DMG/!broky /!76.565,113.731/!m4a1/!allu/!81.551,107.379/!22
DMG/!broky /!76.565,113.731/!m4a1/!allu/!81.556,107.379/!90
KILL/!broky /!76.565,113.731/!m4a1 HS/!allu/!81.556,107.379
KILL/!NiKo /!93.801,100.084/!awp HS WB/!sergej/!74.294,119.793
DMG/!NiKo /!93.801,100.084/!awp/!sergej/!74.294,119.793/!269
DMG/!Jamppi/!87.913,109.618/!ak47/!NiKo /!56.996,110.202/!26
DMG/!Aerial/!88.609,107.901/!ak47/!NiKo /!56.964,110.209/!26
DMG/!broky /!47.904,107.930/!ak47/!Jamppi/!87.921,109.773/!32
DMG/!Aerial/!88.609,107.901/!ak47/!NiKo /!56.947,110.261/!25
DMG/!Aerial/!88.609,107.901/!ak47/!NiKo /!56.949,110.270/!32
KILL/!Aerial/!88.609,107.901/!ak47/!NiKo /!56.949,110.270
DMG/!broky /!47.903,107.958/!ak47/!Jamppi/!87.924,109.872/!25
DMG/!broky /!47.904,107.940/!ak47/!Jamppi/!87.925,109.946/!32
KILL/!broky /!47.904,107.930/!ak47/!Jamppi/!87.922,110.022
DMG/!broky /!47.904,107.930/!ak47/!Jamppi/!87.922,110.022/!25
DMG/!Aerial/!88.759,109.683/!ak47/!broky /!47.903,107.927/!25
DMG/!sergej/!89.738,109.466/!ak47/!broky /!47.903,107.928/!31
DMG/!broky /!47.904,107.909/!ak47/!Aerial/!88.757,109.750/!25
DMG/!sergej/!89.748,109.200/!ak47/!broky /!47.903,107.926/!20
DMG/!Aerial/!88.752,109.868/!ak47/!broky /!47.902,107.954/!25
KILL/!Aerial/!88.752,109.868/!ak47/!broky /!47.902,107.954
DMG/!rain /!68.962,106.961/!ak47/!Aerial/!89.920,111.918/!106
KILL/!rain /!68.962,106.961/!ak47 HS/!Aerial/!89.920,111.918
DMG/!sergej/!90.836,111.211/!ak47/!rain /!68.962,106.961/!106
KILL/!sergej/!90.836,111.211/!ak47 HS/!rain /!68.962,106.961
DMG/!Bymas/!83.790,117.581/!m4a1/!sergej/!86.477,112.695/!28
DMG/!sergej/!86.501,112.709/!ak47/!Bymas/!83.828,117.601/!34
DMG/!Bymas/!83.885,117.633/!m4a1/!sergej/!86.550,112.737/!22
DMG/!Bymas/!83.848,117.613/!m4a1/!sergej/!86.601,112.768/!22
DMG/!sergej/!86.648,112.798/!ak47/!Bymas/!83.833,117.604/!27
DMG/!Bymas/!83.833,117.604/!m4a1/!sergej/!86.659,112.804/!90
KILL/!Bymas/!83.833,117.604/!m4a1 HS/!sergej/!86.659,112.804
DMG/!Bymas/!83.763,117.572/!m4a1/!allu/!91.227,98.950/!21
DMG/!Bymas/!83.728,117.558/!m4a1/!allu/!91.196,98.937/!27
DMG/!Bymas/!83.692,117.542/!m4a1/!allu/!91.050,98.875/!23
DMG/!Bymas/!83.697,117.545/!m4a1/!allu/!90.989,98.849/!27
DMG/!Bymas/!83.697,117.545/!m4a1/!allu/!90.918,98.835/!21
KILL/!Bymas/!83.697,117.545/!m4a1/!allu/!90.918,98.835
DMG/!suNny/!51.960,107.925/!ak47/!coldzera /!40.672,109.307/!26
DMG/!suNny/!51.960,107.925/!ak47/!coldzera /!41.064,109.222/!34
DMG/!suNny/!51.960,107.925/!ak47/!coldzera /!41.348,109.144/!27
DMG/!suNny/!51.960,107.925/!ak47/!coldzera /!41.350,109.111/!27
KILL/!suNny/!51.960,107.925/!ak47/!coldzera /!41.350,109.111
DMG/!suNny/!91.563,102.136/!ak47/!Bymas/!84.598,127.072/!105
KILL/!suNny/!91.563,102.136/!ak47 HS/!Bymas/!84.598,127.072
DMG/!NiKo /!88.128,112.346/!awp/!Aerial/!75.554,108.120/!85
DMG/!unnamed/!NAN/!/!Aerial/!75.975,108.069/!15
KILL/!unnamed/!NAN/!worldspawn/!Aerial/!75.975,108.069
DMG/!suNny/!54.015,107.588/!ak47/!coldzera /!46.982,108.387/!27
KILL/!suNny/!54.017,107.607/!ak47 HS/!coldzera /!46.986,108.428
DMG/!suNny/!54.017,107.607/!ak47/!coldzera /!46.986,108.428/!110
DMG/!suNny/!52.506,105.955/!ak47/!rain /!77.011,112.904/!26
DMG/!suNny/!52.508,105.949/!ak47/!rain /!77.011,112.904/!26
DMG/!suNny/!52.513,105.930/!ak47/!rain /!77.011,112.904/!26
DMG/!rain /!77.011,112.904/!m4a1/!suNny/!52.521,105.903/!21
DMG/!suNny/!52.522,105.898/!ak47/!rain /!77.011,112.904/!18
DMG/!rain /!77.011,112.904/!m4a1/!suNny/!52.530,105.872/!21
DMG/!rain /!77.014,112.893/!m4a1/!suNny/!52.613,105.572/!21
DMG/!rain /!77.014,112.893/!m4a1/!suNny/!52.634,105.513/!22
DMG/!rain /!77.014,112.893/!m4a1/!suNny/!52.643,105.490/!26
KILL/!rain /!77.014,112.893/!m4a1/!suNny/!52.643,105.490
DMG/!broky /!24.823,100.434/!m4a1/!allu/!25.117,88.873/!89
DMG/!allu/!25.114,88.873/!awp/!broky /!24.820,100.417/!138
KILL/!allu/!25.114,88.873/!awp/!broky /!24.820,100.417
DMG/!NiKo /!25.207,88.482/!awp/!sergej/!24.778,104.989/!110
KILL/!NiKo /!25.207,88.482/!awp/!sergej/!24.778,104.989
DMG/!Bymas/!51.837,107.705/!ak47/!allu/!32.615,111.222/!16
KILL/!Bymas/!51.837,107.705/!ak47 WB/!allu/!32.615,111.222
DMG/!Jamppi/!31.608,121.867/!ak47/!rain /!25.110,103.276/!33
KILL/!Jamppi/!31.608,121.867/!ak47/!rain /!25.110,103.276
DMG/!Jamppi/!35.547,121.299/!ak47/!NiKo /!23.333,104.164/!33
DMG/!Jamppi/!35.611,121.253/!ak47/!NiKo /!23.343,104.185/!26
KILL/!NiKo /!23.403,104.142/!ak47 HS/!Jamppi/!35.645,121.228
DMG/!NiKo /!23.403,104.142/!ak47/!Jamppi/!35.645,121.228/!106
DMG/!allu/!55.232,51.653/!awp/!broky /!53.149,110.642/!69
DMG/!rain /!59.043,106.453/!m4a1/!Jamppi/!44.234,111.991/!87
DMG/!rain /!59.043,106.453/!m4a1/!Jamppi/!44.232,111.990/!21
KILL/!rain /!59.043,106.453/!m4a1/!Jamppi/!44.232,111.990
DMG/!rain /!59.025,106.453/!m4a1/!Aerial/!38.028,119.132/!22
DMG/!rain /!59.025,106.453/!m4a1/!Aerial/!38.033,119.224/!26
DMG/!rain /!59.025,106.453/!m4a1/!Aerial/!38.009,119.295/!21
DMG/!rain /!59.025,106.453/!m4a1/!Aerial/!37.994,119.335/!21
DMG/!rain /!59.025,106.453/!m4a1/!Aerial/!37.993,119.338/!21
KILL/!rain /!59.025,106.453/!m4a1/!Aerial/!37.993,119.338
DMG/!suNny/!73.002,114.280/!ak47/!NiKo /!74.525,107.919/!27
DMG/!suNny/!73.150,114.315/!ak47/!NiKo /!74.434,107.965/!26
DMG/!suNny/!73.565,114.398/!ak47/!NiKo /!74.281,107.974/!27
DMG/!suNny/!73.567,114.398/!ak47/!NiKo /!74.270,107.974/!27
KILL/!suNny/!73.567,114.398/!ak47/!NiKo /!74.270,107.974
DMG/!suNny/!87.361,121.953/!ak47/!Bymas/!90.323,102.601/!107
KILL/!suNny/!87.361,121.953/!ak47 HS/!Bymas/!90.323,102.601
DMG/!suNny/!90.602,112.463/!ak47/!rain /!81.526,111.453/!26
DMG/!suNny/!90.602,112.463/!ak47/!broky /!58.822,109.757/!16
DMG/!rain /!81.555,111.431/!m4a1/!suNny/!90.602,112.457/!89
DMG/!suNny/!90.598,112.508/!ak47/!rain /!81.597,111.354/!26
DMG/!rain /!81.604,111.338/!m4a1/!suNny/!90.602,112.457/!22
KILL/!rain /!81.604,111.338/!m4a1/!suNny/!90.602,112.457
KILL/!broky /!68.857,103.118/!awp/!allu/!77.842,119.225
DMG/!broky /!68.857,103.118/!awp/!allu/!77.842,119.225/!137
DMG/!coldzera /!81.673,114.372/!m4a1/!sergej/!83.421,125.958/!22
DMG/!coldzera /!81.673,114.372/!m4a1/!sergej/!83.433,125.964/!89
DMG/!sergej/!83.433,125.964/!ak47/!rain /!93.909,109.860/!26
KILL/!coldzera /!81.673,114.372/!m4a1 HS/!sergej/!83.433,125.964
DMG/!broky /!26.191,104.514/!hegrenade/!Jamppi/!29.885,89.050/!25
DMG/!broky /!26.191,104.514/!hegrenade/!suNny/!20.591,87.409/!2
DMG/!rain /!54.028,110.547/!inferno/!sergej/!53.167,95.600/!1
DMG/!rain /!53.209,110.527/!inferno/!sergej/!52.867,95.073/!2
DMG/!coldzera /!22.800,124.096/!awp/!Aerial/!24.050,96.604/!109
KILL/!coldzera /!22.800,124.096/!awp/!Aerial/!24.050,96.604
DMG/!broky /!32.721,117.820/!m4a1/!suNny/!25.949,104.205/!22
DMG/!broky /!32.712,117.825/!m4a1/!suNny/!26.020,104.222/!22
DMG/!broky /!32.706,117.828/!m4a1/!suNny/!26.053,104.212/!23
DMG/!broky /!32.704,117.829/!m4a1/!suNny/!26.126,104.178/!22
DMG/!suNny/!26.158,104.162/!p250/!broky /!32.715,117.823/!82
DMG/!broky /!32.720,117.821/!m4a1/!suNny/!26.161,104.161/!126
KILL/!broky /!32.720,117.821/!m4a1 HS/!suNny/!26.161,104.161
DMG/!broky /!29.596,123.096/!inferno/!allu/!23.716,94.389/!8
DMG/!broky /!29.596,123.096/!inferno/!allu/!23.698,95.323/!8
DMG/!broky /!29.596,123.096/!inferno/!allu/!23.530,96.210/!8
DMG/!broky /!29.596,123.096/!inferno/!allu/!23.416,97.142/!8
DMG/!Jamppi/!25.186,94.196/!deagle/!coldzera /!22.130,124.072/!31
DMG/!broky /!29.596,123.096/!inferno/!allu/!23.319,98.039/!8
DMG/!broky /!29.596,123.096/!inferno/!allu/!23.260,98.978/!8
DMG/!broky /!29.596,123.096/!inferno/!allu/!23.259,99.914/!8
DMG/!broky /!29.596,123.096/!inferno/!allu/!23.330,100.809/!8
DMG/!broky /!29.596,123.096/!inferno/!allu/!23.379,101.750/!8
DMG/!NiKo /!88.551,107.453/!awp/!sergej/!55.315,108.346/!108
KILL/!NiKo /!88.551,107.453/!awp/!sergej/!55.315,108.346
DMG/!allu/!22.878,103.540/!p250/!rain /!35.567,117.028/!19
KILL/!Jamppi/!23.578,93.983/!deagle HS/!coldzera /!22.480,124.093
DMG/!Jamppi/!23.578,93.983/!deagle/!coldzera /!22.480,124.093/!124
KILL/!broky /!29.013,123.091/!m4a1 HS/!Jamppi/!23.824,95.619
DMG/!broky /!29.013,123.091/!m4a1/!Jamppi/!23.824,95.619/!121
DMG/!Jamppi/!52.748,86.724/!ak47/!NiKo /!63.627,96.735/!27
DMG/!Jamppi/!52.788,86.677/!ak47/!NiKo /!63.608,96.738/!108
KILL/!Jamppi/!52.788,86.677/!ak47 HS/!NiKo /!63.608,96.738
KILL/!coldzera /!53.621,101.675/!awp/!Jamppi/!57.355,93.604
DMG/!coldzera /!53.621,101.675/!awp/!Jamppi/!57.355,93.604/!111
DMG/!suNny/!70.006,105.981/!inferno/!coldzera /!78.496,107.785/!1
DMG/!suNny/!69.840,108.893/!ak47/!coldzera /!83.902,107.190/!27
DMG/!suNny/!69.840,108.899/!ak47/!coldzera /!84.059,107.182/!27
DMG/!suNny/!69.843,108.924/!ak47/!coldzera /!84.545,107.023/!27
DMG/!Aerial/!69.277,110.466/!ak47/!coldzera /!84.472,107.032/!33
KILL/!Aerial/!69.277,110.466/!ak47/!coldzera /!84.472,107.032
DMG/!coldzera /!84.472,107.032/!inferno/!allu/!69.674,105.557/!1
DMG/!coldzera /!84.472,107.032/!inferno/!suNny/!69.899,109.219/!1
DMG/!coldzera /!84.472,107.032/!inferno/!Aerial/!69.328,110.751/!1
DMG/!coldzera /!84.472,107.032/!inferno/!allu/!70.152,105.049/!2
DMG/!coldzera /!84.472,107.032/!inferno/!Aerial/!69.437,111.330/!2
DMG/!coldzera /!84.472,107.032/!inferno/!suNny/!70.107,109.802/!2
DMG/!coldzera /!84.472,107.032/!inferno/!suNny/!70.156,110.564/!3
DMG/!coldzera /!84.472,107.032/!inferno/!allu/!71.350,104.888/!4
DMG/!coldzera /!84.472,107.032/!inferno/!suNny/!70.112,111.375/!4
DMG/!coldzera /!84.472,107.032/!inferno/!allu/!71.794,104.907/!4
DMG/!coldzera /!84.472,107.032/!inferno/!allu/!72.275,104.776/!5
DMG/!coldzera /!84.472,107.032/!inferno/!allu/!72.229,104.342/!6
DMG/!coldzera /!84.472,107.032/!inferno/!allu/!71.985,103.880/!7
DMG/!sergej/!71.991,97.732/!ak47/!broky /!57.380,93.982/!33
DMG/!sergej/!71.951,97.863/!ak47/!broky /!57.386,93.975/!27
DMG/!sergej/!71.913,97.999/!ak47/!broky /!57.385,93.982/!27
DMG/!rain /!84.804,116.067/!ak47/!Aerial/!74.450,119.665/!109
KILL/!rain /!84.804,116.067/!ak47 HS/!Aerial/!74.450,119.665
DMG/!sergej/!71.906,98.024/!ak47/!broky /!57.383,93.990/!27
KILL/!sergej/!71.906,98.024/!ak47/!broky /!57.383,93.990
DMG/!Bymas/!92.641,101.164/!m4a1/!allu/!75.293,118.419/!21
DMG/!Bymas/!92.641,101.164/!m4a1/!allu/!75.350,118.355/!21
DMG/!Bymas/!92.636,101.159/!m4a1/!allu/!75.782,118.259/!85
KILL/!Bymas/!92.636,101.159/!m4a1 HS/!allu/!75.782,118.259
DMG/!Bymas/!90.664,104.226/!m4a1/!sergej/!72.574,117.376/!86
DMG/!Bymas/!90.648,104.204/!m4a1/!sergej/!72.416,117.529/!86
KILL/!Bymas/!90.648,104.204/!m4a1 HS/!sergej/!72.416,117.529
DMG/!suNny/!85.420,122.382/!ak47/!Bymas/!91.348,106.162/!107
KILL/!suNny/!85.420,122.382/!ak47 HS/!Bymas/!91.348,106.162
KILL/!suNny/!85.368,122.369/!ak47 HS/!rain /!87.137,115.280
DMG/!suNny/!85.368,122.369/!ak47/!rain /!87.137,115.280/!141
DMG/!unnamed/!NAN/!/!Aerial/!75.392,108.446/!16
DMG/!Aerial/!78.447,108.347/!galilar/!rain /!88.282,112.265/!22
DMG/!Aerial/!78.744,108.413/!galilar/!rain /!88.549,112.553/!22
DMG/!Aerial/!78.798,108.335/!galilar/!rain /!88.552,112.642/!22
DMG/!Aerial/!78.860,108.271/!galilar/!rain /!88.540,112.728/!22
DMG/!Aerial/!78.946,108.215/!galilar/!rain /!88.543,112.750/!22
KILL/!Aerial/!78.946,108.215/!galilar/!rain /!88.543,112.750
DMG/!broky /!24.791,104.438/!m4a1/!suNny/!24.882,94.196/!27
DMG/!Jamppi/!52.404,106.796/!ak47/!NiKo /!51.900,109.147/!35
DMG/!broky /!24.773,104.557/!m4a1/!suNny/!24.890,94.195/!22
DMG/!broky /!24.802,104.655/!m4a1/!suNny/!24.895,94.194/!27
DMG/!broky /!24.859,104.754/!m4a1/!suNny/!24.895,94.194/!23
DMG/!sergej/!55.459,104.453/!ak47/!NiKo /!53.138,110.664/!35
DMG/!broky /!25.104,105.028/!m4a1/!suNny/!25.071,94.195/!27
KILL/!broky /!25.104,105.028/!m4a1/!suNny/!25.071,94.195
DMG/!Jamppi/!52.240,106.916/!ak47/!NiKo /!53.101,110.493/!35
KILL/!Jamppi/!52.240,106.916/!ak47/!NiKo /!53.101,110.493
DMG/!coldzera /!40.800,118.720/!deagle/!sergej/!55.615,104.504/!29
DMG/!Bymas/!88.325,77.808/!m4a1/!Aerial/!87.645,107.691/!21
DMG/!sergej/!55.932,104.946/!ak47/!coldzera /!40.270,118.650/!25
DMG/!sergej/!55.923,104.937/!ak47/!coldzera /!40.358,118.771/!24
DMG/!Aerial/!87.253,107.681/!galilar/!Bymas/!88.842,77.825/!21
DMG/!Bymas/!88.842,77.825/!m4a1/!Aerial/!87.082,107.672/!21
DMG/!Bymas/!88.842,77.825/!m4a1/!Aerial/!87.004,107.667/!21
DMG/!Bymas/!88.842,77.825/!m4a1/!Aerial/!86.992,107.667/!21
KILL/!Bymas/!88.842,77.825/!m4a1/!Aerial/!86.992,107.667
DMG/!Jamppi/!46.147,111.986/!ak47/!coldzera /!40.547,119.674/!4
DMG/!Jamppi/!45.904,111.855/!ak47/!coldzera /!40.712,119.787/!19
DMG/!Jamppi/!45.645,111.727/!ak47/!coldzera /!40.799,119.845/!20
DMG/!Jamppi/!45.392,111.584/!ak47/!coldzera /!40.700,119.782/!25
KILL/!Jamppi/!45.392,111.584/!ak47 WB/!coldzera /!40.700,119.782
DMG/!broky /!37.052,109.982/!m4a1/!Jamppi/!45.315,112.026/!128
KILL/!broky /!37.052,109.982/!m4a1 HS/!Jamppi/!45.315,112.026
DMG/!allu/!83.705,121.513/!awp/!Bymas/!94.445,83.918/!107
KILL/!allu/!83.705,121.513/!awp/!Bymas/!94.445,83.918
DMG/!allu/!89.730,112.351/!awp/!broky /!54.286,110.426/!86
DMG/!allu/!84.355,108.769/!deagle/!broky /!87.706,105.850/!53
KILL/!allu/!84.355,108.769/!deagle/!broky /!87.706,105.850
DMG/!rain /!73.390,80.475/!p250/!allu/!92.837,95.493/!18
DMG/!allu/!93.526,96.207/!hkp2000/!rain /!73.830,79.595/!13
DMG/!rain /!73.824,79.603/!p250/!allu/!93.530,96.213/!115
KILL/!rain /!73.824,79.603/!p250 HS/!allu/!93.530,96.213
DMG/!suNny/!88.134,118.623/!hkp2000/!Bymas/!68.566,111.022/!114
KILL/!suNny/!88.134,118.623/!usp_silencer HS/!Bymas/!68.566,111.022
DMG/!rain /!81.700,88.276/!p250/!Aerial/!92.474,78.341/!20
DMG/!NiKo /!82.035,81.353/!glock/!Aerial/!92.418,78.276/!100
KILL/!NiKo /!82.035,81.353/!glock HS/!Aerial/!92.418,78.276
DMG/!coldzera /!69.139,110.341/!glock/!suNny/!88.456,118.210/!31
KILL/!broky /!68.631,111.788/!glock HS/!suNny/!88.487,118.112
DMG/!broky /!68.631,111.788/!glock/!suNny/!88.487,118.112/!85
DMG/!coldzera /!68.142,110.288/!inferno/!broky /!82.741,121.286/!3
DMG/!coldzera /!68.142,110.096/!inferno/!broky /!83.450,121.433/!3
DMG/!coldzera /!68.142,109.875/!inferno/!broky /!83.913,121.456/!3
DMG/!coldzera /!68.142,109.606/!inferno/!broky /!84.619,121.745/!3
DMG/!sergej/!69.688,99.335/!hegrenade/!broky /!84.530,123.664/!3
DMG/!coldzera /!68.044,101.449/!glock/!Jamppi/!72.275,100.100/!13
DMG/!coldzera /!69.475,101.042/!glock/!sergej/!68.908,96.030/!27
DMG/!coldzera /!69.429,101.047/!glock/!sergej/!68.803,96.045/!27
DMG/!coldzera /!69.254,101.067/!glock/!sergej/!68.686,96.059/!27
KILL/!coldzera /!69.289,101.063/!glock HS/!sergej/!69.005,96.014
DMG/!coldzera /!69.289,101.063/!glock/!sergej/!69.005,96.014/!110
DMG/!allu/!83.699,121.857/!ssg08/!NiKo /!93.841,83.583/!68
DMG/!allu/!87.504,126.875/!ssg08/!rain /!87.444,96.888/!281
KILL/!allu/!87.504,126.875/!ssg08 HS/!rain /!87.444,96.888
DMG/!allu/!87.504,126.875/!ssg08/!coldzera /!87.517,90.672/!62
DMG/!allu/!83.814,124.547/!ssg08/!coldzera /!91.743,92.131/!56
KILL/!allu/!83.814,124.547/!ssg08 WB/!coldzera /!91.743,92.131
DMG/!NiKo /!95.477,79.113/!ssg08/!allu/!84.939,123.127/!320
KILL/!NiKo /!95.477,79.113/!ssg08 HS/!allu/!84.939,123.127
DMG/!broky /!87.491,101.339/!ak47/!suNny/!87.390,107.256/!27
DMG/!suNny/!87.477,107.257/!deagle/!broky /!87.493,101.336/!208
KILL/!suNny/!87.477,107.257/!deagle HS/!broky /!87.493,101.336
DMG/!NiKo /!94.622,83.378/!ssg08/!suNny/!86.986,107.191/!71
KILL/!suNny/!88.194,107.552/!deagle/!NiKo /!94.605,84.851
DMG/!suNny/!88.194,107.552/!deagle/!NiKo /!94.605,84.851/!35
DMG/!Bymas/!55.073,94.426/!galilar/!Jamppi/!52.850,112.743/!22
KILL/!Bymas/!55.079,94.449/!galilar HS/!Jamppi/!52.994,112.748
DMG/!Bymas/!55.079,94.449/!galilar/!Jamppi/!52.994,112.748/!89
DMG/!Aerial/!93.500,90.816/!galilar/!Bymas/!73.321,80.631/!88
KILL/!Aerial/!93.451,90.913/!galilar/!Bymas/!73.268,80.619
DMG/!Aerial/!93.451,90.913/!galilar/!Bymas/!73.268,80.619/!22
DMG/!Bymas/!73.313,79.275/!deagle/!suNny/!87.571,90.471/!39
DMG/!sergej/!36.802,111.293/!galilar/!rain /!25.032,103.079/!22
DMG/!sergej/!36.796,111.302/!galilar/!rain /!25.141,103.086/!22
DMG/!sergej/!36.769,111.342/!galilar/!rain /!25.177,103.087/!22
DMG/!sergej/!36.774,111.335/!galilar/!rain /!25.342,102.940/!22
DMG/!sergej/!36.750,111.369/!galilar/!rain /!25.365,102.913/!116
KILL/!sergej/!36.750,111.369/!galilar HS/!rain /!25.365,102.913
DMG/!sergej/!36.676,111.475/!galilar/!Bymas/!24.859,101.709/!16
DMG/!sergej/!36.660,111.498/!galilar/!Bymas/!24.859,101.702/!16
DMG/!sergej/!36.655,111.504/!galilar/!coldzera /!23.804,101.636/!28
DMG/!sergej/!36.710,111.439/!galilar/!coldzera /!23.748,101.694/!22
DMG/!sergej/!36.710,111.439/!galilar/!broky /!23.284,100.994/!13
DMG/!Jamppi/!32.648,117.686/!galilar/!broky /!23.723,100.611/!27
DMG/!Jamppi/!32.593,117.716/!galilar/!Bymas/!24.630,101.655/!28
DMG/!Jamppi/!32.551,117.738/!galilar/!Bymas/!24.604,101.601/!28
KILL/!Jamppi/!32.551,117.738/!galilar/!Bymas/!24.604,101.601
DMG/!Jamppi/!32.551,117.738/!galilar/!broky /!23.931,100.528/!12
DMG/!Jamppi/!32.523,117.752/!galilar/!broky /!23.900,100.537/!22
KILL/!sergej/!36.518,111.508/!galilar/!coldzera /!23.390,102.196
DMG/!sergej/!36.518,111.508/!galilar/!coldzera /!23.390,102.196/!28
DMG/!broky /!23.380,100.796/!p250/!Jamppi/!32.650,117.683/!19
DMG/!broky /!23.424,100.772/!p250/!Jamppi/!32.748,117.627/!23
DMG/!Jamppi/!32.882,117.556/!galilar/!broky /!23.236,100.879/!22
DMG/!broky /!23.247,100.872/!p250/!Jamppi/!32.922,117.535/!19
DMG/!Jamppi/!32.926,117.533/!galilar/!broky /!23.250,100.871/!115
KILL/!Jamppi/!32.926,117.533/!galilar HS/!broky /!23.250,100.871
DMG/!NiKo /!44.834,108.915/!deagle/!sergej/!37.114,109.924/!49
DMG/!sergej/!37.126,110.035/!galilar/!NiKo /!44.544,109.141/!118
KILL/!sergej/!37.126,110.035/!galilar HS/!NiKo /!44.544,109.141
DMG/!allu/!70.621,103.068/!hegrenade/!Bymas/!41.002,90.239/!8
DMG/!suNny/!57.190,109.959/!hegrenade/!rain /!58.525,95.963/!48
DMG/!suNny/!56.159,110.302/!ak47/!NiKo /!53.283,89.796/!11
DMG/!suNny/!56.159,110.302/!ak47/!NiKo /!53.242,89.874/!34
DMG/!suNny/!56.159,110.302/!ak47/!NiKo /!53.169,89.914/!46
DMG/!suNny/!56.180,110.299/!ak47/!NiKo /!53.169,89.919/!15
KILL/!suNny/!56.180,110.299/!ak47 WB/!NiKo /!53.169,89.919
DMG/!suNny/!49.564,115.301/!ak47/!coldzera /!58.557,85.148/!42
DMG/!suNny/!49.525,115.333/!ak47/!coldzera /!58.328,85.176/!33
DMG/!suNny/!49.592,115.353/!ak47/!coldzera /!58.181,85.142/!33
KILL/!suNny/!49.592,115.353/!ak47/!coldzera /!58.181,85.142
DMG/!suNny/!49.922,115.440/!ak47/!Bymas/!55.851,92.476/!34
DMG/!rain /!67.475,93.450/!glock/!allu/!72.963,108.401/!10
DMG/!rain /!67.351,93.592/!glock/!allu/!72.952,108.403/!10
DMG/!allu/!72.884,108.427/!m4a1/!rain /!67.198,93.666/!32
DMG/!rain /!67.123,93.701/!glock/!allu/!72.880,108.429/!10
DMG/!allu/!72.892,108.424/!m4a1/!rain /!67.111,93.706/!32
KILL/!allu/!72.892,108.424/!m4a1_silencer/!rain /!67.111,93.706
DMG/!broky /!68.418,96.275/!glock/!allu/!73.165,108.305/!11
DMG/!allu/!73.022,108.372/!m4a1/!broky /!70.231,96.387/!19
DMG/!allu/!72.871,108.369/!m4a1/!broky /!68.593,98.662/!32
DMG/!allu/!72.973,108.330/!m4a1/!broky /!68.748,98.646/!32
DMG/!allu/!72.973,108.331/!m4a1/!broky /!68.846,98.618/!32
KILL/!allu/!72.973,108.331/!m4a1_silencer/!broky /!68.846,98.618
DMG/!Bymas/!66.230,94.171/!glock/!allu/!73.119,108.028/!11
DMG/!Bymas/!66.272,94.150/!glock/!allu/!73.068,108.051/!1
DMG/!allu/!73.068,108.051/!m4a1/!Bymas/!66.156,94.209/!32
DMG/!Bymas/!66.247,94.164/!glock/!allu/!73.179,107.996/!43
DMG/!Aerial/!88.068,113.515/!m4a1/!Bymas/!69.813,107.906/!38
KILL/!Aerial/!88.068,113.515/!m4a1/!Bymas/!69.813,107.906
DMG/!Jamppi/!87.737,91.028/!hegrenade/!Bymas/!75.451,82.040/!15
DMG/!allu/!89.241,83.126/!m4a1/!coldzera /!75.545,85.639/!22
DMG/!allu/!89.247,83.157/!m4a1/!coldzera /!75.498,85.744/!28
DMG/!allu/!89.255,83.199/!m4a1/!coldzera /!75.473,85.834/!22
DMG/!Bymas/!75.187,83.685/!ak47/!Jamppi/!86.856,89.603/!27
DMG/!coldzera /!75.614,86.291/!ak47/!allu/!89.237,83.089/!26
DMG/!coldzera /!75.627,86.316/!ak47/!allu/!89.216,82.968/!33
DMG/!coldzera /!75.615,86.261/!ak47/!allu/!89.202,82.885/!33
DMG/!coldzera /!75.617,86.270/!ak47/!allu/!89.206,82.901/!33
KILL/!coldzera /!75.617,86.270/!ak47/!allu/!89.206,82.901
DMG/!Bymas/!75.105,83.736/!ak47/!Jamppi/!84.542,90.439/!27
DMG/!Jamppi/!84.535,90.439/!galilar/!Bymas/!75.104,83.737/!90
KILL/!Jamppi/!84.535,90.439/!galilar HS/!Bymas/!75.104,83.737
DMG/!Jamppi/!84.427,89.562/!galilar/!coldzera /!75.567,86.987/!22
DMG/!coldzera /!75.542,87.165/!ak47/!Jamppi/!84.417,89.558/!27
DMG/!Aerial/!91.998,83.116/!m4a1/!coldzera /!75.542,87.169/!21
KILL/!Aerial/!91.998,83.116/!m4a1/!coldzera /!75.542,87.169
DMG/!suNny/!66.237,107.473/!ak47/!NiKo /!40.620,116.628/!26
DMG/!NiKo /!40.593,116.613/!ak47/!suNny/!66.248,107.520/!26
DMG/!NiKo /!40.593,116.615/!ak47/!suNny/!66.272,107.590/!26
DMG/!NiKo /!40.579,116.573/!ak47/!suNny/!66.292,107.650/!26
DMG/!suNny/!66.299,107.671/!ak47/!NiKo /!40.570,116.548/!26
DMG/!NiKo /!40.563,116.528/!ak47/!suNny/!66.306,107.693/!26
KILL/!NiKo /!40.563,116.528/!ak47/!suNny/!66.306,107.693
DMG/!sergej/!26.344,115.823/!galilar/!rain /!21.877,105.453/!90
DMG/!rain /!21.821,105.575/!ak47/!sergej/!26.437,115.783/!27
DMG/!sergej/!26.504,115.754/!galilar/!rain /!21.788,105.615/!22
KILL/!sergej/!26.504,115.754/!galilar/!rain /!21.788,105.615
DMG/!broky /!25.606,103.041/!ak47/!sergej/!26.645,115.691/!27
DMG/!broky /!21.219,104.715/!ak47/!sergej/!27.788,117.114/!27
DMG/!broky /!21.085,104.768/!ak47/!sergej/!27.683,116.989/!25
KILL/!broky /!21.085,104.768/!ak47 WB/!sergej/!27.683,116.989
DMG/!NiKo /!23.221,96.232/!ak47/!Jamppi/!32.558,87.743/!108
KILL/!NiKo /!23.221,96.232/!ak47 HS/!Jamppi/!32.558,87.743
DMG/!Aerial/!24.979,89.001/!m4a1/!NiKo /!24.210,100.696/!22
DMG/!Aerial/!24.870,89.070/!m4a1/!NiKo /!24.241,100.674/!22
DMG/!Aerial/!24.757,89.153/!m4a1/!NiKo /!24.241,100.674/!22
KILL/!Aerial/!24.757,89.153/!m4a1/!NiKo /!24.241,100.674
DMG/!broky /!37.971,119.172/!ak47/!Aerial/!29.779,117.872/!27
DMG/!Aerial/!29.779,117.872/!m4a1/!broky /!37.975,119.151/!22
DMG/!broky /!37.991,119.055/!ak47/!Aerial/!29.779,117.872/!9
DMG/!broky /!37.016,119.699/!ak47/!Aerial/!29.735,117.719/!27
DMG/!Aerial/!29.736,117.709/!m4a1/!broky /!36.970,119.700/!22
DMG/!broky /!36.926,119.683/!ak47/!Aerial/!29.734,117.719/!27
DMG/!Aerial/!29.734,117.719/!m4a1/!broky /!36.923,119.675/!22
DMG/!broky /!36.919,119.648/!ak47/!Aerial/!29.734,117.719/!27
KILL/!broky /!36.919,119.648/!ak47/!Aerial/!29.734,117.719
DMG/!rain /!76.523,83.899/!ak47/!Aerial/!87.566,90.976/!33
DMG/!rain /!76.745,84.259/!ak47/!Aerial/!87.576,90.964/!108
KILL/!rain /!76.745,84.259/!ak47 HS/!Aerial/!87.576,90.964
DMG/!suNny/!91.370,93.778/!m4a1/!rain /!79.742,84.284/!28
DMG/!suNny/!91.370,93.778/!m4a1/!NiKo /!78.684,83.956/!17
DMG/!rain /!79.786,84.262/!ak47/!suNny/!91.359,93.792/!139
KILL/!rain /!79.786,84.262/!ak47 HS/!suNny/!91.359,93.792
DMG/!Jamppi/!85.886,120.345/!awp/!NiKo /!90.446,114.397/!111
KILL/!Jamppi/!85.886,120.345/!awp/!NiKo /!90.446,114.397
DMG/!sergej/!21.815,108.541/!m4a1/!broky /!24.741,95.620/!88
DMG/!sergej/!21.833,108.546/!m4a1/!broky /!24.677,95.780/!22
KILL/!sergej/!21.833,108.546/!m4a1/!broky /!24.677,95.780
DMG/!sergej/!21.679,108.518/!m4a1/!Bymas/!24.941,103.891/!22
DMG/!sergej/!21.806,108.532/!m4a1/!Bymas/!24.960,103.886/!90
KILL/!sergej/!21.806,108.532/!m4a1 HS/!Bymas/!24.960,103.886
DMG/!coldzera /!44.722,95.212/!m4a1/!allu/!57.457,94.316/!22
DMG/!coldzera /!44.741,95.218/!m4a1/!allu/!57.530,94.297/!22
DMG/!coldzera /!44.741,95.218/!m4a1/!allu/!57.601,94.301/!22
DMG/!coldzera /!44.741,95.218/!m4a1/!allu/!57.663,94.281/!22
DMG/!coldzera /!44.741,95.218/!m4a1/!allu/!57.668,94.279/!22
KILL/!coldzera /!44.741,95.218/!m4a1/!allu/!57.668,94.279
DMG/!Jamppi/!88.069,112.327/!awp/!rain /!68.716,106.854/!109
KILL/!Jamppi/!88.069,112.327/!awp/!rain /!68.716,106.854
DMG/!coldzera /!84.905,121.368/!m4a1/!sergej/!90.888,115.291/!90
DMG/!coldzera /!84.927,121.370/!m4a1/!sergej/!90.900,115.295/!22
KILL/!coldzera /!84.927,121.370/!m4a1/!sergej/!90.900,115.295
KILL/!coldzera /!86.553,121.818/!m4a1 HS/!Jamppi/!89.492,113.433
DMG/!coldzera /!86.553,121.818/!m4a1/!Jamppi/!89.492,113.433/!128
DMG/!NiKo /!77.540,84.582/!ak47/!Jamppi/!89.637,80.949/!27
DMG/!NiKo /!77.541,84.583/!ak47/!Jamppi/!89.636,80.939/!108
KILL/!NiKo /!77.541,84.583/!ak47 HS/!Jamppi/!89.636,80.939
DMG/!Aerial/!90.237,86.600/!ump45/!NiKo /!80.712,83.776/!21
DMG/!Aerial/!90.265,86.483/!ump45/!NiKo /!80.736,83.761/!21
DMG/!Aerial/!90.243,86.559/!ump45/!NiKo /!80.729,83.783/!17
DMG/!NiKo /!80.727,83.790/!ak47/!Aerial/!90.230,86.604/!27
DMG/!rain /!74.420,87.514/!ak47/!Aerial/!90.230,86.604/!27
DMG/!Aerial/!90.235,86.592/!ump45/!NiKo /!80.727,83.787/!68
KILL/!Aerial/!90.235,86.592/!ump45 HS/!NiKo /!80.727,83.787
DMG/!rain /!74.478,87.487/!ak47/!Aerial/!90.256,86.524/!27
DMG/!rain /!74.488,87.431/!ak47/!Aerial/!90.256,86.530/!27
KILL/!rain /!74.488,87.431/!ak47/!Aerial/!90.256,86.530
DMG/!broky /!73.238,80.366/!awp/!suNny/!90.307,88.855/!109
KILL/!broky /!73.238,80.366/!awp/!suNny/!90.307,88.855
DMG/!allu/!87.221,107.122/!awp/!rain /!88.261,88.812/!137
KILL/!allu/!87.221,107.122/!awp/!rain /!88.261,88.812
DMG/!Bymas/!35.181,110.382/!galilar/!sergej/!60.060,110.412/!22
DMG/!Bymas/!35.180,110.508/!galilar/!sergej/!60.056,110.373/!8
DMG/!sergej/!60.045,110.227/!m4a1/!Bymas/!35.184,110.788/!6
DMG/!sergej/!60.045,110.247/!m4a1/!Bymas/!35.188,110.904/!6
DMG/!sergej/!60.046,110.317/!m4a1/!Bymas/!35.187,110.892/!24
DMG/!sergej/!60.046,110.329/!m4a1/!Bymas/!35.191,110.979/!24
DMG/!unnamed/!NAN/!/!broky /!29.227,86.267/!6
DMG/!broky /!58.893,79.757/!awp/!Jamppi/!54.008,105.934/!299
KILL/!broky /!58.893,79.757/!awp HS WB/!Jamppi/!54.008,105.934
DMG/!rain /!57.360,95.469/!ak47/!sergej/!52.027,101.083/!141
KILL/!rain /!57.360,95.469/!ak47 HS/!sergej/!52.027,101.083
DMG/!coldzera /!76.184,75.523/!ak47/!Aerial/!74.085,80.941/!35
DMG/!coldzera /!76.204,75.532/!ak47/!Aerial/!74.174,80.974/!44
DMG/!coldzera /!76.233,75.543/!ak47/!Aerial/!74.168,80.974/!35
KILL/!coldzera /!76.233,75.543/!ak47/!Aerial/!74.168,80.974
DMG/!allu/!51.068,108.263/!awp/!NiKo /!57.360,93.606/!83
DMG/!coldzera /!74.758,76.139/!ak47/!suNny/!75.231,81.411/!27
DMG/!suNny/!75.270,81.411/!deagle/!coldzera /!74.788,76.140/!52
KILL/!coldzera /!74.781,76.141/!ak47 HS/!suNny/!75.333,81.403
DMG/!coldzera /!74.781,76.141/!ak47/!suNny/!75.333,81.403/!142
DMG/!rain /!69.169,102.655/!inferno/!rain /!69.169,102.655/!8
DMG/!NiKo /!57.647,95.932/!galilar/!allu/!56.105,96.484/!29
DMG/!NiKo /!57.645,95.928/!galilar/!allu/!56.150,96.447/!29
DMG/!NiKo /!57.634,95.880/!galilar/!allu/!56.171,96.430/!29
DMG/!NiKo /!57.639,95.902/!galilar/!allu/!56.187,96.417/!29
KILL/!NiKo /!57.639,95.902/!galilar/!allu/!56.187,96.417
DMG/!unnamed/!NAN/!/!rain /!73.825,110.382/!6
DMG/!suNny/!60.037,110.013/!inferno/!NiKo /!54.281,95.221/!2
DMG/!suNny/!60.037,110.013/!inferno/!NiKo /!54.198,94.473/!3
DMG/!suNny/!57.331,111.745/!inferno/!NiKo /!53.715,94.551/!8
DMG/!suNny/!57.331,111.745/!inferno/!NiKo /!53.897,94.614/!8
DMG/!broky /!68.684,105.636/!awp/!coldzera /!70.034,106.389/!147
KILL/!broky /!68.684,105.636/!awp HS/!coldzera /!70.034,106.389
DMG/!allu/!94.010,103.747/!awp/!rain /!68.524,114.909/!108
KILL/!allu/!94.010,103.747/!awp/!rain /!68.524,114.909
KILL/!suNny/!62.631,109.597/!m4a1_silencer HS/!NiKo /!60.962,107.750
DMG/!suNny/!62.631,109.597/!m4a1/!NiKo /!60.962,107.750/!92
DMG/!allu/!94.710,101.830/!awp/!broky /!69.929,117.554/!108
KILL/!allu/!94.710,101.830/!awp/!broky /!69.929,117.554
DMG/!Aerial/!91.716,109.720/!m4a1/!Bymas/!86.569,118.953/!22
DMG/!Aerial/!91.722,109.798/!m4a1/!Bymas/!86.476,118.918/!22
DMG/!Aerial/!92.204,110.200/!m4a1/!Bymas/!86.103,118.586/!7
KILL/!Aerial/!92.257,110.236/!m4a1 HS WB/!Bymas/!86.098,118.584
DMG/!Aerial/!92.257,110.236/!m4a1/!Bymas/!86.098,118.584/!68
DMG/!sergej/!30.572,118.021/!inferno/!NiKo /!24.768,94.589/!1
DMG/!sergej/!30.572,118.021/!inferno/!broky /!24.570,96.420/!1
DMG/!sergej/!32.517,117.840/!hegrenade/!coldzera /!24.859,98.884/!42
DMG/!sergej/!32.517,117.840/!hegrenade/!broky /!24.590,103.004/!1
DMG/!sergej/!32.517,117.840/!hegrenade/!Bymas/!25.356,93.457/!14
DMG/!sergej/!32.517,117.840/!hegrenade/!NiKo /!24.678,100.820/!14
DMG/!NiKo /!24.615,101.898/!ak47/!sergej/!32.324,117.950/!26
DMG/!NiKo /!24.756,101.955/!ak47/!sergej/!32.327,117.949/!26
DMG/!NiKo /!24.811,101.943/!ak47/!sergej/!32.421,117.900/!25
DMG/!NiKo /!24.812,101.943/!ak47/!sergej/!32.449,117.885/!33
KILL/!NiKo /!24.812,101.943/!ak47/!sergej/!32.449,117.885
DMG/!suNny/!35.804,111.289/!ak47/!broky /!35.543,106.226/!110
KILL/!suNny/!35.804,111.289/!ak47 HS/!broky /!35.543,106.226
DMG/!NiKo /!25.604,102.990/!ak47/!suNny/!36.614,110.596/!27
DMG/!NiKo /!25.604,102.990/!ak47/!suNny/!36.563,110.676/!27
DMG/!coldzera /!23.677,102.811/!ak47/!suNny/!36.569,110.668/!27
DMG/!NiKo /!25.604,102.990/!ak47/!suNny/!36.558,110.685/!33
KILL/!NiKo /!25.604,102.990/!ak47/!suNny/!36.558,110.685
DMG/!unnamed/!NAN/!/!NiKo /!56.151,112.894/!49
DMG/!unnamed/!NAN/!/!coldzera /!58.003,111.743/!35
DMG/!unnamed/!NAN/!/!Bymas/!24.859,96.980/!34
DMG/!unnamed/!NAN/!/!rain /!60.383,108.255/!19
DMG/!Aerial/!87.421,92.926/!inferno/!NiKo /!74.298,86.545/!1
DMG/!Aerial/!87.279,92.774/!inferno/!NiKo /!74.467,87.439/!2
DMG/!Aerial/!87.362,92.307/!inferno/!NiKo /!74.911,88.289/!3
DMG/!Aerial/!87.753,91.680/!inferno/!NiKo /!75.443,89.059/!4
DMG/!Aerial/!88.225,90.975/!inferno/!NiKo /!76.096,89.692/!4
DMG/!Aerial/!89.565,88.663/!inferno/!NiKo /!76.096,90.299/!7
DMG/!Aerial/!89.680,87.808/!inferno/!NiKo /!76.096,90.299/!8
DMG/!Aerial/!89.689,86.909/!inferno/!NiKo /!76.096,90.299/!8
DMG/!Aerial/!89.615,86.013/!inferno/!NiKo /!76.096,90.299/!8
DMG/!Aerial/!89.489,85.158/!inferno/!NiKo /!76.095,90.299/!8
DMG/!Aerial/!89.297,84.280/!inferno/!NiKo /!76.097,90.299/!8
DMG/!Aerial/!89.051,83.452/!inferno/!NiKo /!76.097,90.298/!8
DMG/!Aerial/!88.777,82.697/!inferno/!NiKo /!76.097,90.298/!8
DMG/!Aerial/!88.652,82.364/!inferno/!NiKo /!76.097,90.298/!8
DMG/!Aerial/!88.630,82.306/!inferno/!NiKo /!76.097,90.298/!8
DMG/!Aerial/!88.628,82.303/!inferno/!NiKo /!76.097,90.298/!8
KILL/!Aerial/!88.628,82.303/!inferno/!NiKo /!76.097,90.298
DMG/!coldzera /!77.307,83.677/!ak47/!Aerial/!88.445,81.905/!21
DMG/!coldzera /!77.333,83.697/!ak47/!Aerial/!88.387,81.775/!27
DMG/!coldzera /!77.333,83.697/!ak47/!Aerial/!88.382,81.761/!109
KILL/!coldzera /!77.333,83.697/!ak47 HS/!Aerial/!88.382,81.761
DMG/!suNny/!90.613,91.013/!m4a1/!coldzera /!78.115,84.919/!22
DMG/!suNny/!90.605,91.059/!m4a1/!coldzera /!77.975,85.156/!22
DMG/!suNny/!90.512,91.263/!m4a1/!coldzera /!77.799,85.369/!22
DMG/!suNny/!90.461,91.374/!m4a1/!coldzera /!77.685,85.487/!28
DMG/!suNny/!90.868,90.271/!m4a1/!coldzera /!77.013,86.473/!22
KILL/!suNny/!90.868,90.271/!m4a1_silencer/!coldzera /!77.013,86.473
KILL/!allu/!93.517,96.172/!awp/!Bymas/!74.000,79.993
DMG/!allu/!93.517,96.172/!awp/!Bymas/!74.000,79.993/!109
DMG/!allu/!97.374,102.772/!awp/!rain /!68.823,114.903/!108
KILL/!allu/!97.374,102.772/!awp/!rain /!68.823,114.903
DMG/!rain /!68.823,114.903/!inferno/!suNny/!88.024,117.245/!8
DMG/!broky /!86.428,90.431/!molotov/!allu/!95.808,102.759/!1
DMG/!broky /!86.367,90.400/!inferno/!allu/!94.259,103.384/!1
DMG/!suNny/!87.293,122.380/!ak47/!broky /!87.997,90.193/!26
DMG/!suNny/!87.361,125.575/!ak47/!broky /!92.640,95.188/!26
DMG/!suNny/!87.334,125.570/!ak47/!broky /!92.417,95.201/!3
DMG/!suNny/!87.720,125.634/!ak47/!broky /!92.266,95.177/!104
KILL/!suNny/!87.720,125.634/!ak47 HS/!broky /!92.266,95.177
DMG/!allu/!57.441,107.773/!hegrenade/!coldzera /!58.925,75.655/!54
DMG/!allu/!57.441,107.773/!hegrenade/!broky /!59.734,73.701/!36
DMG/!allu/!57.441,107.773/!hegrenade/!NiKo /!59.740,80.836/!6
DMG/!NiKo /!70.402,110.146/!inferno/!suNny/!88.559,116.450/!2
DMG/!broky /!55.852,96.842/!p250/!allu/!53.474,103.623/!26
DMG/!NiKo /!70.458,110.195/!inferno/!suNny/!88.565,116.480/!3
DMG/!NiKo /!70.698,110.449/!inferno/!suNny/!88.561,116.499/!4
DMG/!NiKo /!70.693,110.979/!inferno/!suNny/!88.597,116.506/!4
DMG/!NiKo /!70.706,111.036/!inferno/!suNny/!89.034,116.557/!5
KILL/!allu/!55.434,104.058/!awp/!broky /!53.745,99.068
DMG/!allu/!55.434,104.058/!awp/!broky /!53.745,99.068/!139
DMG/!sergej/!56.688,107.165/!ak47/!allu/!55.447,104.097/!36
KILL/!allu/!56.069,102.972/!awp/!rain /!54.021,99.008
DMG/!allu/!56.069,102.972/!awp/!rain /!54.021,99.008/!111
DMG/!coldzera /!53.866,99.228/!ak47/!sergej/!57.996,108.766/!5
DMG/!coldzera /!54.039,99.127/!ak47/!allu/!55.677,102.390/!27
KILL/!allu/!55.685,102.401/!awp/!coldzera /!54.032,99.131
DMG/!allu/!55.685,102.401/!awp/!coldzera /!54.032,99.131/!139
DMG/!suNny/!88.093,117.924/!ak47/!NiKo /!76.956,116.714/!109
KILL/!suNny/!88.093,117.924/!ak47 HS/!NiKo /!76.956,116.714
DMG/!Bymas/!54.293,93.985/!ak47/!allu/!56.820,111.702/!9
DMG/!Bymas/!54.302,93.984/!ak47/!allu/!56.836,111.699/!37
KILL/!Bymas/!54.302,93.984/!ak47 HS WB/!allu/!56.836,111.699
DMG/!Aerial/!51.705,71.721/!m4a1/!Bymas/!55.311,94.939/!21
DMG/!Aerial/!51.705,71.721/!m4a1/!Bymas/!55.247,95.246/!21
DMG/!Aerial/!51.705,71.721/!m4a1/!Bymas/!55.313,95.298/!21
DMG/!Aerial/!51.701,71.722/!m4a1/!Bymas/!55.093,95.478/!26
DMG/!sergej/!53.421,108.545/!ak47/!Bymas/!54.998,95.489/!27
KILL/!sergej/!53.421,108.545/!ak47/!Bymas/!54.998,95.489
DMG/!Jamppi/!54.644,103.737/!awp/!rain /!54.613,66.166/!442
KILL/!Jamppi/!54.644,103.737/!awp HS/!rain /!54.613,66.166
DMG/!Jamppi/!49.806,117.080/!awp/!broky /!59.857,76.282/!80
KILL/!Jamppi/!49.697,117.075/!awp/!broky /!58.791,80.444
DMG/!Jamppi/!49.697,117.075/!awp/!broky /!58.791,80.444/!138
DMG/!Jamppi/!48.663,117.061/!awp/!coldzera /!57.575,86.766/!82
DMG/!sergej/!37.120,109.710/!m4a1/!coldzera /!47.571,115.815/!31
KILL/!sergej/!37.120,109.710/!m4a1/!coldzera /!47.571,115.815
DMG/!Bymas/!51.972,110.233/!glock/!sergej/!37.522,109.223/!11
DMG/!allu/!96.058,106.695/!awp/!Bymas/!51.963,109.833/!137
KILL/!allu/!96.058,106.695/!awp/!Bymas/!51.963,109.833
DMG/!sergej/!36.910,110.225/!m4a1/!NiKo /!58.370,106.818/!38
DMG/!NiKo /!58.470,107.410/!glock/!sergej/!36.927,110.331/!9
DMG/!NiKo /!58.535,107.884/!glock/!sergej/!36.947,110.451/!39
DMG/!NiKo /!58.576,108.014/!glock/!sergej/!36.946,110.461/!9
DMG/!sergej/!36.950,110.523/!m4a1/!NiKo /!58.552,107.792/!30
DMG/!sergej/!36.951,110.530/!m4a1/!NiKo /!58.548,107.756/!61
KILL/!sergej/!36.951,110.530/!m4a1 HS WB/!NiKo /!58.548,107.756
DMG/!broky /!54.683,56.899/!awp/!allu/!54.558,114.619/!105
KILL/!broky /!54.683,56.899/!awp/!allu/!54.558,114.619
DMG/!rain /!78.895,85.915/!ak47/!suNny/!82.026,79.884/!110
KILL/!rain /!78.895,85.915/!ak47 HS/!suNny/!82.026,79.884
DMG/!Jamppi/!32.860,89.755/!awp/!Bymas/!31.059,84.843/!111
KILL/!Jamppi/!32.860,89.755/!awp/!Bymas/!31.059,84.843
DMG/!sergej/!81.912,110.032/!hegrenade/!rain /!88.799,106.245/!44
DMG/!sergej/!81.912,110.032/!hegrenade/!NiKo /!87.265,107.799/!15
DMG/!sergej/!81.912,110.032/!hegrenade/!coldzera /!87.257,101.234/!12
DMG/!Aerial/!81.985,116.564/!inferno/!coldzera /!88.087,105.605/!1
DMG/!Aerial/!81.985,116.535/!inferno/!coldzera /!88.391,106.339/!2
DMG/!rain /!87.591,112.284/!ak47/!Jamppi/!64.407,109.875/!25
DMG/!rain /!87.591,112.284/!ak47/!Jamppi/!64.565,109.814/!25
DMG/!rain /!87.591,112.284/!ak47/!Jamppi/!64.977,109.599/!33
DMG/!rain /!87.587,112.305/!ak47/!Jamppi/!64.834,109.159/!25
KILL/!rain /!87.587,112.305/!ak47/!Jamppi/!64.834,109.159
DMG/!Aerial/!82.893,120.264/!m4a1/!NiKo /!92.109,122.518/!22
DMG/!NiKo /!92.107,122.525/!ak47/!Aerial/!82.893,120.264/!109
KILL/!NiKo /!92.107,122.525/!ak47 HS/!Aerial/!82.893,120.264
DMG/!sergej/!82.511,108.183/!awp/!coldzera /!82.845,116.218/!85
KILL/!sergej/!82.511,108.183/!awp/!coldzera /!82.845,116.218
DMG/!NiKo /!74.840,114.263/!ak47/!sergej/!80.083,112.801/!110
KILL/!NiKo /!74.840,114.263/!ak47 HS/!sergej/!80.083,112.801
DMG/!Aerial/!92.813,90.298/!inferno/!rain /!75.377,73.962/!3
DMG/!suNny/!82.502,71.158/!m4a1/!rain /!82.253,88.479/!90
DMG/!rain /!82.275,88.496/!ak47/!suNny/!82.375,71.154/!107
KILL/!rain /!82.275,88.496/!ak47 HS/!suNny/!82.375,71.154
DMG/!rain /!82.276,88.496/!ak47/!NiKo /!82.371,85.719/!9
DMG/!rain /!82.298,88.496/!ak47/!NiKo /!82.486,85.822/!9
DMG/!Aerial/!89.039,80.279/!m4a1/!rain /!84.601,90.439/!22
KILL/!Aerial/!89.039,80.279/!m4a1/!rain /!84.601,90.439
DMG/!NiKo /!87.879,86.969/!ak47/!Aerial/!87.912,70.864/!26
DMG/!Aerial/!87.912,70.864/!m4a1/!NiKo /!87.901,86.970/!21
DMG/!NiKo /!87.901,86.970/!ak47/!Aerial/!87.912,70.864/!107
KILL/!NiKo /!87.901,86.970/!ak47 HS/!Aerial/!87.912,70.864
DMG/!Bymas/!57.354,93.848/!ak47/!allu/!69.388,94.671/!27
DMG/!Bymas/!57.350,93.946/!ak47/!allu/!69.364,94.621/!108
KILL/!Bymas/!57.350,93.946/!ak47 HS/!allu/!69.364,94.621
DMG/!sergej/!76.062,109.302/!m4a1/!coldzera /!88.748,112.106/!27
DMG/!sergej/!76.057,109.327/!m4a1/!coldzera /!88.767,112.355/!22
DMG/!Bymas/!70.081,99.960/!hegrenade/!Jamppi/!55.222,97.952/!27
DMG/!NiKo /!71.132,103.333/!ak47/!Jamppi/!67.317,94.465/!27
DMG/!Jamppi/!67.308,94.469/!awp/!NiKo /!71.071,103.353/!138
KILL/!Jamppi/!67.308,94.469/!awp/!NiKo /!71.071,103.353
DMG/!Bymas/!71.213,101.222/!ak47/!Jamppi/!66.934,95.066/!109
KILL/!Bymas/!71.213,101.222/!ak47 HS/!Jamppi/!66.934,95.066
DMG/!coldzera /!68.796,116.295/!ak47/!sergej/!82.562,107.158/!26
DMG/!coldzera /!68.795,116.295/!ak47/!sergej/!82.629,107.161/!26
DMG/!coldzera /!68.795,116.295/!ak47/!sergej/!82.684,107.163/!26
DMG/!coldzera /!68.795,116.295/!ak47/!sergej/!82.688,107.162/!26
KILL/!coldzera /!68.795,116.295/!ak47/!sergej/!82.688,107.162
