fnatic-vs-mousesports-m1-inferno.out
de_inferno
DMG/!woxic/!88.341,75.158/!hkp2000/!KRIMZ/!58.504,83.932/!19
DMG/!woxic/!92.317,73.987/!hkp2000/!flusha/!64.553,81.208/!26
DMG/!JW/!66.019,99.316/!glock/!frozen/!79.443,111.806/!10
DMG/!JW/!66.241,99.072/!glock/!frozen/!79.079,112.325/!10
DMG/!unnamed/!NAN/!/!Brollan/!50.730,66.390/!1
DMG/!Golden/!74.787,105.569/!hegrenade/!frozen/!72.285,130.696/!14
DMG/!karrigan/!85.951,123.574/!hegrenade/!KRIMZ/!79.767,115.265/!13
DMG/!karrigan/!85.951,123.574/!hegrenade/!Golden/!80.017,108.773/!18
DMG/!karrigan/!85.951,123.574/!hegrenade/!Brollan/!76.194,115.163/!10
DMG/!karrigan/!85.951,123.574/!hegrenade/!flusha/!75.194,107.443/!6
DMG/!Brollan/!76.153,116.425/!glock/!karrigan/!86.875,123.074/!30
DMG/!Brollan/!76.050,116.452/!glock/!karrigan/!86.970,123.081/!97
KILL/!Brollan/!76.050,116.452/!glock HS/!karrigan/!86.970,123.081
DMG/!chrisJ/!93.096,122.971/!hegrenade/!Golden/!79.801,115.159/!67
DMG/!chrisJ/!93.096,122.971/!hegrenade/!Brollan/!75.243,117.541/!9
DMG/!chrisJ/!93.096,122.971/!hegrenade/!flusha/!77.643,110.152/!16
DMG/!chrisJ/!93.159,122.679/!hkp2000/!Brollan/!73.782,117.180/!18
DMG/!Brollan/!73.851,116.880/!glock/!chrisJ/!93.036,123.112/!26
DMG/!frozen/!79.482,127.958/!hkp2000/!JW/!82.250,132.648/!133
KILL/!frozen/!79.482,127.958/!hkp2000 HS/!JW/!82.250,132.648
DMG/!KRIMZ/!72.473,137.023/!glock/!frozen/!82.512,131.584/!11
KILL/!KRIMZ/!71.909,134.925/!glock HS/!frozen/!82.688,132.715
DMG/!KRIMZ/!71.909,134.925/!glock/!frozen/!82.688,132.715/!100
DMG/!woxic/!93.513,123.653/!hkp2000/!flusha/!73.328,118.146/!21
DMG/!woxic/!90.975,123.709/!hkp2000/!flusha/!72.472,117.397/!21
DMG/!KRIMZ/!72.512,136.443/!glock/!chrisJ/!82.732,133.304/!25
DMG/!Brollan/!70.801,133.934/!glock/!chrisJ/!82.620,132.936/!24
DMG/!KRIMZ/!72.437,136.188/!glock/!chrisJ/!82.652,133.040/!25
KILL/!KRIMZ/!72.437,136.188/!glock/!chrisJ/!82.652,133.040
DMG/!KRIMZ/!73.206,132.599/!glock/!woxic/!82.347,133.657/!73
DMG/!Brollan/!70.632,134.222/!glock/!woxic/!82.332,132.659/!11
DMG/!Brollan/!71.502,136.674/!glock/!woxic/!84.441,130.886/!11
DMG/!ropz/!82.217,132.831/!hkp2000/!Brollan/!70.649,134.234/!15
DMG/!Brollan/!70.638,134.134/!glock/!ropz/!82.235,133.019/!99
DMG/!Brollan/!70.618,133.165/!glock/!ropz/!82.244,133.100/!11
KILL/!Brollan/!70.618,133.165/!glock/!ropz/!82.244,133.100
DMG/!woxic/!79.791,134.651/!hkp2000/!KRIMZ/!73.205,132.770/!131
KILL/!woxic/!79.791,134.651/!usp_silencer HS/!KRIMZ/!73.205,132.770
DMG/!flusha/!72.451,114.991/!hegrenade/!woxic/!74.454,135.213/!36
KILL/!flusha/!72.451,114.991/!hegrenade/!woxic/!74.454,135.213
DMG/!Golden/!68.611,105.314/!mac10/!chrisJ/!71.707,102.893/!19
DMG/!chrisJ/!71.738,102.934/!deagle/!Golden/!68.574,105.236/!67
DMG/!Golden/!68.571,105.217/!mac10/!chrisJ/!71.759,102.961/!15
DMG/!Golden/!68.605,105.250/!mac10/!chrisJ/!71.796,103.010/!61
DMG/!Golden/!68.766,105.453/!mac10/!chrisJ/!71.850,103.086/!15
KILL/!Golden/!68.766,105.453/!mac10/!chrisJ/!71.850,103.086
DMG/!karrigan/!74.051,119.245/!hegrenade/!Golden/!74.549,108.734/!25
DMG/!flusha/!77.133,105.499/!hegrenade/!karrigan/!87.451,121.756/!3
DMG/!frozen/!100.334,69.101/!hegrenade/!Brollan/!88.796,71.742/!1
DMG/!karrigan/!107.325,85.056/!p250/!JW/!99.548,91.018/!21
KILL/!JW/!99.576,90.908/!galilar HS/!karrigan/!107.312,85.037
DMG/!JW/!99.576,90.908/!galilar/!karrigan/!107.312,85.037/!117
DMG/!JW/!99.518,90.766/!galilar/!Golden/!103.349,88.242/!30
KILL/!JW/!99.518,90.766/!galilar HS/!Golden/!103.349,88.242
DMG/!frozen/!101.988,80.007/!deagle/!flusha/!103.385,76.848/!67
DMG/!frozen/!101.911,80.467/!deagle/!flusha/!103.525,76.819/!67
KILL/!frozen/!101.911,80.467/!deagle/!flusha/!103.525,76.819
DMG/!ropz/!107.110,67.569/!deagle/!Brollan/!100.114,67.423/!202
KILL/!ropz/!107.110,67.569/!deagle HS/!Brollan/!100.114,67.423
DMG/!KRIMZ/!103.252,78.192/!galilar/!frozen/!101.396,80.466/!23
DMG/!KRIMZ/!103.119,78.184/!galilar/!frozen/!101.365,80.397/!23
DMG/!KRIMZ/!103.000,78.157/!galilar/!frozen/!101.425,80.447/!23
DMG/!KRIMZ/!102.876,78.106/!galilar/!frozen/!101.496,80.520/!23
KILL/!KRIMZ/!102.542,77.927/!galilar/!frozen/!101.548,80.573
DMG/!KRIMZ/!102.542,77.927/!galilar/!frozen/!101.548,80.573/!23
DMG/!JW/!112.930,74.334/!galilar/!ropz/!109.571,69.322/!22
DMG/!JW/!112.838,74.414/!galilar/!ropz/!109.513,69.257/!91
KILL/!JW/!112.838,74.414/!galilar HS/!ropz/!109.513,69.257
DMG/!KRIMZ/!103.854,66.446/!galilar/!woxic/!108.185,84.670/!22
DMG/!KRIMZ/!103.789,66.473/!galilar/!woxic/!108.172,84.669/!27
DMG/!KRIMZ/!103.769,66.501/!galilar/!woxic/!108.148,84.675/!22
DMG/!KRIMZ/!103.723,66.519/!galilar/!woxic/!108.119,84.682/!21
DMG/!woxic/!108.109,84.684/!deagle/!KRIMZ/!103.684,66.530/!39
KILL/!JW/!104.506,76.727/!galilar/!woxic/!106.768,86.058
DMG/!JW/!104.506,76.727/!galilar/!woxic/!106.768,86.058/!22
DMG/!JW/!80.767,78.713/!galilar/!chrisJ/!88.791,75.226/!29
DMG/!karrigan/!90.854,77.167/!hkp2000/!JW/!80.870,78.978/!16
DMG/!woxic/!91.808,76.748/!hkp2000/!Golden/!70.053,79.790/!14
DMG/!Golden/!70.065,79.876/!mac10/!woxic/!91.774,76.703/!21
DMG/!JW/!80.473,79.205/!galilar/!karrigan/!91.042,73.496/!29
DMG/!Golden/!70.090,80.038/!mac10/!woxic/!91.747,76.737/!17
DMG/!chrisJ/!89.648,74.493/!hkp2000/!JW/!80.522,79.300/!16
DMG/!JW/!80.508,79.274/!galilar/!karrigan/!91.077,73.203/!12
DMG/!chrisJ/!89.550,74.242/!hkp2000/!JW/!80.504,79.267/!8
DMG/!JW/!80.504,79.267/!galilar/!chrisJ/!89.545,74.232/!4
DMG/!JW/!80.504,79.267/!galilar/!chrisJ/!89.492,74.134/!29
DMG/!woxic/!91.620,76.148/!hkp2000/!JW/!80.504,79.267/!15
DMG/!JW/!80.504,79.267/!galilar/!chrisJ/!89.397,73.961/!2
DMG/!frozen/!91.936,77.398/!hkp2000/!Golden/!70.161,79.921/!57
DMG/!woxic/!91.275,74.830/!hkp2000/!JW/!80.504,79.267/!63
KILL/!woxic/!91.275,74.830/!hkp2000 HS/!JW/!80.504,79.267
DMG/!frozen/!91.013,74.287/!hkp2000/!Golden/!70.134,80.278/!57
KILL/!frozen/!91.013,74.287/!hkp2000 HS/!Golden/!70.134,80.278
DMG/!ropz/!80.379,54.918/!p250/!KRIMZ/!76.983,73.682/!70
KILL/!ropz/!80.379,54.918/!cz75a HS/!KRIMZ/!76.961,73.840
DMG/!ropz/!80.379,54.918/!p250/!KRIMZ/!76.961,73.840/!70
DMG/!Brollan/!87.037,72.924/!galilar/!ropz/!86.289,66.288/!28
DMG/!ropz/!86.424,66.249/!p250/!Brollan/!87.064,72.833/!85
DMG/!Brollan/!87.064,72.833/!galilar/!ropz/!86.424,66.249/!22
DMG/!Brollan/!87.064,72.830/!galilar/!ropz/!86.525,66.230/!22
DMG/!ropz/!86.529,66.229/!p250/!Brollan/!87.064,72.830/!85
KILL/!ropz/!86.529,66.229/!cz75a HS/!Brollan/!87.064,72.830
DMG/!unnamed/!NAN/!/!ropz/!80.175,67.873/!2
DMG/!ropz/!80.743,70.831/!ak47/!flusha/!78.787,53.989/!107
KILL/!ropz/!80.743,70.831/!ak47 HS/!flusha/!78.787,53.989
DMG/!frozen/!90.427,84.539/!hegrenade/!Golden/!65.717,84.893/!3
DMG/!frozen/!90.427,84.539/!hegrenade/!flusha/!63.210,84.616/!3
DMG/!flusha/!64.197,86.549/!inferno/!karrigan/!75.926,106.214/!3
DMG/!flusha/!64.308,86.262/!inferno/!karrigan/!75.802,105.715/!4
DMG/!chrisJ/!73.551,114.991/!mp7/!KRIMZ/!76.308,116.279/!67
DMG/!chrisJ/!73.718,114.991/!mp7/!KRIMZ/!76.326,116.359/!16
DMG/!chrisJ/!73.939,114.991/!mp7/!KRIMZ/!76.326,116.360/!67
KILL/!chrisJ/!73.939,114.991/!mp7 HS/!KRIMZ/!76.326,116.360
DMG/!karrigan/!68.441,121.571/!m4a1/!JW/!78.666,115.030/!22
DMG/!karrigan/!68.450,121.585/!m4a1/!JW/!78.695,115.121/!22
DMG/!karrigan/!68.451,121.593/!m4a1/!JW/!78.702,115.146/!89
KILL/!karrigan/!68.451,121.593/!m4a1 HS/!JW/!78.702,115.146
DMG/!chrisJ/!73.488,116.055/!mp7/!Brollan/!79.493,115.693/!19
DMG/!Brollan/!79.535,115.608/!ump45/!chrisJ/!73.299,115.658/!23
DMG/!chrisJ/!73.290,115.600/!mp7/!Brollan/!79.541,115.596/!20
DMG/!Brollan/!79.542,115.613/!ump45/!chrisJ/!73.288,115.581/!18
DMG/!chrisJ/!73.285,115.596/!mp7/!Brollan/!79.546,115.689/!16
DMG/!Brollan/!79.547,115.705/!ump45/!chrisJ/!73.287,115.578/!75
KILL/!Brollan/!79.547,115.705/!ump45 HS/!chrisJ/!73.287,115.578
DMG/!karrigan/!68.440,121.574/!m4a1/!Brollan/!79.547,115.707/!22
DMG/!karrigan/!68.437,121.568/!m4a1/!Brollan/!79.423,115.315/!27
KILL/!karrigan/!68.437,121.568/!m4a1/!Brollan/!79.423,115.315
DMG/!flusha/!76.792,119.495/!ak47/!karrigan/!63.996,116.265/!27
DMG/!flusha/!76.793,119.630/!ak47/!karrigan/!63.977,116.347/!27
DMG/!karrigan/!63.972,116.368/!m4a1/!flusha/!76.798,119.621/!22
DMG/!karrigan/!63.960,116.416/!m4a1/!flusha/!76.806,119.602/!88
KILL/!karrigan/!63.960,116.416/!m4a1 HS/!flusha/!76.806,119.602
DMG/!Golden/!72.327,125.496/!ump45/!woxic/!69.450,127.015/!83
KILL/!Golden/!72.228,125.265/!ump45/!woxic/!69.500,127.088
DMG/!Golden/!72.228,125.265/!ump45/!woxic/!69.500,127.088/!20
DMG/!karrigan/!65.015,115.815/!m4a1/!Golden/!71.843,124.677/!22
DMG/!karrigan/!64.950,115.861/!m4a1/!Golden/!71.733,124.682/!22
DMG/!frozen/!83.628,119.123/!galilar/!Golden/!71.578,123.810/!22
DMG/!frozen/!83.591,119.123/!galilar/!Golden/!71.603,123.600/!22
KILL/!frozen/!83.591,119.123/!galilar/!Golden/!71.603,123.600
DMG/!Golden/!77.322,109.987/!deagle/!karrigan/!70.689,133.723/!34
DMG/!karrigan/!70.695,133.724/!m4a1/!Golden/!77.329,109.989/!122
KILL/!karrigan/!70.695,133.724/!m4a1 HS/!Golden/!77.329,109.989
DMG/!karrigan/!72.596,128.841/!m4a1/!flusha/!77.665,110.398/!31
DMG/!karrigan/!72.734,128.471/!m4a1/!Brollan/!78.287,109.065/!124
KILL/!karrigan/!72.734,128.471/!m4a1 HS/!Brollan/!78.287,109.065
DMG/!karrigan/!72.912,128.732/!m4a1/!flusha/!77.698,108.405/!30
DMG/!karrigan/!72.904,128.730/!m4a1/!flusha/!77.563,108.373/!30
DMG/!karrigan/!72.904,128.730/!m4a1/!flusha/!77.544,108.368/!30
KILL/!karrigan/!72.904,128.730/!m4a1/!flusha/!77.544,108.368
DMG/!karrigan/!72.904,128.730/!m4a1/!KRIMZ/!78.078,105.661/!22
DMG/!KRIMZ/!78.357,105.724/!glock/!karrigan/!72.964,128.776/!38
DMG/!karrigan/!71.703,133.654/!m4a1/!KRIMZ/!78.705,105.399/!11
DMG/!frozen/!80.110,121.522/!hegrenade/!JW/!74.374,108.707/!59
DMG/!frozen/!79.650,121.633/!ak47/!JW/!76.168,106.704/!139
KILL/!frozen/!79.650,121.633/!ak47 HS/!JW/!76.168,106.704
DMG/!KRIMZ/!80.312,109.996/!glock/!chrisJ/!78.116,117.492/!12
DMG/!chrisJ/!78.086,117.452/!mp7/!KRIMZ/!80.342,110.004/!25
DMG/!KRIMZ/!80.415,110.027/!glock/!chrisJ/!78.027,117.427/!49
DMG/!chrisJ/!78.010,117.420/!mp7/!KRIMZ/!80.433,110.033/!25
DMG/!chrisJ/!77.956,117.399/!mp7/!KRIMZ/!80.433,110.033/!31
KILL/!chrisJ/!77.956,117.399/!mp7/!KRIMZ/!80.433,110.033
DMG/!flusha/!67.677,96.617/!inferno/!frozen/!76.273,108.244/!1
DMG/!chrisJ/!78.168,116.272/!hegrenade/!flusha/!68.854,104.330/!19
DMG/!Golden/!64.882,97.789/!smokegrenade/!chrisJ/!74.905,119.392/!1
DMG/!Brollan/!78.668,76.471/!inferno/!woxic/!96.724,66.226/!1
DMG/!Brollan/!78.854,77.393/!inferno/!woxic/!96.478,65.538/!2
DMG/!Brollan/!79.126,78.372/!inferno/!woxic/!96.407,64.886/!3
DMG/!Brollan/!79.397,79.176/!inferno/!woxic/!96.610,64.766/!4
DMG/!chrisJ/!75.830,119.043/!mp7/!flusha/!76.708,105.400/!18
DMG/!flusha/!76.646,105.394/!mac10/!chrisJ/!75.830,119.043/!15
DMG/!chrisJ/!75.267,119.008/!mp7/!flusha/!77.186,105.395/!17
KILL/!ropz/!88.341,83.237/!ak47 HS/!Brollan/!90.727,78.084
DMG/!ropz/!88.341,83.237/!ak47/!Brollan/!90.727,78.084/!110
DMG/!Golden/!88.616,76.013/!ak47/!ropz/!88.341,83.237/!27
DMG/!Golden/!88.600,76.027/!ak47/!ropz/!88.377,83.238/!27
DMG/!Golden/!88.568,76.026/!ak47/!ropz/!88.431,83.237/!27
DMG/!Golden/!88.526,76.025/!ak47/!ropz/!88.419,83.238/!27
KILL/!Golden/!88.526,76.025/!ak47/!ropz/!88.419,83.238
DMG/!woxic/!90.184,64.785/!awp/!Golden/!89.364,76.239/!110
KILL/!woxic/!90.184,64.785/!awp/!Golden/!89.364,76.239
DMG/!JW/!87.337,78.456/!ak47/!woxic/!92.346,65.226/!27
DMG/!JW/!87.337,78.456/!ak47/!woxic/!92.211,65.172/!27
DMG/!JW/!87.338,78.457/!ak47/!woxic/!92.233,65.181/!26
DMG/!KRIMZ/!87.493,73.978/!ak47/!woxic/!92.325,65.219/!27
KILL/!KRIMZ/!87.493,73.978/!ak47/!woxic/!92.325,65.219
DMG/!frozen/!103.022,62.438/!ak47/!flusha/!104.012,70.388/!109
KILL/!frozen/!103.022,62.438/!ak47 HS/!flusha/!104.012,70.388
DMG/!karrigan/!99.157,76.034/!m4a1/!KRIMZ/!103.022,59.729/!21
DMG/!karrigan/!99.206,76.046/!m4a1/!KRIMZ/!103.022,59.719/!23
DMG/!karrigan/!99.230,76.052/!m4a1/!KRIMZ/!103.022,59.617/!23
DMG/!karrigan/!99.254,76.058/!m4a1/!KRIMZ/!103.130,59.421/!21
DMG/!karrigan/!100.591,76.479/!m4a1/!KRIMZ/!103.023,58.588/!3
DMG/!unnamed/!NAN/!/!KRIMZ/!103.381,58.232/!1
DMG/!KRIMZ/!103.407,58.232/!ak47/!frozen/!103.036,63.561/!26
DMG/!frozen/!103.039,63.563/!ak47/!KRIMZ/!103.409,58.232/!27
KILL/!frozen/!103.039,63.563/!ak47/!KRIMZ/!103.409,58.232
DMG/!karrigan/!101.923,75.863/!m4a1/!JW/!101.924,70.019/!22
DMG/!karrigan/!101.850,75.870/!m4a1/!JW/!102.141,70.089/!22
DMG/!karrigan/!101.850,75.870/!m4a1/!JW/!102.194,70.100/!22
DMG/!karrigan/!101.850,75.870/!m4a1/!JW/!102.266,70.114/!22
KILL/!karrigan/!101.850,75.870/!m4a1/!JW/!102.266,70.114
DMG/!JW/!54.792,84.137/!deagle/!woxic/!88.341,75.036/!27
DMG/!woxic/!88.341,75.036/!awp/!JW/!54.792,84.137/!110
KILL/!woxic/!88.341,75.036/!awp/!JW/!54.792,84.137
DMG/!chrisJ/!78.395,112.448/!hegrenade/!Golden/!62.836,84.810/!22
DMG/!karrigan/!71.338,108.172/!hegrenade/!flusha/!56.153,82.097/!2
DMG/!flusha/!62.886,83.764/!inferno/!karrigan/!67.908,103.396/!1
DMG/!flusha/!63.176,83.682/!inferno/!karrigan/!68.328,103.944/!2
DMG/!flusha/!62.759,83.801/!inferno/!karrigan/!68.752,104.579/!3
DMG/!flusha/!62.701,83.817/!inferno/!karrigan/!69.192,105.236/!4
DMG/!woxic/!100.663,69.867/!awp/!Brollan/!88.751,69.396/!141
KILL/!woxic/!100.663,69.867/!awp/!Brollan/!88.751,69.396
DMG/!frozen/!109.132,85.264/!hegrenade/!flusha/!96.700,60.453/!55
DMG/!karrigan/!99.403,98.780/!ak47/!KRIMZ/!96.649,90.523/!141
KILL/!karrigan/!99.403,98.780/!ak47 HS/!KRIMZ/!96.649,90.523
DMG/!ropz/!111.146,71.647/!m4a1/!flusha/!97.557,60.951/!23
DMG/!ropz/!111.130,71.667/!m4a1/!flusha/!97.400,61.166/!31
KILL/!ropz/!111.130,71.667/!m4a1/!flusha/!97.400,61.166
DMG/!Golden/!91.584,65.999/!deagle/!ropz/!111.211,71.143/!38
DMG/!ropz/!111.172,71.052/!m4a1/!Golden/!91.354,66.947/!30
DMG/!ropz/!111.215,70.853/!m4a1/!Golden/!91.494,66.245/!30
KILL/!ropz/!111.218,70.834/!m4a1/!Golden/!91.496,66.238
DMG/!ropz/!111.218,70.834/!m4a1/!Golden/!91.496,66.238/!30
DMG/!chrisJ/!76.167,116.682/!hegrenade/!Golden/!65.740,89.222/!47
DMG/!chrisJ/!76.167,116.682/!hegrenade/!flusha/!63.531,94.026/!1
DMG/!JW/!55.058,84.772/!awp/!woxic/!92.318,73.872/!134
KILL/!JW/!55.058,84.772/!awp/!woxic/!92.318,73.872
DMG/!Brollan/!87.066,56.022/!inferno/!frozen/!91.831,69.057/!8
DMG/!Brollan/!87.092,56.468/!inferno/!frozen/!91.937,68.939/!8
DMG/!Brollan/!87.086,56.898/!inferno/!frozen/!91.835,68.869/!8
DMG/!ropz/!82.172,62.695/!m4a1/!JW/!75.352,79.880/!87
KILL/!ropz/!82.172,62.695/!m4a1 HS/!JW/!75.388,79.890
DMG/!ropz/!82.172,62.695/!m4a1/!JW/!75.388,79.890/!87
DMG/!KRIMZ/!88.018,60.120/!ak47/!ropz/!85.497,67.122/!109
KILL/!KRIMZ/!88.018,60.120/!ak47 HS/!ropz/!85.497,67.122
DMG/!flusha/!77.107,105.036/!ak47/!chrisJ/!76.189,119.112/!27
DMG/!chrisJ/!76.189,119.112/!inferno/!flusha/!77.107,105.036/!1
DMG/!chrisJ/!76.026,119.109/!mp7/!flusha/!77.135,105.037/!14
DMG/!chrisJ/!75.956,119.105/!inferno/!flusha/!77.154,105.038/!2
DMG/!chrisJ/!75.908,119.101/!mp7/!flusha/!77.157,105.038/!17
DMG/!chrisJ/!75.754,119.090/!mp7/!flusha/!77.154,105.038/!14
DMG/!chrisJ/!75.720,119.088/!mp7/!flusha/!77.160,105.038/!57
KILL/!chrisJ/!75.720,119.088/!mp7 HS/!flusha/!77.160,105.038
DMG/!unnamed/!NAN/!/!KRIMZ/!105.071,60.010/!3
DMG/!Brollan/!101.777,63.600/!ak47/!frozen/!87.167,72.887/!13
DMG/!Brollan/!103.450,63.301/!ak47/!frozen/!89.875,69.463/!27
DMG/!frozen/!89.880,69.491/!ak47/!Brollan/!103.460,63.316/!27
DMG/!Brollan/!103.458,63.313/!ak47/!frozen/!89.913,69.561/!108
KILL/!Brollan/!103.458,63.313/!ak47 HS/!frozen/!89.913,69.561
DMG/!KRIMZ/!102.331,78.458/!ak47/!karrigan/!110.409,85.617/!27
KILL/!KRIMZ/!102.304,78.489/!ak47 HS/!karrigan/!110.384,85.596
DMG/!KRIMZ/!102.304,78.489/!ak47/!karrigan/!110.384,85.596/!109
DMG/!KRIMZ/!106.095,75.493/!ak47/!chrisJ/!106.315,85.320/!27
DMG/!KRIMZ/!106.194,75.498/!ak47/!chrisJ/!106.320,85.404/!34
DMG/!KRIMZ/!106.364,75.503/!ak47/!chrisJ/!106.247,85.754/!26
KILL/!KRIMZ/!106.364,75.503/!ak47/!chrisJ/!106.247,85.754
DMG/!karrigan/!79.662,117.247/!hegrenade/!Golden/!66.069,87.441/!1
DMG/!chrisJ/!80.553,54.566/!m4a1/!KRIMZ/!81.082,67.330/!28
DMG/!chrisJ/!80.577,54.581/!m4a1/!KRIMZ/!81.062,67.330/!22
DMG/!KRIMZ/!81.037,67.331/!ak47/!chrisJ/!80.606,54.581/!33
DMG/!chrisJ/!80.606,54.581/!m4a1/!KRIMZ/!81.037,67.331/!91
KILL/!chrisJ/!80.606,54.581/!m4a1_silencer HS/!KRIMZ/!81.037,67.331
DMG/!Brollan/!86.817,70.614/!ak47/!chrisJ/!86.953,59.677/!27
DMG/!Brollan/!86.791,70.614/!ak47/!chrisJ/!87.094,59.728/!109
KILL/!Brollan/!86.791,70.614/!ak47 HS/!chrisJ/!87.094,59.728
DMG/!ropz/!85.827,60.037/!m4a1/!Brollan/!86.978,70.749/!89
DMG/!Brollan/!86.979,70.748/!ak47/!ropz/!85.828,60.038/!27
DMG/!ropz/!85.828,60.038/!m4a1/!Brollan/!86.974,70.754/!22
KILL/!ropz/!85.828,60.038/!m4a1/!Brollan/!86.974,70.754
DMG/!karrigan/!72.630,114.992/!m4a1/!Golden/!79.801,114.944/!28
DMG/!karrigan/!72.631,115.031/!m4a1/!Golden/!79.801,114.985/!90
KILL/!karrigan/!72.631,115.031/!m4a1 HS/!Golden/!79.801,114.985
DMG/!karrigan/!72.430,115.003/!inferno/!flusha/!74.586,118.305/!1
DMG/!karrigan/!72.073,115.212/!inferno/!flusha/!74.068,118.805/!2
DMG/!flusha/!73.881,118.984/!ak47/!karrigan/!71.907,115.378/!27
DMG/!karrigan/!71.793,115.516/!inferno/!flusha/!73.586,119.249/!3
DMG/!karrigan/!71.773,115.546/!m4a1/!flusha/!73.503,119.330/!22
DMG/!karrigan/!71.891,115.501/!inferno/!flusha/!73.465,119.354/!4
DMG/!flusha/!73.436,119.369/!ak47/!karrigan/!71.911,115.493/!27
DMG/!karrigan/!71.901,115.497/!m4a1/!flusha/!73.396,119.386/!22
DMG/!flusha/!73.389,119.389/!ak47/!karrigan/!71.900,115.497/!110
KILL/!flusha/!73.389,119.389/!ak47 HS/!karrigan/!71.900,115.497
DMG/!karrigan/!71.900,115.497/!inferno/!flusha/!73.383,119.391/!4
DMG/!karrigan/!71.900,115.497/!inferno/!flusha/!73.318,119.377/!5
DMG/!woxic/!73.556,133.501/!awp/!flusha/!70.499,117.176/!110
KILL/!woxic/!73.556,133.501/!awp/!flusha/!70.499,117.176
DMG/!karrigan/!73.979,133.388/!inferno/!JW/!78.236,121.660/!8
DMG/!woxic/!70.750,129.822/!awp/!JW/!73.138,126.764/!85
DMG/!JW/!73.162,126.802/!awp/!woxic/!70.783,129.850/!111
KILL/!JW/!73.162,126.802/!awp/!woxic/!70.783,129.850
DMG/!JW/!77.436,135.591/!awp/!frozen/!85.691,126.793/!110
KILL/!JW/!77.436,135.591/!awp/!frozen/!85.691,126.793
DMG/!ropz/!79.768,116.204/!ak47/!JW/!66.227,123.769/!108
KILL/!ropz/!79.768,116.204/!ak47 HS/!JW/!66.227,123.769
DMG/!Golden/!65.492,94.234/!inferno/!karrigan/!73.617,107.143/!1
DMG/!Golden/!65.964,94.039/!inferno/!karrigan/!73.277,106.356/!2
DMG/!Golden/!66.670,93.805/!inferno/!karrigan/!73.345,105.538/!3
DMG/!Golden/!67.442,93.882/!inferno/!karrigan/!73.781,104.950/!4
DMG/!Golden/!68.063,93.980/!inferno/!karrigan/!74.446,104.983/!4
DMG/!Golden/!68.056,93.554/!inferno/!karrigan/!74.634,104.983/!5
DMG/!Golden/!68.064,92.818/!inferno/!karrigan/!74.634,104.720/!6
DMG/!Golden/!68.016,91.442/!hegrenade/!karrigan/!74.634,103.758/!20
DMG/!chrisJ/!76.264,115.316/!hegrenade/!flusha/!65.082,92.838/!4
DMG/!Golden/!67.101,92.048/!inferno/!karrigan/!74.634,104.681/!8
DMG/!Golden/!66.756,91.306/!inferno/!karrigan/!74.634,105.030/!8
DMG/!frozen/!103.641,65.715/!m4a1/!KRIMZ/!99.777,63.455/!90
DMG/!frozen/!103.641,65.715/!m4a1/!KRIMZ/!99.792,63.381/!90
KILL/!frozen/!103.641,65.715/!m4a1 HS/!KRIMZ/!99.792,63.381
DMG/!Brollan/!89.829,78.263/!ak47/!ropz/!88.341,83.238/!142
KILL/!Brollan/!89.829,78.263/!ak47 HS/!ropz/!88.341,83.238
DMG/!woxic/!105.502,85.418/!inferno/!Brollan/!91.586,90.981/!1
DMG/!woxic/!105.502,85.418/!inferno/!Golden/!90.896,90.047/!1
DMG/!woxic/!105.653,84.979/!inferno/!Brollan/!91.567,90.977/!2
DMG/!woxic/!105.653,84.979/!inferno/!Golden/!90.875,90.032/!2
DMG/!woxic/!105.895,84.555/!inferno/!Brollan/!91.567,90.977/!3
DMG/!woxic/!105.895,84.555/!inferno/!Golden/!90.789,89.823/!3
DMG/!woxic/!105.703,84.539/!inferno/!Brollan/!91.567,90.977/!4
DMG/!woxic/!105.703,84.539/!inferno/!Golden/!90.642,89.185/!4
DMG/!woxic/!105.499,84.847/!inferno/!Brollan/!91.556,90.967/!4
DMG/!woxic/!105.499,84.847/!inferno/!Golden/!90.502,88.375/!4
DMG/!woxic/!105.499,84.901/!inferno/!Brollan/!91.349,90.859/!5
DMG/!woxic/!105.592,84.965/!inferno/!Brollan/!90.799,90.560/!6
DMG/!woxic/!105.661,85.247/!inferno/!Brollan/!90.341,89.967/!7
DMG/!woxic/!105.575,85.233/!inferno/!Brollan/!90.065,89.212/!8
DMG/!flusha/!87.432,73.992/!ak47/!woxic/!96.204,66.501/!12
DMG/!woxic/!96.202,66.501/!awp/!flusha/!87.432,73.992/!81
DMG/!flusha/!87.432,73.992/!ak47/!woxic/!96.310,66.635/!5
KILL/!karrigan/!83.750,118.906/!m4a1_silencer HS/!Golden/!79.986,119.507
DMG/!karrigan/!83.750,118.906/!m4a1/!Golden/!79.986,119.507/!91
DMG/!Brollan/!99.883,60.939/!ak47/!woxic/!103.963,78.764/!26
DMG/!Brollan/!99.843,61.009/!ak47/!woxic/!104.198,79.008/!26
DMG/!Brollan/!99.858,61.041/!ak47/!woxic/!104.299,79.083/!26
KILL/!Brollan/!99.871,61.082/!ak47/!woxic/!104.313,79.094
DMG/!Brollan/!99.871,61.082/!ak47/!woxic/!104.313,79.094/!26
DMG/!frozen/!103.593,65.655/!m4a1/!Brollan/!101.463,64.300/!24
DMG/!frozen/!103.594,65.664/!m4a1/!Brollan/!101.311,64.706/!22
DMG/!frozen/!103.594,65.664/!m4a1/!Brollan/!101.311,64.707/!22
KILL/!frozen/!103.594,65.664/!m4a1/!Brollan/!101.311,64.707
DMG/!frozen/!106.379,57.113/!m4a1/!flusha/!101.806,67.536/!22
KILL/!frozen/!106.379,57.113/!m4a1/!flusha/!101.806,67.536
DMG/!JW/!103.175,61.350/!ak47/!frozen/!107.240,57.365/!110
KILL/!JW/!103.175,61.350/!ak47 HS/!frozen/!107.240,57.365
DMG/!JW/!100.589,71.066/!ak47/!chrisJ/!107.805,80.493/!27
DMG/!JW/!100.589,71.049/!ak47/!chrisJ/!107.791,80.505/!27
DMG/!JW/!100.574,71.061/!ak47/!chrisJ/!107.769,80.522/!27
DMG/!JW/!100.553,71.077/!ak47/!chrisJ/!107.743,80.542/!27
KILL/!JW/!100.553,71.077/!ak47/!chrisJ/!107.743,80.542
DMG/!JW/!100.483,71.133/!ak47/!karrigan/!108.894,82.554/!33
DMG/!JW/!100.306,71.273/!ak47/!karrigan/!109.048,81.413/!108
KILL/!JW/!100.306,71.273/!ak47 HS/!karrigan/!109.048,81.413
DMG/!karrigan/!78.369,110.193/!hegrenade/!flusha/!66.532,95.212/!8
DMG/!flusha/!70.074,108.266/!ump45/!karrigan/!78.765,103.665/!19
DMG/!karrigan/!78.847,103.823/!mp9/!flusha/!70.090,108.298/!54
DMG/!flusha/!70.090,108.298/!ump45/!karrigan/!78.880,103.887/!21
DMG/!karrigan/!78.888,103.904/!mp9/!flusha/!70.090,108.298/!13
DMG/!flusha/!70.093,108.305/!ump45/!karrigan/!78.907,103.941/!17
DMG/!karrigan/!78.923,103.973/!mp9/!flusha/!70.112,108.343/!13
DMG/!Golden/!66.838,96.142/!hegrenade/!chrisJ/!78.315,114.259/!41
DMG/!flusha/!70.129,108.377/!ump45/!karrigan/!78.924,103.974/!17
DMG/!flusha/!70.171,108.462/!ump45/!karrigan/!78.883,103.892/!21
DMG/!flusha/!70.161,108.441/!ump45/!karrigan/!78.881,103.889/!21
KILL/!flusha/!70.161,108.441/!ump45/!karrigan/!78.881,103.889
DMG/!Golden/!73.468,103.792/!ak47/!frozen/!81.124,121.279/!72
DMG/!Golden/!73.481,103.786/!ak47/!frozen/!80.980,120.966/!26
KILL/!Golden/!73.491,103.781/!ak47/!frozen/!80.975,120.903
DMG/!Golden/!73.491,103.781/!ak47/!frozen/!80.975,120.903/!25
DMG/!JW/!73.741,106.871/!inferno/!chrisJ/!63.709,118.405/!1
DMG/!JW/!74.163,106.907/!inferno/!chrisJ/!63.509,118.233/!2
DMG/!JW/!74.602,106.871/!inferno/!chrisJ/!63.165,118.565/!3
DMG/!chrisJ/!63.738,124.437/!m4a1/!Golden/!79.722,118.596/!22
DMG/!chrisJ/!63.731,124.415/!m4a1/!Golden/!79.737,118.852/!22
DMG/!Golden/!79.732,118.846/!ak47/!chrisJ/!63.731,124.415/!139
KILL/!Golden/!79.732,118.846/!ak47 HS/!chrisJ/!63.731,124.415
DMG/!KRIMZ/!76.165,115.409/!hegrenade/!ropz/!71.290,129.073/!6
DMG/!JW/!88.575,118.906/!ak47/!ropz/!83.211,130.743/!27
DMG/!JW/!88.575,118.906/!ak47/!ropz/!83.270,130.709/!27
DMG/!JW/!88.575,118.906/!ak47/!ropz/!83.294,130.686/!27
DMG/!JW/!88.575,118.906/!ak47/!ropz/!83.285,130.705/!27
KILL/!JW/!88.575,118.906/!ak47/!ropz/!83.285,130.705
DMG/!unnamed/!NAN/!/!KRIMZ/!82.219,103.542/!42
DMG/!unnamed/!NAN/!/!JW/!82.218,103.542/!42
DMG/!unnamed/!NAN/!/!Brollan/!68.063,91.187/!3
DMG/!unnamed/!NAN/!/!Golden/!68.064,90.557/!3
DMG/!Brollan/!66.902,94.902/!flashbang/!woxic/!70.557,108.732/!1
DMG/!woxic/!70.557,108.731/!awp/!KRIMZ/!68.407,97.813/!110
KILL/!woxic/!70.557,108.731/!awp/!KRIMZ/!68.407,97.813
DMG/!Brollan/!67.518,96.016/!ak47/!woxic/!70.814,108.676/!27
DMG/!Brollan/!67.670,96.223/!ak47/!woxic/!71.364,108.556/!20
DMG/!KRIMZ/!67.670,96.223/!hegrenade/!chrisJ/!81.545,103.900/!16
DMG/!Brollan/!67.670,96.223/!ak47/!woxic/!71.750,108.470/!12
KILL/!Brollan/!67.670,96.223/!ak47 HS WB/!woxic/!71.706,108.486
DMG/!Brollan/!67.670,96.223/!ak47/!woxic/!71.706,108.486/!107
DMG/!chrisJ/!82.217,103.868/!hkp2000/!Brollan/!72.192,106.097/!64
DMG/!Brollan/!72.562,106.446/!ak47/!chrisJ/!82.214,103.812/!141
KILL/!Brollan/!72.562,106.446/!ak47 HS/!chrisJ/!82.214,103.812
DMG/!karrigan/!78.153,108.088/!hkp2000/!Brollan/!73.005,107.325/!67
KILL/!karrigan/!78.153,108.088/!usp_silencer HS/!Brollan/!73.005,107.325
DMG/!Golden/!71.898,104.663/!ak47/!karrigan/!78.433,106.832/!35
DMG/!Golden/!71.897,104.708/!ak47/!karrigan/!78.440,106.670/!35
DMG/!JW/!70.568,103.884/!ak47/!karrigan/!78.438,106.739/!35
KILL/!JW/!70.568,103.884/!ak47/!karrigan/!78.438,106.739
DMG/!frozen/!63.444,80.929/!hkp2000/!flusha/!70.591,108.571/!7
DMG/!ropz/!63.415,84.610/!hkp2000/!flusha/!70.617,108.565/!55
DMG/!flusha/!70.617,108.565/!ak47/!frozen/!63.795,80.830/!33
DMG/!flusha/!70.653,108.556/!ak47/!frozen/!63.780,80.833/!33
DMG/!ropz/!63.457,84.586/!hkp2000/!flusha/!71.463,108.322/!7
DMG/!flusha/!71.487,108.314/!ak47/!ropz/!63.457,84.586/!26
DMG/!flusha/!71.469,108.321/!ak47/!ropz/!63.359,84.619/!7
DMG/!flusha/!71.468,108.321/!ak47/!ropz/!63.379,84.612/!33
DMG/!flusha/!71.468,108.321/!ak47/!ropz/!63.390,84.608/!26
DMG/!unnamed/!NAN/!/!frozen/!98.298,103.402/!19
DMG/!unnamed/!NAN/!/!flusha/!62.705,83.901/!2
DMG/!ropz/!84.811,66.711/!m4a1/!Brollan/!80.542,65.293/!65
DMG/!ropz/!84.645,66.506/!m4a1/!Brollan/!80.545,65.307/!16
DMG/!ropz/!84.571,66.387/!m4a1/!Brollan/!80.548,65.330/!16
KILL/!ropz/!84.493,66.256/!m4a1 WB/!Brollan/!80.548,65.325
DMG/!ropz/!84.493,66.256/!m4a1/!Brollan/!80.548,65.325/!16
DMG/!chrisJ/!72.630,115.182/!m4a1/!KRIMZ/!79.684,115.293/!28
KILL/!chrisJ/!72.631,115.191/!m4a1_silencer HS/!KRIMZ/!79.684,115.317
DMG/!chrisJ/!72.631,115.191/!m4a1/!KRIMZ/!79.684,115.317/!91
DMG/!flusha/!79.564,114.960/!ak47/!karrigan/!68.454,121.861/!27
DMG/!flusha/!79.564,114.960/!ak47/!karrigan/!68.454,121.868/!27
DMG/!flusha/!79.564,114.960/!ak47/!karrigan/!68.450,121.919/!27
DMG/!karrigan/!68.814,122.544/!m4a1/!flusha/!79.169,114.377/!23
DMG/!karrigan/!68.910,122.666/!m4a1/!flusha/!78.496,113.595/!22
DMG/!karrigan/!68.910,122.666/!m4a1/!flusha/!78.077,113.274/!14
DMG/!karrigan/!68.910,122.666/!m4a1/!flusha/!78.007,113.211/!1
DMG/!karrigan/!68.910,122.666/!m4a1/!flusha/!77.957,113.151/!3
DMG/!karrigan/!68.910,122.666/!m4a1/!flusha/!77.908,113.093/!9
DMG/!karrigan/!68.905,122.661/!m4a1/!flusha/!77.754,113.010/!5
DMG/!frozen/!84.352,128.840/!hegrenade/!flusha/!77.933,113.139/!22
DMG/!frozen/!84.352,128.840/!hegrenade/!Golden/!78.415,110.426/!1
DMG/!chrisJ/!71.140,116.275/!m4a1/!Golden/!77.991,122.102/!22
KILL/!chrisJ/!71.140,116.275/!m4a1_silencer/!Golden/!77.991,122.102
KILL/!frozen/!72.374,128.011/!m4a1/!flusha/!79.647,115.521
DMG/!frozen/!72.374,128.011/!m4a1/!flusha/!79.647,115.521/!22
DMG/!ropz/!89.470,90.579/!m4a1/!JW/!91.166,79.065/!22
DMG/!ropz/!89.472,90.580/!m4a1/!JW/!91.070,79.180/!22
DMG/!ropz/!89.483,90.581/!m4a1/!JW/!91.015,79.187/!27
DMG/!ropz/!89.504,90.585/!m4a1/!JW/!91.029,79.140/!27
KILL/!ropz/!89.569,90.593/!m4a1/!JW/!91.050,79.131
DMG/!ropz/!89.569,90.593/!m4a1/!JW/!91.050,79.131/!27
DMG/!KRIMZ/!56.402,65.293/!ak47/!ropz/!95.467,59.752/!17
DMG/!KRIMZ/!56.404,65.312/!ak47/!ropz/!97.354,60.105/!13
DMG/!karrigan/!80.390,119.812/!hegrenade/!flusha/!67.616,91.182/!18
DMG/!Golden/!90.395,75.791/!ak47/!Brollan/!89.796,78.529/!9
DMG/!Golden/!90.673,75.871/!ak47/!Brollan/!90.382,78.508/!9
DMG/!chrisJ/!66.373,119.051/!hegrenade/!flusha/!68.118,103.517/!36
DMG/!KRIMZ/!88.391,82.609/!hegrenade/!karrigan/!95.237,91.007/!1
DMG/!KRIMZ/!88.391,82.609/!ak47/!karrigan/!95.328,91.087/!27
DMG/!karrigan/!95.175,91.064/!ak47/!KRIMZ/!88.561,82.568/!34
DMG/!karrigan/!95.350,90.966/!ak47/!KRIMZ/!88.437,82.093/!27
KILL/!karrigan/!100.031,91.029/!ak47 HS/!Golden/!91.413,86.413
DMG/!karrigan/!100.031,91.029/!ak47/!Golden/!91.413,86.413/!109
DMG/!woxic/!81.451,121.496/!awp/!JW/!74.340,105.426/!440
KILL/!woxic/!81.451,121.496/!awp HS/!JW/!74.340,105.426
DMG/!flusha/!75.592,105.152/!ak47/!woxic/!81.430,121.518/!26
KILL/!chrisJ/!62.955,116.646/!ak47 HS/!Brollan/!78.947,119.073
DMG/!chrisJ/!62.955,116.646/!ak47/!Brollan/!78.947,119.073/!107
DMG/!chrisJ/!62.961,116.598/!ak47/!karrigan/!85.960,120.290/!10
DMG/!chrisJ/!62.961,116.598/!ak47/!karrigan/!85.912,120.138/!8
DMG/!karrigan/!80.400,120.918/!ak47/!flusha/!78.047,115.281/!110
KILL/!karrigan/!80.400,120.918/!ak47 HS/!flusha/!78.047,115.281
DMG/!karrigan/!79.453,120.429/!ak47/!KRIMZ/!77.613,123.440/!26
DMG/!KRIMZ/!77.722,124.114/!ak47/!karrigan/!79.221,120.288/!142
KILL/!KRIMZ/!77.722,124.114/!ak47 HS/!karrigan/!79.221,120.288
DMG/!chrisJ/!65.445,115.298/!ak47/!KRIMZ/!77.941,124.702/!108
KILL/!chrisJ/!65.445,115.298/!ak47 HS/!KRIMZ/!77.941,124.702
DMG/!flusha/!65.802,84.060/!hegrenade/!frozen/!89.280,79.430/!18
DMG/!flusha/!65.802,84.060/!hegrenade/!woxic/!88.399,74.650/!46
DMG/!flusha/!65.802,84.060/!hegrenade/!ropz/!90.414,80.083/!9
DMG/!karrigan/!78.224,114.112/!inferno/!Brollan/!68.543,98.843/!1
DMG/!karrigan/!78.234,114.561/!inferno/!Brollan/!69.026,99.625/!2
DMG/!karrigan/!78.289,115.132/!inferno/!Brollan/!69.273,100.485/!3
DMG/!Brollan/!74.056,103.984/!p250/!karrigan/!80.497,120.609/!18
DMG/!Brollan/!74.001,104.007/!p250/!karrigan/!81.325,121.325/!17
DMG/!woxic/!94.303,91.084/!awp/!JW/!90.836,84.261/!139
KILL/!woxic/!94.303,91.084/!awp/!JW/!90.836,84.261
DMG/!karrigan/!70.009,127.474/!hegrenade/!Brollan/!75.156,105.210/!2
DMG/!woxic/!98.725,92.947/!awp/!Golden/!90.573,86.951/!85
DMG/!Golden/!90.645,86.949/!deagle/!woxic/!98.706,92.972/!47
KILL/!frozen/!108.217,86.104/!ak47/!Golden/!92.689,88.832
DMG/!frozen/!108.217,86.104/!ak47/!Golden/!92.689,88.832/!27
DMG/!ropz/!113.565,64.038/!m4a1/!KRIMZ/!90.962,69.953/!25
DMG/!woxic/!98.779,93.497/!awp/!flusha/!90.187,84.898/!110
KILL/!woxic/!98.779,93.497/!awp/!flusha/!90.187,84.898
DMG/!KRIMZ/!92.944,65.175/!galilar/!ropz/!108.951,68.849/!22
DMG/!ropz/!108.952,68.853/!m4a1/!KRIMZ/!93.015,65.162/!87
KILL/!ropz/!108.952,68.853/!m4a1 HS/!KRIMZ/!93.015,65.162
KILL/!Brollan/!104.954,99.173/!cz75a/!woxic/!109.101,100.349
DMG/!Brollan/!104.954,99.173/!p250/!woxic/!109.101,100.349/!22
DMG/!ropz/!105.498,85.093/!m4a1/!Brollan/!113.019,91.473/!89
DMG/!ropz/!105.573,85.005/!m4a1/!Brollan/!113.018,91.461/!89
KILL/!ropz/!105.573,85.005/!m4a1 HS/!Brollan/!113.018,91.461
DMG/!JW/!89.182,75.187/!hkp2000/!ropz/!60.112,82.953/!16
DMG/!JW/!89.182,75.187/!hkp2000/!woxic/!56.913,83.908/!3
DMG/!JW/!81.586,64.358/!hkp2000/!ropz/!78.806,80.047/!11
DMG/!KRIMZ/!93.997,90.635/!hkp2000/!chrisJ/!86.837,75.502/!15
DMG/!Brollan/!94.615,66.132/!hkp2000/!chrisJ/!87.558,75.992/!19
DMG/!Brollan/!94.646,66.154/!hkp2000/!chrisJ/!87.478,76.059/!124
KILL/!Brollan/!94.646,66.154/!usp_silencer HS/!chrisJ/!87.478,76.059
DMG/!woxic/!87.088,75.524/!glock/!KRIMZ/!93.991,90.794/!10
DMG/!ropz/!70.548,108.220/!glock/!JW/!64.048,88.995/!86
DMG/!JW/!64.758,88.758/!hkp2000/!ropz/!70.810,108.130/!8
DMG/!ropz/!70.818,108.127/!glock/!JW/!64.846,88.728/!10
DMG/!ropz/!70.725,108.158/!glock/!JW/!65.069,88.660/!10
KILL/!ropz/!70.725,108.158/!glock/!JW/!65.069,88.660
DMG/!karrigan/!72.130,136.036/!glock/!Brollan/!82.123,133.000/!11
DMG/!Brollan/!82.170,133.216/!hkp2000/!karrigan/!72.183,136.277/!31
DMG/!karrigan/!71.992,135.691/!glock/!Brollan/!82.092,132.952/!14
DMG/!karrigan/!72.000,135.716/!glock/!Brollan/!82.118,133.042/!11
DMG/!Brollan/!82.123,133.059/!hkp2000/!karrigan/!71.999,135.713/!126
KILL/!Brollan/!82.123,133.059/!usp_silencer HS/!karrigan/!71.999,135.713
DMG/!frozen/!72.522,133.807/!glock/!Brollan/!82.123,133.059/!12
DMG/!frozen/!72.521,133.792/!glock/!Brollan/!82.089,132.915/!15
DMG/!frozen/!72.518,133.754/!glock/!Brollan/!82.087,133.033/!12
DMG/!frozen/!72.494,133.458/!glock/!Brollan/!82.099,133.261/!12
DMG/!frozen/!72.478,133.061/!glock/!Brollan/!82.102,133.392/!12
DMG/!Brollan/!82.100,133.471/!hkp2000/!frozen/!72.475,133.004/!16
DMG/!frozen/!72.473,133.056/!glock/!Brollan/!82.099,133.498/!12
KILL/!frozen/!72.473,133.056/!glock/!Brollan/!82.099,133.498
DMG/!KRIMZ/!80.796,133.672/!hkp2000/!frozen/!72.477,132.973/!16
KILL/!KRIMZ/!80.663,134.452/!usp_silencer HS/!frozen/!72.473,133.089
DMG/!KRIMZ/!80.663,134.452/!hkp2000/!frozen/!72.473,133.089/!129
DMG/!KRIMZ/!71.832,129.517/!hkp2000/!ropz/!77.173,110.347/!116
KILL/!KRIMZ/!71.832,129.517/!usp_silencer HS/!ropz/!77.173,110.347
DMG/!woxic/!71.977,132.979/!glock/!KRIMZ/!71.840,125.045/!105
KILL/!woxic/!71.977,132.979/!glock HS/!KRIMZ/!71.840,125.045
DMG/!woxic/!72.377,132.324/!glock/!flusha/!72.497,125.612/!26
DMG/!woxic/!71.939,132.274/!glock/!flusha/!72.497,125.612/!26
DMG/!woxic/!71.710,132.252/!glock/!flusha/!72.520,125.617/!26
DMG/!woxic/!71.775,132.307/!glock/!flusha/!72.563,125.625/!107
KILL/!woxic/!71.775,132.307/!glock HS/!flusha/!72.563,125.625
DMG/!woxic/!71.072,131.025/!glock/!Golden/!73.516,125.145/!15
DMG/!woxic/!70.831,129.718/!glock/!Golden/!73.516,125.145/!12
DMG/!woxic/!71.163,128.752/!glock/!Golden/!73.516,125.145/!13
DMG/!woxic/!71.057,128.674/!glock/!Golden/!73.516,125.145/!112
KILL/!woxic/!71.057,128.674/!glock HS/!Golden/!73.516,125.145
KILL/!unnamed/!NAN/!planted_c4/!woxic/!74.458,120.880
DMG/!unnamed/!NAN/!/!woxic/!74.458,120.880/!261
DMG/!frozen/!68.051,91.386/!hegrenade/!Golden/!71.867,108.734/!10
DMG/!frozen/!63.107,94.170/!mac10/!Golden/!74.028,108.713/!77
KILL/!frozen/!62.792,94.341/!mac10 HS/!Golden/!74.370,108.347
DMG/!frozen/!62.792,94.341/!mac10/!Golden/!74.370,108.347/!77
DMG/!karrigan/!78.830,70.010/!inferno/!karrigan/!78.830,70.010/!1
DMG/!karrigan/!78.843,70.946/!inferno/!karrigan/!78.843,70.946/!2
DMG/!karrigan/!78.880,71.944/!inferno/!karrigan/!78.880,71.944/!3
DMG/!karrigan/!79.014,72.901/!inferno/!karrigan/!79.014,72.901/!4
DMG/!karrigan/!79.524,73.814/!inferno/!karrigan/!79.524,73.814/!4
DMG/!chrisJ/!83.935,75.448/!inferno/!JW/!94.866,90.841/!1
DMG/!chrisJ/!83.890,75.448/!inferno/!JW/!95.481,90.355/!2
DMG/!chrisJ/!83.890,75.448/!inferno/!JW/!95.791,89.585/!3
DMG/!chrisJ/!83.890,75.448/!inferno/!JW/!95.515,89.331/!4
DMG/!chrisJ/!84.004,75.448/!inferno/!JW/!94.839,89.122/!4
DMG/!chrisJ/!84.602,75.448/!inferno/!JW/!94.204,88.564/!5
DMG/!chrisJ/!85.469,75.448/!inferno/!JW/!93.633,87.898/!6
DMG/!JW/!92.015,86.974/!ssg08/!karrigan/!86.937,75.847/!72
DMG/!chrisJ/!92.318,82.536/!inferno/!JW/!94.366,86.826/!8
DMG/!woxic/!89.758,84.606/!ak47/!JW/!98.525,92.929/!35
DMG/!woxic/!89.772,84.590/!ak47/!JW/!98.522,92.932/!35
KILL/!woxic/!89.772,84.590/!ak47/!JW/!98.522,92.932
DMG/!chrisJ/!76.827,110.355/!mac10/!flusha/!78.318,120.583/!17
DMG/!chrisJ/!77.103,110.394/!mac10/!flusha/!78.398,120.598/!16
DMG/!flusha/!78.415,120.601/!p250/!frozen/!79.801,114.831/!21
DMG/!frozen/!79.801,114.810/!mac10/!flusha/!78.434,120.605/!18
DMG/!flusha/!78.407,120.603/!p250/!frozen/!79.801,114.714/!21
DMG/!frozen/!79.801,114.684/!mac10/!flusha/!78.493,120.622/!18
DMG/!flusha/!78.642,120.655/!p250/!frozen/!79.801,114.686/!87
KILL/!flusha/!78.642,120.655/!cz75a HS/!frozen/!79.801,114.686
DMG/!woxic/!79.801,113.126/!ak47/!flusha/!78.895,120.700/!27
DMG/!woxic/!79.801,113.269/!ak47/!flusha/!78.904,120.702/!27
KILL/!woxic/!79.801,113.269/!ak47/!flusha/!78.904,120.702
DMG/!KRIMZ/!75.485,120.153/!deagle/!woxic/!79.801,113.556/!49
DMG/!KRIMZ/!74.770,119.541/!deagle/!chrisJ/!79.651,111.686/!60
DMG/!woxic/!79.801,114.423/!ak47/!KRIMZ/!74.592,119.518/!141
KILL/!woxic/!79.801,114.423/!ak47 HS/!KRIMZ/!74.592,119.518
DMG/!Brollan/!77.737,121.419/!p250/!woxic/!79.784,116.326/!22
DMG/!Brollan/!77.889,121.488/!p250/!woxic/!79.801,116.347/!88
KILL/!Brollan/!77.889,121.488/!cz75a HS/!woxic/!79.801,116.347
DMG/!chrisJ/!79.683,114.890/!mac10/!Brollan/!78.221,121.479/!14
DMG/!Brollan/!78.336,121.347/!p250/!chrisJ/!79.282,115.022/!21
DMG/!chrisJ/!79.119,115.024/!mac10/!Brollan/!78.427,121.256/!14
DMG/!Brollan/!78.576,121.241/!p250/!chrisJ/!79.076,115.022/!87
KILL/!Brollan/!78.576,121.241/!cz75a HS/!chrisJ/!79.076,115.022
DMG/!ropz/!98.441,91.567/!galilar/!Brollan/!91.995,89.952/!91
KILL/!ropz/!98.441,91.567/!galilar HS/!Brollan/!91.995,89.952
DMG/!JW/!93.811,66.054/!p250/!karrigan/!86.599,78.516/!20
DMG/!karrigan/!86.605,78.516/!galilar/!JW/!93.665,66.004/!116
KILL/!karrigan/!86.605,78.516/!galilar HS/!JW/!93.665,66.004
DMG/!karrigan/!86.065,78.339/!galilar/!Brollan/!94.172,66.192/!29
DMG/!karrigan/!86.059,78.335/!galilar/!Brollan/!94.108,66.172/!36
KILL/!karrigan/!86.045,78.326/!galilar/!Brollan/!94.117,66.179
DMG/!karrigan/!86.045,78.326/!galilar/!Brollan/!94.117,66.179/!36
DMG/!KRIMZ/!95.798,91.088/!deagle/!karrigan/!90.229,84.784/!49
DMG/!karrigan/!90.233,84.794/!galilar/!KRIMZ/!95.801,91.085/!29
KILL/!KRIMZ/!96.008,90.896/!deagle/!karrigan/!90.375,84.669
DMG/!KRIMZ/!96.008,90.896/!deagle/!karrigan/!90.375,84.669/!49
DMG/!woxic/!88.592,75.182/!ak47/!KRIMZ/!93.072,90.911/!34
DMG/!woxic/!88.521,75.305/!ak47/!KRIMZ/!93.072,90.911/!43
KILL/!woxic/!88.521,75.305/!ak47/!KRIMZ/!93.072,90.911
DMG/!flusha/!111.963,92.063/!hkp2000/!woxic/!99.770,68.726/!13
DMG/!flusha/!111.963,92.063/!hkp2000/!frozen/!98.675,66.307/!4
DMG/!flusha/!111.996,92.053/!hkp2000/!woxic/!99.766,68.728/!13
DMG/!woxic/!99.764,68.729/!ak47/!flusha/!111.995,92.053/!15
DMG/!flusha/!112.004,92.048/!hkp2000/!frozen/!98.903,66.186/!8
DMG/!chrisJ/!105.506,84.801/!mac10/!flusha/!113.645,91.493/!91
KILL/!chrisJ/!105.506,84.801/!mac10 HS/!flusha/!113.645,91.493
DMG/!chrisJ/!106.276,86.255/!mac10/!Golden/!97.189,93.435/!89
KILL/!chrisJ/!99.069,87.182/!mac10/!Golden/!97.349,99.113
DMG/!chrisJ/!99.069,87.182/!mac10/!Golden/!97.349,99.113/!16
DMG/!Golden/!79.243,113.155/!hegrenade/!frozen/!67.310,90.848/!17
DMG/!Golden/!79.243,113.155/!hegrenade/!chrisJ/!64.152,90.534/!11
DMG/!Golden/!79.243,113.155/!hegrenade/!karrigan/!66.520,91.490/!28
DMG/!karrigan/!89.447,86.140/!galilar/!JW/!97.798,92.297/!10
DMG/!karrigan/!89.501,86.527/!galilar/!JW/!97.609,92.517/!8
DMG/!karrigan/!89.512,86.553/!galilar/!JW/!97.580,92.569/!8
DMG/!Brollan/!109.741,86.384/!m4a1/!karrigan/!89.881,87.594/!21
DMG/!Brollan/!109.741,86.384/!m4a1/!karrigan/!89.832,87.915/!21
DMG/!Brollan/!109.741,86.384/!m4a1/!karrigan/!89.860,88.011/!27
DMG/!Brollan/!109.741,86.384/!m4a1/!karrigan/!89.867,88.016/!21
KILL/!Brollan/!109.741,86.384/!m4a1/!karrigan/!89.867,88.016
DMG/!KRIMZ/!104.035,62.530/!m4a1/!ropz/!91.436,69.887/!22
DMG/!KRIMZ/!104.027,62.517/!m4a1/!ropz/!91.479,69.968/!27
DMG/!KRIMZ/!104.027,62.517/!m4a1/!ropz/!91.506,70.038/!27
DMG/!KRIMZ/!104.027,62.517/!m4a1/!ropz/!91.506,70.037/!27
KILL/!KRIMZ/!104.027,62.517/!m4a1/!ropz/!91.506,70.037
DMG/!woxic/!96.789,64.806/!ak47/!Brollan/!110.976,73.131/!26
DMG/!woxic/!96.769,64.838/!ak47/!Brollan/!110.925,72.864/!26
DMG/!frozen/!90.043,68.729/!ak47/!KRIMZ/!103.979,63.528/!27
DMG/!woxic/!96.619,65.099/!ak47/!Brollan/!110.638,72.607/!27
DMG/!KRIMZ/!103.979,63.528/!m4a1/!frozen/!90.051,68.709/!22
DMG/!frozen/!90.051,68.709/!ak47/!KRIMZ/!103.979,63.528/!27
DMG/!KRIMZ/!103.979,63.528/!m4a1/!frozen/!90.051,68.709/!27
DMG/!KRIMZ/!103.979,63.528/!m4a1/!frozen/!90.051,68.709/!27
DMG/!KRIMZ/!103.979,63.528/!m4a1/!frozen/!90.051,68.709/!27
KILL/!KRIMZ/!103.979,63.528/!m4a1/!frozen/!90.051,68.709
DMG/!woxic/!95.193,65.000/!ak47/!Brollan/!110.849,72.271/!139
KILL/!woxic/!95.193,65.000/!ak47 HS/!Brollan/!110.849,72.271
DMG/!JW/!98.226,70.529/!awp/!woxic/!98.442,72.340/!111
KILL/!JW/!98.226,70.529/!awp/!woxic/!98.442,72.340
DMG/!Golden/!101.296,68.566/!mp9/!chrisJ/!102.372,69.148/!15
DMG/!Golden/!101.382,68.597/!mp9/!chrisJ/!102.334,69.115/!15
KILL/!Golden/!101.418,68.610/!mp9 HS/!chrisJ/!102.304,69.086
DMG/!Golden/!101.418,68.610/!mp9/!chrisJ/!102.304,69.086/!61
DMG/!woxic/!62.938,83.254/!ak47/!Golden/!69.751,103.818/!33
DMG/!woxic/!62.940,83.253/!ak47/!Golden/!69.696,103.790/!33
DMG/!woxic/!62.940,83.253/!ak47/!Golden/!69.636,103.771/!26
DMG/!karrigan/!79.771,73.682/!inferno/!JW/!96.969,65.956/!1
DMG/!karrigan/!80.158,73.819/!inferno/!JW/!97.649,66.504/!2
DMG/!karrigan/!80.225,74.410/!inferno/!JW/!98.424,66.879/!3
DMG/!frozen/!63.009,93.974/!ak47/!Golden/!71.564,104.138/!5
DMG/!flusha/!72.985,108.128/!m4a1/!frozen/!63.022,93.964/!21
DMG/!frozen/!63.024,93.963/!ak47/!flusha/!72.968,108.146/!20
DMG/!frozen/!63.021,93.965/!ak47/!flusha/!72.955,108.156/!26
DMG/!frozen/!63.008,93.975/!ak47/!flusha/!72.938,108.167/!26
DMG/!flusha/!72.927,108.175/!m4a1/!frozen/!62.974,94.000/!87
KILL/!flusha/!72.927,108.175/!m4a1 HS/!frozen/!62.974,94.000
DMG/!KRIMZ/!106.897,63.858/!inferno/!chrisJ/!91.661,73.550/!1
DMG/!KRIMZ/!106.728,63.497/!inferno/!chrisJ/!91.860,73.991/!2
DMG/!KRIMZ/!106.701,63.440/!inferno/!chrisJ/!91.878,73.991/!3
DMG/!KRIMZ/!106.673,63.525/!inferno/!chrisJ/!91.877,73.991/!4
DMG/!KRIMZ/!106.666,64.030/!inferno/!chrisJ/!91.912,73.991/!4
DMG/!KRIMZ/!106.873,64.795/!inferno/!chrisJ/!91.935,73.991/!5
DMG/!KRIMZ/!107.077,65.513/!inferno/!chrisJ/!91.762,73.976/!6
DMG/!KRIMZ/!107.099,65.585/!inferno/!chrisJ/!91.309,74.244/!7
DMG/!KRIMZ/!107.099,65.585/!inferno/!chrisJ/!91.237,74.886/!8
DMG/!KRIMZ/!107.099,65.585/!inferno/!chrisJ/!91.395,75.708/!8
DMG/!Brollan/!98.045,91.239/!hegrenade/!karrigan/!88.479,83.112/!22
DMG/!KRIMZ/!103.881,65.968/!ak47/!ropz/!100.972,64.991/!27
DMG/!KRIMZ/!103.881,65.968/!ak47/!ropz/!100.520,65.032/!27
DMG/!karrigan/!102.876,62.411/!ak47/!KRIMZ/!104.152,65.737/!11
DMG/!karrigan/!103.249,62.257/!ak47/!KRIMZ/!104.211,65.691/!41
DMG/!karrigan/!103.452,61.459/!ak47/!KRIMZ/!104.500,65.497/!10
DMG/!karrigan/!103.371,61.116/!ak47/!KRIMZ/!104.577,65.464/!10
KILL/!KRIMZ/!104.682,65.428/!ak47 HS/!karrigan/!103.405,60.658
DMG/!KRIMZ/!104.682,65.428/!ak47/!karrigan/!103.405,60.658/!110
DMG/!ropz/!98.454,68.799/!ak47/!KRIMZ/!105.176,66.035/!27
DMG/!KRIMZ/!105.176,66.034/!ak47/!ropz/!98.454,68.801/!27
DMG/!ropz/!98.454,68.801/!ak47/!KRIMZ/!105.174,66.030/!109
KILL/!ropz/!98.454,68.801/!ak47 HS/!KRIMZ/!105.174,66.030
DMG/!woxic/!89.180,69.461/!ak47/!ropz/!98.319,69.206/!9
DMG/!Brollan/!107.128,86.629/!m4a1/!chrisJ/!103.057,61.647/!21
DMG/!Brollan/!107.140,86.627/!m4a1/!chrisJ/!103.189,61.589/!21
DMG/!Brollan/!107.140,86.627/!m4a1/!chrisJ/!103.180,61.591/!26
KILL/!Brollan/!107.140,86.627/!m4a1/!chrisJ/!103.180,61.591
DMG/!Brollan/!109.625,79.898/!m4a1/!woxic/!101.690,62.963/!27
DMG/!Brollan/!109.592,79.827/!m4a1/!woxic/!101.516,62.828/!27
DMG/!Brollan/!109.592,79.827/!m4a1/!woxic/!101.447,62.777/!21
DMG/!Brollan/!109.592,79.827/!m4a1/!woxic/!101.175,62.650/!21
DMG/!Brollan/!109.592,79.827/!m4a1/!woxic/!101.112,62.630/!124
KILL/!Brollan/!109.592,79.827/!m4a1 HS/!woxic/!101.112,62.630
DMG/!Golden/!71.698,103.567/!hegrenade/!frozen/!56.939,82.097/!4
DMG/!flusha/!72.754,106.855/!hegrenade/!frozen/!57.210,82.097/!7
DMG/!KRIMZ/!106.806,65.447/!hegrenade/!ropz/!86.316,73.504/!3
DMG/!JW/!94.385,91.088/!awp/!ropz/!86.586,75.601/!110
KILL/!JW/!94.385,91.088/!awp/!ropz/!86.586,75.601
DMG/!Golden/!76.242,121.427/!ak47/!chrisJ/!76.194,110.871/!35
DMG/!Golden/!76.295,121.427/!ak47/!chrisJ/!76.194,110.871/!35
DMG/!Golden/!76.359,121.427/!ak47/!chrisJ/!76.194,110.871/!35
KILL/!Golden/!76.359,121.427/!ak47/!chrisJ/!76.194,110.871
DMG/!flusha/!72.300,128.028/!ak47/!frozen/!80.330,110.344/!43
DMG/!flusha/!72.300,128.028/!ak47/!frozen/!80.447,110.386/!43
KILL/!flusha/!72.300,128.028/!ak47/!frozen/!80.488,110.402
DMG/!flusha/!72.300,128.028/!ak47/!frozen/!80.488,110.402/!34
DMG/!Golden/!78.209,121.692/!ak47/!karrigan/!81.887,104.363/!9
DMG/!karrigan/!80.065,104.234/!p250/!Golden/!75.519,120.336/!81
DMG/!flusha/!72.636,128.015/!ak47/!karrigan/!80.044,104.229/!34
DMG/!JW/!78.645,121.551/!hkp2000/!karrigan/!80.033,104.226/!118
KILL/!JW/!78.645,121.551/!usp_silencer HS/!karrigan/!80.033,104.226
DMG/!woxic/!76.731,106.842/!ak47/!Golden/!75.616,120.329/!33
KILL/!woxic/!76.731,106.842/!ak47/!Golden/!75.616,120.329
DMG/!JW/!78.295,121.297/!hkp2000/!woxic/!76.754,106.844/!122
KILL/!JW/!78.295,121.297/!usp_silencer HS/!woxic/!76.754,106.844
DMG/!Golden/!77.174,110.813/!inferno/!frozen/!64.048,90.799/!1
DMG/!Golden/!77.174,110.813/!inferno/!chrisJ/!64.229,91.503/!1
DMG/!Golden/!77.062,111.593/!inferno/!frozen/!64.055,90.825/!2
DMG/!Golden/!77.062,111.593/!inferno/!chrisJ/!64.301,91.610/!2
DMG/!Golden/!77.049,112.071/!inferno/!frozen/!64.293,90.834/!3
DMG/!Golden/!77.049,112.071/!inferno/!chrisJ/!64.048,91.487/!3
DMG/!Golden/!77.051,111.682/!inferno/!frozen/!64.825,90.541/!4
DMG/!Golden/!77.051,111.682/!inferno/!chrisJ/!64.048,91.305/!4
DMG/!Golden/!77.268,111.127/!inferno/!frozen/!65.557,90.109/!4
DMG/!Golden/!77.268,111.127/!inferno/!chrisJ/!64.158,90.647/!4
DMG/!Golden/!77.245,111.068/!inferno/!frozen/!66.175,89.407/!5
DMG/!Golden/!77.245,111.068/!inferno/!chrisJ/!64.394,89.810/!5
DMG/!Golden/!77.184,111.106/!inferno/!frozen/!66.231,88.510/!6
DMG/!karrigan/!67.382,97.302/!hegrenade/!Golden/!77.184,111.106/!1
DMG/!Golden/!77.184,111.106/!inferno/!chrisJ/!64.634,88.824/!6
DMG/!Golden/!77.150,111.127/!hegrenade/!karrigan/!67.472,97.342/!21
DMG/!Golden/!76.734,111.382/!inferno/!chrisJ/!64.709,88.022/!7
DMG/!karrigan/!68.221,97.703/!hegrenade/!Golden/!76.255,111.796/!42
DMG/!karrigan/!68.221,97.703/!hegrenade/!KRIMZ/!79.263,113.430/!24
DMG/!karrigan/!68.221,97.703/!hegrenade/!flusha/!79.725,115.429/!5
DMG/!Golden/!76.242,111.814/!inferno/!chrisJ/!64.654,87.137/!8
DMG/!chrisJ/!64.614,86.911/!hegrenade/!KRIMZ/!79.300,113.415/!37
DMG/!chrisJ/!64.614,86.911/!hegrenade/!Golden/!76.211,111.859/!36
DMG/!chrisJ/!64.614,86.911/!hegrenade/!flusha/!79.801,115.566/!12
DMG/!frozen/!66.231,87.389/!hegrenade/!karrigan/!68.869,98.462/!21
DMG/!flusha/!77.894,119.432/!hegrenade/!karrigan/!65.038,97.745/!17
DMG/!Golden/!70.655,129.835/!m4a1/!frozen/!81.088,108.177/!21
DMG/!Golden/!70.672,129.785/!m4a1/!frozen/!81.088,108.244/!21
DMG/!Golden/!70.624,129.683/!m4a1/!frozen/!81.057,108.442/!21
DMG/!Golden/!70.665,129.703/!m4a1/!frozen/!81.040,108.476/!21
KILL/!Golden/!70.665,129.703/!m4a1/!frozen/!81.040,108.476
DMG/!KRIMZ/!85.007,122.229/!ak47/!chrisJ/!76.028,116.486/!34
DMG/!Golden/!70.618,132.289/!m4a1/!chrisJ/!76.025,116.518/!21
DMG/!Golden/!70.618,132.319/!m4a1/!chrisJ/!76.025,116.530/!21
KILL/!Golden/!70.618,132.319/!m4a1/!chrisJ/!76.025,116.530
DMG/!ropz/!73.657,106.877/!inferno/!flusha/!62.800,118.279/!1
DMG/!ropz/!74.405,107.173/!inferno/!flusha/!62.800,118.280/!2
DMG/!ropz/!74.825,107.799/!inferno/!flusha/!62.800,118.280/!3
DMG/!ropz/!75.284,108.423/!inferno/!flusha/!62.855,118.377/!4
DMG/!karrigan/!77.790,124.857/!ak47/!flusha/!62.802,120.337/!27
DMG/!karrigan/!77.788,124.864/!ak47/!flusha/!62.807,120.223/!27
KILL/!karrigan/!77.788,124.864/!ak47/!flusha/!62.845,120.079
DMG/!karrigan/!77.788,124.864/!ak47/!flusha/!62.845,120.079/!27
KILL/!ropz/!76.416,114.184/!ak47/!Golden/!69.217,127.479
DMG/!ropz/!76.416,114.184/!ak47/!Golden/!69.217,127.479/!33
DMG/!KRIMZ/!72.183,135.630/!ak47/!karrigan/!73.788,125.555/!7
DMG/!woxic/!69.512,124.089/!ak47/!KRIMZ/!73.636,134.777/!34
DMG/!woxic/!69.451,124.114/!ak47/!KRIMZ/!73.629,134.783/!34
KILL/!woxic/!69.451,124.114/!ak47/!KRIMZ/!73.629,134.783
DMG/!Brollan/!89.006,123.128/!hegrenade/!karrigan/!76.090,125.575/!7
DMG/!Brollan/!82.301,133.124/!ak47/!woxic/!76.627,133.501/!27
DMG/!woxic/!76.625,133.479/!ak47/!Brollan/!82.295,133.159/!110
KILL/!woxic/!76.625,133.479/!ak47 HS/!Brollan/!82.295,133.159
DMG/!JW/!108.287,109.125/!awp/!woxic/!93.077,121.656/!109
KILL/!JW/!108.287,109.125/!awp/!woxic/!93.077,121.656
DMG/!unnamed/!NAN/!/!JW/!101.767,101.206/!1
DMG/!Golden/!78.375,112.300/!hegrenade/!flusha/!70.817,108.735/!6
DMG/!Golden/!71.067,116.220/!m4a1/!karrigan/!77.477,121.029/!22
DMG/!Golden/!71.067,116.220/!m4a1/!karrigan/!77.354,121.190/!22
DMG/!karrigan/!77.344,121.203/!ak47/!Golden/!71.067,116.220/!27
DMG/!Golden/!71.067,116.220/!m4a1/!karrigan/!77.350,121.194/!90
KILL/!Golden/!71.067,116.220/!m4a1 HS/!karrigan/!77.350,121.194
DMG/!chrisJ/!76.290,113.292/!hegrenade/!flusha/!72.724,135.256/!23
DMG/!frozen/!77.591,120.842/!ak47/!Golden/!71.314,115.962/!27
DMG/!frozen/!77.608,120.862/!ak47/!Golden/!71.521,115.827/!19
DMG/!ropz/!76.487,108.667/!hegrenade/!flusha/!72.064,136.757/!29
DMG/!frozen/!75.817,122.636/!ak47/!Golden/!71.978,115.228/!72
KILL/!frozen/!75.817,122.636/!ak47 HS WB/!Golden/!71.978,115.228
DMG/!Brollan/!86.663,127.373/!hegrenade/!frozen/!75.107,125.572/!11
DMG/!Brollan/!86.663,127.373/!hegrenade/!woxic/!75.942,119.183/!13
DMG/!chrisJ/!62.998,120.120/!ak47/!flusha/!76.107,136.695/!106
KILL/!chrisJ/!62.998,120.120/!ak47 HS/!flusha/!76.107,136.695
DMG/!ropz/!75.738,116.933/!ak47/!JW/!96.209,124.645/!26
DMG/!ropz/!75.733,116.952/!ak47/!JW/!96.381,124.571/!33
DMG/!chrisJ/!62.804,120.142/!ak47/!frozen/!75.745,120.656/!35
DMG/!ropz/!75.727,116.967/!ak47/!JW/!96.663,124.449/!26
DMG/!unnamed/!NAN/!/!chrisJ/!81.595,103.660/!47
DMG/!unnamed/!NAN/!/!ropz/!67.038,94.573/!8
DMG/!unnamed/!NAN/!/!frozen/!82.219,103.541/!44
DMG/!unnamed/!NAN/!/!KRIMZ/!106.395,124.512/!4
DMG/!flusha/!79.781,114.491/!hegrenade/!frozen/!66.514,91.235/!13
DMG/!Golden/!69.085,99.523/!m4a1/!frozen/!62.743,93.839/!28
DMG/!Golden/!69.110,99.508/!m4a1/!frozen/!62.660,93.886/!24
DMG/!Golden/!66.001,100.046/!m4a1/!frozen/!68.064,93.069/!22
DMG/!Golden/!65.900,99.794/!m4a1/!frozen/!68.064,93.014/!28
KILL/!Golden/!65.900,99.794/!m4a1/!frozen/!68.064,93.014
DMG/!karrigan/!83.817,75.448/!inferno/!JW/!92.396,87.885/!1
DMG/!karrigan/!84.336,75.448/!inferno/!JW/!92.111,87.209/!2
DMG/!karrigan/!84.581,75.448/!inferno/!JW/!92.500,87.086/!3
DMG/!karrigan/!84.590,75.448/!inferno/!JW/!93.209,87.235/!4
DMG/!karrigan/!84.590,75.448/!inferno/!JW/!94.023,87.423/!4
DMG/!Golden/!99.142,94.734/!m4a1/!karrigan/!96.711,90.900/!91
DMG/!Golden/!99.142,94.734/!m4a1/!karrigan/!96.811,90.873/!91
KILL/!Golden/!99.142,94.734/!m4a1 HS/!karrigan/!96.811,90.873
DMG/!flusha/!72.132,106.773/!awp/!woxic/!64.199,85.622/!109
KILL/!flusha/!72.132,106.773/!awp/!woxic/!64.199,85.622
KILL/!ropz/!68.315,80.000/!ak47 HS/!KRIMZ/!83.369,75.519
DMG/!ropz/!68.315,80.000/!ak47/!KRIMZ/!83.369,75.519/!139
DMG/!JW/!105.338,72.276/!awp/!chrisJ/!98.376,60.014/!110
KILL/!JW/!105.338,72.276/!awp/!chrisJ/!98.376,60.014
DMG/!JW/!97.529,65.805/!awp/!frozen/!87.147,73.992/!81
DMG/!KRIMZ/!97.257,91.892/!hegrenade/!ropz/!92.318,82.654/!52
DMG/!frozen/!86.707,73.416/!ak47/!JW/!97.618,65.856/!27
DMG/!frozen/!86.707,73.416/!ak47/!JW/!97.576,65.796/!27
DMG/!frozen/!86.707,73.416/!ak47/!JW/!97.710,65.988/!27
DMG/!JW/!97.715,65.995/!p250/!frozen/!86.707,73.416/!132
KILL/!JW/!97.715,65.995/!p250 HS/!frozen/!86.707,73.416
DMG/!ropz/!93.922,87.118/!ak47/!KRIMZ/!99.142,95.274/!60
DMG/!KRIMZ/!99.142,95.274/!m4a1/!ropz/!93.949,87.104/!22
DMG/!ropz/!93.952,87.104/!ak47/!KRIMZ/!99.142,95.274/!109
KILL/!ropz/!93.952,87.104/!ak47 HS/!KRIMZ/!99.142,95.274
DMG/!Brollan/!113.404,65.184/!m4a1/!karrigan/!89.167,70.501/!30
DMG/!Brollan/!113.404,65.184/!m4a1/!karrigan/!89.277,70.571/!30
DMG/!karrigan/!88.177,75.776/!inferno/!Brollan/!110.582,62.131/!1
DMG/!flusha/!92.670,124.215/!inferno/!woxic/!79.801,114.931/!8
DMG/!flusha/!92.670,124.215/!inferno/!woxic/!79.801,115.747/!8
DMG/!flusha/!92.684,124.207/!awp/!woxic/!79.204,119.635/!84
KILL/!flusha/!92.684,124.207/!awp/!woxic/!79.204,119.635
DMG/!ropz/!75.801,116.531/!ak47/!flusha/!92.669,124.247/!107
KILL/!ropz/!75.801,116.531/!ak47 HS/!flusha/!92.669,124.247
DMG/!Golden/!95.351,124.491/!ak47/!ropz/!75.621,116.988/!26
KILL/!Golden/!95.351,124.491/!ak47/!ropz/!75.621,116.988
DMG/!Golden/!94.023,124.413/!inferno/!karrigan/!76.280,118.204/!8
DMG/!karrigan/!76.288,118.180/!ak47/!Golden/!94.012,124.331/!26
DMG/!Golden/!94.012,124.319/!ak47/!karrigan/!76.292,118.171/!34
KILL/!Golden/!94.012,124.319/!ak47/!karrigan/!76.292,118.171
DMG/!karrigan/!52.383,84.664/!inferno/!woxic/!64.676,83.324/!3
DMG/!JW/!95.554,65.373/!awp/!karrigan/!85.215,78.336/!137
KILL/!JW/!95.554,65.373/!awp/!karrigan/!85.215,78.336
DMG/!Brollan/!103.951,63.999/!m4a1/!woxic/!91.210,67.503/!88
DMG/!Brollan/!103.951,64.025/!m4a1/!woxic/!91.207,67.491/!88
KILL/!Brollan/!103.951,64.025/!m4a1 HS/!woxic/!91.207,67.491
DMG/!Golden/!89.432,90.911/!mp9/!chrisJ/!90.979,75.562/!12
DMG/!Golden/!89.182,90.880/!mp9/!chrisJ/!91.006,75.373/!12
DMG/!Golden/!88.963,90.853/!mp9/!chrisJ/!90.940,75.352/!12
DMG/!chrisJ/!90.852,75.339/!ak47/!Golden/!88.410,90.782/!27
DMG/!chrisJ/!90.871,75.342/!ak47/!Golden/!88.997,90.842/!33
DMG/!Golden/!89.239,90.863/!mp9/!chrisJ/!90.532,75.308/!12
DMG/!Golden/!89.251,90.864/!mp9/!chrisJ/!90.456,75.314/!12
DMG/!Golden/!89.194,90.859/!mp9/!chrisJ/!90.400,75.339/!12
DMG/!Golden/!89.237,90.862/!mp9/!chrisJ/!90.346,75.348/!12
DMG/!Golden/!89.363,90.872/!mp9/!chrisJ/!90.362,75.351/!12
DMG/!chrisJ/!90.378,75.352/!ak47/!Golden/!89.396,90.874/!33
DMG/!Golden/!89.452,90.879/!mp9/!chrisJ/!90.401,75.353/!12
KILL/!Golden/!89.452,90.879/!mp9/!chrisJ/!90.401,75.353
DMG/!JW/!92.130,72.580/!p250/!frozen/!89.109,73.204/!94
DMG/!JW/!92.132,72.588/!p250/!frozen/!89.061,73.123/!23
KILL/!JW/!92.132,72.588/!p250/!frozen/!89.061,73.123
DMG/!KRIMZ/!113.780,71.511/!m4a1/!ropz/!99.663,63.063/!21
DMG/!KRIMZ/!113.784,71.503/!m4a1/!ropz/!99.713,63.219/!21
DMG/!KRIMZ/!113.787,71.499/!m4a1/!ropz/!99.635,63.383/!27
DMG/!KRIMZ/!114.037,70.906/!m4a1/!ropz/!98.616,63.424/!8
DMG/!Brollan/!108.583,66.409/!m4a1/!ropz/!98.616,63.318/!9
DMG/!Brollan/!108.583,66.409/!m4a1/!ropz/!98.617,63.241/!11
KILL/!KRIMZ/!113.909,69.628/!m4a1/!ropz/!98.823,62.796
DMG/!KRIMZ/!113.909,69.628/!m4a1/!ropz/!98.823,62.796/!21
DMG/!flusha/!79.801,113.349/!hegrenade/!woxic/!65.795,86.785/!36
DMG/!Golden/!76.166,115.575/!hegrenade/!karrigan/!66.323,97.548/!4
DMG/!Golden/!76.166,115.575/!hegrenade/!woxic/!65.789,86.753/!2
DMG/!karrigan/!78.358,111.257/!deagle/!flusha/!71.774,129.006/!39
DMG/!flusha/!71.779,129.009/!awp/!karrigan/!78.327,111.247/!109
KILL/!flusha/!71.779,129.009/!awp/!karrigan/!78.327,111.247
DMG/!Golden/!62.948,115.691/!inferno/!chrisJ/!78.693,116.519/!1
DMG/!Golden/!62.948,115.691/!inferno/!woxic/!78.721,119.225/!1
DMG/!woxic/!78.606,119.728/!glock/!Golden/!62.957,115.646/!10
DMG/!Golden/!62.962,115.619/!ak47/!woxic/!78.587,119.810/!34
DMG/!Golden/!62.962,115.619/!inferno/!chrisJ/!78.091,117.065/!2
DMG/!Golden/!62.962,115.619/!inferno/!woxic/!78.562,119.914/!2
DMG/!Golden/!62.949,115.666/!ak47/!woxic/!78.546,119.980/!43
KILL/!Golden/!62.949,115.666/!ak47/!woxic/!78.546,119.980
DMG/!Golden/!62.941,115.699/!inferno/!chrisJ/!77.500,117.847/!3
DMG/!Golden/!62.909,115.817/!inferno/!chrisJ/!77.187,118.702/!4
DMG/!Golden/!62.884,115.918/!ak47/!chrisJ/!77.047,119.286/!26
DMG/!Golden/!62.872,115.971/!inferno/!chrisJ/!77.026,119.378/!4
DMG/!chrisJ/!76.967,119.624/!tec9/!Golden/!62.852,116.074/!21
DMG/!Golden/!62.862,116.029/!inferno/!chrisJ/!76.937,119.741/!5
DMG/!chrisJ/!76.933,119.756/!tec9/!Golden/!62.868,116.003/!21
DMG/!Golden/!62.868,116.003/!inferno/!chrisJ/!76.929,119.771/!6
DMG/!chrisJ/!76.905,119.863/!tec9/!Golden/!62.868,116.003/!21
DMG/!Golden/!62.868,116.003/!inferno/!chrisJ/!76.837,120.121/!7
DMG/!chrisJ/!76.796,120.272/!tec9/!Golden/!62.868,116.003/!17
DMG/!Golden/!62.868,116.003/!inferno/!chrisJ/!76.783,120.320/!8
DMG/!Golden/!62.868,116.003/!ak47/!chrisJ/!76.773,120.353/!27
DMG/!Golden/!62.868,116.003/!ak47/!chrisJ/!76.761,120.394/!27
KILL/!Golden/!62.868,116.003/!ak47/!chrisJ/!76.761,120.394
DMG/!frozen/!78.662,111.126/!deagle/!flusha/!71.407,129.749/!38
KILL/!ropz/!77.545,111.840/!deagle HS/!flusha/!71.360,129.732
DMG/!ropz/!77.545,111.840/!deagle/!flusha/!71.360,129.732/!158
KILL/!JW/!96.900,121.726/!awp/!frozen/!79.473,119.376
DMG/!JW/!96.900,121.726/!awp/!frozen/!79.473,119.376/!141
DMG/!KRIMZ/!99.923,121.219/!m4a1/!ropz/!75.823,121.033/!30
DMG/!KRIMZ/!99.927,121.191/!m4a1/!ropz/!75.823,121.035/!30
DMG/!JW/!96.608,122.587/!awp/!ropz/!75.823,121.033/!84
KILL/!JW/!96.608,122.587/!awp/!ropz/!75.823,121.033
DMG/!karrigan/!67.568,93.036/!inferno/!flusha/!72.760,105.281/!1
DMG/!karrigan/!67.377,93.803/!inferno/!Golden/!73.986,105.819/!2
DMG/!karrigan/!67.377,93.803/!inferno/!flusha/!73.320,105.650/!2
DMG/!karrigan/!67.081,94.594/!inferno/!flusha/!74.152,105.820/!3
DMG/!karrigan/!67.081,94.594/!inferno/!Golden/!74.809,106.166/!3
DMG/!karrigan/!66.998,95.415/!inferno/!flusha/!75.032,106.121/!4
DMG/!karrigan/!66.998,95.415/!inferno/!Golden/!75.738,106.352/!4
DMG/!flusha/!79.589,109.216/!inferno/!karrigan/!67.121,96.538/!1
DMG/!flusha/!79.620,109.174/!inferno/!karrigan/!67.026,95.516/!2
DMG/!KRIMZ/!90.830,91.031/!hegrenade/!karrigan/!85.095,78.356/!38
DMG/!KRIMZ/!98.359,92.547/!inferno/!frozen/!88.350,82.312/!1
DMG/!KRIMZ/!98.359,92.547/!inferno/!woxic/!91.867,82.601/!1
DMG/!KRIMZ/!98.452,92.491/!inferno/!frozen/!88.380,81.599/!2
DMG/!KRIMZ/!98.452,92.491/!inferno/!woxic/!91.955,82.721/!2
DMG/!KRIMZ/!98.431,92.520/!m4a1/!karrigan/!90.755,87.127/!22
DMG/!KRIMZ/!98.431,92.520/!m4a1/!karrigan/!90.753,87.134/!22
DMG/!KRIMZ/!98.428,92.524/!m4a1/!karrigan/!90.748,87.141/!22
KILL/!KRIMZ/!98.428,92.524/!m4a1/!karrigan/!90.748,87.141
DMG/!KRIMZ/!98.428,92.524/!inferno/!woxic/!92.295,83.215/!3
DMG/!KRIMZ/!98.339,92.655/!inferno/!woxic/!92.268,83.943/!4
DMG/!KRIMZ/!98.335,92.660/!inferno/!woxic/!92.112,84.727/!4
DMG/!KRIMZ/!98.319,92.752/!inferno/!woxic/!91.743,85.490/!5
DMG/!KRIMZ/!98.595,92.810/!inferno/!woxic/!90.985,86.795/!7
DMG/!woxic/!90.980,86.810/!ak47/!KRIMZ/!98.651,92.760/!12
DMG/!woxic/!90.945,86.853/!ak47/!KRIMZ/!98.656,92.757/!27
DMG/!KRIMZ/!98.658,92.754/!inferno/!woxic/!90.910,86.899/!8
DMG/!woxic/!90.866,86.956/!ak47/!KRIMZ/!98.679,92.725/!27
DMG/!KRIMZ/!98.694,92.705/!m4a1/!woxic/!90.857,86.967/!22
DMG/!woxic/!90.859,86.964/!ak47/!KRIMZ/!98.719,92.671/!27
DMG/!KRIMZ/!98.725,92.663/!m4a1/!woxic/!90.861,86.962/!22
DMG/!KRIMZ/!98.727,92.661/!inferno/!woxic/!90.862,86.960/!8
DMG/!woxic/!90.870,86.949/!ak47/!KRIMZ/!98.727,92.660/!27
KILL/!woxic/!90.870,86.949/!ak47/!KRIMZ/!98.727,92.660
DMG/!KRIMZ/!98.727,92.660/!inferno/!woxic/!90.873,86.945/!8
KILL/!KRIMZ/!98.727,92.660/!inferno/!woxic/!90.873,86.945
DMG/!chrisJ/!89.492,88.153/!ak47/!Brollan/!108.639,88.678/!26
DMG/!chrisJ/!89.492,88.194/!ak47/!Brollan/!108.521,88.712/!26
DMG/!chrisJ/!89.515,89.273/!ak47/!Brollan/!108.189,89.115/!33
DMG/!Brollan/!108.180,89.287/!ak47/!frozen/!93.487,88.688/!33
DMG/!Brollan/!108.178,89.342/!ak47/!chrisJ/!89.780,90.123/!26
DMG/!chrisJ/!90.109,85.868/!ak47/!Golden/!98.544,92.382/!27
DMG/!chrisJ/!90.177,85.739/!ak47/!Golden/!98.482,92.375/!27
DMG/!ropz/!102.627,63.529/!ak47/!JW/!103.088,61.306/!111
KILL/!ropz/!102.627,63.529/!ak47 HS/!JW/!103.088,61.306
DMG/!Brollan/!110.088,76.446/!ak47/!ropz/!102.601,63.526/!27
DMG/!Brollan/!110.088,76.446/!ak47/!ropz/!102.571,63.495/!27
DMG/!Brollan/!110.088,76.446/!ak47/!ropz/!102.588,63.407/!27
DMG/!Brollan/!110.088,76.446/!ak47/!ropz/!102.592,63.402/!27
KILL/!Brollan/!110.088,76.446/!ak47/!ropz/!102.592,63.402
DMG/!Golden/!91.558,90.990/!m4a1/!frozen/!89.173,74.320/!21
DMG/!Golden/!91.663,90.973/!m4a1/!frozen/!89.228,74.235/!21
DMG/!chrisJ/!89.474,75.396/!ak47/!Golden/!91.682,90.970/!33
KILL/!Golden/!91.688,90.969/!m4a1 HS/!chrisJ/!89.318,75.414
DMG/!Golden/!91.688,90.969/!m4a1/!chrisJ/!89.318,75.414/!88
DMG/!Golden/!91.688,90.969/!m4a1/!frozen/!89.234,74.232/!51
KILL/!Golden/!91.688,90.969/!m4a1 HS WB/!frozen/!89.234,74.232
DMG/!flusha/!71.004,105.740/!hegrenade/!frozen/!58.378,84.812/!6
DMG/!Golden/!67.158,95.846/!hegrenade/!frozen/!58.442,84.409/!28
DMG/!KRIMZ/!98.148,96.806/!inferno/!karrigan/!90.137,82.159/!1
DMG/!KRIMZ/!98.340,96.648/!inferno/!karrigan/!90.208,83.064/!2
DMG/!KRIMZ/!98.360,96.234/!inferno/!karrigan/!90.120,84.018/!3
DMG/!KRIMZ/!98.360,96.234/!inferno/!chrisJ/!91.535,84.487/!3
DMG/!KRIMZ/!98.403,96.508/!inferno/!karrigan/!90.009,84.971/!4
DMG/!KRIMZ/!98.403,96.508/!inferno/!chrisJ/!91.417,85.414/!4
DMG/!KRIMZ/!98.747,96.677/!inferno/!karrigan/!89.967,85.888/!4
DMG/!KRIMZ/!98.747,96.677/!inferno/!chrisJ/!91.486,86.332/!4
DMG/!karrigan/!89.924,86.098/!tec9/!JW/!97.696,92.409/!23
DMG/!KRIMZ/!98.861,96.313/!inferno/!chrisJ/!91.527,87.254/!5
DMG/!chrisJ/!97.447,88.811/!tec9/!KRIMZ/!98.763,100.373/!22
DMG/!KRIMZ/!98.839,100.361/!m4a1/!chrisJ/!97.419,88.816/!127
KILL/!KRIMZ/!98.839,100.361/!m4a1 HS/!chrisJ/!97.419,88.816
DMG/!KRIMZ/!98.849,100.353/!m4a1/!karrigan/!97.518,90.762/!22
DMG/!KRIMZ/!98.862,100.352/!m4a1/!karrigan/!97.509,90.813/!22
DMG/!karrigan/!97.445,90.823/!tec9/!JW/!97.076,95.067/!108
KILL/!karrigan/!97.445,90.823/!tec9 HS/!JW/!97.076,95.067
DMG/!KRIMZ/!98.853,100.353/!m4a1/!karrigan/!97.397,90.825/!28
KILL/!KRIMZ/!98.844,100.354/!m4a1/!karrigan/!97.388,90.826
DMG/!KRIMZ/!98.844,100.354/!m4a1/!karrigan/!97.388,90.826/!22
DMG/!woxic/!102.079,69.234/!p250/!Brollan/!98.344,77.307/!25
DMG/!Brollan/!98.352,77.309/!ak47/!woxic/!102.187,69.237/!34
DMG/!woxic/!102.931,69.413/!p250/!Brollan/!99.281,77.867/!22
DMG/!woxic/!102.851,69.911/!p250/!Brollan/!99.500,77.936/!27
DMG/!Brollan/!99.442,77.913/!ak47/!woxic/!102.957,69.998/!34
DMG/!woxic/!103.074,70.060/!p250/!Brollan/!99.437,77.911/!22
KILL/!woxic/!103.074,70.060/!p250/!Brollan/!99.437,77.911
DMG/!KRIMZ/!106.085,83.988/!m4a1/!woxic/!103.162,70.175/!9
DMG/!flusha/!91.729,74.371/!m4a1/!frozen/!85.913,72.804/!22
DMG/!flusha/!91.729,74.337/!m4a1/!frozen/!85.911,72.816/!22
KILL/!flusha/!91.717,74.376/!m4a1/!frozen/!85.890,72.905
DMG/!flusha/!91.717,74.376/!m4a1/!frozen/!85.890,72.905/!22
DMG/!Golden/!105.179,87.338/!inferno/!ropz/!98.572,73.407/!2
DMG/!ropz/!98.325,72.126/!ak47/!Golden/!107.576,82.492/!108
KILL/!ropz/!98.325,72.126/!ak47 HS/!Golden/!107.576,82.492
DMG/!KRIMZ/!109.635,85.716/!m4a1/!ropz/!98.540,71.947/!21
DMG/!KRIMZ/!109.635,85.716/!m4a1/!ropz/!98.644,71.861/!21
DMG/!KRIMZ/!109.635,85.716/!m4a1/!ropz/!98.637,71.867/!27
DMG/!KRIMZ/!109.630,85.720/!m4a1/!ropz/!98.637,71.867/!23
DMG/!ropz/!98.636,71.867/!ak47/!KRIMZ/!109.624,85.724/!26
DMG/!KRIMZ/!109.617,85.730/!m4a1/!ropz/!98.633,71.870/!21
KILL/!KRIMZ/!109.617,85.730/!m4a1/!ropz/!98.633,71.870
DMG/!woxic/!110.607,72.435/!p250/!KRIMZ/!109.075,86.129/!21
DMG/!woxic/!110.607,72.435/!p250/!KRIMZ/!108.873,86.337/!21
DMG/!KRIMZ/!108.151,86.436/!m4a1/!woxic/!110.815,72.466/!22
DMG/!woxic/!111.129,72.531/!p250/!KRIMZ/!107.769,86.367/!83
KILL/!woxic/!111.129,72.531/!p250 HS/!KRIMZ/!107.769,86.367
DMG/!woxic/!110.607,72.305/!p250/!flusha/!108.055,67.999/!23
DMG/!flusha/!108.109,67.977/!m4a1/!woxic/!110.614,72.314/!130
KILL/!flusha/!108.109,67.977/!m4a1 HS/!woxic/!110.614,72.314
DMG/!flusha/!70.600,108.727/!awp/!woxic/!64.289,84.413/!109
KILL/!flusha/!70.600,108.727/!awp/!woxic/!64.289,84.413
DMG/!KRIMZ/!98.912,75.354/!inferno/!frozen/!90.714,71.267/!3
DMG/!KRIMZ/!98.625,76.233/!inferno/!frozen/!91.150,70.506/!4
DMG/!KRIMZ/!98.391,76.950/!inferno/!frozen/!91.381,69.713/!4
DMG/!Brollan/!106.545,61.252/!hegrenade/!chrisJ/!97.474,65.811/!35
DMG/!Brollan/!106.545,61.252/!hegrenade/!ropz/!93.237,66.366/!22
DMG/!Brollan/!106.545,61.252/!hegrenade/!frozen/!91.542,69.351/!4
DMG/!KRIMZ/!98.274,77.284/!inferno/!frozen/!91.689,69.077/!5
DMG/!KRIMZ/!98.226,77.807/!inferno/!frozen/!92.070,68.569/!6
DMG/!JW/!107.147,85.000/!awp/!chrisJ/!99.099,65.454/!109
KILL/!JW/!107.147,85.000/!awp/!chrisJ/!99.099,65.454
DMG/!chrisJ/!99.099,65.454/!inferno/!Brollan/!108.435,59.544/!8
DMG/!chrisJ/!99.099,65.454/!inferno/!Brollan/!108.947,59.871/!8
DMG/!chrisJ/!94.894,66.975/!inferno/!Brollan/!109.059,59.933/!8
DMG/!chrisJ/!94.842,66.895/!inferno/!Brollan/!109.100,59.912/!8
DMG/!chrisJ/!94.483,66.774/!inferno/!Brollan/!108.660,59.595/!8
DMG/!chrisJ/!94.724,65.368/!inferno/!Brollan/!109.554,58.743/!8
DMG/!Brollan/!111.276,62.288/!inferno/!ropz/!98.685,69.349/!8
DMG/!Brollan/!111.405,63.074/!inferno/!ropz/!99.382,69.164/!8
DMG/!ropz/!99.062,66.075/!ak47/!JW/!106.848,84.671/!26
KILL/!JW/!106.878,84.658/!awp/!ropz/!99.062,66.075
DMG/!JW/!106.878,84.658/!awp/!ropz/!99.062,66.075/!109
DMG/!frozen/!90.135,65.923/!hegrenade/!Brollan/!112.514,61.931/!12
DMG/!Brollan/!110.777,61.502/!ak47/!karrigan/!98.173,69.703/!108
KILL/!Brollan/!110.777,61.502/!ak47 HS/!karrigan/!98.173,69.703
DMG/!frozen/!98.886,65.719/!ak47/!JW/!106.941,84.548/!26
DMG/!JW/!106.937,84.550/!awp/!frozen/!98.889,65.717/!137
KILL/!JW/!106.937,84.550/!awp/!frozen/!98.889,65.717
