faze-vs-ence-mirage.out
de_mirage
DMG/!coldzera /!88.279,63.893/!knife/!NiKo /!89.118,64.327/!13
DMG/!rain /!86.910,63.451/!knife/!coldzera /!88.460,64.115/!30
DMG/!coldzera /!88.806,63.629/!knife/!NiKo /!88.989,62.363/!30
DMG/!rain /!88.566,64.454/!knife/!coldzera /!88.994,63.321/!30
DMG/!coldzera /!89.150,61.771/!knife/!NiKo /!88.685,60.415/!30
DMG/!rain /!89.141,62.476/!knife/!coldzera /!89.122,61.370/!30
KILL/!coldzera /!88.941,59.833/!knife_css/!NiKo /!88.508,58.831
DMG/!coldzera /!88.941,59.833/!knife/!NiKo /!88.508,58.831/!30
DMG/!rain /!89.078,60.101/!knife/!coldzera /!88.929,59.800/!61
KILL/!rain /!89.078,60.101/!knife_butterfly/!coldzera /!88.929,59.800
DMG/!broky /!84.797,49.183/!knife/!Bymas/!84.515,48.300/!30
DMG/!broky /!84.563,47.563/!knife/!Bymas/!84.151,46.756/!30
DMG/!Bymas/!83.353,45.910/!knife/!broky /!83.914,46.699/!8
DMG/!broky /!83.854,46.657/!knife/!Bymas/!83.366,45.838/!8
DMG/!Bymas/!84.346,44.825/!knife/!broky /!83.835,45.454/!22
DMG/!broky /!84.230,45.456/!knife/!Bymas/!84.312,44.826/!8
DMG/!broky /!84.657,44.912/!knife/!Bymas/!83.886,43.949/!8
DMG/!broky /!83.881,44.289/!knife/!Bymas/!83.203,44.100/!8
DMG/!Bymas/!83.223,44.068/!knife/!broky /!83.848,44.311/!22
KILL/!rain /!84.311,45.276/!knife_butterfly/!broky /!83.817,44.132
DMG/!rain /!84.311,45.276/!knife/!broky /!83.817,44.132/!61
DMG/!Bymas/!77.227,41.711/!knife/!rain /!76.236,41.711/!22
DMG/!rain /!76.450,41.572/!knife/!Bymas/!77.221,41.779/!8
KILL/!rain /!76.450,41.572/!knife_butterfly/!Bymas/!77.221,41.779
DMG/!sergej/!58.992,31.912/!knife/!Aerial/!59.856,32.891/!30
DMG/!sergej/!60.404,33.722/!knife/!Aerial/!61.106,34.317/!30
DMG/!sergej/!61.598,35.485/!knife/!Aerial/!62.254,35.563/!61
KILL/!sergej/!61.598,35.485/!knife_css/!Aerial/!62.254,35.563
DMG/!rain /!69.806,36.459/!knife/!Jamppi/!68.936,36.358/!33
DMG/!rain /!69.451,36.664/!knife/!Jamppi/!69.480,36.486/!21
DMG/!suNny/!69.947,37.376/!knife/!rain /!69.437,36.668/!76
DMG/!rain /!69.216,36.697/!knife/!Jamppi/!69.611,37.146/!76
KILL/!rain /!69.216,36.697/!knife_butterfly/!Jamppi/!69.611,37.146
DMG/!sergej/!68.231,36.503/!knife/!rain /!68.948,36.737/!55
KILL/!sergej/!68.231,36.503/!knife_css/!rain /!68.948,36.737
DMG/!allu/!65.571,35.641/!knife/!suNny/!65.139,37.048/!22
DMG/!Jamppi/!33.066,71.850/!hkp2000/!Bymas/!29.609,80.975/!16
DMG/!Bymas/!27.003,75.397/!glock/!rain /!28.026,74.479/!4
DMG/!rain /!27.441,71.870/!glock/!Jamppi/!36.268,72.327/!103
KILL/!rain /!27.441,71.870/!glock HS/!Jamppi/!36.268,72.327
DMG/!Aerial/!20.670,65.011/!hkp2000/!rain /!28.177,67.107/!16
DMG/!rain /!28.253,66.839/!glock/!Aerial/!20.596,65.165/!26
DMG/!rain /!28.484,66.599/!glock/!Aerial/!20.534,65.377/!26
DMG/!Aerial/!20.561,65.192/!hkp2000/!rain /!28.517,66.581/!16
DMG/!rain /!28.551,66.358/!glock/!Aerial/!20.549,65.254/!26
DMG/!rain /!28.545,66.399/!glock/!Aerial/!20.553,65.221/!26
KILL/!rain /!28.545,66.399/!glock/!Aerial/!20.553,65.221
KILL/!Bymas/!20.600,62.633/!glock HS/!allu/!16.795,61.466
DMG/!Bymas/!20.600,62.633/!glock/!allu/!16.795,61.466/!112
DMG/!Bymas/!17.587,62.835/!glock/!sergej/!18.650,54.404/!12
DMG/!suNny/!47.320,67.508/!hkp2000/!broky /!24.607,79.750/!109
KILL/!suNny/!47.320,67.508/!usp_silencer HS/!broky /!24.607,79.750
DMG/!rain /!35.282,75.528/!hkp2000/!suNny/!47.549,66.887/!11
DMG/!Bymas/!17.435,62.733/!glock/!sergej/!18.285,57.337/!110
KILL/!Bymas/!17.435,62.733/!glock HS/!sergej/!18.285,57.337
DMG/!suNny/!47.910,66.741/!hkp2000/!rain /!36.310,74.842/!122
KILL/!suNny/!47.910,66.741/!usp_silencer HS/!rain /!36.310,74.842
DMG/!unnamed/!NAN/!/!Bymas/!34.292,50.804/!16
DMG/!unnamed/!NAN/!/!coldzera /!43.649,51.883/!6
DMG/!Jamppi/!31.846,78.983/!deagle/!rain /!27.316,76.149/!52
DMG/!Jamppi/!31.788,78.876/!deagle/!rain /!27.218,75.352/!52
KILL/!Jamppi/!31.788,78.876/!deagle/!rain /!27.218,75.352
DMG/!NiKo /!22.043,83.277/!inferno/!NiKo /!22.043,83.277/!8
DMG/!allu/!21.787,55.052/!hegrenade/!NiKo /!22.161,83.251/!34
DMG/!NiKo /!22.161,83.251/!inferno/!NiKo /!22.161,83.251/!8
DMG/!Jamppi/!31.372,77.284/!deagle/!Bymas/!27.586,80.249/!209
KILL/!Jamppi/!31.372,77.284/!deagle HS/!Bymas/!27.586,80.249
DMG/!NiKo /!22.787,79.841/!ak47/!Jamppi/!29.033,74.028/!9
DMG/!Jamppi/!28.970,73.993/!deagle/!coldzera /!27.152,80.457/!202
KILL/!Jamppi/!28.970,73.993/!deagle HS/!coldzera /!27.152,80.457
DMG/!NiKo /!22.866,79.896/!ak47/!Jamppi/!28.934,73.979/!27
DMG/!NiKo /!22.946,79.968/!ak47/!Jamppi/!28.855,73.951/!27
DMG/!NiKo /!23.030,80.051/!ak47/!Jamppi/!28.807,73.937/!27
KILL/!NiKo /!23.121,80.142/!ak47 HS/!Jamppi/!28.772,73.930
DMG/!NiKo /!23.121,80.142/!ak47/!Jamppi/!28.772,73.930/!109
DMG/!NiKo /!25.965,76.783/!ak47/!Aerial/!13.725,76.663/!26
DMG/!broky /!22.900,80.596/!inferno/!NiKo /!27.102,74.461/!2
DMG/!broky /!22.512,79.721/!inferno/!NiKo /!27.172,73.607/!3
DMG/!broky /!22.114,78.891/!inferno/!NiKo /!27.390,72.844/!3
DMG/!broky /!21.700,78.027/!inferno/!NiKo /!27.796,72.104/!3
DMG/!broky /!21.621,77.861/!mac10/!Aerial/!13.282,73.247/!16
DMG/!Aerial/!13.287,73.240/!deagle/!broky /!21.583,77.758/!58
DMG/!broky /!21.435,77.146/!inferno/!NiKo /!28.116,71.345/!3
DMG/!suNny/!18.822,64.430/!famas/!NiKo /!30.103,67.939/!24
DMG/!NiKo /!30.103,67.939/!ak47/!suNny/!18.827,64.432/!140
KILL/!NiKo /!30.103,67.939/!ak47 HS/!suNny/!18.827,64.432
DMG/!broky /!21.232,80.284/!mac10/!Aerial/!14.059,72.764/!52
DMG/!broky /!21.268,80.249/!mac10/!Aerial/!14.059,72.764/!52
KILL/!broky /!21.268,80.249/!mac10 HS/!Aerial/!14.059,72.764
DMG/!sergej/!25.724,60.336/!deagle/!NiKo /!16.998,68.773/!2
DMG/!sergej/!25.965,60.594/!deagle/!NiKo /!17.106,69.020/!56
KILL/!sergej/!25.965,60.594/!deagle/!NiKo /!17.106,69.020
DMG/!allu/!47.167,70.513/!ssg08/!broky /!20.359,71.979/!70
KILL/!allu/!47.167,70.513/!ssg08/!broky /!20.359,71.979
DMG/!broky /!71.454,62.131/!ssg08/!suNny/!40.421,51.787/!12
DMG/!allu/!54.397,21.387/!ssg08/!rain /!47.347,60.890/!68
KILL/!rain /!47.226,60.871/!ak47 HS/!allu/!54.548,21.413
DMG/!rain /!47.226,60.871/!ak47/!allu/!54.548,21.413/!102
KILL/!coldzera /!69.897,24.213/!deagle HS/!sergej/!65.338,20.300
DMG/!coldzera /!69.897,24.213/!deagle/!sergej/!65.338,20.300/!207
DMG/!broky /!54.688,74.914/!ssg08/!Aerial/!40.134,79.750/!290
KILL/!broky /!54.688,74.914/!ssg08 HS/!Aerial/!40.134,79.750
DMG/!suNny/!57.805,76.692/!famas/!Bymas/!52.329,73.990/!116
KILL/!suNny/!57.805,76.692/!famas HS/!Bymas/!52.329,73.990
DMG/!unnamed/!NAN/!/!coldzera /!25.887,30.765/!7
DMG/!unnamed/!NAN/!/!rain /!82.566,38.268/!7
DMG/!unnamed/!NAN/!/!broky /!23.105,32.176/!7
DMG/!allu/!39.239,47.907/!hegrenade/!rain /!69.396,60.760/!31
DMG/!Aerial/!54.591,55.683/!ump45/!rain /!70.906,57.363/!14
DMG/!Aerial/!54.606,55.543/!ump45/!rain /!70.908,57.350/!56
KILL/!Aerial/!54.606,55.543/!ump45 HS/!rain /!70.908,57.350
DMG/!Aerial/!55.152,53.692/!ump45/!NiKo /!71.047,58.868/!17
DMG/!Aerial/!55.151,53.710/!ump45/!NiKo /!71.047,58.868/!17
DMG/!Aerial/!55.166,53.663/!ump45/!NiKo /!71.047,58.869/!13
DMG/!Aerial/!55.190,53.589/!ump45/!NiKo /!71.043,58.881/!55
KILL/!Aerial/!55.190,53.589/!ump45 HS/!NiKo /!71.043,58.881
DMG/!Jamppi/!45.941,72.675/!m4a1/!coldzera /!47.885,60.374/!23
DMG/!Jamppi/!45.732,72.634/!m4a1/!coldzera /!47.680,60.374/!22
DMG/!Jamppi/!45.703,72.628/!m4a1/!coldzera /!47.704,60.377/!22
DMG/!Jamppi/!45.716,72.630/!m4a1/!coldzera /!47.771,60.386/!22
DMG/!coldzera /!47.874,60.404/!ak47/!Jamppi/!45.765,72.637/!33
DMG/!Jamppi/!45.800,72.643/!m4a1/!coldzera /!47.899,60.408/!22
KILL/!Jamppi/!45.800,72.643/!m4a1/!coldzera /!47.899,60.408
DMG/!Jamppi/!46.637,72.707/!m4a1/!broky /!48.360,59.921/!88
DMG/!broky /!48.328,59.916/!ak47/!Jamppi/!46.608,72.692/!27
DMG/!broky /!48.311,59.913/!ak47/!Jamppi/!46.559,72.684/!27
DMG/!broky /!48.284,59.910/!ak47/!Jamppi/!46.528,72.680/!27
KILL/!broky /!48.284,59.910/!ak47/!Jamppi/!46.528,72.680
DMG/!allu/!44.733,72.690/!famas/!Bymas/!47.914,63.495/!20
DMG/!allu/!44.728,72.677/!famas/!Bymas/!47.909,63.483/!20
DMG/!allu/!44.708,72.669/!famas/!Bymas/!47.908,63.465/!20
DMG/!allu/!44.680,72.659/!famas/!Bymas/!47.915,63.442/!20
DMG/!Bymas/!47.902,63.430/!ak47/!allu/!44.649,72.648/!34
DMG/!allu/!44.644,72.646/!famas/!Bymas/!47.898,63.428/!20
KILL/!allu/!44.644,72.646/!famas/!Bymas/!47.898,63.428
DMG/!broky /!47.062,64.444/!ak47/!allu/!44.398,72.551/!16
DMG/!broky /!47.123,64.463/!ak47/!allu/!44.324,72.522/!34
DMG/!broky /!47.146,64.470/!ak47/!allu/!44.377,72.545/!11
DMG/!allu/!44.409,72.558/!famas/!broky /!47.160,64.475/!1
DMG/!broky /!47.212,64.524/!ak47/!allu/!44.383,72.548/!34
KILL/!broky /!47.212,64.524/!ak47/!allu/!44.383,72.548
DMG/!suNny/!53.511,22.167/!m4a1/!broky /!47.405,64.812/!25
KILL/!suNny/!53.511,22.167/!m4a1/!broky /!47.405,64.812
DMG/!suNny/!52.625,51.515/!hegrenade/!broky /!70.521,65.513/!6
DMG/!suNny/!52.625,51.515/!hegrenade/!rain /!70.391,64.289/!2
DMG/!suNny/!52.625,51.515/!hegrenade/!NiKo /!69.518,75.716/!3
DMG/!sergej/!63.716,27.177/!hegrenade/!coldzera /!71.511,20.800/!1
KILL/!allu/!40.299,51.685/!m4a1 HS/!Bymas/!44.111,59.096
DMG/!allu/!40.299,51.685/!m4a1/!Bymas/!44.111,59.096/!128
DMG/!suNny/!48.860,50.095/!m4a1/!rain /!51.891,51.387/!11
DMG/!suNny/!48.859,50.272/!m4a1/!rain /!51.842,51.390/!9
DMG/!suNny/!48.859,50.415/!m4a1/!rain /!51.798,51.391/!28
DMG/!suNny/!48.863,50.517/!m4a1/!rain /!51.742,51.403/!22
DMG/!suNny/!48.866,50.522/!m4a1/!rain /!51.753,51.399/!91
KILL/!suNny/!48.866,50.522/!m4a1 HS/!rain /!51.753,51.399
DMG/!NiKo /!48.684,49.609/!ak47/!suNny/!52.583,47.551/!27
DMG/!NiKo /!48.684,49.603/!ak47/!suNny/!52.583,47.551/!13
DMG/!NiKo /!48.686,49.605/!ak47/!suNny/!52.583,47.551/!32
DMG/!NiKo /!48.686,49.605/!ak47/!suNny/!52.583,47.551/!12
DMG/!NiKo /!48.686,49.605/!ak47/!suNny/!52.583,47.496/!11
DMG/!NiKo /!48.686,49.605/!ak47/!suNny/!52.583,47.417/!13
KILL/!NiKo /!48.686,49.605/!ak47 WB/!suNny/!52.583,47.417
DMG/!allu/!39.778,57.235/!m4a1/!broky /!50.571,50.008/!22
DMG/!allu/!39.739,57.176/!m4a1/!broky /!50.568,49.992/!22
DMG/!allu/!39.729,57.162/!m4a1/!broky /!50.567,49.991/!22
DMG/!allu/!39.729,57.162/!m4a1/!broky /!50.532,50.041/!22
DMG/!allu/!39.729,57.162/!m4a1/!broky /!50.530,50.047/!22
KILL/!allu/!39.729,57.162/!m4a1/!broky /!50.530,50.047
DMG/!allu/!39.742,56.319/!m4a1/!NiKo /!50.236,51.524/!31
DMG/!NiKo /!50.139,51.446/!ak47/!allu/!39.777,56.402/!27
DMG/!NiKo /!50.159,51.488/!ak47/!allu/!39.777,56.402/!3
DMG/!NiKo /!50.180,51.532/!ak47/!allu/!39.777,56.402/!27
DMG/!NiKo /!50.206,51.589/!ak47/!allu/!39.777,56.402/!27
DMG/!NiKo /!50.235,51.650/!ak47/!allu/!39.777,56.402/!108
KILL/!NiKo /!50.235,51.650/!ak47 HS/!allu/!39.777,56.402
DMG/!sergej/!55.272,25.124/!mp9/!NiKo /!49.019,42.846/!19
DMG/!sergej/!55.267,25.122/!mp9/!NiKo /!49.032,42.842/!20
DMG/!sergej/!55.256,25.119/!mp9/!NiKo /!49.049,42.871/!19
DMG/!NiKo /!49.045,42.896/!ak47/!sergej/!55.138,25.079/!33
DMG/!sergej/!55.125,25.075/!mp9/!NiKo /!49.040,42.894/!80
KILL/!sergej/!55.125,25.075/!mp9 HS/!NiKo /!49.040,42.894
DMG/!sergej/!55.261,25.070/!mp9/!coldzera /!63.622,24.145/!5
DMG/!coldzera /!63.609,23.951/!deagle/!sergej/!55.118,25.618/!58
DMG/!coldzera /!59.916,26.903/!deagle/!sergej/!57.680,23.608/!54
DMG/!Jamppi/!39.617,41.584/!m4a1/!coldzera /!59.916,26.903/!21
KILL/!coldzera /!59.916,26.903/!deagle/!sergej/!57.680,23.608
DMG/!Jamppi/!39.656,41.533/!m4a1/!coldzera /!59.922,26.901/!21
DMG/!Jamppi/!39.662,41.525/!m4a1/!coldzera /!59.933,26.893/!21
DMG/!Jamppi/!39.662,41.525/!m4a1/!coldzera /!59.983,26.779/!22
DMG/!coldzera /!59.612,26.359/!deagle/!Jamppi/!39.792,41.698/!137
KILL/!coldzera /!59.612,26.359/!deagle HS/!Jamppi/!39.792,41.698
DMG/!Aerial/!48.792,48.919/!ump45/!coldzera /!52.545,29.772/!12
KILL/!Aerial/!48.792,48.919/!ump45/!coldzera /!52.545,29.772
DMG/!Aerial/!26.459,81.913/!m4a1/!rain /!38.818,81.314/!22
DMG/!Aerial/!26.751,81.955/!m4a1/!rain /!38.616,81.553/!22
DMG/!Aerial/!26.798,81.965/!m4a1/!rain /!38.281,82.160/!22
DMG/!Aerial/!26.798,81.965/!m4a1/!rain /!38.195,82.319/!22
DMG/!Aerial/!26.834,81.932/!m4a1/!rain /!37.957,82.687/!2
DMG/!Aerial/!27.287,80.734/!m4a1/!rain /!37.647,82.261/!89
KILL/!Aerial/!27.287,80.734/!m4a1 HS/!rain /!37.647,82.261
DMG/!Jamppi/!20.782,73.059/!hegrenade/!NiKo /!41.599,81.048/!4
DMG/!Jamppi/!20.782,73.059/!hegrenade/!Bymas/!39.977,79.428/!6
DMG/!Aerial/!27.432,81.363/!m4a1/!NiKo /!41.696,80.831/!22
DMG/!NiKo /!41.780,81.329/!deagle/!Aerial/!27.431,81.210/!43
DMG/!Bymas/!39.909,80.485/!deagle/!Aerial/!27.431,81.210/!56
KILL/!NiKo /!41.779,81.393/!deagle HS/!Aerial/!27.431,81.055
DMG/!NiKo /!41.779,81.393/!deagle/!Aerial/!27.431,81.055/!173
DMG/!NiKo /!35.012,82.195/!inferno/!Jamppi/!12.047,77.454/!3
DMG/!NiKo /!34.828,82.121/!inferno/!Jamppi/!12.045,77.454/!4
DMG/!NiKo /!34.226,81.886/!inferno/!Jamppi/!12.044,77.454/!4
DMG/!NiKo /!33.404,81.720/!inferno/!Jamppi/!12.044,77.454/!5
DMG/!NiKo /!32.600,81.903/!inferno/!Jamppi/!12.043,77.454/!6
DMG/!NiKo /!31.865,82.359/!inferno/!Jamppi/!12.043,77.454/!7
DMG/!NiKo /!31.036,82.714/!inferno/!Jamppi/!12.043,77.454/!8
DMG/!NiKo /!30.196,82.898/!inferno/!Jamppi/!12.045,77.290/!8
DMG/!NiKo /!29.363,82.722/!inferno/!Jamppi/!12.045,76.609/!8
DMG/!NiKo /!28.936,82.132/!inferno/!Jamppi/!11.891,75.983/!8
DMG/!NiKo /!28.549,81.366/!inferno/!Jamppi/!11.702,75.061/!8
DMG/!NiKo /!27.875,80.903/!inferno/!Jamppi/!11.574,74.361/!8
DMG/!Jamppi/!11.560,74.285/!ak47/!coldzera /!26.132,71.896/!27
DMG/!NiKo /!27.183,80.422/!inferno/!Jamppi/!11.554,74.240/!8
DMG/!Jamppi/!11.550,74.203/!ak47/!coldzera /!26.132,71.896/!108
KILL/!Jamppi/!11.550,74.203/!ak47 HS/!coldzera /!26.132,71.896
DMG/!NiKo /!26.531,80.443/!inferno/!Jamppi/!11.555,74.234/!8
DMG/!NiKo /!26.477,80.997/!inferno/!Jamppi/!11.556,74.247/!8
KILL/!NiKo /!26.477,80.997/!inferno/!Jamppi/!11.556,74.247
DMG/!NiKo /!24.351,75.763/!inferno/!broky /!14.370,76.459/!3
DMG/!sergej/!26.155,57.373/!m4a1/!Bymas/!20.051,81.888/!10
DMG/!sergej/!25.730,57.337/!m4a1/!Bymas/!20.758,82.030/!4
DMG/!sergej/!25.704,57.330/!m4a1/!Bymas/!20.868,82.055/!3
DMG/!allu/!29.881,78.603/!mp9/!NiKo /!24.672,76.966/!14
DMG/!allu/!29.571,78.703/!mp9/!NiKo /!24.743,76.986/!14
DMG/!allu/!28.954,78.906/!mp9/!NiKo /!24.889,76.928/!14
DMG/!allu/!28.678,78.890/!mp9/!NiKo /!24.946,76.894/!14
DMG/!allu/!28.365,78.848/!mp9/!NiKo /!25.013,76.851/!14
DMG/!allu/!27.473,78.920/!mp9/!NiKo /!25.167,76.654/!59
KILL/!allu/!27.473,78.920/!mp9 HS/!NiKo /!25.167,76.654
DMG/!broky /!13.013,74.373/!ak47/!allu/!23.915,78.643/!108
KILL/!broky /!13.013,74.373/!ak47 HS/!allu/!23.915,78.643
DMG/!suNny/!27.004,71.823/!mp9/!broky /!13.006,74.385/!51
DMG/!suNny/!26.833,71.693/!mp9/!broky /!12.989,74.428/!12
DMG/!suNny/!26.851,71.774/!mp9/!broky /!12.985,74.408/!12
DMG/!broky /!12.982,74.396/!ak47/!suNny/!26.859,71.814/!27
DMG/!broky /!12.983,74.397/!ak47/!suNny/!26.891,71.966/!27
DMG/!broky /!13.003,74.512/!ak47/!suNny/!26.979,72.391/!27
KILL/!broky /!13.003,74.520/!ak47/!suNny/!26.996,72.480
DMG/!broky /!13.003,74.520/!ak47/!suNny/!26.996,72.480/!27
DMG/!sergej/!26.830,66.390/!m4a1/!broky /!13.438,73.133/!4
DMG/!sergej/!26.830,66.390/!m4a1/!broky /!13.478,73.217/!5
DMG/!sergej/!26.830,66.390/!m4a1/!broky /!13.518,73.293/!5
DMG/!sergej/!28.612,68.243/!m4a1/!Bymas/!18.816,82.180/!12
DMG/!sergej/!27.963,69.484/!m4a1/!Bymas/!19.685,83.051/!21
DMG/!sergej/!27.313,67.078/!m4a1/!broky /!16.858,65.410/!22
KILL/!sergej/!27.313,67.078/!m4a1/!broky /!16.858,65.410
DMG/!sergej/!23.430,71.539/!hkp2000/!Bymas/!19.614,82.372/!15
DMG/!sergej/!23.455,71.553/!hkp2000/!Bymas/!19.528,82.341/!15
DMG/!sergej/!23.412,71.538/!hkp2000/!Bymas/!19.450,82.311/!15
KILL/!sergej/!23.412,71.538/!usp_silencer/!Bymas/!19.450,82.311
DMG/!allu/!40.460,55.333/!hegrenade/!NiKo /!67.898,64.634/!22
DMG/!sergej/!57.071,37.072/!ak47/!coldzera /!64.441,22.793/!107
KILL/!sergej/!57.071,37.072/!ak47 HS/!coldzera /!64.441,22.793
DMG/!Bymas/!64.561,26.514/!galilar/!sergej/!57.045,37.058/!21
DMG/!Bymas/!64.569,26.452/!galilar/!sergej/!57.129,37.113/!4
DMG/!suNny/!52.167,38.089/!m4a1/!Bymas/!65.109,26.929/!21
DMG/!Bymas/!65.082,26.893/!galilar/!suNny/!52.168,38.090/!89
DMG/!suNny/!52.222,38.152/!m4a1/!Bymas/!65.156,26.813/!87
KILL/!suNny/!52.222,38.152/!m4a1 HS/!Bymas/!65.156,26.813
DMG/!broky /!62.489,29.096/!ak47/!sergej/!56.265,37.247/!26
DMG/!broky /!62.523,29.091/!ak47/!sergej/!56.371,37.320/!34
DMG/!broky /!62.524,29.092/!ak47/!sergej/!56.413,37.320/!27
KILL/!broky /!62.524,29.092/!ak47/!sergej/!56.413,37.320
DMG/!suNny/!52.329,37.609/!m4a1/!broky /!62.629,29.097/!88
DMG/!suNny/!52.335,37.617/!m4a1/!broky /!62.619,29.097/!22
KILL/!suNny/!52.335,37.617/!m4a1/!broky /!62.619,29.097
DMG/!rain /!60.632,32.724/!galilar/!suNny/!52.412,37.729/!22
KILL/!rain /!60.632,32.724/!galilar/!suNny/!52.412,37.729
DMG/!allu/!40.431,19.409/!awp/!rain /!63.623,30.484/!136
KILL/!allu/!40.431,19.409/!awp/!rain /!63.623,30.484
DMG/!Aerial/!52.887,36.506/!ump45/!NiKo /!53.983,36.560/!27
DMG/!Aerial/!52.944,36.412/!ump45/!NiKo /!53.970,36.581/!22
DMG/!NiKo /!53.972,36.626/!ak47/!Aerial/!52.949,36.456/!27
DMG/!Aerial/!52.951,36.506/!ump45/!NiKo /!53.975,36.656/!22
DMG/!NiKo /!53.985,36.688/!ak47/!Aerial/!52.953,36.547/!27
DMG/!NiKo /!54.005,36.725/!ak47/!Aerial/!52.951,36.487/!27
DMG/!NiKo /!54.029,36.762/!ak47/!Aerial/!52.954,36.427/!27
KILL/!NiKo /!54.029,36.762/!ak47/!Aerial/!52.954,36.427
DMG/!NiKo /!54.284,36.591/!ak47/!Jamppi/!47.035,37.395/!27
DMG/!NiKo /!54.284,36.585/!ak47/!Jamppi/!47.038,37.318/!27
DMG/!Jamppi/!47.040,37.352/!awp/!NiKo /!54.285,36.597/!111
KILL/!Jamppi/!47.040,37.352/!awp/!NiKo /!54.285,36.597
DMG/!coldzera /!62.337,57.720/!inferno/!suNny/!49.624,45.148/!1
DMG/!Aerial/!18.098,75.282/!hegrenade/!broky /!44.063,78.091/!3
DMG/!Aerial/!18.098,75.282/!hegrenade/!NiKo /!38.541,80.995/!79
DMG/!Jamppi/!46.009,68.526/!awp/!rain /!28.138,78.384/!109
KILL/!Jamppi/!46.009,68.526/!awp/!rain /!28.138,78.384
DMG/!Aerial/!24.172,73.091/!ump45/!Bymas/!24.436,81.650/!22
DMG/!Aerial/!24.012,73.117/!ump45/!Bymas/!24.340,81.683/!17
DMG/!Jamppi/!44.124,69.281/!awp/!Bymas/!24.307,81.703/!39
DMG/!Aerial/!23.830,73.141/!ump45/!Bymas/!24.162,81.736/!17
DMG/!Aerial/!23.892,73.140/!ump45/!Bymas/!24.147,81.736/!17
KILL/!Aerial/!23.892,73.140/!ump45/!Bymas/!24.147,81.736
DMG/!NiKo /!26.296,80.636/!deagle/!Jamppi/!43.924,69.892/!161
KILL/!NiKo /!26.296,80.636/!deagle HS/!Jamppi/!43.924,69.892
DMG/!broky /!24.150,77.092/!glock/!Aerial/!23.930,73.156/!53
DMG/!broky /!24.418,77.085/!glock/!Aerial/!23.929,73.154/!13
DMG/!Aerial/!23.967,73.153/!ump45/!broky /!24.641,77.059/!31
DMG/!Aerial/!23.906,73.160/!ump45/!broky /!24.734,77.043/!31
DMG/!Aerial/!23.834,73.169/!ump45/!broky /!24.843,77.018/!31
DMG/!Aerial/!23.870,73.160/!ump45/!broky /!24.843,77.018/!31
KILL/!Aerial/!23.870,73.160/!ump45/!broky /!24.843,77.018
DMG/!NiKo /!24.469,81.438/!deagle/!Aerial/!23.881,73.158/!49
KILL/!NiKo /!24.469,81.438/!deagle/!Aerial/!23.881,73.158
DMG/!coldzera /!62.967,52.566/!deagle/!allu/!39.951,53.430/!35
DMG/!allu/!39.952,53.434/!awp/!coldzera /!62.967,52.566/!140
KILL/!allu/!39.952,53.434/!awp/!coldzera /!62.967,52.566
KILL/!NiKo /!18.566,76.360/!deagle HS/!suNny/!27.470,76.647
DMG/!NiKo /!18.566,76.360/!deagle/!suNny/!27.470,76.647/!194
DMG/!allu/!25.108,61.492/!awp/!NiKo /!17.804,75.434/!452
KILL/!allu/!25.108,61.492/!awp HS/!NiKo /!17.804,75.434
DMG/!Jamppi/!29.107,83.601/!awp/!Bymas/!55.617,75.400/!83
DMG/!Aerial/!44.220,72.315/!ump45/!NiKo /!45.298,66.588/!19
DMG/!NiKo /!45.316,66.592/!ak47/!Aerial/!44.236,72.319/!26
DMG/!Aerial/!44.236,72.319/!ump45/!NiKo /!45.327,66.594/!19
KILL/!NiKo /!45.403,66.606/!ak47 HS/!Aerial/!44.236,72.319
DMG/!NiKo /!45.403,66.606/!ak47/!Aerial/!44.236,72.319/!110
DMG/!NiKo /!45.823,68.074/!ak47/!Jamppi/!24.663,79.835/!12
DMG/!NiKo /!45.830,68.087/!ak47/!Jamppi/!24.663,79.915/!25
DMG/!NiKo /!45.841,68.108/!ak47/!Jamppi/!24.659,80.119/!7
DMG/!broky /!46.383,63.996/!awp/!sergej/!53.692,22.617/!134
KILL/!broky /!46.383,63.996/!awp/!sergej/!53.692,22.617
DMG/!coldzera /!39.675,81.110/!ak47/!Jamppi/!24.617,80.682/!27
DMG/!Bymas/!35.053,81.531/!ak47/!Jamppi/!24.617,80.670/!34
KILL/!Bymas/!35.053,81.531/!ak47/!Jamppi/!24.617,80.670
DMG/!allu/!23.782,54.974/!awp/!Bymas/!30.891,82.627/!83
KILL/!allu/!23.782,54.974/!awp/!Bymas/!30.891,82.627
DMG/!broky /!38.343,72.927/!awp/!allu/!16.890,61.265/!109
KILL/!broky /!38.343,72.927/!awp/!allu/!16.890,61.265
DMG/!suNny/!80.703,37.086/!m4a1/!coldzera /!87.377,38.854/!91
DMG/!coldzera /!87.316,38.898/!ak47/!suNny/!80.703,37.087/!142
KILL/!coldzera /!87.316,38.898/!ak47 HS/!suNny/!80.703,37.087
DMG/!NiKo /!73.086,20.998/!inferno/!sergej/!65.666,26.146/!1
DMG/!NiKo /!72.817,20.930/!inferno/!sergej/!65.418,26.278/!2
DMG/!NiKo /!72.535,20.872/!inferno/!sergej/!65.173,26.798/!3
DMG/!NiKo /!72.264,20.812/!inferno/!sergej/!65.331,27.461/!4
DMG/!NiKo /!71.639,20.796/!inferno/!sergej/!65.545,28.461/!5
DMG/!NiKo /!71.038,20.867/!inferno/!sergej/!65.540,28.064/!6
DMG/!NiKo /!70.285,20.790/!inferno/!sergej/!65.513,28.153/!7
DMG/!NiKo /!68.674,20.790/!inferno/!sergej/!65.426,28.573/!8
DMG/!NiKo /!67.845,20.728/!inferno/!sergej/!64.801,28.459/!8
DMG/!NiKo /!67.083,20.637/!inferno/!sergej/!64.191,27.958/!8
DMG/!allu/!44.939,36.879/!hegrenade/!Bymas/!65.157,38.531/!27
DMG/!allu/!44.939,36.879/!hegrenade/!broky /!69.774,36.085/!2
DMG/!sergej/!55.622,23.751/!deagle/!NiKo /!60.125,25.014/!52
DMG/!sergej/!55.665,23.721/!deagle/!NiKo /!60.064,24.859/!53
KILL/!sergej/!55.665,23.721/!deagle/!NiKo /!60.064,24.859
DMG/!allu/!45.210,37.082/!m4a1/!coldzera /!63.907,23.095/!22
DMG/!allu/!45.210,37.082/!m4a1/!coldzera /!63.849,23.041/!13
DMG/!allu/!45.210,37.082/!m4a1/!coldzera /!63.904,23.090/!22
DMG/!allu/!45.207,37.078/!m4a1/!coldzera /!64.163,23.697/!22
DMG/!allu/!45.217,37.093/!m4a1/!coldzera /!64.209,23.793/!28
KILL/!allu/!45.217,37.093/!m4a1_silencer/!coldzera /!64.209,23.793
DMG/!rain /!65.369,34.724/!hegrenade/!allu/!45.210,37.082/!21
DMG/!rain /!65.369,34.724/!hegrenade/!suNny/!45.397,37.108/!19
DMG/!sergej/!58.296,23.840/!deagle/!Bymas/!62.479,38.850/!42
DMG/!Bymas/!62.482,38.849/!ak47/!sergej/!58.271,23.847/!27
DMG/!rain /!63.368,32.958/!ak47/!sergej/!57.868,23.966/!27
KILL/!rain /!63.368,32.958/!ak47/!sergej/!57.868,23.966
DMG/!rain /!60.661,27.999/!ak47/!Aerial/!41.307,40.549/!26
DMG/!rain /!60.688,27.855/!ak47/!Aerial/!41.431,40.565/!26
DMG/!rain /!60.715,27.712/!ak47/!Aerial/!41.512,40.648/!33
DMG/!rain /!60.742,27.568/!ak47/!Aerial/!41.506,40.641/!25
KILL/!rain /!60.742,27.568/!ak47/!Aerial/!41.506,40.641
DMG/!rain /!60.231,26.142/!ak47/!allu/!41.347,39.810/!33
DMG/!allu/!40.789,39.899/!m4a1/!Bymas/!59.584,27.942/!22
DMG/!allu/!35.250,20.083/!m4a1/!rain /!59.488,23.361/!90
DMG/!rain /!59.524,23.386/!ak47/!allu/!35.216,20.381/!26
DMG/!Jamppi/!36.285,19.909/!deagle/!rain /!59.584,23.346/!35
KILL/!Jamppi/!36.285,19.909/!deagle/!rain /!59.584,23.346
DMG/!Bymas/!57.897,24.724/!ak47/!Jamppi/!36.420,19.214/!26
DMG/!Bymas/!58.006,24.658/!ak47/!Jamppi/!36.381,19.370/!26
DMG/!Bymas/!58.060,24.624/!ak47/!Jamppi/!36.377,19.398/!26
KILL/!Bymas/!58.123,24.583/!ak47/!Jamppi/!36.371,19.426
DMG/!Bymas/!58.123,24.583/!ak47/!Jamppi/!36.371,19.426/!26
DMG/!allu/!36.162,18.762/!m4a1/!Bymas/!58.446,24.672/!22
KILL/!allu/!36.162,18.762/!m4a1_silencer/!Bymas/!58.446,24.672
DMG/!broky /!64.654,28.469/!ak47/!suNny/!52.144,37.347/!27
DMG/!suNny/!52.145,37.348/!m4a1/!broky /!64.647,28.459/!22
DMG/!broky /!64.656,28.472/!ak47/!suNny/!52.150,37.355/!27
DMG/!suNny/!52.152,37.358/!m4a1/!broky /!64.663,28.482/!22
KILL/!broky /!64.662,28.480/!ak47 HS/!suNny/!52.161,37.370
DMG/!broky /!64.662,28.480/!ak47/!suNny/!52.161,37.370/!139
DMG/!allu/!52.980,38.509/!m4a1/!broky /!48.853,24.624/!17
DMG/!allu/!53.051,38.470/!m4a1/!broky /!48.971,24.550/!22
DMG/!broky /!56.819,23.541/!ak47/!allu/!52.443,38.312/!139
KILL/!broky /!56.819,23.541/!ak47 HS/!allu/!52.443,38.312
DMG/!Aerial/!63.321,55.468/!hkp2000/!rain /!66.651,58.840/!67
DMG/!Jamppi/!62.403,56.115/!hkp2000/!rain /!66.667,58.725/!16
DMG/!Aerial/!64.044,54.910/!hkp2000/!rain /!66.681,58.623/!16
DMG/!Jamppi/!62.353,56.195/!hkp2000/!rain /!66.676,58.662/!16
KILL/!Jamppi/!62.353,56.195/!usp_silencer/!rain /!66.676,58.662
DMG/!NiKo /!70.583,62.010/!ak47/!Jamppi/!61.979,56.146/!35
DMG/!NiKo /!70.493,62.141/!ak47/!Jamppi/!61.829,56.149/!44
DMG/!NiKo /!70.459,62.189/!ak47/!Jamppi/!61.760,56.162/!44
KILL/!NiKo /!70.459,62.189/!ak47/!Jamppi/!61.760,56.162
DMG/!NiKo /!70.446,62.208/!ak47/!suNny/!59.266,52.765/!43
DMG/!Aerial/!65.983,54.476/!hkp2000/!NiKo /!70.447,62.206/!16
DMG/!NiKo /!70.450,62.203/!ak47/!suNny/!59.296,52.729/!34
KILL/!NiKo /!70.401,62.260/!ak47/!suNny/!59.291,52.734
DMG/!NiKo /!70.401,62.260/!ak47/!suNny/!59.291,52.734/!43
DMG/!Aerial/!66.246,54.366/!hkp2000/!NiKo /!70.358,62.287/!65
DMG/!Aerial/!66.323,54.325/!hkp2000/!NiKo /!70.323,62.369/!16
KILL/!sergej/!58.125,53.428/!usp_silencer HS/!NiKo /!70.322,62.373
DMG/!sergej/!58.125,53.428/!hkp2000/!NiKo /!70.322,62.373/!61
DMG/!rain /!71.417,50.880/!inferno/!allu/!51.019,46.589/!8
DMG/!rain /!71.380,50.626/!inferno/!allu/!50.964,47.471/!8
DMG/!rain /!71.467,50.990/!inferno/!allu/!50.894,48.521/!8
DMG/!rain /!71.351,51.632/!inferno/!allu/!50.766,49.531/!8
DMG/!rain /!70.887,52.052/!inferno/!allu/!50.683,50.067/!8
DMG/!rain /!70.963,52.681/!inferno/!allu/!50.692,50.260/!8
DMG/!rain /!71.221,53.493/!inferno/!allu/!50.616,50.872/!8
DMG/!rain /!71.387,54.386/!inferno/!allu/!50.742,51.627/!8
DMG/!Aerial/!68.944,57.478/!ak47/!broky /!71.591,54.891/!110
KILL/!Aerial/!68.944,57.478/!ak47 HS/!broky /!71.591,54.891
DMG/!Bymas/!71.794,80.111/!ak47/!sergej/!65.182,51.797/!42
DMG/!Bymas/!71.805,80.035/!ak47/!sergej/!65.883,51.551/!42
KILL/!Bymas/!71.806,80.029/!ak47/!sergej/!65.918,51.543
DMG/!Bymas/!71.806,80.029/!ak47/!sergej/!65.918,51.543/!42
DMG/!allu/!63.274,51.332/!hkp2000/!Bymas/!72.536,79.772/!6
DMG/!Aerial/!64.670,58.645/!ak47/!Bymas/!73.436,79.985/!26
DMG/!Bymas/!73.338,80.031/!ak47/!Aerial/!64.536,58.940/!34
DMG/!coldzera /!48.684,46.699/!ak47/!Aerial/!54.371,59.781/!34
DMG/!coldzera /!48.691,46.776/!ak47/!Aerial/!54.296,59.799/!34
KILL/!coldzera /!48.691,46.776/!ak47/!Aerial/!54.296,59.799
DMG/!coldzera /!16.892,62.536/!ak47/!allu/!25.643,62.908/!141
KILL/!coldzera /!16.892,62.536/!ak47 HS/!allu/!25.643,62.908
DMG/!suNny/!57.366,51.453/!m4a1/!Bymas/!55.062,60.091/!22
DMG/!suNny/!57.377,51.364/!m4a1/!Bymas/!54.903,60.053/!8
DMG/!Bymas/!54.894,60.050/!ak47/!suNny/!57.377,51.364/!12
DMG/!Bymas/!54.982,60.075/!ak47/!suNny/!57.375,51.363/!27
DMG/!Bymas/!55.047,60.093/!ak47/!suNny/!57.293,51.387/!27
DMG/!Bymas/!55.047,60.093/!ak47/!suNny/!57.227,51.423/!22
KILL/!Bymas/!55.047,60.093/!ak47 HS/!suNny/!57.180,51.555
DMG/!Bymas/!55.047,60.093/!ak47/!suNny/!57.180,51.555/!141
DMG/!NiKo /!71.608,57.973/!ak47/!Jamppi/!60.446,55.620/!34
DMG/!NiKo /!71.604,57.989/!ak47/!Jamppi/!60.411,55.623/!34
DMG/!broky /!64.725,57.969/!awp/!Jamppi/!60.402,55.627/!111
KILL/!broky /!64.725,57.969/!awp/!Jamppi/!60.402,55.627
DMG/!Bymas/!57.658,60.108/!ak47/!allu/!47.119,48.518/!43
DMG/!Bymas/!57.648,60.118/!ak47/!allu/!47.118,48.511/!43
DMG/!Bymas/!57.639,60.127/!ak47/!allu/!47.111,48.517/!34
KILL/!Bymas/!57.639,60.127/!ak47/!allu/!47.111,48.517
DMG/!Bymas/!57.168,60.401/!ak47/!sergej/!47.722,46.643/!26
DMG/!sergej/!47.594,46.742/!m4a1/!Bymas/!57.190,60.386/!21
DMG/!sergej/!47.556,46.770/!m4a1/!Bymas/!57.184,60.391/!27
DMG/!Bymas/!57.178,60.395/!ak47/!sergej/!47.556,46.771/!26
DMG/!sergej/!47.543,46.780/!m4a1/!Bymas/!57.174,60.398/!87
KILL/!sergej/!47.543,46.780/!m4a1 HS/!Bymas/!57.174,60.398
DMG/!Aerial/!45.274,59.945/!m4a1/!NiKo /!70.989,57.133/!21
DMG/!Aerial/!45.262,59.835/!m4a1/!NiKo /!70.981,57.028/!21
DMG/!Aerial/!45.261,59.832/!m4a1/!NiKo /!70.972,56.955/!21
DMG/!NiKo /!70.970,56.940/!ak47/!Aerial/!45.261,59.832/!33
DMG/!NiKo /!70.971,56.946/!ak47/!Aerial/!45.261,59.832/!33
DMG/!broky /!57.645,49.000/!awp/!Aerial/!45.261,59.832/!137
KILL/!broky /!57.645,49.000/!awp/!Aerial/!45.261,59.832
DMG/!sergej/!50.262,51.518/!m4a1/!broky /!55.916,52.012/!22
DMG/!sergej/!50.263,51.656/!m4a1/!broky /!55.908,52.029/!90
KILL/!sergej/!50.263,51.656/!m4a1 HS/!broky /!55.908,52.029
DMG/!NiKo /!69.546,57.132/!ak47/!sergej/!50.253,51.084/!26
DMG/!sergej/!50.247,51.111/!m4a1/!NiKo /!69.546,57.132/!21
DMG/!NiKo /!69.546,57.132/!ak47/!sergej/!50.227,51.194/!33
KILL/!NiKo /!69.546,57.132/!ak47/!sergej/!50.227,51.194
DMG/!rain /!70.292,70.727/!inferno/!sergej/!49.722,47.121/!1
DMG/!rain /!70.498,71.644/!inferno/!sergej/!49.416,47.944/!2
DMG/!rain /!70.348,72.591/!inferno/!sergej/!49.289,48.851/!3
DMG/!rain /!70.032,73.182/!inferno/!sergej/!49.334,49.731/!4
DMG/!rain /!69.750,74.055/!inferno/!sergej/!49.183,50.620/!4
DMG/!rain /!69.692,74.885/!inferno/!sergej/!49.077,51.504/!5
DMG/!rain /!69.998,75.582/!inferno/!sergej/!49.295,52.342/!6
DMG/!rain /!70.321,76.339/!inferno/!sergej/!49.794,53.046/!7
DMG/!Bymas/!45.784,76.340/!ak47/!Aerial/!42.371,70.267/!14
DMG/!Bymas/!45.780,76.343/!ak47/!Aerial/!42.492,70.231/!27
DMG/!NiKo /!71.476,61.756/!ak47/!sergej/!50.692,50.894/!33
DMG/!NiKo /!71.459,61.777/!ak47/!sergej/!50.692,50.793/!13
DMG/!Bymas/!44.914,76.162/!ak47/!Aerial/!43.470,70.834/!1
DMG/!Bymas/!44.666,76.287/!ak47/!Aerial/!43.256,71.000/!27
DMG/!Bymas/!44.600,76.328/!ak47/!Aerial/!43.197,71.097/!27
DMG/!Aerial/!43.146,71.139/!ump45/!Bymas/!44.575,76.315/!19
DMG/!Bymas/!44.572,76.313/!ak47/!Aerial/!43.193,71.103/!27
KILL/!Bymas/!44.572,76.313/!ak47/!Aerial/!43.193,71.103
DMG/!Bymas/!54.652,75.126/!ak47/!Jamppi/!41.117,79.087/!139
KILL/!Bymas/!54.652,75.126/!ak47 HS/!Jamppi/!41.117,79.087
DMG/!allu/!40.720,79.439/!deagle/!Bymas/!54.696,75.009/!171
KILL/!allu/!40.720,79.439/!deagle HS/!Bymas/!54.696,75.009
DMG/!broky /!56.597,74.957/!awp/!allu/!40.672,79.267/!110
KILL/!broky /!56.597,74.957/!awp/!allu/!40.672,79.267
DMG/!NiKo /!72.657,57.407/!ak47/!suNny/!40.292,53.515/!26
DMG/!NiKo /!72.626,57.648/!ak47/!suNny/!40.321,53.321/!26
DMG/!NiKo /!72.621,57.690/!ak47/!suNny/!40.336,53.190/!26
DMG/!rain /!69.055,49.868/!ak47/!suNny/!40.337,53.187/!135
KILL/!rain /!69.055,49.868/!ak47 HS/!suNny/!40.337,53.187
DMG/!NiKo /!72.528,61.028/!ak47/!sergej/!49.165,50.420/!136
KILL/!NiKo /!72.528,61.028/!ak47 HS/!sergej/!49.165,50.420
DMG/!NiKo /!47.856,46.286/!ak47/!suNny/!51.095,40.409/!27
DMG/!NiKo /!47.826,46.273/!ak47/!suNny/!51.218,40.445/!27
DMG/!NiKo /!47.826,46.273/!ak47/!suNny/!51.333,40.322/!27
DMG/!NiKo /!47.826,46.273/!ak47/!suNny/!51.342,40.310/!27
KILL/!NiKo /!47.826,46.273/!ak47/!suNny/!51.342,40.310
DMG/!rain /!45.711,22.350/!ak47/!sergej/!43.118,16.385/!26
DMG/!sergej/!43.087,16.395/!m4a1/!rain /!45.768,22.357/!22
DMG/!sergej/!43.250,16.342/!m4a1/!rain /!45.937,22.307/!68
DMG/!rain /!45.987,22.284/!ak47/!sergej/!43.207,16.361/!21
DMG/!rain /!46.066,22.245/!ak47/!sergej/!43.149,16.386/!12
DMG/!rain /!46.131,22.213/!ak47/!sergej/!43.195,16.366/!15
DMG/!Bymas/!48.003,24.279/!ak47/!sergej/!43.129,16.398/!12
DMG/!rain /!46.172,22.192/!ak47/!sergej/!43.197,16.365/!25
KILL/!rain /!46.172,22.192/!ak47 WB/!sergej/!43.197,16.365
DMG/!NiKo /!47.255,42.594/!ak47/!allu/!50.486,59.732/!33
DMG/!allu/!50.492,59.731/!awp/!NiKo /!47.255,42.594/!110
KILL/!allu/!50.492,59.731/!awp/!NiKo /!47.255,42.594
DMG/!rain /!55.798,23.326/!hegrenade/!Aerial/!34.734,23.976/!23
KILL/!allu/!49.913,43.064/!awp/!coldzera /!52.630,36.717
DMG/!allu/!49.913,43.064/!awp/!coldzera /!52.630,36.717/!139
DMG/!Bymas/!46.689,22.911/!ak47/!Aerial/!40.122,17.816/!34
DMG/!Aerial/!40.168,17.755/!m4a1/!Bymas/!46.743,22.845/!28
DMG/!Bymas/!46.752,22.834/!ak47/!Aerial/!40.167,17.756/!27
DMG/!Aerial/!40.150,17.778/!m4a1/!Bymas/!46.735,22.857/!28
DMG/!Aerial/!40.150,17.778/!m4a1/!Bymas/!46.786,22.788/!28
DMG/!Bymas/!46.784,22.790/!ak47/!Aerial/!40.150,17.778/!34
KILL/!Bymas/!46.784,22.790/!ak47/!Aerial/!40.150,17.778
DMG/!Jamppi/!50.165,27.773/!awp/!Bymas/!46.342,22.534/!139
KILL/!Jamppi/!50.165,27.773/!awp/!Bymas/!46.342,22.534
DMG/!rain /!55.544,25.601/!ak47/!Jamppi/!50.156,27.780/!142
KILL/!rain /!55.544,25.601/!ak47 HS/!Jamppi/!50.156,27.780
DMG/!rain /!56.196,25.999/!ak47/!allu/!49.086,40.098/!27
DMG/!rain /!56.139,25.971/!ak47/!allu/!48.963,40.011/!27
DMG/!rain /!56.071,25.935/!ak47/!allu/!48.922,39.984/!139
KILL/!rain /!56.071,25.935/!ak47 HS/!allu/!48.922,39.984
DMG/!Bymas/!58.873,76.562/!ak47/!Jamppi/!42.717,73.955/!33
DMG/!Bymas/!58.873,76.562/!ak47/!Jamppi/!42.723,73.910/!33
DMG/!Jamppi/!42.738,73.816/!famas/!Bymas/!58.873,76.562/!19
DMG/!Jamppi/!42.754,73.722/!famas/!Bymas/!58.873,76.562/!78
DMG/!Bymas/!58.873,76.562/!ak47/!Jamppi/!42.756,73.712/!33
DMG/!Bymas/!58.873,76.562/!ak47/!Jamppi/!42.761,73.684/!33
KILL/!Bymas/!58.873,76.562/!ak47/!Jamppi/!42.761,73.684
DMG/!coldzera /!68.389,20.247/!ak47/!sergej/!63.495,22.820/!110
KILL/!coldzera /!68.389,20.247/!ak47 HS/!sergej/!63.495,22.820
DMG/!broky /!52.567,46.072/!awp/!allu/!42.426,58.981/!110
KILL/!broky /!52.567,46.072/!awp/!allu/!42.426,58.981
DMG/!rain /!49.105,41.732/!ak47/!suNny/!53.039,40.989/!142
KILL/!rain /!49.105,41.732/!ak47 HS/!suNny/!53.039,40.989
DMG/!rain /!49.185,41.690/!ak47/!NiKo /!50.666,41.412/!36
DMG/!rain /!49.208,41.501/!ak47/!NiKo /!50.659,41.470/!36
DMG/!NiKo /!53.030,38.250/!hegrenade/!rain /!47.476,27.471/!19
KILL/!Aerial/!68.855,37.734/!ump45/!Bymas/!61.273,37.083
DMG/!Aerial/!68.855,37.734/!ump45/!Bymas/!61.273,37.083/!22
DMG/!rain /!47.486,27.593/!ak47/!Aerial/!68.838,37.763/!106
KILL/!rain /!47.486,27.593/!ak47 HS/!Aerial/!68.838,37.763
DMG/!coldzera /!40.627,62.668/!hkp2000/!Jamppi/!38.248,40.659/!14
DMG/!NiKo /!34.238,51.230/!hkp2000/!Aerial/!40.993,40.739/!15
DMG/!sergej/!60.724,29.662/!glock/!rain /!40.965,17.419/!9
DMG/!rain /!40.850,17.641/!hkp2000/!sergej/!60.803,29.525/!14
DMG/!coldzera /!39.737,62.838/!hkp2000/!Aerial/!40.162,40.482/!21
KILL/!Jamppi/!37.134,47.978/!glock HS/!NiKo /!30.393,40.096
DMG/!Jamppi/!37.134,47.978/!glock/!NiKo /!30.393,40.096/!101
DMG/!rain /!40.985,18.048/!hkp2000/!sergej/!60.538,29.449/!112
KILL/!rain /!40.985,18.048/!usp_silencer HS/!sergej/!60.538,29.449
DMG/!broky /!42.617,18.010/!hkp2000/!allu/!64.331,36.100/!8
DMG/!coldzera /!53.388,59.887/!hkp2000/!Jamppi/!39.679,54.712/!15
DMG/!suNny/!68.965,35.579/!glock/!rain /!47.790,33.865/!84
DMG/!suNny/!68.961,35.631/!glock/!rain /!47.789,33.869/!84
KILL/!suNny/!68.961,35.631/!glock HS/!rain /!47.789,33.869
DMG/!Jamppi/!39.250,55.021/!glock/!coldzera /!54.228,57.443/!93
KILL/!Jamppi/!39.284,54.846/!glock/!coldzera /!54.190,57.700
DMG/!Jamppi/!39.284,54.846/!glock/!coldzera /!54.190,57.700/!10
DMG/!Aerial/!47.116,38.952/!glock/!broky /!49.637,27.970/!11
DMG/!broky /!49.673,27.895/!hkp2000/!Aerial/!46.955,39.170/!125
KILL/!broky /!49.673,27.895/!usp_silencer HS/!Aerial/!46.955,39.170
DMG/!Jamppi/!48.015,36.448/!glock/!broky /!48.944,27.485/!103
KILL/!Jamppi/!48.015,36.448/!glock HS/!broky /!48.944,27.485
KILL/!broky /!18.317,73.759/!ssg08 HS/!Jamppi/!47.328,68.711
DMG/!broky /!18.317,73.759/!ssg08/!Jamppi/!47.328,68.711/!281
DMG/!sergej/!39.321,81.481/!inferno/!Bymas/!20.710,80.767/!1
DMG/!sergej/!38.340,82.001/!inferno/!Bymas/!20.597,80.610/!3
DMG/!sergej/!37.912,81.462/!inferno/!Bymas/!20.306,81.196/!4
DMG/!sergej/!37.277,80.838/!inferno/!Bymas/!20.049,82.031/!4
DMG/!sergej/!36.805,80.722/!inferno/!Bymas/!19.602,82.735/!5
DMG/!sergej/!36.679,81.301/!inferno/!Bymas/!18.872,82.885/!6
DMG/!suNny/!32.728,80.413/!ak47/!broky /!16.476,75.389/!43
DMG/!suNny/!32.707,80.477/!ak47/!broky /!16.545,75.308/!21
DMG/!coldzera /!32.411,77.681/!deagle/!Aerial/!38.495,72.778/!62
DMG/!Aerial/!38.527,72.833/!galilar/!coldzera /!32.183,77.431/!91
DMG/!coldzera /!32.175,77.420/!deagle/!Aerial/!38.527,72.833/!49
KILL/!coldzera /!32.175,77.420/!deagle/!Aerial/!38.527,72.833
DMG/!coldzera /!32.208,77.640/!deagle/!allu/!42.569,69.129/!44
DMG/!allu/!42.562,69.125/!ak47/!coldzera /!32.208,77.642/!108
KILL/!allu/!42.562,69.125/!ak47 HS/!coldzera /!32.208,77.642
DMG/!suNny/!26.251,80.747/!ak47/!Bymas/!18.760,82.962/!27
DMG/!suNny/!26.244,80.721/!ak47/!Bymas/!18.818,82.934/!27
DMG/!suNny/!26.244,80.721/!ak47/!Bymas/!18.925,83.014/!27
KILL/!suNny/!26.244,80.721/!ak47/!Bymas/!18.925,83.014
DMG/!broky /!17.189,75.138/!ssg08/!suNny/!25.151,81.562/!73
DMG/!suNny/!25.123,81.579/!ak47/!broky /!17.218,75.098/!35
KILL/!sergej/!19.764,70.570/!mp5sd/!broky /!18.559,74.692
DMG/!sergej/!19.764,70.570/!mp7/!broky /!18.559,74.692/!31
DMG/!sergej/!20.511,71.374/!mp7/!rain /!26.223,60.284/!13
DMG/!sergej/!20.612,71.435/!mp7/!rain /!26.223,60.288/!55
DMG/!rain /!26.223,60.294/!deagle/!sergej/!20.594,71.426/!45
DMG/!rain /!26.187,60.324/!deagle/!sergej/!20.532,71.359/!45
DMG/!sergej/!20.368,71.213/!mp7/!rain /!26.223,60.358/!13
DMG/!rain /!26.223,60.361/!deagle/!sergej/!20.409,71.238/!45
KILL/!rain /!26.223,60.361/!deagle/!sergej/!20.409,71.238
DMG/!rain /!26.223,60.260/!deagle/!suNny/!22.041,70.758/!46
KILL/!rain /!26.223,60.260/!deagle/!suNny/!22.041,70.758
DMG/!allu/!36.421,74.250/!ak47/!NiKo /!47.979,68.347/!27
DMG/!allu/!36.423,74.105/!ak47/!NiKo /!47.970,68.320/!27
DMG/!allu/!36.449,73.950/!ak47/!NiKo /!47.915,68.198/!27
KILL/!allu/!36.481,73.819/!ak47/!NiKo /!47.915,68.198
DMG/!allu/!36.481,73.819/!ak47/!NiKo /!47.915,68.198/!27
DMG/!rain /!28.828,55.083/!deagle/!allu/!20.159,71.188/!40
KILL/!rain /!28.891,55.096/!deagle/!allu/!19.773,71.217
DMG/!rain /!28.891,55.096/!deagle/!allu/!19.773,71.217/!49
DMG/!suNny/!40.095,81.757/!deagle/!Bymas/!21.335,82.717/!39
KILL/!NiKo /!52.310,36.878/!famas HS/!Jamppi/!77.227,34.621
DMG/!NiKo /!52.310,36.878/!famas/!Jamppi/!77.227,34.621/!107
DMG/!NiKo /!52.234,35.611/!famas/!Aerial/!60.256,35.268/!115
KILL/!NiKo /!52.234,35.611/!famas HS/!Aerial/!60.256,35.268
DMG/!suNny/!51.444,33.511/!deagle/!NiKo /!51.219,40.881/!62
DMG/!suNny/!51.929,33.482/!deagle/!NiKo /!51.213,40.890/!62
KILL/!suNny/!51.929,33.482/!deagle/!NiKo /!51.213,40.890
DMG/!suNny/!48.513,33.267/!deagle/!broky /!47.762,24.855/!197
KILL/!suNny/!48.513,33.267/!deagle HS/!broky /!47.762,24.855
DMG/!coldzera /!38.625,43.333/!m4a1/!suNny/!41.272,36.901/!22
DMG/!suNny/!41.266,36.906/!deagle/!coldzera /!38.625,43.333/!203
KILL/!suNny/!41.266,36.906/!deagle HS/!coldzera /!38.625,43.333
DMG/!Bymas/!34.025,51.521/!famas/!suNny/!40.733,40.600/!44
DMG/!Bymas/!34.008,51.510/!famas/!suNny/!40.614,40.660/!11
DMG/!allu/!54.800,30.731/!deagle/!rain /!51.972,19.759/!57
DMG/!rain /!51.955,19.775/!ak47/!allu/!54.685,30.968/!27
DMG/!rain /!52.052,19.754/!ak47/!allu/!54.466,31.070/!109
KILL/!rain /!52.052,19.754/!ak47 HS/!allu/!54.466,31.070
DMG/!sergej/!44.218,37.956/!deagle/!rain /!59.687,25.850/!38
KILL/!rain /!59.641,25.785/!ak47 HS/!sergej/!44.219,37.957
DMG/!rain /!59.641,25.785/!ak47/!sergej/!44.219,37.957/!107
KILL/!rain /!50.946,33.205/!ak47/!suNny/!50.818,49.279
DMG/!rain /!50.946,33.205/!ak47/!suNny/!50.818,49.279/!26
DMG/!NiKo /!53.055,52.496/!hegrenade/!Aerial/!66.154,65.792/!8
DMG/!NiKo /!57.798,55.292/!m4a1/!Jamppi/!72.010,57.771/!88
DMG/!Jamppi/!72.014,57.748/!ak47/!NiKo /!57.805,55.253/!26
DMG/!NiKo /!57.805,55.253/!m4a1/!Jamppi/!72.014,57.748/!88
KILL/!NiKo /!57.805,55.253/!m4a1 HS/!Jamppi/!72.014,57.748
DMG/!broky /!38.399,56.481/!m4a1/!Aerial/!70.224,51.661/!29
DMG/!suNny/!42.573,56.428/!ak47/!NiKo /!57.236,54.727/!27
DMG/!suNny/!42.577,56.471/!ak47/!NiKo /!57.205,54.618/!27
KILL/!suNny/!42.581,56.503/!ak47/!NiKo /!57.208,54.632
DMG/!suNny/!42.581,56.503/!ak47/!NiKo /!57.208,54.632/!27
DMG/!coldzera /!49.225,60.321/!m4a1/!allu/!70.834,57.860/!21
DMG/!coldzera /!49.232,60.380/!m4a1/!allu/!70.829,57.809/!26
DMG/!coldzera /!49.237,60.424/!m4a1/!allu/!70.830,57.820/!21
DMG/!coldzera /!49.243,60.472/!m4a1/!allu/!70.832,57.836/!21
DMG/!broky /!40.509,57.795/!hegrenade/!Aerial/!70.417,56.131/!6
DMG/!coldzera /!49.246,60.497/!m4a1/!allu/!70.835,57.862/!86
KILL/!coldzera /!49.246,60.497/!m4a1 HS/!allu/!70.835,57.862
DMG/!Aerial/!70.463,56.524/!deagle/!coldzera /!49.246,60.497/!46
DMG/!coldzera /!48.228,63.456/!m4a1/!suNny/!48.951,48.913/!27
DMG/!coldzera /!48.241,63.550/!m4a1/!suNny/!48.935,48.855/!22
DMG/!suNny/!48.934,48.851/!ak47/!coldzera /!48.203,63.569/!108
KILL/!suNny/!48.934,48.851/!ak47 HS/!coldzera /!48.203,63.569
DMG/!sergej/!64.324,25.037/!deagle/!rain /!43.334,18.492/!36
DMG/!rain /!44.396,15.949/!inferno/!sergej/!64.179,22.778/!2
DMG/!rain /!44.691,15.861/!inferno/!sergej/!64.245,22.171/!3
DMG/!rain /!44.853,15.952/!inferno/!sergej/!64.397,21.413/!4
DMG/!rain /!44.773,16.023/!inferno/!sergej/!65.001,20.951/!4
DMG/!rain /!44.635,16.015/!inferno/!sergej/!65.661,21.114/!5
DMG/!Aerial/!63.516,33.070/!ak47/!rain /!43.635,17.816/!13
DMG/!Aerial/!60.247,34.136/!ak47/!rain /!45.819,16.914/!106
KILL/!Aerial/!60.247,34.136/!ak47 HS/!rain /!45.819,16.914
DMG/!suNny/!35.892,18.928/!ak47/!Bymas/!56.763,24.322/!26
DMG/!suNny/!35.934,18.875/!ak47/!Bymas/!56.780,24.327/!33
DMG/!suNny/!35.933,18.879/!ak47/!Bymas/!56.783,24.328/!26
DMG/!suNny/!35.933,18.879/!ak47/!Bymas/!56.785,24.328/!26
KILL/!suNny/!35.933,18.879/!ak47/!Bymas/!56.785,24.328
DMG/!broky /!48.982,24.985/!m4a1/!suNny/!44.849,20.294/!22
DMG/!suNny/!44.854,20.345/!ak47/!broky /!48.998,24.965/!27
DMG/!broky /!48.973,24.987/!m4a1/!suNny/!44.825,20.370/!90
KILL/!broky /!48.973,24.987/!m4a1 HS/!suNny/!44.825,20.370
DMG/!Aerial/!67.359,37.285/!ak47/!broky /!47.649,31.554/!26
DMG/!Aerial/!67.365,37.262/!ak47/!broky /!47.641,31.580/!33
DMG/!Aerial/!67.375,37.229/!ak47/!broky /!47.637,31.594/!26
KILL/!Aerial/!67.375,37.229/!ak47/!broky /!47.637,31.594
DMG/!rain /!62.183,27.696/!hegrenade/!suNny/!68.184,33.306/!3
DMG/!broky /!48.716,25.111/!hegrenade/!suNny/!69.863,34.626/!6
DMG/!Jamppi/!36.329,75.327/!ak47/!Bymas/!19.286,78.004/!26
DMG/!Jamppi/!36.300,75.215/!ak47/!Bymas/!19.244,77.721/!33
DMG/!Jamppi/!36.288,75.143/!ak47/!Bymas/!19.242,77.713/!26
KILL/!Jamppi/!36.275,75.067/!ak47/!Bymas/!19.205,77.687
DMG/!Jamppi/!36.275,75.067/!ak47/!Bymas/!19.205,77.687/!33
DMG/!Aerial/!37.676,71.335/!ak47/!NiKo /!18.572,63.837/!26
DMG/!Aerial/!37.673,71.344/!ak47/!NiKo /!18.468,64.118/!33
DMG/!Aerial/!37.666,71.364/!ak47/!NiKo /!18.430,64.225/!33
DMG/!Aerial/!37.655,71.393/!ak47/!NiKo /!18.408,64.285/!33
KILL/!Aerial/!37.655,71.393/!ak47/!NiKo /!18.408,64.285
DMG/!unnamed/!NAN/!/!allu/!55.028,82.171/!4
DMG/!unnamed/!NAN/!/!Jamppi/!43.068,82.057/!47
DMG/!unnamed/!NAN/!/!Aerial/!57.567,77.768/!2
DMG/!rain /!44.899,39.245/!deagle/!sergej/!64.487,23.316/!137
KILL/!rain /!44.899,39.245/!deagle HS/!sergej/!64.487,23.316
DMG/!broky /!44.663,39.292/!deagle/!Aerial/!55.920,26.706/!41
DMG/!broky /!44.663,39.292/!deagle/!Aerial/!55.920,26.706/!33
DMG/!suNny/!59.447,26.824/!ak47/!broky /!44.663,39.292/!25
DMG/!suNny/!59.511,26.904/!ak47/!broky /!44.707,39.334/!25
KILL/!broky /!45.312,39.718/!deagle/!Aerial/!55.920,26.706
DMG/!broky /!45.312,39.718/!deagle/!Aerial/!55.920,26.706/!40
DMG/!suNny/!60.187,27.845/!ak47/!broky /!45.885,40.169/!34
DMG/!rain /!45.862,40.023/!deagle/!suNny/!58.913,28.428/!50
DMG/!allu/!61.767,38.211/!hegrenade/!rain /!45.861,40.021/!45
KILL/!allu/!61.767,38.211/!hegrenade/!broky /!47.554,40.624
DMG/!allu/!61.767,38.211/!hegrenade/!broky /!47.554,40.624/!37
DMG/!allu/!53.180,35.607/!galilar/!rain /!53.051,39.971/!29
DMG/!allu/!53.220,35.608/!galilar/!rain /!53.051,39.976/!118
KILL/!allu/!53.220,35.608/!galilar HS/!rain /!53.051,39.976
DMG/!coldzera /!44.597,16.362/!deagle/!allu/!43.664,21.248/!211
KILL/!coldzera /!44.597,16.362/!deagle HS/!allu/!43.664,21.248
DMG/!NiKo /!41.781,22.651/!hkp2000/!Jamppi/!45.170,19.749/!16
DMG/!Jamppi/!45.677,19.720/!ak47/!NiKo /!41.973,22.713/!142
KILL/!Jamppi/!45.677,19.720/!ak47 HS/!NiKo /!41.973,22.713
DMG/!coldzera /!41.935,17.479/!deagle/!Jamppi/!46.045,19.738/!146
KILL/!coldzera /!41.935,17.479/!deagle HS WB/!Jamppi/!46.045,19.738
DMG/!suNny/!57.771,24.924/!ak47/!coldzera /!41.079,19.544/!26
DMG/!suNny/!57.782,24.889/!ak47/!coldzera /!40.957,19.827/!26
DMG/!suNny/!57.803,24.814/!ak47/!coldzera /!40.952,20.071/!26
DMG/!coldzera /!40.950,20.104/!deagle/!suNny/!57.819,24.753/!40
DMG/!suNny/!57.823,24.737/!ak47/!coldzera /!40.948,20.109/!26
KILL/!suNny/!57.823,24.737/!ak47/!coldzera /!40.948,20.109
DMG/!suNny/!59.476,32.548/!ak47/!Bymas/!52.704,37.732/!13
DMG/!suNny/!59.462,32.533/!ak47/!Bymas/!52.795,37.846/!17
DMG/!suNny/!57.853,32.133/!ak47/!Bymas/!52.543,36.493/!141
KILL/!suNny/!57.853,32.133/!ak47 HS/!Bymas/!52.543,36.493
DMG/!rain /!66.636,37.883/!m4a1/!Aerial/!69.799,33.228/!22
DMG/!rain /!66.576,37.919/!m4a1/!Aerial/!69.695,33.228/!22
DMG/!rain /!66.612,37.971/!m4a1/!Aerial/!69.618,33.228/!22
DMG/!rain /!66.669,38.019/!m4a1/!Aerial/!69.565,33.228/!22
DMG/!Aerial/!69.556,33.228/!ak47/!rain /!66.685,38.031/!27
DMG/!rain /!66.744,38.067/!m4a1/!Aerial/!69.547,33.228/!22
KILL/!rain /!66.744,38.067/!m4a1/!Aerial/!69.547,33.228
DMG/!rain /!63.830,37.743/!m4a1/!allu/!77.148,35.582/!88
KILL/!rain /!63.827,37.721/!m4a1 HS/!allu/!77.146,35.569
DMG/!rain /!63.827,37.721/!m4a1/!allu/!77.146,35.569/!88
DMG/!NiKo /!66.270,33.140/!m4a1/!Jamppi/!47.918,34.244/!87
DMG/!NiKo /!66.270,33.160/!m4a1/!Jamppi/!47.918,34.228/!21
KILL/!NiKo /!66.270,33.160/!m4a1/!Jamppi/!47.918,34.228
DMG/!suNny/!47.950,34.038/!ak47/!NiKo /!64.977,33.880/!26
DMG/!suNny/!47.950,34.038/!ak47/!NiKo /!65.141,34.007/!26
DMG/!suNny/!47.950,34.038/!ak47/!NiKo /!65.122,34.110/!26
DMG/!broky /!47.510,19.247/!awp/!suNny/!47.950,34.038/!138
KILL/!broky /!47.510,19.247/!awp/!suNny/!47.950,34.038
DMG/!sergej/!76.847,35.730/!ak47/!rain /!63.024,38.083/!27
DMG/!rain /!63.010,38.025/!m4a1/!sergej/!76.844,35.686/!22
DMG/!sergej/!76.835,35.629/!ak47/!rain /!62.994,37.936/!33
DMG/!rain /!62.991,37.921/!m4a1/!sergej/!76.833,35.613/!27
DMG/!rain /!62.982,37.871/!m4a1/!sergej/!76.828,35.584/!27
KILL/!rain /!62.969,37.786/!m4a1/!sergej/!76.822,35.551
DMG/!rain /!62.969,37.786/!m4a1/!sergej/!76.822,35.551/!27
DMG/!NiKo /!38.418,54.452/!ak47/!suNny/!69.813,60.596/!26
DMG/!NiKo /!38.418,54.452/!ak47/!suNny/!70.008,60.139/!32
DMG/!NiKo /!38.394,54.738/!ak47/!suNny/!71.239,57.254/!26
DMG/!NiKo /!38.535,56.126/!hegrenade/!suNny/!70.680,52.465/!40
KILL/!NiKo /!38.535,56.126/!hegrenade/!suNny/!70.680,52.465
DMG/!rain /!42.416,16.827/!ak47/!Jamppi/!45.819,22.232/!35
DMG/!rain /!42.436,16.815/!ak47/!Jamppi/!45.965,22.217/!35
DMG/!rain /!42.465,16.797/!ak47/!Jamppi/!46.036,22.192/!35
KILL/!rain /!42.465,16.797/!ak47/!Jamppi/!46.036,22.192
DMG/!broky /!38.381,20.159/!awp/!sergej/!64.109,24.537/!111
KILL/!broky /!38.381,20.159/!awp/!sergej/!64.109,24.537
DMG/!rain /!44.941,17.802/!ak47/!Aerial/!50.649,27.825/!20
DMG/!coldzera /!46.586,72.706/!m4a1/!allu/!48.963,46.174/!6
DMG/!rain /!44.941,17.802/!ak47/!Aerial/!50.704,27.834/!18
DMG/!rain /!44.941,17.802/!ak47/!Aerial/!50.707,27.834/!3
DMG/!coldzera /!46.959,72.710/!m4a1/!allu/!48.710,45.456/!6
DMG/!coldzera /!47.624,71.151/!m4a1/!Aerial/!50.614,27.625/!36
DMG/!coldzera /!47.559,71.066/!m4a1/!Aerial/!50.614,27.625/!36
KILL/!coldzera /!47.559,71.066/!m4a1/!Aerial/!50.614,27.625
DMG/!allu/!49.314,43.155/!deagle/!coldzera /!47.635,70.583/!131
KILL/!allu/!49.314,43.155/!deagle HS/!coldzera /!47.635,70.583
DMG/!NiKo /!47.799,21.703/!ak47/!allu/!49.441,43.546/!33
DMG/!NiKo /!47.942,21.723/!ak47/!allu/!49.311,43.554/!33
DMG/!NiKo /!48.799,21.706/!ak47/!allu/!48.752,43.443/!33
KILL/!NiKo /!48.799,21.706/!ak47/!allu/!48.752,43.443
DMG/!NiKo /!63.188,54.512/!awp/!Aerial/!70.869,74.262/!438
KILL/!NiKo /!63.188,54.512/!awp HS/!Aerial/!70.869,74.262
DMG/!suNny/!48.172,44.623/!ak47/!rain /!57.071,24.094/!26
DMG/!broky /!47.186,22.943/!awp/!Jamppi/!48.997,40.929/!110
KILL/!broky /!47.186,22.943/!awp/!Jamppi/!48.997,40.929
DMG/!sergej/!64.255,24.555/!ak47/!broky /!46.320,21.769/!26
DMG/!sergej/!64.258,24.532/!ak47/!broky /!46.285,21.684/!26
DMG/!sergej/!64.247,24.609/!ak47/!broky /!46.265,21.514/!33
DMG/!sergej/!64.234,24.697/!ak47/!broky /!46.265,21.508/!33
KILL/!sergej/!64.234,24.697/!ak47/!broky /!46.265,21.508
DMG/!NiKo /!47.685,56.118/!m4a1/!allu/!49.122,49.651/!22
DMG/!NiKo /!47.703,56.103/!m4a1/!allu/!49.142,49.641/!22
KILL/!NiKo /!47.703,56.103/!m4a1 HS/!allu/!49.143,49.618
DMG/!NiKo /!47.703,56.103/!m4a1/!allu/!49.143,49.618/!90
DMG/!sergej/!65.121,27.236/!ak47/!rain /!65.666,29.254/!27
DMG/!sergej/!65.335,27.552/!ak47/!rain /!65.666,29.254/!27
DMG/!rain /!65.666,29.254/!ak47/!sergej/!65.446,27.673/!34
DMG/!sergej/!65.462,27.689/!ak47/!rain /!65.666,29.254/!111
KILL/!sergej/!65.462,27.689/!ak47 HS/!rain /!65.666,29.254
DMG/!suNny/!48.802,40.410/!ak47/!NiKo /!49.260,48.518/!27
DMG/!suNny/!48.785,40.411/!ak47/!NiKo /!49.198,48.451/!27
DMG/!suNny/!48.705,40.416/!ak47/!NiKo /!49.106,48.397/!27
DMG/!suNny/!48.689,40.417/!ak47/!NiKo /!49.106,48.397/!34
KILL/!suNny/!48.689,40.417/!ak47/!NiKo /!49.106,48.397
DMG/!Bymas/!37.388,44.320/!ak47/!suNny/!54.976,29.136/!26
DMG/!Bymas/!37.284,44.365/!ak47/!suNny/!54.958,29.032/!33
DMG/!coldzera /!50.112,49.089/!hegrenade/!suNny/!60.187,21.682/!17
DMG/!Bymas/!42.177,21.174/!ak47/!suNny/!59.254,23.767/!26
KILL/!Bymas/!42.177,21.174/!ak47/!suNny/!59.254,23.767
DMG/!coldzera /!46.575,37.859/!m4a1/!sergej/!61.798,28.255/!21
DMG/!sergej/!61.782,28.261/!ak47/!coldzera /!46.569,37.849/!26
DMG/!coldzera /!46.534,37.792/!m4a1/!sergej/!61.766,28.288/!21
DMG/!coldzera /!46.472,37.692/!m4a1/!sergej/!61.766,28.292/!27
KILL/!coldzera /!46.472,37.692/!m4a1/!sergej/!61.766,28.292
DMG/!suNny/!44.370,78.122/!inferno/!coldzera /!22.776,80.622/!1
DMG/!suNny/!45.316,78.013/!inferno/!coldzera /!23.233,80.646/!2
DMG/!suNny/!46.300,77.900/!inferno/!coldzera /!24.002,80.696/!3
DMG/!rain /!56.837,24.342/!m4a1/!Jamppi/!64.207,23.940/!128
KILL/!rain /!56.837,24.342/!m4a1 HS/!Jamppi/!64.207,23.940
DMG/!rain /!61.281,25.140/!m4a1/!Aerial/!47.737,37.554/!21
DMG/!rain /!61.288,25.120/!m4a1/!Aerial/!47.774,37.415/!21
DMG/!Aerial/!47.754,37.328/!mac10/!rain /!61.323,25.159/!13
DMG/!rain /!61.341,25.178/!m4a1/!Aerial/!47.774,37.415/!124
KILL/!rain /!61.341,25.178/!m4a1 HS/!Aerial/!47.774,37.415
DMG/!rain /!61.551,25.429/!m4a1/!allu/!47.439,33.882/!27
DMG/!rain /!61.701,25.675/!m4a1/!allu/!47.540,33.266/!21
DMG/!rain /!62.328,26.103/!m4a1/!allu/!47.455,31.891/!27
KILL/!rain /!62.443,26.157/!m4a1/!allu/!47.456,31.931
DMG/!rain /!62.443,26.157/!m4a1/!allu/!47.456,31.931/!27
DMG/!sergej/!63.880,25.530/!ak47/!broky /!44.150,21.176/!33
DMG/!sergej/!63.884,25.513/!ak47/!broky /!44.143,21.169/!33
DMG/!broky /!44.141,21.176/!awp/!sergej/!63.885,25.508/!439
KILL/!broky /!44.141,21.176/!awp HS/!sergej/!63.885,25.508
DMG/!broky /!46.551,21.426/!awp/!suNny/!53.051,38.240/!11
DMG/!suNny/!53.051,38.240/!deagle/!broky /!46.558,21.424/!160
KILL/!suNny/!53.051,38.240/!deagle HS/!broky /!46.558,21.424
DMG/!rain /!59.874,25.101/!hkp2000/!suNny/!52.852,37.130/!122
KILL/!rain /!59.874,25.101/!usp_silencer HS/!suNny/!52.852,37.130
DMG/!NiKo /!47.342,49.013/!hegrenade/!sergej/!63.822,58.884/!3
DMG/!Jamppi/!73.680,36.065/!ak47/!rain /!62.652,36.161/!27
DMG/!Jamppi/!73.580,36.017/!ak47/!rain /!62.653,36.134/!109
KILL/!Jamppi/!73.580,36.017/!ak47 HS/!rain /!62.653,36.134
DMG/!Aerial/!67.142,37.181/!ak47/!broky /!59.658,28.749/!27
DMG/!Aerial/!67.040,37.287/!ak47/!broky /!60.188,28.621/!26
KILL/!coldzera /!63.165,21.385/!awp/!allu/!69.227,22.782
DMG/!coldzera /!63.165,21.385/!awp/!allu/!69.227,22.782/!111
DMG/!broky /!63.751,28.637/!inferno/!Jamppi/!64.231,38.338/!2
DMG/!broky /!64.188,28.893/!inferno/!Jamppi/!63.604,37.797/!3
DMG/!broky /!64.215,28.934/!inferno/!Jamppi/!62.959,37.293/!4
DMG/!broky /!64.083,28.823/!inferno/!Jamppi/!62.414,36.716/!4
DMG/!broky /!64.112,28.550/!inferno/!Jamppi/!61.937,36.176/!5
DMG/!broky /!64.208,28.467/!inferno/!Jamppi/!61.356,35.503/!6
DMG/!broky /!64.590,28.684/!inferno/!Jamppi/!60.802,34.809/!7
DMG/!broky /!64.590,28.684/!inferno/!Aerial/!61.700,32.651/!7
DMG/!broky /!64.954,28.984/!inferno/!Aerial/!61.300,32.194/!8
DMG/!Aerial/!60.087,29.949/!ak47/!broky /!64.549,29.175/!20
DMG/!NiKo /!47.586,34.898/!inferno/!suNny/!65.868,34.040/!1
DMG/!NiKo /!47.437,34.060/!inferno/!suNny/!65.868,34.040/!2
DMG/!Aerial/!59.889,28.455/!ak47/!broky /!64.802,28.667/!27
KILL/!Aerial/!59.889,28.455/!ak47/!broky /!64.802,28.667
DMG/!NiKo /!47.438,33.359/!inferno/!suNny/!65.873,34.039/!3
DMG/!NiKo /!47.442,33.474/!inferno/!suNny/!66.099,34.201/!4
DMG/!NiKo /!47.436,33.446/!inferno/!suNny/!65.874,34.637/!4
DMG/!NiKo /!47.519,32.996/!inferno/!suNny/!65.922,35.372/!5
DMG/!NiKo /!47.489,32.571/!inferno/!suNny/!66.295,35.958/!6
DMG/!NiKo /!47.500,32.599/!m4a1/!Jamppi/!55.803,28.333/!28
DMG/!NiKo /!47.500,32.599/!m4a1/!Jamppi/!55.780,28.232/!22
DMG/!NiKo /!47.500,32.599/!inferno/!suNny/!67.004,35.911/!7
DMG/!NiKo /!47.500,32.599/!m4a1/!Jamppi/!55.779,28.226/!89
KILL/!NiKo /!47.500,32.599/!m4a1 HS/!Jamppi/!55.779,28.226
DMG/!NiKo /!47.517,32.634/!m4a1/!Aerial/!56.769,29.923/!22
DMG/!NiKo /!47.516,32.630/!m4a1/!Aerial/!56.452,29.884/!28
DMG/!Aerial/!55.647,29.268/!ak47/!NiKo /!47.618,33.321/!27
DMG/!sergej/!45.097,59.512/!galilar/!Bymas/!37.484,46.926/!90
DMG/!NiKo /!47.437,33.650/!m4a1/!Aerial/!54.435,26.745/!22
KILL/!NiKo /!47.439,33.653/!m4a1/!Aerial/!54.281,26.611
DMG/!NiKo /!47.439,33.653/!m4a1/!Aerial/!54.281,26.611/!28
DMG/!sergej/!49.183,51.014/!galilar/!NiKo /!49.720,39.706/!22
DMG/!sergej/!49.271,51.009/!galilar/!NiKo /!49.765,39.708/!90
KILL/!sergej/!49.271,51.009/!galilar HS/!NiKo /!49.765,39.708
DMG/!Bymas/!37.846,38.610/!m4a1/!sergej/!50.669,41.037/!22
KILL/!sergej/!50.718,41.015/!galilar/!Bymas/!37.844,38.622
DMG/!sergej/!50.718,41.015/!galilar/!Bymas/!37.844,38.622/!28
DMG/!suNny/!65.664,27.096/!ak47/!coldzera /!65.149,29.176/!27
DMG/!suNny/!65.651,27.093/!ak47/!coldzera /!65.118,29.176/!27
DMG/!suNny/!65.651,27.093/!ak47/!coldzera /!65.118,29.176/!110
KILL/!suNny/!65.651,27.093/!ak47 HS/!coldzera /!65.118,29.176
DMG/!Aerial/!69.155,66.299/!inferno/!broky /!47.904,45.762/!2
DMG/!Aerial/!69.061,67.171/!inferno/!broky /!47.877,46.544/!3
DMG/!Aerial/!68.504,67.681/!inferno/!broky /!47.656,47.241/!4
DMG/!Aerial/!68.272,67.865/!inferno/!broky /!47.367,47.957/!4
DMG/!Aerial/!68.282,67.760/!inferno/!broky /!47.192,48.681/!5
DMG/!Aerial/!68.207,67.826/!inferno/!broky /!47.258,48.668/!7
DMG/!Aerial/!68.070,68.509/!inferno/!broky /!47.677,48.048/!8
DMG/!Aerial/!67.946,69.327/!inferno/!broky /!48.245,47.290/!8
DMG/!Aerial/!67.775,70.206/!inferno/!broky /!48.464,46.282/!8
DMG/!NiKo /!58.078,60.381/!m4a1/!Jamppi/!66.153,58.398/!24
DMG/!NiKo /!58.081,60.395/!m4a1/!Jamppi/!66.153,57.766/!24
DMG/!NiKo /!58.081,60.395/!m4a1/!Jamppi/!66.153,57.133/!22
DMG/!NiKo /!58.081,60.395/!m4a1/!Jamppi/!66.153,56.553/!22
DMG/!Jamppi/!66.154,56.241/!ak47/!NiKo /!58.081,60.395/!26
DMG/!Jamppi/!66.164,56.261/!ak47/!NiKo /!58.081,60.395/!27
DMG/!Jamppi/!66.176,56.287/!ak47/!NiKo /!58.087,60.406/!27
DMG/!NiKo /!58.090,60.410/!m4a1/!Jamppi/!66.177,56.290/!22
KILL/!NiKo /!58.090,60.410/!m4a1/!Jamppi/!66.177,56.290
DMG/!Aerial/!66.609,60.143/!m4a1/!NiKo /!58.075,60.456/!22
KILL/!Aerial/!66.609,60.143/!m4a1/!NiKo /!58.075,60.456
DMG/!allu/!70.552,62.896/!awp/!broky /!39.707,52.587/!108
KILL/!allu/!70.552,62.896/!awp/!broky /!39.707,52.587
DMG/!Aerial/!48.134,37.041/!m4a1/!rain /!49.165,35.022/!91
KILL/!Aerial/!48.141,37.027/!m4a1 HS/!rain /!49.193,35.072
DMG/!Aerial/!48.141,37.027/!m4a1/!rain /!49.193,35.072/!91
DMG/!coldzera /!40.885,57.938/!m4a1/!suNny/!39.218,38.357/!87
DMG/!coldzera /!40.846,57.938/!m4a1/!suNny/!39.233,38.356/!21
KILL/!coldzera /!40.846,57.938/!m4a1/!suNny/!39.233,38.356
DMG/!unnamed/!NAN/!/!sergej/!75.057,33.091/!21
DMG/!unnamed/!NAN/!/!allu/!70.504,33.382/!47
DMG/!unnamed/!NAN/!/!Aerial/!75.681,33.327/!19
DMG/!rain /!63.883,28.346/!hegrenade/!Jamppi/!74.054,37.442/!1
DMG/!rain /!63.883,28.346/!hegrenade/!Aerial/!72.523,33.308/!44
DMG/!Aerial/!63.697,36.465/!ak47/!rain /!61.434,28.985/!27
KILL/!Aerial/!63.423,36.341/!ak47 HS/!rain /!61.439,28.894
DMG/!Aerial/!63.423,36.341/!ak47/!rain /!61.439,28.894/!141
DMG/!NiKo /!57.086,23.975/!inferno/!suNny/!68.539,35.539/!4
DMG/!NiKo /!57.076,24.181/!inferno/!suNny/!68.163,35.808/!5
DMG/!NiKo /!56.959,24.347/!inferno/!suNny/!67.394,35.889/!6
DMG/!NiKo /!56.609,24.253/!inferno/!suNny/!66.480,35.831/!7
DMG/!NiKo /!56.584,24.014/!inferno/!suNny/!65.590,35.508/!8
DMG/!NiKo /!56.646,23.912/!deagle/!Aerial/!59.527,25.905/!54
DMG/!NiKo /!56.645,23.913/!deagle/!Aerial/!59.463,25.751/!54
KILL/!NiKo /!56.645,23.913/!deagle/!Aerial/!59.463,25.751
DMG/!NiKo /!56.589,23.951/!deagle/!Jamppi/!62.207,27.164/!51
DMG/!Jamppi/!62.293,27.020/!ak47/!NiKo /!56.542,23.899/!27
DMG/!NiKo /!56.536,23.895/!inferno/!allu/!70.684,35.098/!8
DMG/!Jamppi/!62.318,26.975/!ak47/!NiKo /!56.522,23.907/!27
DMG/!Jamppi/!62.344,26.923/!ak47/!NiKo /!56.508,23.932/!27
DMG/!NiKo /!56.504,23.939/!inferno/!allu/!70.919,35.753/!8
DMG/!NiKo /!56.484,23.978/!deagle/!Jamppi/!62.376,26.850/!50
KILL/!NiKo /!56.484,23.978/!deagle/!Jamppi/!62.376,26.850
DMG/!NiKo /!56.463,24.019/!inferno/!allu/!71.190,36.464/!8
DMG/!NiKo /!56.412,24.124/!inferno/!allu/!71.457,37.112/!8
DMG/!sergej/!64.043,24.601/!ak47/!NiKo /!56.088,24.158/!27
KILL/!sergej/!64.043,24.601/!ak47/!NiKo /!56.088,24.158
DMG/!broky /!34.822,23.654/!inferno/!suNny/!60.073,21.611/!1
DMG/!broky /!34.833,23.631/!inferno/!suNny/!60.063,21.605/!2
DMG/!broky /!34.830,23.468/!inferno/!suNny/!60.063,21.605/!3
DMG/!broky /!34.813,22.949/!inferno/!suNny/!60.075,21.624/!4
DMG/!broky /!35.103,22.312/!inferno/!suNny/!60.166,21.834/!4
DMG/!coldzera /!38.432,42.336/!famas/!sergej/!56.756,32.247/!77
DMG/!sergej/!56.763,32.258/!ak47/!coldzera /!38.420,42.299/!26
DMG/!sergej/!56.758,32.250/!ak47/!coldzera /!38.419,42.295/!33
DMG/!sergej/!56.734,32.204/!ak47/!coldzera /!38.420,42.296/!26
DMG/!sergej/!56.737,32.209/!ak47/!coldzera /!38.447,42.348/!26
KILL/!sergej/!56.737,32.209/!ak47/!coldzera /!38.447,42.348
DMG/!unnamed/!NAN/!/!Bymas/!34.976,35.039/!22
DMG/!unnamed/!NAN/!/!broky /!23.318,27.113/!2
DMG/!unnamed/!NAN/!/!sergej/!37.212,44.652/!10
DMG/!unnamed/!NAN/!/!suNny/!84.841,47.672/!1
DMG/!broky /!24.898,54.924/!awp/!Aerial/!28.138,80.046/!62
DMG/!Bymas/!35.135,69.087/!m4a1/!Aerial/!27.402,78.068/!27
KILL/!Bymas/!35.161,69.091/!m4a1/!Aerial/!27.259,77.682
DMG/!Bymas/!35.161,69.091/!m4a1/!Aerial/!27.259,77.682/!23
DMG/!suNny/!45.120,39.984/!ak47/!NiKo /!56.272,23.658/!34
DMG/!suNny/!45.120,39.983/!ak47/!NiKo /!56.389,23.733/!43
DMG/!suNny/!45.112,39.978/!ak47/!NiKo /!56.482,23.797/!34
KILL/!suNny/!45.112,39.978/!ak47/!NiKo /!56.482,23.797
DMG/!rain /!54.041,26.144/!deagle/!suNny/!45.111,39.977/!41
DMG/!rain /!53.528,25.812/!deagle/!suNny/!45.005,39.907/!22
DMG/!suNny/!44.970,39.885/!ak47/!rain /!53.385,25.725/!18
DMG/!suNny/!44.935,39.863/!ak47/!rain /!53.318,25.685/!18
DMG/!Jamppi/!23.942,80.443/!ak47/!Bymas/!36.406,69.219/!33
DMG/!Bymas/!36.402,69.215/!m4a1/!Jamppi/!23.927,80.426/!21
DMG/!Bymas/!36.394,69.206/!m4a1/!Jamppi/!23.886,80.380/!27
DMG/!suNny/!44.992,39.902/!ak47/!rain /!53.246,25.636/!19
DMG/!Jamppi/!23.896,80.391/!ak47/!Bymas/!36.394,69.206/!107
KILL/!Jamppi/!23.896,80.391/!ak47 HS/!Bymas/!36.394,69.206
DMG/!rain /!53.309,25.674/!deagle/!suNny/!44.981,39.895/!10
DMG/!suNny/!44.925,39.863/!ak47/!rain /!53.079,25.538/!23
DMG/!coldzera /!47.955,69.542/!deagle/!Jamppi/!26.679,77.539/!144
KILL/!coldzera /!47.955,69.542/!deagle HS/!Jamppi/!26.679,77.539
DMG/!allu/!31.804,81.495/!awp/!broky /!22.419,54.275/!136
KILL/!allu/!31.804,81.495/!awp/!broky /!22.419,54.275
DMG/!rain /!56.776,31.858/!deagle/!suNny/!38.729,40.975/!151
KILL/!rain /!56.776,31.858/!deagle HS/!suNny/!38.729,40.975
DMG/!sergej/!28.006,78.002/!ak47/!coldzera /!47.593,68.164/!43
DMG/!sergej/!28.006,78.000/!ak47/!coldzera /!47.459,67.892/!34
DMG/!coldzera /!47.319,67.617/!deagle/!sergej/!27.991,77.971/!36
KILL/!sergej/!28.019,78.021/!ak47/!coldzera /!47.321,67.622
DMG/!sergej/!28.019,78.021/!ak47/!coldzera /!47.321,67.622/!34
DMG/!unnamed/!NAN/!/!sergej/!49.166,61.227/!20
DMG/!unnamed/!NAN/!/!allu/!57.383,80.194/!3
DMG/!allu/!77.214,37.065/!awp/!NiKo /!48.224,33.524/!446
KILL/!allu/!77.214,37.065/!awp HS/!NiKo /!48.224,33.524
DMG/!suNny/!43.182,59.377/!hegrenade/!broky /!36.296,47.784/!18
DMG/!Aerial/!69.631,33.741/!ak47/!rain /!66.351,37.159/!142
KILL/!Aerial/!69.631,33.741/!ak47 HS/!rain /!66.351,37.159
DMG/!allu/!68.134,37.310/!awp/!broky /!42.903,18.552/!108
KILL/!allu/!68.134,37.310/!awp/!broky /!42.903,18.552
DMG/!sergej/!59.020,21.080/!hegrenade/!Bymas/!35.269,23.975/!40
DMG/!sergej/!59.020,21.080/!hegrenade/!coldzera /!33.991,25.159/!20
DMG/!sergej/!57.360,20.052/!ak47/!Bymas/!42.561,20.862/!33
DMG/!sergej/!57.361,20.068/!ak47/!Bymas/!42.560,20.976/!27
KILL/!sergej/!57.361,20.068/!ak47/!Bymas/!42.560,20.976
DMG/!sergej/!57.180,21.227/!ak47/!coldzera /!39.497,20.864/!26
DMG/!sergej/!57.175,21.223/!ak47/!coldzera /!39.493,20.854/!26
DMG/!coldzera /!39.493,20.853/!m4a1/!sergej/!57.175,21.221/!21
DMG/!sergej/!57.176,21.192/!ak47/!coldzera /!39.493,20.847/!107
KILL/!sergej/!57.176,21.192/!ak47 HS/!coldzera /!39.493,20.847
DMG/!Bymas/!23.395,75.938/!inferno/!allu/!42.391,79.326/!1
DMG/!Bymas/!22.912,75.333/!inferno/!allu/!42.020,78.709/!2
DMG/!Bymas/!22.546,74.326/!inferno/!allu/!42.058,77.524/!4
DMG/!Bymas/!22.832,74.050/!inferno/!allu/!42.671,77.370/!4
DMG/!Bymas/!22.897,74.048/!inferno/!allu/!43.103,77.652/!5
DMG/!Bymas/!22.649,74.517/!inferno/!allu/!43.537,77.815/!6
DMG/!Bymas/!22.271,75.236/!inferno/!allu/!44.190,77.918/!7
DMG/!Aerial/!63.837,38.846/!ak47/!rain /!57.035,19.611/!14
DMG/!rain /!58.594,20.133/!m4a1/!Jamppi/!60.574,35.113/!22
DMG/!Jamppi/!60.567,35.115/!ak47/!rain /!58.602,20.133/!27
DMG/!rain /!58.609,20.132/!m4a1/!Jamppi/!60.558,35.116/!22
DMG/!rain /!58.629,20.129/!m4a1/!Jamppi/!60.536,35.119/!22
DMG/!rain /!58.658,20.125/!m4a1/!Jamppi/!60.532,35.119/!88
KILL/!rain /!58.658,20.125/!m4a1 HS/!Jamppi/!60.532,35.119
DMG/!Aerial/!59.994,34.314/!ak47/!rain /!58.833,20.101/!27
DMG/!Aerial/!59.994,34.314/!ak47/!rain /!58.870,20.098/!33
KILL/!Aerial/!59.994,34.314/!ak47/!rain /!58.870,20.098
DMG/!NiKo /!44.224,16.026/!m4a1/!sergej/!53.227,36.813/!21
DMG/!NiKo /!44.224,16.026/!m4a1/!sergej/!53.112,36.809/!21
DMG/!NiKo /!44.224,16.026/!m4a1/!sergej/!53.032,36.844/!21
DMG/!NiKo /!44.224,16.026/!m4a1/!sergej/!52.871,36.867/!21
DMG/!NiKo /!44.224,16.026/!m4a1/!sergej/!52.672,36.882/!23
KILL/!NiKo /!44.224,16.026/!m4a1/!sergej/!52.672,36.882
DMG/!Aerial/!57.643,30.206/!ak47/!NiKo /!44.051,16.571/!10
DMG/!Aerial/!58.169,30.853/!ak47/!NiKo /!43.719,17.476/!14
DMG/!NiKo /!43.705,17.336/!flashbang/!Aerial/!58.135,31.355/!1
DMG/!NiKo /!44.527,17.267/!m4a1/!Aerial/!60.948,37.718/!85
DMG/!Aerial/!63.060,36.030/!ak47/!NiKo /!45.854,16.590/!33
DMG/!Aerial/!63.047,36.042/!ak47/!NiKo /!45.866,16.561/!25
DMG/!NiKo /!45.862,16.563/!m4a1/!Aerial/!63.045,36.044/!21
KILL/!NiKo /!45.862,16.563/!m4a1/!Aerial/!63.045,36.044
DMG/!suNny/!48.310,43.176/!ak47/!Bymas/!54.683,20.701/!106
KILL/!suNny/!48.310,43.176/!ak47 HS/!Bymas/!54.683,20.701
DMG/!suNny/!48.405,43.187/!ak47/!coldzera /!50.262,41.196/!27
DMG/!coldzera /!50.283,41.208/!m4a1/!suNny/!48.385,43.175/!22
DMG/!suNny/!48.370,43.173/!ak47/!coldzera /!50.284,41.208/!27
DMG/!coldzera /!50.284,41.208/!m4a1/!suNny/!48.351,43.173/!91
KILL/!coldzera /!50.284,41.208/!m4a1 HS/!suNny/!48.351,43.173
DMG/!NiKo /!40.144,51.879/!hegrenade/!Jamppi/!64.500,60.286/!20
DMG/!NiKo /!40.144,51.879/!hegrenade/!Aerial/!62.717,58.117/!1
DMG/!NiKo /!40.144,51.879/!hegrenade/!allu/!70.127,65.110/!10
DMG/!NiKo /!40.267,52.909/!ak47/!Aerial/!61.218,56.401/!25
DMG/!Aerial/!61.276,55.107/!ak47/!NiKo /!40.181,52.705/!26
DMG/!NiKo /!40.125,52.633/!ak47/!Jamppi/!61.021,60.296/!33
DMG/!coldzera /!43.920,64.869/!hegrenade/!Aerial/!56.275,51.340/!10
DMG/!rain /!72.225,34.137/!m4a1/!sergej/!75.608,40.698/!22
DMG/!sergej/!75.597,40.706/!ak47/!rain /!72.220,34.138/!27
DMG/!sergej/!75.560,40.727/!ak47/!rain /!72.307,34.094/!27
DMG/!sergej/!75.519,40.747/!ak47/!rain /!72.400,34.049/!27
DMG/!sergej/!75.523,40.745/!ak47/!rain /!72.458,34.022/!27
KILL/!sergej/!75.523,40.745/!ak47/!rain /!72.458,34.022
DMG/!Aerial/!46.859,70.055/!ak47/!Bymas/!16.250,71.836/!26
DMG/!Aerial/!46.823,70.132/!ak47/!Bymas/!16.242,71.705/!32
DMG/!Aerial/!46.820,70.511/!ak47/!Bymas/!16.228,71.315/!32
DMG/!allu/!46.628,65.833/!awp/!broky /!52.531,23.188/!82
DMG/!coldzera /!23.138,54.663/!m4a1/!Aerial/!30.728,78.374/!85
KILL/!coldzera /!23.138,54.663/!m4a1 HS/!Aerial/!30.728,78.374
DMG/!suNny/!21.780,77.717/!inferno/!suNny/!21.780,77.717/!8
DMG/!suNny/!21.337,77.472/!inferno/!suNny/!21.337,77.472/!8
KILL/!suNny/!18.831,76.511/!ak47 HS/!coldzera /!17.855,58.039
DMG/!suNny/!18.831,76.511/!ak47/!coldzera /!17.855,58.039/!107
DMG/!Bymas/!17.148,75.269/!m4a1/!sergej/!25.584,81.355/!27
KILL/!sergej/!25.603,81.329/!ak47/!Bymas/!17.131,75.312
DMG/!sergej/!25.603,81.329/!ak47/!Bymas/!17.131,75.312/!27
KILL/!allu/!35.580,74.914/!awp/!NiKo /!48.025,67.338
DMG/!allu/!35.580,74.914/!awp/!NiKo /!48.025,67.338/!110
DMG/!unnamed/!NAN/!/!Jamppi/!17.489,53.217/!30
DMG/!unnamed/!NAN/!/!allu/!43.693,62.660/!29
DMG/!unnamed/!NAN/!/!broky /!44.317,57.970/!16
DMG/!sergej/!64.063,22.655/!ak47/!NiKo /!56.373,36.592/!139
KILL/!sergej/!64.063,22.655/!ak47 HS/!NiKo /!56.373,36.592
DMG/!rain /!59.639,34.263/!p250/!sergej/!64.575,27.054/!21
DMG/!rain /!59.825,34.376/!p250/!sergej/!64.791,27.260/!15
DMG/!rain /!60.152,34.203/!p250/!sergej/!64.747,27.233/!88
KILL/!rain /!60.152,34.203/!p250 HS/!sergej/!64.747,27.233
DMG/!rain /!61.578,33.514/!p250/!Aerial/!59.859,24.053/!21
DMG/!rain /!61.809,33.286/!p250/!Aerial/!59.127,23.746/!21
DMG/!Aerial/!59.145,23.730/!ak47/!rain /!61.924,33.151/!27
DMG/!Aerial/!59.292,23.686/!ak47/!rain /!62.123,33.073/!26
DMG/!rain /!62.140,33.067/!p250/!Aerial/!59.294,23.685/!87
KILL/!rain /!62.140,33.067/!p250 HS/!Aerial/!59.294,23.685
DMG/!Jamppi/!64.487,38.756/!ak47/!rain /!61.756,33.057/!34
DMG/!Jamppi/!64.340,38.808/!ak47/!rain /!61.738,33.037/!34
KILL/!Jamppi/!64.340,38.808/!ak47/!rain /!61.738,33.037
DMG/!broky /!28.368,56.168/!awp/!allu/!17.990,75.117/!438
KILL/!broky /!28.368,56.168/!awp HS/!allu/!17.990,75.117
DMG/!coldzera /!18.467,57.262/!awp/!suNny/!15.402,74.767/!110
KILL/!coldzera /!18.467,57.262/!awp/!suNny/!15.402,74.767
DMG/!Jamppi/!25.482,71.670/!ak47/!Bymas/!48.356,68.290/!106
KILL/!Jamppi/!25.482,71.670/!ak47 HS/!Bymas/!48.356,68.290
DMG/!Jamppi/!25.723,71.676/!ak47/!coldzera /!18.373,71.338/!26
DMG/!Jamppi/!25.730,71.671/!ak47/!coldzera /!18.328,71.852/!34
DMG/!coldzera /!18.305,72.109/!hkp2000/!Jamppi/!25.762,71.671/!16
DMG/!Jamppi/!25.822,71.671/!ak47/!coldzera /!18.289,72.292/!27
DMG/!Jamppi/!26.050,71.670/!ak47/!coldzera /!18.173,73.619/!26
KILL/!Jamppi/!26.050,71.670/!ak47/!coldzera /!18.173,73.619
DMG/!Jamppi/!26.399,71.638/!ak47/!broky /!21.205,71.631/!27
DMG/!Jamppi/!26.400,71.784/!ak47/!broky /!21.213,71.623/!110
KILL/!Jamppi/!26.400,71.784/!ak47 HS/!broky /!21.213,71.623
KILL/!Jamppi/!49.517,60.224/!awp/!rain /!65.402,59.188
DMG/!Jamppi/!49.517,60.224/!awp/!rain /!65.402,59.188/!137
DMG/!NiKo /!44.448,52.155/!ak47/!suNny/!48.527,53.449/!27
DMG/!suNny/!48.456,53.235/!m4a1/!NiKo /!44.431,52.147/!91
DMG/!suNny/!48.458,53.235/!m4a1/!NiKo /!44.431,52.148/!28
KILL/!suNny/!48.458,53.235/!m4a1/!NiKo /!44.431,52.148
DMG/!Aerial/!21.351,79.470/!hegrenade/!coldzera /!40.073,80.014/!35
DMG/!Aerial/!25.978,72.616/!m4a1/!coldzera /!31.400,80.725/!23
DMG/!coldzera /!26.612,80.342/!ak47/!Jamppi/!47.335,67.397/!10
DMG/!coldzera /!26.602,80.336/!ak47/!Jamppi/!47.325,67.381/!26
DMG/!Jamppi/!47.317,67.369/!awp/!coldzera /!26.602,80.336/!326
KILL/!Jamppi/!47.317,67.369/!awp HS WB/!coldzera /!26.602,80.336
DMG/!Aerial/!22.813,74.475/!m4a1/!broky /!31.061,83.679/!22
DMG/!broky /!30.829,83.449/!awp/!Aerial/!22.964,74.347/!70
DMG/!Bymas/!35.778,48.096/!ak47/!allu/!31.580,41.558/!27
DMG/!Jamppi/!46.958,67.437/!awp/!broky /!26.247,80.789/!136
KILL/!Jamppi/!46.958,67.437/!awp/!broky /!26.247,80.789
DMG/!allu/!47.362,48.935/!awp/!rain /!66.054,61.076/!84
DMG/!allu/!44.842,39.688/!hegrenade/!rain /!53.969,55.962/!18
DMG/!allu/!44.842,39.688/!hegrenade/!NiKo /!52.641,54.484/!28
KILL/!allu/!44.842,39.688/!hegrenade/!rain /!53.969,55.962
DMG/!coldzera /!69.506,20.707/!inferno/!sergej/!63.485,26.041/!1
DMG/!coldzera /!69.141,20.486/!inferno/!sergej/!62.795,25.636/!2
DMG/!suNny/!40.048,38.441/!m4a1/!NiKo /!38.076,46.374/!28
DMG/!suNny/!40.047,38.457/!m4a1/!NiKo /!38.075,46.372/!90
KILL/!suNny/!40.047,38.457/!m4a1 HS/!NiKo /!38.075,46.372
DMG/!sergej/!64.666,27.132/!ak47/!broky /!51.566,34.834/!27
DMG/!broky /!51.620,34.933/!ak47/!sergej/!64.670,27.138/!33
DMG/!sergej/!64.675,27.148/!ak47/!broky /!51.598,34.894/!108
KILL/!sergej/!64.675,27.148/!ak47 HS/!broky /!51.598,34.894
DMG/!allu/!38.507,20.466/!awp/!coldzera /!64.195,24.906/!109
KILL/!allu/!38.507,20.466/!awp/!coldzera /!64.195,24.906
DMG/!Bymas/!60.947,39.003/!ak47/!sergej/!63.677,29.142/!34
DMG/!sergej/!63.665,29.143/!ak47/!Bymas/!60.952,39.004/!27
DMG/!sergej/!63.681,29.147/!ak47/!Bymas/!60.946,39.001/!27
DMG/!Bymas/!60.946,39.001/!ak47/!sergej/!63.683,29.148/!27
DMG/!Bymas/!60.947,39.001/!ak47/!sergej/!63.689,29.150/!27
KILL/!Bymas/!60.947,39.001/!ak47/!sergej/!63.689,29.150
DMG/!allu/!48.228,25.549/!awp/!Bymas/!59.957,36.595/!110
KILL/!allu/!48.228,25.549/!awp/!Bymas/!59.957,36.595
