faze-vs-ence-nuke.out
de_nuke
DMG/!Jamppi/!77.077,29.280/!knife/!broky /!75.971,29.794/!55
DMG/!broky /!76.039,29.609/!knife/!Jamppi/!77.045,29.937/!55
KILL/!rain /!77.513,30.715/!knife_butterfly/!Jamppi/!77.486,29.744
DMG/!rain /!77.513,30.715/!knife/!Jamppi/!77.486,29.744/!55
DMG/!broky /!77.743,30.303/!knife/!Aerial/!78.894,31.276/!55
DMG/!rain /!77.905,31.098/!knife/!Aerial/!78.889,31.269/!55
KILL/!rain /!77.905,31.098/!knife_butterfly/!Aerial/!78.889,31.269
DMG/!Bymas/!64.707,25.086/!knife/!allu/!65.066,24.146/!33
DMG/!allu/!65.055,24.162/!knife/!Bymas/!64.694,25.040/!33
DMG/!sergej/!78.726,30.993/!knife/!rain /!77.880,31.207/!55
DMG/!Bymas/!63.886,24.756/!knife/!allu/!64.290,23.863/!21
DMG/!allu/!64.263,23.854/!knife/!Bymas/!63.860,24.749/!21
DMG/!broky /!78.566,30.625/!knife/!sergej/!78.507,31.340/!55
DMG/!rain /!77.883,31.240/!knife/!sergej/!78.507,31.340/!55
KILL/!rain /!77.883,31.240/!knife_butterfly/!sergej/!78.507,31.340
DMG/!Bymas/!63.458,24.477/!knife/!allu/!63.572,23.847/!55
KILL/!Bymas/!63.458,24.477/!knife_butterfly/!allu/!63.572,23.847
DMG/!suNny/!76.525,30.450/!knife/!NiKo /!77.480,30.266/!33
DMG/!NiKo /!77.525,30.210/!knife/!suNny/!76.723,30.579/!55
DMG/!suNny/!76.793,29.928/!knife/!NiKo /!78.052,30.543/!21
DMG/!suNny/!77.487,30.654/!knife/!NiKo /!78.268,30.758/!55
KILL/!suNny/!77.487,30.654/!knife_butterfly/!NiKo /!78.268,30.758
DMG/!rain /!77.388,31.241/!knife/!suNny/!76.924,31.305/!55
KILL/!rain /!77.388,31.241/!knife_butterfly/!suNny/!76.924,31.305
DMG/!broky /!74.475,29.105/!knife/!rain /!73.850,28.781/!22
DMG/!coldzera /!75.225,27.183/!knife/!Bymas/!74.922,26.174/!22
DMG/!coldzera /!75.739,25.785/!knife/!Bymas/!74.891,24.303/!8
KILL/!rain /!73.686,39.406/!usp_silencer HS/!suNny/!57.205,45.453
DMG/!rain /!73.686,39.406/!hkp2000/!suNny/!57.205,45.453/!118
DMG/!sergej/!75.568,51.321/!glock/!NiKo /!77.521,39.494/!98
DMG/!Jamppi/!72.945,49.969/!glock/!NiKo /!76.799,39.167/!99
KILL/!Jamppi/!72.945,49.969/!glock HS/!NiKo /!76.799,39.167
DMG/!rain /!72.824,38.346/!hkp2000/!sergej/!75.961,51.874/!15
DMG/!rain /!72.831,38.366/!hkp2000/!sergej/!75.705,51.805/!15
DMG/!sergej/!76.088,51.718/!glock/!rain /!72.948,38.347/!96
DMG/!Aerial/!76.461,49.568/!glock/!rain /!72.567,38.509/!99
KILL/!Aerial/!76.461,49.568/!glock HS/!rain /!72.567,38.509
DMG/!broky /!82.008,59.960/!hkp2000/!Aerial/!78.305,47.302/!15
DMG/!allu/!69.277,42.304/!glock/!coldzera /!77.821,35.149/!11
DMG/!broky /!81.891,59.970/!hkp2000/!Aerial/!79.120,47.567/!15
DMG/!allu/!69.829,42.657/!glock/!coldzera /!77.565,34.857/!11
DMG/!allu/!69.766,42.605/!glock/!coldzera /!77.684,34.983/!14
DMG/!coldzera /!77.681,34.980/!hkp2000/!allu/!69.741,42.582/!126
KILL/!coldzera /!77.681,34.980/!usp_silencer HS/!allu/!69.741,42.582
DMG/!coldzera /!77.418,35.044/!hkp2000/!Jamppi/!71.864,53.340/!116
KILL/!coldzera /!77.418,35.044/!usp_silencer HS/!Jamppi/!71.864,53.340
DMG/!Aerial/!77.245,51.694/!glock/!coldzera /!76.298,35.010/!10
DMG/!Aerial/!77.223,51.693/!glock/!coldzera /!76.613,34.994/!10
DMG/!coldzera /!76.784,34.988/!hkp2000/!Aerial/!77.230,51.693/!15
DMG/!Aerial/!77.190,51.694/!glock/!coldzera /!76.738,34.989/!91
KILL/!Aerial/!77.190,51.694/!glock HS/!coldzera /!76.738,34.989
DMG/!broky /!81.550,60.595/!hkp2000/!sergej/!78.230,57.007/!20
DMG/!broky /!81.828,60.287/!hkp2000/!sergej/!78.366,56.895/!20
DMG/!sergej/!78.462,56.808/!glock/!broky /!82.099,59.983/!26
DMG/!broky /!82.718,60.357/!hkp2000/!Aerial/!74.995,55.432/!23
DMG/!Aerial/!74.855,55.218/!glock/!Bymas/!82.576,59.670/!11
DMG/!Bymas/!82.523,59.669/!hkp2000/!Aerial/!74.870,55.191/!23
DMG/!Aerial/!74.844,55.236/!glock/!Bymas/!82.611,59.643/!11
DMG/!broky /!82.585,60.355/!hkp2000/!Aerial/!74.861,55.206/!19
KILL/!broky /!82.585,60.355/!usp_silencer/!Aerial/!74.861,55.206
DMG/!broky /!81.670,51.202/!hkp2000/!sergej/!73.660,52.513/!20
DMG/!unnamed/!NAN/!/!broky /!79.310,54.227/!17
DMG/!unnamed/!NAN/!/!Bymas/!77.652,57.074/!20
KILL/!broky /!75.393,57.909/!usp_silencer HS/!sergej/!73.660,52.446
DMG/!broky /!75.393,57.909/!hkp2000/!sergej/!73.660,52.446/!132
DMG/!allu/!55.371,47.463/!hegrenade/!rain /!78.693,35.293/!17
DMG/!rain /!79.474,34.325/!famas/!suNny/!87.011,20.171/!19
DMG/!rain /!79.465,34.342/!famas/!suNny/!87.497,20.079/!21
DMG/!Jamppi/!84.365,57.127/!mac10/!Bymas/!76.274,61.597/!54
DMG/!Jamppi/!84.344,56.984/!mac10/!Bymas/!76.275,61.584/!13
DMG/!Jamppi/!84.275,56.798/!mac10/!Bymas/!76.294,61.621/!13
DMG/!Jamppi/!84.169,56.567/!mac10/!Bymas/!76.318,61.669/!13
DMG/!Jamppi/!84.169,56.226/!mac10/!Bymas/!76.313,61.662/!13
KILL/!Jamppi/!84.169,56.226/!mac10/!Bymas/!76.313,61.662
DMG/!Aerial/!73.167,55.345/!ak47/!rain /!79.801,66.349/!27
DMG/!Aerial/!73.154,55.354/!ak47/!rain /!79.801,66.338/!27
DMG/!Aerial/!73.153,55.354/!ak47/!rain /!79.797,66.437/!27
DMG/!Aerial/!73.153,55.354/!ak47/!rain /!79.785,66.511/!27
KILL/!Aerial/!73.153,55.354/!ak47/!rain /!79.785,66.511
DMG/!Aerial/!73.154,55.352/!ak47/!broky /!79.763,67.158/!27
DMG/!broky /!79.686,67.228/!ssg08/!Aerial/!73.158,55.350/!72
DMG/!Aerial/!73.158,55.350/!ak47/!broky /!79.657,67.249/!27
DMG/!Aerial/!73.158,55.350/!ak47/!broky /!79.513,67.333/!27
DMG/!Aerial/!73.158,55.350/!ak47/!broky /!79.141,67.456/!9
DMG/!allu/!76.047,40.170/!deagle/!broky /!79.039,67.506/!32
KILL/!allu/!76.047,40.170/!deagle/!broky /!79.039,67.506
DMG/!NiKo /!71.261,68.732/!m4a1/!allu/!77.152,40.429/!21
DMG/!NiKo /!71.261,68.732/!m4a1/!allu/!77.168,40.433/!21
DMG/!allu/!77.168,40.433/!deagle/!NiKo /!71.261,68.732/!126
KILL/!allu/!77.168,40.433/!deagle HS/!NiKo /!71.261,68.732
DMG/!Jamppi/!79.514,67.765/!mac10/!coldzera /!75.519,69.903/!15
DMG/!Jamppi/!79.442,67.792/!mac10/!coldzera /!75.540,69.888/!15
DMG/!Jamppi/!79.370,67.738/!mac10/!coldzera /!75.533,69.869/!15
DMG/!Jamppi/!79.236,67.588/!mac10/!coldzera /!75.510,69.818/!60
KILL/!Jamppi/!79.236,67.588/!mac10 HS/!coldzera /!75.510,69.818
DMG/!suNny/!72.250,22.800/!ak47/!NiKo /!75.355,25.536/!35
DMG/!suNny/!72.241,22.888/!ak47/!NiKo /!75.141,25.582/!142
KILL/!suNny/!72.241,22.888/!ak47 HS/!NiKo /!75.141,25.582
DMG/!suNny/!77.794,22.627/!ak47/!rain /!80.546,34.798/!140
KILL/!suNny/!77.794,22.627/!ak47 HS/!rain /!80.546,34.798
DMG/!suNny/!91.815,52.729/!ak47/!broky /!88.874,60.995/!35
DMG/!suNny/!91.901,52.768/!ak47/!broky /!88.938,61.018/!35
DMG/!suNny/!91.913,52.773/!ak47/!broky /!88.946,61.020/!35
KILL/!suNny/!91.913,52.773/!ak47/!broky /!88.946,61.020
KILL/!suNny/!89.438,33.229/!ak47 HS/!coldzera /!76.477,35.955
DMG/!suNny/!89.438,33.229/!ak47/!coldzera /!76.477,35.955/!140
DMG/!Bymas/!76.555,32.823/!deagle/!suNny/!97.173,45.136/!35
DMG/!Bymas/!76.697,32.911/!deagle/!suNny/!97.333,45.017/!35
DMG/!suNny/!97.316,45.047/!ak47/!Bymas/!76.704,32.952/!137
KILL/!suNny/!97.316,45.047/!ak47 HS/!Bymas/!76.704,32.952
DMG/!Aerial/!83.231,18.249/!ak47/!NiKo /!83.195,51.994/!5
DMG/!Aerial/!83.215,18.249/!ak47/!NiKo /!83.180,51.993/!5
DMG/!NiKo /!83.167,51.993/!hkp2000/!Aerial/!82.964,18.251/!12
DMG/!broky /!83.011,56.502/!hkp2000/!Aerial/!82.917,18.251/!49
DMG/!broky /!83.072,56.502/!hkp2000/!Aerial/!82.662,18.256/!12
DMG/!Aerial/!82.566,18.259/!ak47/!NiKo /!83.173,51.993/!134
KILL/!Aerial/!82.566,18.259/!ak47 HS/!NiKo /!83.173,51.993
DMG/!broky /!83.182,56.500/!hkp2000/!Aerial/!82.429,18.262/!12
DMG/!Bymas/!83.154,56.617/!hkp2000/!Aerial/!82.410,18.263/!12
DMG/!rain /!93.543,32.273/!hkp2000/!Aerial/!75.906,19.343/!57
KILL/!rain /!93.543,32.273/!usp_silencer HS/!Aerial/!75.906,19.343
DMG/!Jamppi/!75.711,26.599/!m4a1/!rain /!93.243,31.746/!31
DMG/!Jamppi/!75.743,26.484/!m4a1/!rain /!93.209,31.780/!31
DMG/!suNny/!66.825,33.107/!ak47/!rain /!95.415,36.944/!33
DMG/!rain /!94.794,37.295/!hkp2000/!suNny/!66.621,36.025/!53
DMG/!broky /!75.588,55.833/!hkp2000/!sergej/!70.401,49.566/!16
DMG/!coldzera /!69.585,47.217/!hegrenade/!allu/!65.608,43.566/!2
DMG/!coldzera /!69.585,47.217/!hegrenade/!suNny/!66.226,41.925/!7
DMG/!coldzera /!69.585,48.142/!hkp2000/!sergej/!71.116,52.436/!16
DMG/!broky /!75.979,55.472/!hkp2000/!sergej/!71.020,52.366/!16
DMG/!coldzera /!69.585,48.482/!hkp2000/!sergej/!70.076,51.607/!68
KILL/!coldzera /!69.585,48.482/!usp_silencer HS/!sergej/!70.076,51.607
DMG/!broky /!75.796,56.026/!hkp2000/!Jamppi/!69.318,51.092/!65
DMG/!Jamppi/!69.380,51.031/!m4a1/!broky /!76.297,55.386/!40
DMG/!Jamppi/!69.377,51.035/!m4a1/!broky /!76.389,55.258/!24
DMG/!coldzera /!69.273,50.393/!hkp2000/!Jamppi/!69.365,51.055/!17
DMG/!coldzera /!69.313,50.303/!hkp2000/!Jamppi/!69.273,51.216/!17
DMG/!Jamppi/!69.273,51.385/!m4a1/!broky /!76.189,55.372/!32
KILL/!Jamppi/!69.273,51.516/!m4a1/!broky /!76.190,55.372
DMG/!Jamppi/!69.273,51.516/!m4a1/!broky /!76.190,55.372/!32
DMG/!Jamppi/!69.443,52.603/!m4a1/!coldzera /!69.315,51.594/!32
DMG/!Jamppi/!69.463,52.815/!m4a1/!coldzera /!69.311,51.600/!131
KILL/!Jamppi/!69.463,52.815/!m4a1 HS/!coldzera /!69.311,51.600
DMG/!Jamppi/!71.781,54.943/!glock/!Bymas/!77.250,39.185/!91
DMG/!Jamppi/!72.030,54.977/!glock/!Bymas/!77.212,39.163/!22
KILL/!Jamppi/!72.030,54.977/!glock/!Bymas/!77.212,39.163
DMG/!suNny/!70.454,37.950/!ak47/!rain /!67.708,41.670/!142
KILL/!suNny/!70.454,37.950/!ak47 HS/!rain /!67.708,41.670
DMG/!Jamppi/!77.880,43.043/!m4a1/!Bymas/!79.053,65.896/!21
DMG/!Jamppi/!77.818,43.216/!m4a1/!Bymas/!79.185,65.994/!86
KILL/!Jamppi/!77.818,43.216/!m4a1 HS/!Bymas/!79.185,65.994
DMG/!broky /!96.667,34.465/!awp/!suNny/!75.893,20.373/!136
KILL/!broky /!96.667,34.465/!awp/!suNny/!75.893,20.373
DMG/!NiKo /!71.118,21.856/!m4a1/!Aerial/!76.009,21.247/!22
DMG/!NiKo /!71.121,21.853/!m4a1/!Aerial/!75.866,21.293/!90
KILL/!NiKo /!71.121,21.853/!m4a1 HS/!Aerial/!75.866,21.293
DMG/!sergej/!70.836,45.021/!ak47/!coldzera /!69.037,52.593/!27
DMG/!sergej/!70.828,45.019/!ak47/!coldzera /!69.037,52.593/!27
DMG/!sergej/!70.837,45.020/!ak47/!coldzera /!69.037,52.593/!109
KILL/!sergej/!70.837,45.020/!ak47 HS/!coldzera /!69.037,52.593
DMG/!allu/!67.104,31.176/!ak47/!NiKo /!71.768,34.066/!34
DMG/!allu/!67.101,31.207/!ak47/!NiKo /!71.768,34.066/!27
DMG/!allu/!67.101,31.207/!ak47/!NiKo /!71.768,34.066/!34
DMG/!allu/!67.101,31.207/!ak47/!NiKo /!71.768,34.066/!141
KILL/!allu/!67.101,31.207/!ak47 HS/!NiKo /!71.768,34.066
DMG/!rain /!93.183,29.581/!m4a1/!sergej/!78.185,34.349/!88
DMG/!sergej/!78.202,34.394/!ak47/!rain /!93.188,29.598/!27
DMG/!rain /!93.234,29.744/!m4a1/!sergej/!78.144,34.224/!22
KILL/!rain /!93.234,29.744/!m4a1/!sergej/!78.144,34.224
DMG/!allu/!64.786,30.703/!ak47/!rain /!93.234,29.746/!26
DMG/!allu/!64.819,30.468/!ak47/!rain /!93.246,29.783/!32
DMG/!allu/!64.965,30.238/!ak47/!rain /!93.259,29.863/!32
KILL/!allu/!64.965,30.238/!ak47/!rain /!93.259,29.863
DMG/!unnamed/!NAN/!/!allu/!73.647,31.875/!8
DMG/!Jamppi/!89.061,56.688/!m4a1/!broky /!85.038,62.437/!129
KILL/!Jamppi/!89.061,56.688/!m4a1 HS/!broky /!85.038,62.437
DMG/!NiKo /!74.506,25.639/!deagle/!suNny/!61.031,29.749/!43
DMG/!suNny/!62.765,24.466/!ak47/!NiKo /!70.952,28.395/!64
DMG/!NiKo /!69.846,27.517/!deagle/!suNny/!65.312,24.894/!52
DMG/!NiKo /!70.064,27.232/!deagle/!suNny/!65.437,25.048/!52
KILL/!NiKo /!70.064,27.232/!deagle/!suNny/!65.437,25.048
DMG/!Jamppi/!61.900,24.582/!awp/!NiKo /!70.180,27.029/!114
KILL/!Jamppi/!61.900,24.582/!awp/!NiKo /!70.180,27.029
DMG/!allu/!79.619,32.395/!ak47/!rain /!81.531,36.143/!26
DMG/!allu/!79.630,32.373/!ak47/!rain /!81.495,36.164/!26
DMG/!allu/!79.641,32.368/!ak47/!rain /!81.469,36.186/!34
DMG/!allu/!79.661,32.357/!ak47/!rain /!81.435,36.192/!34
KILL/!allu/!79.661,32.357/!ak47/!rain /!81.435,36.192
DMG/!broky /!68.421,48.493/!p250/!sergej/!79.543,45.460/!26
DMG/!broky /!68.535,48.929/!p250/!sergej/!79.737,46.029/!21
DMG/!broky /!68.681,49.487/!p250/!sergej/!79.516,45.695/!85
KILL/!broky /!68.681,49.487/!p250 HS/!sergej/!79.516,45.695
DMG/!Aerial/!79.823,44.720/!ak47/!broky /!68.720,49.619/!35
DMG/!Aerial/!79.822,44.717/!ak47/!broky /!68.736,49.669/!26
DMG/!Aerial/!79.822,44.717/!ak47/!broky /!68.749,49.706/!35
DMG/!Aerial/!79.822,44.717/!ak47/!broky /!68.765,49.746/!43
KILL/!Aerial/!79.822,44.717/!ak47/!broky /!68.765,49.746
DMG/!coldzera /!78.574,55.944/!deagle/!Aerial/!79.819,44.711/!46
DMG/!coldzera /!78.763,55.963/!deagle/!Aerial/!79.954,44.834/!46
DMG/!Aerial/!79.998,44.848/!ak47/!coldzera /!78.763,55.963/!35
DMG/!coldzera /!78.653,55.952/!deagle/!Aerial/!80.061,44.859/!57
KILL/!coldzera /!78.653,55.952/!deagle/!Aerial/!80.061,44.859
DMG/!Jamppi/!81.305,55.061/!p250/!coldzera /!73.813,55.091/!44
DMG/!Jamppi/!81.318,54.963/!p250/!coldzera /!73.747,55.055/!43
KILL/!Jamppi/!81.318,54.963/!p250/!coldzera /!73.747,55.055
DMG/!allu/!80.786,49.089/!ak47/!Bymas/!81.067,60.477/!35
DMG/!allu/!80.781,49.134/!ak47/!Bymas/!81.140,60.476/!35
KILL/!allu/!80.741,49.144/!ak47 HS/!Bymas/!81.138,60.476
DMG/!allu/!80.741,49.144/!ak47/!Bymas/!81.138,60.476/!140
DMG/!Bymas/!73.190,77.914/!hegrenade/!allu/!62.819,60.842/!27
DMG/!Aerial/!85.531,39.173/!ak47/!broky /!85.437,54.441/!33
DMG/!broky /!85.434,54.442/!awp/!Aerial/!85.531,39.173/!110
KILL/!broky /!85.434,54.442/!awp/!Aerial/!85.531,39.173
DMG/!suNny/!93.533,25.960/!ak47/!NiKo /!83.623,32.985/!57
DMG/!Bymas/!70.441,71.746/!m4a1/!allu/!62.558,58.055/!21
DMG/!Bymas/!70.439,71.739/!m4a1/!allu/!62.558,58.055/!6
DMG/!Bymas/!70.442,71.753/!m4a1/!allu/!62.558,58.055/!22
DMG/!Bymas/!70.442,71.751/!m4a1/!allu/!62.550,58.060/!21
DMG/!Bymas/!70.442,71.750/!m4a1/!allu/!62.531,58.070/!5
KILL/!Bymas/!70.442,71.750/!m4a1 WB/!allu/!62.531,58.070
DMG/!rain /!69.001,40.014/!m4a1/!suNny/!71.297,40.857/!22
DMG/!rain /!69.034,39.926/!m4a1/!suNny/!71.316,40.959/!22
DMG/!rain /!69.089,39.764/!m4a1/!suNny/!71.327,41.006/!22
DMG/!rain /!69.278,39.347/!m4a1/!suNny/!71.367,41.098/!22
KILL/!rain /!69.344,39.236/!m4a1/!suNny/!71.366,41.095
DMG/!rain /!69.344,39.236/!m4a1/!suNny/!71.366,41.095/!28
DMG/!rain /!70.393,38.748/!m4a1/!Jamppi/!72.574,42.040/!12
DMG/!rain /!70.425,38.758/!m4a1/!Jamppi/!72.556,42.052/!12
DMG/!Jamppi/!72.558,42.051/!awp/!rain /!70.425,38.757/!111
KILL/!Jamppi/!72.558,42.051/!awp/!rain /!70.425,38.757
DMG/!coldzera /!69.273,51.998/!m4a1/!sergej/!81.966,58.954/!27
DMG/!coldzera /!69.273,51.998/!m4a1/!sergej/!81.907,59.031/!22
DMG/!coldzera /!69.277,51.989/!m4a1/!sergej/!81.897,59.111/!22
DMG/!coldzera /!69.608,53.549/!m4a1/!Jamppi/!76.032,44.489/!22
DMG/!coldzera /!69.559,53.518/!m4a1/!Jamppi/!75.985,44.458/!22
DMG/!coldzera /!69.508,53.482/!m4a1/!Jamppi/!75.938,44.423/!22
DMG/!coldzera /!69.446,53.438/!m4a1/!Jamppi/!75.925,44.413/!22
KILL/!coldzera /!69.446,53.438/!m4a1/!Jamppi/!75.925,44.413
DMG/!NiKo /!84.491,45.558/!hegrenade/!suNny/!91.115,28.637/!11
KILL/!suNny/!83.919,38.313/!ak47 HS/!NiKo /!84.106,45.769
DMG/!suNny/!83.919,38.313/!ak47/!NiKo /!84.106,45.769/!109
DMG/!rain /!74.709,32.383/!m4a1/!suNny/!73.741,42.706/!22
DMG/!Aerial/!86.466,47.466/!inferno/!Bymas/!71.061,68.361/!1
DMG/!rain /!74.709,32.383/!m4a1/!suNny/!73.969,42.735/!22
DMG/!Aerial/!85.859,46.893/!inferno/!Bymas/!71.755,68.354/!2
DMG/!rain /!74.709,32.383/!m4a1/!suNny/!74.035,42.755/!22
DMG/!rain /!74.709,32.383/!m4a1/!suNny/!74.094,42.825/!22
DMG/!rain /!74.705,32.454/!m4a1/!suNny/!74.102,42.876/!22
KILL/!rain /!74.705,32.454/!m4a1/!suNny/!74.102,42.876
DMG/!Aerial/!85.528,46.182/!inferno/!Bymas/!72.594,68.474/!3
DMG/!Aerial/!85.586,45.412/!inferno/!Bymas/!73.421,68.700/!4
DMG/!broky /!84.424,59.965/!inferno/!sergej/!70.337,49.485/!1
DMG/!coldzera /!68.961,54.482/!ak47/!sergej/!70.296,49.243/!110
KILL/!coldzera /!68.961,54.482/!ak47 HS/!sergej/!70.296,49.243
DMG/!broky /!84.132,59.598/!inferno/!coldzera /!68.961,54.614/!1
DMG/!broky /!84.448,59.706/!inferno/!coldzera /!68.961,55.053/!1
DMG/!broky /!84.651,59.837/!inferno/!coldzera /!68.961,55.459/!1
DMG/!broky /!84.840,60.008/!inferno/!coldzera /!68.961,55.455/!2
DMG/!broky /!84.979,59.991/!inferno/!coldzera /!68.961,55.459/!2
DMG/!broky /!85.509,59.962/!inferno/!coldzera /!68.961,55.459/!2
DMG/!broky /!86.105,59.778/!inferno/!coldzera /!69.100,55.550/!3
DMG/!coldzera /!68.961,57.456/!ak47/!allu/!75.313,42.351/!26
DMG/!allu/!75.497,42.128/!ak47/!rain /!72.891,35.650/!11
DMG/!coldzera /!68.961,57.456/!ak47/!allu/!75.517,42.118/!26
DMG/!allu/!75.534,42.110/!ak47/!rain /!72.890,35.765/!11
DMG/!coldzera /!68.961,57.456/!ak47/!allu/!75.575,42.089/!1
DMG/!allu/!75.586,42.068/!ak47/!rain /!72.861,35.935/!8
DMG/!allu/!75.601,42.032/!ak47/!rain /!72.861,36.004/!8
DMG/!allu/!75.616,41.994/!ak47/!rain /!72.861,36.059/!10
DMG/!coldzera /!69.969,57.825/!ak47/!allu/!75.693,41.798/!26
DMG/!coldzera /!69.952,57.819/!ak47/!allu/!75.704,41.770/!26
KILL/!coldzera /!69.952,57.819/!ak47/!allu/!75.704,41.770
DMG/!coldzera /!69.258,57.474/!ak47/!Aerial/!77.174,41.712/!26
DMG/!coldzera /!69.247,57.469/!ak47/!Aerial/!77.209,41.690/!26
DMG/!Aerial/!77.223,41.681/!ak47/!rain /!72.861,36.061/!27
DMG/!coldzera /!69.235,57.463/!ak47/!Aerial/!77.233,41.673/!26
DMG/!Aerial/!77.247,41.661/!ak47/!rain /!72.861,36.061/!10
DMG/!coldzera /!69.215,57.452/!ak47/!Aerial/!77.258,41.652/!26
KILL/!coldzera /!69.215,57.452/!ak47/!Aerial/!77.258,41.652
DMG/!rain /!75.768,39.166/!m4a1/!Jamppi/!62.031,44.053/!22
DMG/!unnamed/!NAN/!/!coldzera /!78.316,56.749/!20
DMG/!NiKo /!78.719,33.875/!inferno/!allu/!65.111,43.586/!1
DMG/!NiKo /!78.879,33.731/!inferno/!allu/!65.012,43.560/!2
DMG/!NiKo /!78.912,33.662/!inferno/!allu/!64.812,43.505/!3
DMG/!NiKo /!78.912,33.662/!inferno/!allu/!64.525,43.420/!4
DMG/!NiKo /!78.869,33.697/!inferno/!allu/!64.152,43.348/!4
DMG/!NiKo /!78.574,33.962/!inferno/!allu/!63.791,43.378/!5
DMG/!NiKo /!78.432,34.347/!inferno/!allu/!63.425,43.423/!6
DMG/!NiKo /!78.457,34.568/!inferno/!allu/!63.054,43.464/!7
DMG/!NiKo /!78.793,34.516/!inferno/!allu/!62.969,43.473/!8
DMG/!NiKo /!79.202,34.698/!inferno/!allu/!62.924,43.461/!8
DMG/!NiKo /!79.619,34.834/!inferno/!allu/!62.848,43.430/!8
DMG/!NiKo /!80.092,34.984/!inferno/!allu/!62.706,43.385/!8
DMG/!NiKo /!80.446,35.489/!inferno/!allu/!62.685,43.453/!8
DMG/!NiKo /!80.625,35.776/!inferno/!allu/!62.707,43.499/!8
DMG/!NiKo /!80.656,35.986/!inferno/!allu/!62.665,43.484/!8
DMG/!NiKo /!71.518,38.941/!hegrenade/!suNny/!55.143,47.285/!42
DMG/!NiKo /!93.602,20.389/!ak47/!Aerial/!89.767,19.223/!27
DMG/!Aerial/!89.810,19.183/!ak47/!NiKo /!93.601,20.373/!27
DMG/!NiKo /!93.600,20.371/!ak47/!Aerial/!89.781,19.214/!110
KILL/!NiKo /!93.600,20.371/!ak47 HS/!Aerial/!89.781,19.214
DMG/!broky /!100.745,51.791/!awp/!Jamppi/!93.197,45.672/!41
DMG/!suNny/!65.766,42.976/!inferno/!rain /!80.400,39.659/!1
DMG/!rain /!80.439,40.232/!ak47/!sergej/!63.117,42.841/!107
KILL/!rain /!80.439,40.232/!ak47 HS/!sergej/!63.117,42.841
DMG/!suNny/!65.743,42.964/!inferno/!rain /!80.439,40.246/!2
DMG/!suNny/!65.699,42.776/!inferno/!rain /!80.469,40.504/!3
DMG/!suNny/!65.727,42.894/!inferno/!rain /!80.553,41.134/!4
DMG/!suNny/!65.821,43.300/!inferno/!rain /!80.578,41.953/!4
DMG/!suNny/!65.798,43.306/!inferno/!rain /!80.543,42.811/!5
DMG/!NiKo /!78.474,34.332/!ak47/!suNny/!74.902,36.834/!27
DMG/!NiKo /!78.484,34.334/!ak47/!suNny/!74.923,36.845/!27
DMG/!suNny/!74.910,36.832/!ak47/!NiKo /!78.479,34.334/!27
KILL/!suNny/!74.928,36.852/!ak47 HS/!NiKo /!78.484,34.334
DMG/!suNny/!74.928,36.852/!ak47/!NiKo /!78.484,34.334/!110
DMG/!allu/!73.141,25.178/!awp/!broky /!98.446,50.063/!108
KILL/!allu/!73.141,25.178/!awp/!broky /!98.446,50.063
DMG/!Bymas/!75.176,56.798/!m4a1/!Jamppi/!71.620,65.722/!22
DMG/!Bymas/!75.149,56.786/!m4a1/!Jamppi/!71.619,65.696/!22
DMG/!Bymas/!75.154,56.788/!m4a1/!Jamppi/!71.620,65.696/!8
KILL/!Bymas/!75.149,56.786/!m4a1/!Jamppi/!71.614,65.694
DMG/!Bymas/!75.149,56.786/!m4a1/!Jamppi/!71.614,65.694/!22
DMG/!rain /!68.961,39.357/!ak47/!suNny/!71.282,39.557/!27
KILL/!rain /!68.961,39.357/!ak47/!suNny/!71.282,39.557
DMG/!suNny/!91.505,20.717/!inferno/!suNny/!91.505,20.717/!8
DMG/!rain /!78.126,36.364/!hegrenade/!allu/!81.912,20.169/!4
DMG/!rain /!78.126,36.364/!hegrenade/!Aerial/!82.676,20.267/!11
DMG/!rain /!78.126,36.364/!hegrenade/!suNny/!91.505,20.717/!4
DMG/!broky /!85.426,54.232/!awp/!allu/!82.627,20.119/!108
KILL/!broky /!85.426,54.232/!awp/!allu/!82.627,20.119
DMG/!broky /!85.108,54.509/!awp/!sergej/!86.787,19.662/!135
KILL/!broky /!85.108,54.509/!awp/!sergej/!86.787,19.662
DMG/!NiKo /!90.811,29.826/!awp/!Aerial/!92.939,19.214/!110
KILL/!NiKo /!90.811,29.826/!awp/!Aerial/!92.939,19.214
DMG/!Bymas/!83.677,61.203/!m4a1/!Jamppi/!94.176,53.026/!88
DMG/!Bymas/!83.690,61.193/!m4a1/!Jamppi/!94.168,53.034/!22
KILL/!Bymas/!83.690,61.193/!m4a1/!Jamppi/!94.168,53.034
DMG/!broky /!85.458,54.687/!awp/!suNny/!86.623,32.084/!136
KILL/!broky /!85.458,54.687/!awp/!suNny/!86.623,32.084
DMG/!NiKo /!79.686,34.952/!awp/!suNny/!62.065,45.010/!2
DMG/!Bymas/!76.756,67.679/!m4a1/!Aerial/!75.473,73.881/!129
KILL/!Bymas/!76.756,67.679/!m4a1 HS/!Aerial/!75.473,73.881
DMG/!NiKo /!86.328,65.534/!awp/!Jamppi/!69.513,71.922/!110
KILL/!NiKo /!86.328,65.534/!awp/!Jamppi/!69.513,71.922
KILL/!coldzera /!62.006,57.860/!m4a1 HS/!allu/!57.485,47.471
DMG/!coldzera /!62.006,57.860/!m4a1/!allu/!57.485,47.471/!127
DMG/!sergej/!75.643,55.386/!p250/!Bymas/!71.626,66.363/!21
DMG/!Bymas/!71.362,66.255/!m4a1/!sergej/!75.440,55.321/!31
DMG/!Bymas/!71.415,66.275/!m4a1/!sergej/!75.440,55.321/!127
KILL/!Bymas/!71.415,66.275/!m4a1 HS/!sergej/!75.440,55.321
DMG/!suNny/!74.889,38.107/!p250/!rain /!72.029,38.532/!94
DMG/!rain /!72.084,38.424/!ak47/!suNny/!74.905,38.237/!143
KILL/!rain /!72.084,38.424/!ak47 HS/!suNny/!74.905,38.237
DMG/!rain /!75.882,37.423/!inferno/!suNny/!67.398,41.691/!2
DMG/!rain /!75.882,37.423/!inferno/!Aerial/!66.359,41.907/!2
DMG/!rain /!76.226,38.195/!inferno/!suNny/!67.722,41.844/!3
DMG/!rain /!76.226,38.195/!inferno/!Aerial/!66.980,41.712/!3
DMG/!rain /!76.467,38.726/!inferno/!Aerial/!67.402,41.782/!4
DMG/!rain /!76.467,38.726/!inferno/!Jamppi/!63.829,42.211/!4
DMG/!rain /!76.467,38.726/!inferno/!suNny/!68.006,41.958/!4
DMG/!rain /!76.467,38.726/!ak47/!suNny/!68.006,41.958/!109
KILL/!rain /!76.467,38.726/!ak47 HS/!suNny/!68.006,41.958
DMG/!rain /!76.500,38.807/!ak47/!Aerial/!68.438,42.108/!27
DMG/!Aerial/!68.609,42.190/!ak47/!rain /!76.525,38.877/!27
DMG/!rain /!76.532,38.896/!ak47/!Aerial/!68.665,42.216/!27
DMG/!Aerial/!68.709,42.235/!ak47/!rain /!76.539,38.914/!27
DMG/!rain /!76.545,38.926/!ak47/!Aerial/!68.659,42.213/!109
KILL/!rain /!76.545,38.926/!ak47 HS/!Aerial/!68.659,42.213
DMG/!rain /!76.650,39.219/!ak47/!Jamppi/!68.709,41.630/!27
DMG/!rain /!76.705,39.442/!ak47/!Jamppi/!68.955,41.922/!27
DMG/!rain /!76.726,39.523/!ak47/!Jamppi/!68.993,41.999/!27
DMG/!rain /!76.752,39.615/!ak47/!Jamppi/!68.993,41.999/!27
KILL/!rain /!76.752,39.615/!ak47/!Jamppi/!68.993,41.999
DMG/!coldzera /!74.509,54.493/!m4a1/!sergej/!70.088,49.669/!22
DMG/!coldzera /!74.509,54.493/!m4a1/!sergej/!70.086,49.677/!90
KILL/!coldzera /!74.509,54.493/!m4a1 HS/!sergej/!70.086,49.677
DMG/!NiKo /!77.191,26.402/!ak47/!allu/!78.745,30.733/!27
DMG/!NiKo /!77.281,26.318/!ak47/!allu/!78.867,30.742/!27
DMG/!NiKo /!77.775,26.133/!ak47/!allu/!79.056,31.137/!27
DMG/!NiKo /!78.044,26.221/!ak47/!allu/!79.030,31.220/!34
KILL/!NiKo /!78.044,26.221/!ak47/!allu/!79.030,31.220
DMG/!sergej/!64.106,48.667/!hegrenade/!NiKo /!79.636,33.877/!1
DMG/!coldzera /!71.109,61.135/!hegrenade/!sergej/!64.725,49.709/!2
DMG/!NiKo /!80.107,34.591/!ak47/!Aerial/!65.540,43.616/!107
KILL/!NiKo /!80.107,34.591/!ak47 HS/!Aerial/!65.540,43.616
DMG/!rain /!74.947,43.417/!ak47/!Jamppi/!67.653,41.928/!109
KILL/!rain /!74.947,43.417/!ak47 HS/!Jamppi/!67.653,41.928
DMG/!sergej/!68.729,40.366/!ak47/!rain /!77.103,45.655/!27
DMG/!rain /!77.089,45.678/!ak47/!sergej/!68.751,40.330/!2
DMG/!NiKo /!82.153,33.433/!ak47/!suNny/!65.710,42.987/!26
DMG/!NiKo /!81.199,34.012/!ak47/!suNny/!65.880,43.410/!26
DMG/!suNny/!65.845,43.366/!ak47/!NiKo /!80.978,34.148/!26
DMG/!suNny/!65.841,43.359/!ak47/!NiKo /!80.945,34.168/!33
DMG/!suNny/!65.844,43.365/!ak47/!NiKo /!80.918,34.185/!33
DMG/!NiKo /!80.893,34.201/!ak47/!suNny/!65.853,43.379/!26
KILL/!NiKo /!80.862,34.220/!ak47/!suNny/!65.848,43.372
DMG/!NiKo /!80.862,34.220/!ak47/!suNny/!65.848,43.372/!26
DMG/!rain /!79.560,43.144/!ak47/!sergej/!70.650,40.865/!27
DMG/!broky /!75.104,55.294/!awp/!allu/!67.088,44.560/!442
KILL/!broky /!75.104,55.294/!awp HS/!allu/!67.088,44.560
DMG/!rain /!79.555,43.163/!ak47/!sergej/!70.530,40.899/!27
DMG/!rain /!79.549,43.189/!ak47/!sergej/!70.448,40.923/!27
DMG/!rain /!79.019,45.389/!p250/!sergej/!69.993,41.722/!87
KILL/!rain /!79.019,45.389/!p250 HS/!sergej/!69.993,41.722
DMG/!rain /!76.081,37.719/!ak47/!Jamppi/!57.460,46.082/!138
KILL/!rain /!76.081,37.719/!ak47 HS/!Jamppi/!57.460,46.082
DMG/!NiKo /!76.802,38.711/!hegrenade/!suNny/!89.069,29.919/!3
DMG/!NiKo /!83.306,40.049/!ak47/!suNny/!84.871,32.775/!27
DMG/!NiKo /!83.306,40.049/!ak47/!suNny/!84.862,32.804/!141
KILL/!NiKo /!83.306,40.049/!ak47 HS/!suNny/!84.862,32.804
KILL/!NiKo /!83.812,43.909/!ak47 HS/!allu/!85.204,30.599
DMG/!NiKo /!83.812,43.909/!ak47/!allu/!85.204,30.599/!108
KILL/!NiKo /!85.367,44.215/!ak47 HS/!Aerial/!83.686,32.157
DMG/!NiKo /!85.367,44.215/!ak47/!Aerial/!83.686,32.157/!108
KILL/!sergej/!84.520,30.924/!deagle HS/!NiKo /!85.464,44.079
DMG/!sergej/!84.520,30.924/!deagle/!NiKo /!85.464,44.079/!177
DMG/!Bymas/!76.138,57.556/!m4a1/!sergej/!81.927,47.551/!22
DMG/!Bymas/!76.135,57.554/!m4a1/!sergej/!81.921,47.547/!22
DMG/!sergej/!81.928,47.551/!ak47/!Bymas/!76.104,57.536/!27
DMG/!Bymas/!76.099,57.534/!m4a1/!sergej/!81.929,47.552/!22
KILL/!sergej/!81.923,47.548/!ak47 HS/!Bymas/!76.106,57.537
DMG/!sergej/!81.923,47.548/!ak47/!Bymas/!76.106,57.537/!109
DMG/!sergej/!81.050,52.387/!ak47/!rain /!67.866,40.564/!26
DMG/!sergej/!81.094,52.386/!ak47/!rain /!67.749,40.696/!31
DMG/!rain /!67.879,40.548/!ak47/!sergej/!81.037,52.429/!26
DMG/!sergej/!80.893,52.434/!ak47/!broky /!82.290,47.619/!11
DMG/!rain /!68.066,40.727/!ak47/!sergej/!80.932,52.431/!33
KILL/!rain /!68.066,40.727/!ak47/!sergej/!80.932,52.431
DMG/!sergej/!68.265,48.507/!ak47/!rain /!72.406,45.503/!10
DMG/!sergej/!68.259,48.663/!ak47/!rain /!72.418,45.520/!10
DMG/!sergej/!68.259,48.798/!ak47/!rain /!72.430,45.544/!10
DMG/!sergej/!68.259,48.810/!ak47/!rain /!72.425,45.572/!10
DMG/!sergej/!68.259,48.810/!ak47/!rain /!72.402,45.582/!10
DMG/!sergej/!68.259,48.810/!ak47/!rain /!72.397,45.564/!10
DMG/!sergej/!68.259,48.810/!ak47/!rain /!72.396,45.557/!12
DMG/!sergej/!68.259,48.810/!ak47/!rain /!72.395,45.567/!10
DMG/!sergej/!68.259,48.810/!ak47/!Aerial/!70.470,47.648/!8
DMG/!sergej/!68.259,48.810/!ak47/!rain /!72.408,46.038/!13
DMG/!sergej/!68.259,48.810/!ak47/!rain /!72.410,46.065/!13
KILL/!sergej/!68.259,48.810/!ak47 WB/!rain /!72.410,46.065
DMG/!coldzera /!68.700,53.877/!ak47/!Aerial/!73.341,51.445/!34
DMG/!coldzera /!68.700,53.877/!ak47/!Aerial/!73.601,51.485/!27
DMG/!coldzera /!68.700,53.877/!ak47/!Aerial/!73.607,51.487/!109
KILL/!coldzera /!68.700,53.877/!ak47 HS/!Aerial/!73.607,51.487
DMG/!sergej/!72.117,50.755/!ak47/!coldzera /!69.214,54.509/!27
DMG/!coldzera /!69.210,54.506/!ak47/!sergej/!72.117,50.752/!34
DMG/!sergej/!72.106,50.743/!ak47/!coldzera /!69.215,54.510/!34
DMG/!coldzera /!69.213,54.508/!ak47/!sergej/!72.100,50.739/!27
DMG/!sergej/!72.083,50.726/!ak47/!coldzera /!69.210,54.506/!34
DMG/!sergej/!72.047,50.700/!ak47/!coldzera /!69.216,54.511/!34
KILL/!sergej/!72.047,50.700/!ak47/!coldzera /!69.216,54.511
DMG/!Bymas/!56.794,49.365/!m4a1/!suNny/!53.441,52.598/!91
DMG/!suNny/!53.531,52.574/!ak47/!Bymas/!56.795,49.369/!27
DMG/!Bymas/!56.795,49.371/!m4a1/!suNny/!53.583,52.570/!22
KILL/!Bymas/!56.795,49.371/!m4a1/!suNny/!53.583,52.570
DMG/!Bymas/!56.383,48.562/!m4a1/!allu/!65.196,40.942/!89
DMG/!allu/!65.198,40.944/!ak47/!Bymas/!56.387,48.566/!27
DMG/!allu/!65.200,40.946/!ak47/!Bymas/!56.390,48.570/!27
DMG/!allu/!65.210,40.958/!ak47/!Bymas/!56.378,48.556/!109
KILL/!allu/!65.210,40.958/!ak47 HS/!Bymas/!56.378,48.556
DMG/!NiKo /!76.173,42.176/!ak47/!sergej/!73.248,46.694/!110
KILL/!NiKo /!76.173,42.176/!ak47 HS/!sergej/!73.248,46.694
DMG/!Jamppi/!79.564,55.202/!ak47/!NiKo /!76.118,43.138/!27
DMG/!Jamppi/!79.542,55.208/!ak47/!NiKo /!76.130,43.381/!27
DMG/!Jamppi/!79.478,55.228/!ak47/!NiKo /!76.207,43.531/!34
DMG/!Jamppi/!79.436,55.241/!ak47/!NiKo /!76.182,43.564/!34
KILL/!Jamppi/!79.436,55.241/!ak47/!NiKo /!76.182,43.564
DMG/!broky /!72.436,47.312/!deagle/!Jamppi/!74.611,58.221/!46
KILL/!broky /!72.399,47.119/!deagle/!Jamppi/!74.334,58.235
DMG/!broky /!72.399,47.119/!deagle/!Jamppi/!74.334,58.235/!57
DMG/!NiKo /!64.151,58.134/!glock/!Aerial/!67.570,64.280/!107
KILL/!NiKo /!64.151,58.134/!glock HS/!Aerial/!67.570,64.280
DMG/!broky /!66.441,43.545/!glock/!Jamppi/!69.315,38.659/!27
DMG/!NiKo /!64.036,65.653/!hkp2000/!allu/!74.166,73.245/!124
KILL/!NiKo /!64.036,65.653/!usp_silencer HS/!allu/!74.166,73.245
DMG/!broky /!68.140,41.602/!glock/!Jamppi/!70.238,39.323/!28
DMG/!broky /!68.331,41.594/!glock/!Jamppi/!70.262,39.393/!21
DMG/!Bymas/!66.416,43.225/!glock/!Jamppi/!70.495,39.849/!27
KILL/!Bymas/!66.416,43.225/!glock/!Jamppi/!70.495,39.849
DMG/!coldzera /!73.618,38.344/!glock/!sergej/!93.319,28.062/!83
DMG/!sergej/!91.638,34.157/!hkp2000/!coldzera /!88.790,33.378/!42
DMG/!sergej/!91.733,33.541/!hkp2000/!coldzera /!89.379,33.229/!34
DMG/!sergej/!91.730,33.316/!hkp2000/!coldzera /!89.393,33.229/!137
KILL/!sergej/!91.730,33.316/!usp_silencer HS/!coldzera /!89.393,33.229
DMG/!suNny/!94.705,56.973/!hkp2000/!rain /!78.843,27.377/!101
KILL/!suNny/!94.705,56.973/!usp_silencer HS/!rain /!78.843,27.377
DMG/!NiKo /!83.719,63.079/!hkp2000/!suNny/!97.087,49.630/!14
DMG/!broky /!98.991,26.317/!glock/!suNny/!97.727,49.757/!9
DMG/!broky /!97.660,26.226/!glock/!suNny/!98.014,49.990/!9
DMG/!NiKo /!83.793,63.005/!hkp2000/!suNny/!98.122,50.033/!14
DMG/!NiKo /!83.793,63.002/!hkp2000/!suNny/!98.358,50.024/!14
DMG/!NiKo /!83.798,62.957/!hkp2000/!suNny/!98.512,49.980/!14
DMG/!NiKo /!83.847,62.910/!hkp2000/!suNny/!98.717,49.951/!14
DMG/!sergej/!97.032,36.268/!hkp2000/!broky /!100.768,31.690/!33
DMG/!broky /!100.411,31.403/!glock/!sergej/!97.413,35.459/!12
DMG/!sergej/!97.420,35.405/!hkp2000/!broky /!100.326,31.337/!33
KILL/!broky /!100.382,31.377/!glock/!sergej/!97.374,35.242
DMG/!broky /!100.382,31.377/!glock/!sergej/!97.374,35.242/!13
DMG/!suNny/!100.311,52.563/!hkp2000/!NiKo /!89.390,57.326/!15
DMG/!suNny/!100.244,52.409/!hkp2000/!NiKo /!89.696,57.220/!15
DMG/!suNny/!100.363,52.495/!hkp2000/!NiKo /!90.673,57.841/!126
KILL/!suNny/!100.363,52.495/!usp_silencer HS/!NiKo /!90.673,57.841
DMG/!Bymas/!93.134,47.083/!glock/!broky /!98.474,49.700/!9
DMG/!broky /!99.303,49.597/!hkp2000/!suNny/!100.231,51.308/!17
KILL/!broky /!99.303,49.597/!usp_silencer/!suNny/!100.231,51.308
DMG/!unnamed/!NAN/!/!Bymas/!92.880,49.853/!14
DMG/!unnamed/!NAN/!/!broky /!100.304,51.192/!3
DMG/!rain /!76.960,32.860/!galilar/!Jamppi/!92.475,42.813/!115
KILL/!rain /!76.960,32.860/!galilar HS/!Jamppi/!92.475,42.813
DMG/!Jamppi/!92.475,42.813/!hegrenade/!coldzera /!69.381,26.756/!14
DMG/!Jamppi/!92.475,42.813/!hegrenade/!NiKo /!75.173,31.124/!1
DMG/!allu/!95.194,34.724/!deagle/!NiKo /!89.420,28.150/!48
DMG/!NiKo /!89.423,28.188/!ak47/!allu/!95.194,34.724/!27
DMG/!NiKo /!89.424,28.187/!ak47/!allu/!95.194,34.724/!27
DMG/!NiKo /!89.431,28.180/!ak47/!allu/!95.194,34.724/!27
DMG/!NiKo /!89.424,28.187/!ak47/!allu/!95.190,34.719/!27
KILL/!NiKo /!89.424,28.187/!ak47/!allu/!95.190,34.719
DMG/!Bymas/!55.844,44.946/!ak47/!Aerial/!61.585,52.831/!109
KILL/!Bymas/!55.844,44.946/!ak47 HS/!Aerial/!61.585,52.831
KILL/!Bymas/!54.700,46.113/!ak47 HS/!sergej/!66.757,49.139
DMG/!Bymas/!54.700,46.113/!ak47/!sergej/!66.757,49.139/!108
DMG/!suNny/!73.571,54.240/!mp9/!coldzera /!78.438,40.067/!50
DMG/!broky /!73.912,34.964/!galilar/!suNny/!73.534,54.238/!115
KILL/!broky /!73.912,34.964/!galilar HS/!suNny/!73.534,54.238
DMG/!unnamed/!NAN/!/!rain /!75.000,59.453/!21
DMG/!rain /!66.980,37.175/!galilar/!suNny/!80.705,23.269/!28
DMG/!rain /!66.960,37.189/!galilar/!suNny/!80.386,23.022/!21
DMG/!rain /!66.960,37.189/!galilar/!suNny/!80.008,22.729/!21
DMG/!sergej/!61.264,27.677/!hkp2000/!NiKo /!57.970,39.014/!15
DMG/!NiKo /!57.970,39.014/!ak47/!sergej/!61.229,27.899/!35
DMG/!NiKo /!57.970,39.014/!ak47/!sergej/!61.256,28.048/!35
KILL/!NiKo /!57.970,39.014/!ak47/!sergej/!61.278,28.110
DMG/!NiKo /!57.970,39.014/!ak47/!sergej/!61.278,28.110/!35
DMG/!NiKo /!57.970,39.014/!ak47/!Aerial/!62.069,24.367/!21
DMG/!NiKo /!57.970,39.014/!ak47/!Aerial/!62.132,24.449/!43
DMG/!NiKo /!57.980,39.017/!ak47/!Aerial/!62.111,24.444/!43
KILL/!NiKo /!57.980,39.017/!ak47/!Aerial/!62.111,24.444
DMG/!allu/!62.061,27.178/!hkp2000/!NiKo /!57.979,39.016/!2
DMG/!NiKo /!57.984,39.018/!ak47/!allu/!62.190,27.197/!43
DMG/!allu/!61.739,27.453/!hkp2000/!NiKo /!57.991,39.021/!15
DMG/!allu/!61.548,27.456/!hkp2000/!NiKo /!58.067,39.046/!23
DMG/!NiKo /!57.988,39.021/!ak47/!allu/!61.455,27.464/!35
KILL/!NiKo /!57.990,39.022/!ak47/!allu/!61.417,27.481
DMG/!NiKo /!57.990,39.022/!ak47/!allu/!61.417,27.481/!43
DMG/!Jamppi/!60.425,29.627/!hkp2000/!NiKo /!57.260,38.653/!16
DMG/!NiKo /!57.261,38.632/!ak47/!Jamppi/!60.160,29.567/!35
DMG/!NiKo /!57.262,38.632/!ak47/!Jamppi/!60.117,29.555/!141
KILL/!NiKo /!57.262,38.632/!ak47 HS/!Jamppi/!60.117,29.555
DMG/!rain /!60.777,31.975/!galilar/!suNny/!67.130,22.365/!29
DMG/!rain /!60.774,31.973/!galilar/!suNny/!67.191,22.478/!36
KILL/!rain /!60.774,31.973/!galilar/!suNny/!67.191,22.478
DMG/!broky /!54.584,48.630/!inferno/!suNny/!80.022,34.778/!4
DMG/!broky /!54.584,48.630/!inferno/!suNny/!79.894,34.789/!4
DMG/!broky /!54.584,48.630/!inferno/!suNny/!79.557,34.830/!5
DMG/!broky /!54.584,48.630/!inferno/!suNny/!79.461,34.971/!6
DMG/!broky /!54.584,48.630/!inferno/!suNny/!80.014,35.057/!7
DMG/!coldzera /!60.840,52.232/!hegrenade/!sergej/!71.612,45.144/!7
DMG/!Aerial/!73.756,77.371/!inferno/!rain /!63.505,59.823/!1
DMG/!Aerial/!73.441,77.263/!inferno/!rain /!64.079,59.502/!2
DMG/!Aerial/!73.455,77.141/!inferno/!rain /!64.521,58.849/!3
DMG/!Aerial/!73.544,77.080/!inferno/!rain /!64.883,58.115/!4
DMG/!Aerial/!73.553,77.074/!inferno/!broky /!64.131,57.940/!4
DMG/!rain /!68.805,76.079/!inferno/!broky /!75.010,66.036/!3
DMG/!Bymas/!74.975,77.009/!ak47/!suNny/!84.077,68.363/!27
DMG/!NiKo /!96.053,51.740/!ak47/!allu/!86.738,60.316/!35
DMG/!NiKo /!96.053,51.740/!ak47/!allu/!86.731,60.327/!140
KILL/!NiKo /!96.053,51.740/!ak47 HS/!allu/!86.731,60.327
DMG/!Bymas/!74.561,76.570/!ak47/!suNny/!83.500,68.016/!27
DMG/!broky /!76.061,77.520/!galilar/!suNny/!83.588,68.115/!28
KILL/!broky /!76.061,77.520/!galilar/!suNny/!83.588,68.115
DMG/!rain /!71.026,68.593/!galilar/!Aerial/!72.509,63.428/!118
KILL/!rain /!71.026,68.593/!galilar HS/!Aerial/!72.509,63.428
DMG/!coldzera /!59.854,59.283/!galilar/!sergej/!61.997,44.126/!22
DMG/!coldzera /!59.693,59.254/!galilar/!sergej/!62.059,44.015/!22
DMG/!coldzera /!59.694,59.255/!galilar/!sergej/!62.092,43.975/!22
DMG/!coldzera /!59.604,59.240/!galilar/!sergej/!61.941,43.821/!22
DMG/!coldzera /!59.476,59.171/!galilar/!sergej/!61.787,43.793/!22
KILL/!coldzera /!59.476,59.171/!galilar/!sergej/!61.787,43.793
DMG/!unnamed/!NAN/!/!broky /!80.796,58.124/!21
DMG/!rain /!89.223,50.928/!m4a1/!Jamppi/!86.124,56.815/!129
KILL/!rain /!89.223,50.928/!m4a1 HS/!Jamppi/!86.124,56.815
DMG/!Jamppi/!73.872,37.921/!hegrenade/!Bymas/!54.606,44.808/!17
DMG/!Bymas/!66.136,43.607/!ak47/!Jamppi/!68.438,41.436/!27
DMG/!Jamppi/!68.497,41.539/!mp9/!Bymas/!66.137,43.609/!14
DMG/!Bymas/!66.137,43.609/!ak47/!Jamppi/!68.545,41.608/!27
DMG/!Bymas/!66.024,43.608/!ak47/!Jamppi/!68.734,41.879/!11
DMG/!Bymas/!65.925,43.598/!ak47/!Jamppi/!68.784,41.985/!34
DMG/!Bymas/!64.878,41.685/!ak47/!Jamppi/!69.511,41.805/!27
KILL/!Bymas/!64.878,41.685/!ak47/!Jamppi/!69.511,41.805
DMG/!unnamed/!NAN/!/!sergej/!69.739,39.505/!2
DMG/!Bymas/!65.656,43.558/!ak47/!sergej/!69.777,39.498/!26
DMG/!sergej/!69.777,39.498/!mp9/!Bymas/!65.656,43.558/!17
DMG/!sergej/!69.804,39.545/!mp9/!Bymas/!65.663,43.562/!18
DMG/!Bymas/!65.673,43.573/!ak47/!sergej/!69.807,39.557/!110
KILL/!Bymas/!65.673,43.573/!ak47 HS/!sergej/!69.807,39.557
DMG/!allu/!77.113,58.318/!famas/!rain /!69.210,47.856/!24
DMG/!rain /!69.212,47.855/!m4a1/!allu/!77.113,58.319/!22
DMG/!allu/!77.104,58.325/!famas/!rain /!69.223,47.846/!19
DMG/!allu/!77.093,58.334/!famas/!rain /!69.227,47.843/!19
DMG/!allu/!77.100,58.329/!famas/!rain /!69.236,47.836/!24
DMG/!allu/!77.114,58.318/!famas/!rain /!69.249,47.826/!21
KILL/!allu/!77.114,58.318/!famas/!rain /!69.249,47.826
DMG/!Aerial/!82.214,58.221/!ump45/!Bymas/!73.836,40.794/!12
DMG/!Aerial/!82.277,58.190/!ump45/!Bymas/!73.964,40.805/!15
DMG/!Aerial/!82.352,58.153/!ump45/!Bymas/!73.954,40.811/!15
KILL/!Aerial/!82.352,58.153/!ump45/!Bymas/!73.954,40.811
DMG/!suNny/!99.951,24.920/!famas/!NiKo /!79.819,33.832/!19
DMG/!suNny/!99.951,24.920/!famas/!NiKo /!79.753,33.818/!23
DMG/!suNny/!99.951,24.920/!famas/!NiKo /!79.670,33.794/!19
DMG/!suNny/!99.951,24.920/!famas/!NiKo /!79.591,33.772/!19
DMG/!allu/!76.698,57.640/!famas/!coldzera /!66.885,44.862/!19
DMG/!allu/!76.698,57.640/!famas/!coldzera /!66.910,44.843/!19
DMG/!allu/!76.698,57.640/!famas/!coldzera /!66.942,44.817/!19
DMG/!coldzera /!66.941,44.817/!m4a1/!allu/!76.704,57.635/!125
KILL/!coldzera /!66.941,44.817/!m4a1 HS/!allu/!76.704,57.635
DMG/!NiKo /!73.621,32.871/!ak47/!Aerial/!79.693,61.142/!32
DMG/!NiKo /!73.761,32.833/!ak47/!Aerial/!79.732,61.136/!32
DMG/!NiKo /!74.315,32.708/!ak47/!Aerial/!80.051,61.066/!26
DMG/!NiKo /!74.456,32.677/!ak47/!Aerial/!80.007,61.075/!25
KILL/!NiKo /!74.456,32.677/!ak47/!Aerial/!80.007,61.075
DMG/!NiKo /!73.563,34.258/!ak47/!suNny/!84.844,33.794/!27
DMG/!suNny/!84.844,33.787/!famas/!NiKo /!73.571,34.311/!20
KILL/!suNny/!84.844,33.787/!famas/!NiKo /!73.571,34.311
DMG/!broky /!78.025,47.126/!awp/!suNny/!67.240,39.940/!110
KILL/!broky /!78.025,47.126/!awp/!suNny/!67.240,39.940
DMG/!sergej/!76.934,57.977/!inferno/!Jamppi/!75.307,49.006/!2
DMG/!sergej/!76.187,57.616/!inferno/!Jamppi/!75.300,48.480/!2
DMG/!suNny/!80.799,36.157/!hegrenade/!rain /!66.766,38.017/!27
DMG/!Bymas/!53.442,49.670/!ak47/!Jamppi/!59.499,47.137/!8
DMG/!Bymas/!53.442,49.662/!ak47/!Jamppi/!59.418,47.138/!11
DMG/!Bymas/!53.442,49.651/!ak47/!Jamppi/!59.375,47.175/!27
DMG/!Bymas/!53.443,49.648/!ak47/!Jamppi/!59.388,47.264/!34
DMG/!Bymas/!53.445,49.652/!ak47/!Jamppi/!59.392,47.280/!27
KILL/!Bymas/!53.445,49.652/!ak47/!Jamppi/!59.392,47.280
DMG/!suNny/!81.679,36.068/!famas/!NiKo /!79.815,31.178/!20
DMG/!suNny/!81.672,36.071/!famas/!NiKo /!79.848,31.269/!20
DMG/!suNny/!81.579,36.102/!famas/!NiKo /!79.835,31.300/!20
DMG/!suNny/!81.495,36.129/!famas/!NiKo /!79.847,31.277/!20
DMG/!suNny/!81.386,36.165/!famas/!NiKo /!79.842,31.253/!20
KILL/!suNny/!81.386,36.165/!famas/!NiKo /!79.842,31.253
DMG/!rain /!82.099,36.164/!ak47/!suNny/!81.338,36.181/!26
DMG/!rain /!82.119,36.039/!ak47/!suNny/!81.302,36.192/!27
DMG/!rain /!81.902,36.163/!ak47/!suNny/!81.228,36.212/!34
DMG/!rain /!81.826,36.169/!ak47/!suNny/!81.192,36.222/!34
KILL/!rain /!81.826,36.169/!ak47/!suNny/!81.192,36.222
DMG/!Aerial/!98.333,53.793/!m4a1/!coldzera /!76.954,25.862/!20
DMG/!Aerial/!98.309,53.811/!m4a1/!coldzera /!76.894,25.909/!20
DMG/!Aerial/!98.258,53.851/!m4a1/!coldzera /!76.848,25.945/!25
DMG/!Aerial/!98.203,53.894/!m4a1/!coldzera /!76.867,25.930/!25
DMG/!Aerial/!98.156,53.930/!m4a1/!coldzera /!76.835,25.954/!20
KILL/!Aerial/!98.156,53.930/!m4a1/!coldzera /!76.835,25.954
DMG/!rain /!82.182,35.905/!ak47/!Aerial/!98.171,53.919/!26
DMG/!rain /!82.169,35.916/!ak47/!Aerial/!98.122,53.957/!137
KILL/!rain /!82.169,35.916/!ak47 HS/!Aerial/!98.122,53.957
DMG/!allu/!99.349,31.755/!m4a1/!broky /!72.591,26.009/!89
DMG/!allu/!99.342,31.788/!m4a1/!broky /!72.607,25.942/!22
KILL/!allu/!99.342,31.788/!m4a1_silencer/!broky /!72.607,25.942
DMG/!sergej/!75.777,37.923/!deagle/!Bymas/!62.268,43.638/!42
DMG/!Bymas/!62.217,43.705/!ak47/!sergej/!75.722,37.797/!27
DMG/!Bymas/!62.093,43.900/!ak47/!sergej/!75.699,37.745/!27
DMG/!Bymas/!62.064,43.934/!ak47/!sergej/!75.708,37.764/!14
DMG/!Bymas/!62.081,43.977/!ak47/!sergej/!75.695,37.737/!18
DMG/!sergej/!75.695,37.737/!deagle/!Bymas/!62.081,43.977/!42
DMG/!Bymas/!62.079,43.973/!ak47/!sergej/!75.724,37.801/!27
KILL/!Bymas/!62.079,43.973/!ak47/!sergej/!75.724,37.801
DMG/!rain /!83.093,41.259/!ak47/!allu/!98.198,42.968/!27
DMG/!allu/!98.195,42.788/!m4a1/!rain /!83.093,41.250/!22
DMG/!rain /!83.096,41.230/!ak47/!allu/!98.194,42.799/!27
DMG/!allu/!98.191,42.823/!m4a1/!rain /!83.099,41.200/!22
DMG/!rain /!83.101,41.170/!ak47/!allu/!98.188,42.852/!139
KILL/!rain /!83.101,41.170/!ak47 HS/!allu/!98.188,42.852
