./demos/movistar-riders-vs-gamerlegion-overpass.out
DMG/!MRS - EasTor/!24.852,24.668/!ak47/!GL ` eraa/!11.958,34.180/!108
KILL/!MRS - EasTor/!24.852,24.668/!ak47 HS/!GL ` eraa/!11.958,34.180
DMG/!MRS - EasTor/!24.308,23.926/!ak47/!GL ` kingmezii/!6.092,38.390/!26
DMG/!MRS - EasTor/!24.089,23.649/!ak47/!GL ` kingmezii/!6.136,38.922/!106
KILL/!MRS - EasTor/!24.089,23.649/!ak47 HS/!GL ` kingmezii/!6.136,38.922
DMG/!GL ` Gux/!8.978,35.516/!deagle/!MRS - EasTor/!23.932,23.457/!38
DMG/!GL ` RuStY^_^/!6.214,39.685/!m4a1_silencer/!MRS - EasTor/!23.905,23.426/!22
DMG/!GL ` RuStY^_^/!6.312,39.704/!m4a1_silencer/!MRS - EasTor/!23.887,23.403/!22
KILL/!GL ` RuStY^_^/!6.341,39.710/!m4a1_silencer/!MRS - EasTor/!23.892,23.408
DMG/!GL ` RuStY^_^/!6.341,39.710/!m4a1_silencer/!MRS - EasTor/!23.892,23.408/!22
DMG/!GL ` hampus/!53.713,61.203/!famas/!MRS - ALEXXXXX/!51.938,53.517/!20
DMG/!GL ` hampus/!53.713,61.203/!famas/!MRS - ALEXXXXX/!52.033,53.498/!20
DMG/!GL ` hampus/!53.713,61.203/!famas/!MRS - ALEXXXXX/!52.109,53.460/!20
DMG/!GL ` hampus/!53.713,61.203/!famas/!MRS - ALEXXXXX/!52.157,53.411/!20
DMG/!GL ` hampus/!53.713,61.203/!famas/!MRS - ALEXXXXX/!52.158,53.411/!20
KILL/!GL ` hampus/!53.713,61.203/!famas/!MRS - ALEXXXXX/!52.158,53.411
DMG/!GL ` hampus/!53.505,60.900/!famas/!MRS - mopoz/!50.910,40.615/!2
DMG/!GL ` hampus/!53.568,60.813/!famas/!MRS - mopoz/!51.009,40.639/!24
DMG/!GL ` hampus/!53.620,60.762/!famas/!MRS - mopoz/!51.080,40.639/!20
DMG/!GL ` hampus/!53.584,60.761/!famas/!MRS - mopoz/!51.267,40.634/!24
DMG/!MRS - mopoz/!51.095,40.654/!ak47/!GL ` hampus/!53.450,60.776/!34
DMG/!GL ` hampus/!53.432,60.778/!famas/!MRS - mopoz/!51.095,40.654/!20
DMG/!MRS - mopoz/!51.095,40.654/!ak47/!GL ` hampus/!53.407,60.781/!34
DMG/!MRS - mopoz/!51.095,40.654/!ak47/!GL ` hampus/!53.378,60.785/!138
KILL/!MRS - mopoz/!51.095,40.654/!ak47 HS/!GL ` hampus/!53.378,60.785
DMG/!GL ` RuStY^_^/!51.955,26.939/!m4a1_silencer/!MRS - lowel/!49.363,39.548/!22
DMG/!GL ` RuStY^_^/!51.955,26.939/!m4a1_silencer/!MRS - lowel/!49.363,39.548/!22
KILL/!GL ` RuStY^_^/!51.955,26.939/!m4a1_silencer HS/!MRS - lowel/!49.363,39.548
DMG/!GL ` RuStY^_^/!51.955,26.939/!m4a1_silencer/!MRS - lowel/!49.363,39.548/!91
DMG/!GL ` RuStY^_^/!49.198,30.779/!m4a1_silencer/!MRS - bladEEE/!52.420,54.530/!90
DMG/!GL ` RuStY^_^/!49.198,30.779/!m4a1_silencer/!MRS - steel/!51.056,43.355/!22
KILL/!GL ` RuStY^_^/!49.198,30.779/!m4a1_silencer/!MRS - bladEEE/!52.429,54.657
DMG/!GL ` RuStY^_^/!49.198,30.779/!m4a1_silencer/!MRS - bladEEE/!52.429,54.657/!22
DMG/!GL ` RuStY^_^/!49.194,30.779/!m4a1_silencer/!MRS - steel/!50.924,42.934/!28
DMG/!GL ` RuStY^_^/!49.031,30.806/!m4a1_silencer/!MRS - steel/!50.841,43.004/!22
DMG/!GL ` RuStY^_^/!49.054,30.801/!m4a1_silencer/!MRS - steel/!50.883,43.075/!22
DMG/!GL ` RuStY^_^/!49.042,30.803/!m4a1_silencer/!MRS - steel/!50.923,43.115/!91
KILL/!GL ` RuStY^_^/!49.042,30.803/!m4a1_silencer HS/!MRS - steel/!50.923,43.115
DMG/!GL ` RuStY^_^/!52.294,31.789/!m4a1_silencer/!GL ` Courty/!49.946,35.086/!30
DMG/!GL ` RuStY^_^/!51.799,32.943/!m4a1_silencer/!GL ` Courty/!49.814,38.396/!30
DMG/!GL ` RuStY^_^/!50.989,40.845/!m4a1_silencer/!GL ` Courty/!56.804,38.613/!7
DMG/!GL ` RuStY^_^/!50.717,41.009/!m4a1_silencer/!GL ` Courty/!55.265,38.840/!7
DMG/!GL ` RuStY^_^/!50.612,35.354/!m4a1_silencer/!GL ` Courty/!48.072,33.052/!30
KILL/!GL ` RuStY^_^/!50.612,35.354/!m4a1_silencer HS/!GL ` Courty/!48.072,33.052
DMG/!GL ` Gux/!24.626,92.632/!deagle/!MRS - mopoz/!22.082,78.599/!3
DMG/!MRS - mopoz/!22.053,78.601/!ak47/!GL ` Gux/!24.839,92.554/!44
DMG/!MRS - ALEXXXXX/!10.138,35.333/!knife/!GL ` Gux/!8.844,36.724/!33
DMG/!GL ` Gux/!8.813,37.237/!knife/!MRS - ALEXXXXX/!9.672,36.591/!33
DMG/!MRS - ALEXXXXX/!9.649,36.877/!knife/!GL ` Gux/!8.937,37.611/!21
DMG/!GL ` Gux/!9.317,37.899/!knife/!MRS - ALEXXXXX/!9.509,37.264/!55
DMG/!MRS - ALEXXXXX/!9.521,37.471/!knife/!GL ` Gux/!9.420,37.939/!55
KILL/!MRS - ALEXXXXX/!9.521,37.471/!knife_butterfly/!GL ` Gux/!9.420,37.939
KILL/!MRS - mopoz/!10.612,37.707/!knife_m9_bayonet/!MRS - ALEXXXXX/!9.510,37.691
DMG/!MRS - mopoz/!10.612,37.707/!knife/!MRS - ALEXXXXX/!9.510,37.691/!61
DMG/!GL ` kingmezii/!19.426,31.212/!knife/!MRS - steel/!20.723,31.011/!55
KILL/!GL ` hampus/!20.135,30.662/!knife_butterfly/!MRS - steel/!20.847,30.819
DMG/!GL ` hampus/!20.135,30.662/!knife/!MRS - steel/!20.847,30.819/!55
DMG/!GL ` kingmezii/!18.483,32.388/!knife/!MRS - lowel/!17.988,33.022/!55
DMG/!MRS - lowel/!18.046,33.022/!knife/!GL ` kingmezii/!18.364,32.392/!55
DMG/!MRS - mopoz/!17.579,32.180/!knife/!GL ` kingmezii/!18.349,32.390/!55
KILL/!MRS - mopoz/!17.579,32.180/!knife_m9_bayonet/!GL ` kingmezii/!18.349,32.390
DMG/!GL ` eraa/!19.406,31.954/!knife/!MRS - lowel/!18.652,32.759/!55
KILL/!GL ` eraa/!19.406,31.954/!knife_widowmaker/!MRS - lowel/!18.652,32.759
DMG/!MRS - EasTor/!14.395,32.098/!knife/!GL ` hampus/!13.528,31.537/!33
DMG/!GL ` hampus/!13.537,31.542/!knife/!MRS - EasTor/!14.332,32.061/!33
DMG/!GL ` RuStY^_^/!18.404,31.521/!knife/!MRS - mopoz/!18.115,32.157/!55
DMG/!MRS - mopoz/!18.198,32.149/!knife/!GL ` RuStY^_^/!18.177,31.456/!55
DMG/!MRS - EasTor/!13.878,32.458/!knife/!GL ` hampus/!13.556,31.492/!21
DMG/!GL ` hampus/!13.547,31.501/!knife/!MRS - EasTor/!13.853,32.448/!21
KILL/!MRS - EasTor/!13.062,32.407/!knife_widowmaker/!GL ` hampus/!12.935,31.727
DMG/!MRS - EasTor/!13.062,32.407/!knife/!GL ` hampus/!12.935,31.727/!55
KILL/!GL ` eraa/!16.565,33.840/!knife_widowmaker/!MRS - mopoz/!15.353,34.004
DMG/!GL ` eraa/!16.565,33.840/!knife/!MRS - mopoz/!15.353,34.004/!55
DMG/!MRS - EasTor/!10.431,33.516/!knife/!GL ` eraa/!10.535,32.884/!55
DMG/!GL ` eraa/!10.487,32.894/!knife/!MRS - EasTor/!10.265,33.540/!55
KILL/!GL ` eraa/!10.487,32.894/!knife_widowmaker/!MRS - EasTor/!10.265,33.540
DMG/!GL ` RuStY^_^/!11.038,33.735/!knife/!GL ` eraa/!10.248,33.424/!22
DMG/!GL ` RuStY^_^/!8.132,36.606/!knife/!GL ` eraa/!7.070,36.827/!61
KILL/!GL ` RuStY^_^/!8.132,36.606/!knife_stiletto/!GL ` eraa/!7.070,36.827
DMG/!MRS - ALEXXXXX/!48.019,69.200/!glock/!GL ` kingmezii/!24.245,80.066/!77
DMG/!GL ` eraa/!45.146,58.602/!usp_silencer/!MRS - EasTor/!28.033,73.472/!112
KILL/!GL ` eraa/!45.146,58.602/!usp_silencer HS/!MRS - EasTor/!28.033,73.472
DMG/!GL ` RuStY^_^/!28.339,77.692/!usp_silencer/!MRS - mopoz/!37.500,65.546/!15
DMG/!GL ` RuStY^_^/!28.098,77.513/!usp_silencer/!MRS - mopoz/!37.440,65.621/!18
DMG/!GL ` RuStY^_^/!28.444,77.789/!usp_silencer/!MRS - mopoz/!36.500,64.981/!120
KILL/!GL ` RuStY^_^/!28.444,77.789/!usp_silencer HS/!MRS - mopoz/!36.500,64.981
DMG/!GL ` eraa/!44.175,57.657/!usp_silencer/!MRS - lowel/!46.968,67.306/!127
KILL/!GL ` eraa/!44.175,57.657/!usp_silencer HS/!MRS - lowel/!46.968,67.306
DMG/!MRS - steel/!51.176,65.750/!glock/!GL ` Gux/!40.810,63.383/!24
DMG/!GL ` eraa/!45.671,65.610/!usp_silencer/!MRS - steel/!51.176,65.749/!132
KILL/!GL ` eraa/!45.671,65.610/!usp_silencer HS/!MRS - steel/!51.176,65.749
DMG/!MRS - ALEXXXXX/!35.688,64.377/!glock/!GL ` kingmezii/!34.933,70.898/!15
KILL/!MRS - ALEXXXXX/!35.791,64.415/!glock/!GL ` kingmezii/!35.204,70.982
DMG/!MRS - ALEXXXXX/!35.791,64.415/!glock/!GL ` kingmezii/!35.204,70.982/!12
KILL/!GL ` RuStY^_^/!37.204,76.184/!usp_silencer HS/!MRS - ALEXXXXX/!35.919,64.435
DMG/!GL ` RuStY^_^/!37.204,76.184/!usp_silencer/!MRS - ALEXXXXX/!35.919,64.435/!125
DMG/!GL ` RuStY^_^/!40.462,71.975/!m4a1_silencer/!MRS - lowel/!44.500,57.645/!22
DMG/!GL ` RuStY^_^/!40.462,71.975/!m4a1_silencer/!MRS - lowel/!44.584,57.724/!28
DMG/!MRS - mopoz/!52.908,60.073/!tec9/!GL ` Gux/!51.714,63.784/!109
KILL/!MRS - mopoz/!52.908,60.073/!tec9 HS/!GL ` Gux/!51.714,63.784
DMG/!GL ` RuStY^_^/!40.496,71.985/!m4a1_silencer/!MRS - lowel/!44.594,57.728/!22
DMG/!GL ` RuStY^_^/!40.495,71.985/!m4a1_silencer/!MRS - lowel/!44.671,57.749/!22
DMG/!MRS - lowel/!44.738,57.776/!deagle/!GL ` RuStY^_^/!40.471,71.978/!42
DMG/!GL ` RuStY^_^/!40.070,73.217/!m4a1_silencer/!MRS - lowel/!45.547,59.590/!22
KILL/!GL ` RuStY^_^/!40.070,73.217/!m4a1_silencer/!MRS - lowel/!45.547,59.590
DMG/!GL ` RuStY^_^/!37.558,72.130/!m4a1_silencer/!MRS - steel/!32.681,63.906/!91
DMG/!MRS - steel/!32.681,63.906/!mac10/!GL ` RuStY^_^/!37.558,72.130/!13
DMG/!MRS - steel/!32.686,63.917/!mac10/!GL ` RuStY^_^/!37.569,72.095/!16
DMG/!GL ` RuStY^_^/!37.566,72.082/!m4a1_silencer/!MRS - steel/!32.755,63.881/!22
KILL/!GL ` RuStY^_^/!37.566,72.082/!m4a1_silencer/!MRS - steel/!32.755,63.881
DMG/!MRS - mopoz/!46.317,72.193/!mp9/!GL ` RuStY^_^/!37.559,71.999/!13
DMG/!MRS - mopoz/!46.066,72.301/!mp9/!GL ` RuStY^_^/!37.541,71.983/!17
KILL/!MRS - mopoz/!46.066,72.301/!mp9/!GL ` RuStY^_^/!37.541,71.983
DMG/!MRS - ALEXXXXX/!32.525,59.346/!galilar/!GL ` hampus/!29.117,47.473/!22
DMG/!MRS - ALEXXXXX/!32.474,59.444/!galilar/!GL ` hampus/!29.120,47.496/!22
DMG/!MRS - ALEXXXXX/!32.474,59.444/!galilar/!GL ` hampus/!29.170,47.578/!6
DMG/!MRS - ALEXXXXX/!32.474,59.444/!galilar/!GL ` hampus/!29.252,47.633/!7
DMG/!MRS - ALEXXXXX/!32.474,59.444/!galilar/!GL ` hampus/!29.323,47.635/!8
DMG/!MRS - ALEXXXXX/!32.458,59.449/!galilar/!GL ` hampus/!29.409,47.624/!6
DMG/!MRS - ALEXXXXX/!32.431,59.458/!galilar/!GL ` hampus/!29.660,47.590/!7
DMG/!MRS - ALEXXXXX/!32.431,59.458/!galilar/!GL ` hampus/!29.739,47.579/!7
DMG/!MRS - ALEXXXXX/!32.431,59.458/!galilar/!GL ` hampus/!29.772,47.341/!7
KILL/!MRS - ALEXXXXX/!30.566,59.700/!galilar/!GL ` hampus/!28.593,48.057
DMG/!MRS - ALEXXXXX/!30.566,59.700/!galilar/!GL ` hampus/!28.593,48.057/!22
DMG/!MRS - mopoz/!34.523,75.391/!m4a1_silencer/!GL ` kingmezii/!31.392,66.208/!24
DMG/!MRS - mopoz/!34.692,75.426/!m4a1_silencer/!GL ` kingmezii/!31.700,66.485/!24
DMG/!MRS - mopoz/!34.832,75.464/!m4a1_silencer/!GL ` kingmezii/!32.118,67.171/!22
DMG/!GL ` kingmezii/!31.586,68.025/!mp9/!MRS - mopoz/!34.983,75.424/!23
DMG/!MRS - mopoz/!35.011,75.413/!m4a1_silencer/!GL ` kingmezii/!31.567,68.022/!22
DMG/!MRS - mopoz/!35.050,75.395/!m4a1_silencer/!GL ` kingmezii/!31.542,68.030/!22
KILL/!MRS - mopoz/!35.050,75.395/!m4a1_silencer/!GL ` kingmezii/!31.542,68.030
DMG/!unnamed/!NAN/!/!MRS - EasTor/!25.194,82.603/!68
DMG/!unnamed/!NAN/!/!MRS - ALEXXXXX/!28.022,37.910/!8
DMG/!unnamed/!NAN/!/!GL ` eraa/!14.922,90.164/!1
DMG/!unnamed/!NAN/!/!MRS - mopoz/!50.946,34.172/!8
DMG/!GL ` eraa/!14.856,90.091/!awp/!MRS - EasTor/!23.220,82.441/!142
KILL/!GL ` eraa/!14.856,90.091/!awp/!MRS - EasTor/!23.220,82.441
DMG/!unnamed/!NAN/!/!GL ` eraa/!28.718,87.348/!5
KILL/!MRS - steel/!4.498,83.682/!m4a1_silencer HS/!GL ` Gux/!18.759,81.536
DMG/!MRS - steel/!4.498,83.682/!m4a1_silencer/!GL ` Gux/!18.759,81.536/!130
DMG/!GL ` kingmezii/!13.461,66.343/!mp9/!MRS - steel/!9.752,79.500/!51
DMG/!GL ` kingmezii/!13.522,66.357/!mp9/!MRS - steel/!9.816,79.531/!12
DMG/!GL ` kingmezii/!13.535,66.360/!mp9/!MRS - steel/!9.825,79.622/!12
DMG/!GL ` kingmezii/!13.158,66.790/!mp9/!MRS - steel/!9.972,79.247/!13
DMG/!GL ` kingmezii/!13.126,66.811/!mp9/!MRS - steel/!9.984,79.243/!13
KILL/!GL ` kingmezii/!13.126,66.811/!mp9/!MRS - steel/!9.984,79.243
DMG/!GL ` kingmezii/!11.189,65.402/!mp9/!MRS - ALEXXXXX/!14.066,59.382/!14
DMG/!GL ` kingmezii/!11.254,65.238/!mp9/!MRS - ALEXXXXX/!14.012,59.383/!14
DMG/!MRS - ALEXXXXX/!13.963,59.369/!ak47/!GL ` kingmezii/!11.328,65.138/!27
DMG/!GL ` kingmezii/!11.290,65.016/!mp9/!MRS - ALEXXXXX/!13.983,59.381/!57
DMG/!GL ` kingmezii/!11.315,65.000/!mp9/!MRS - ALEXXXXX/!14.033,59.406/!14
KILL/!GL ` kingmezii/!11.437,65.032/!mp9/!MRS - ALEXXXXX/!14.064,59.421
DMG/!GL ` kingmezii/!11.437,65.032/!mp9/!MRS - ALEXXXXX/!14.064,59.421/!14
DMG/!GL ` kingmezii/!14.576,62.982/!mp9/!MRS - EasTor/!10.803,66.457/!58
KILL/!GL ` kingmezii/!14.573,62.975/!mp9 HS/!MRS - EasTor/!10.784,66.442
DMG/!GL ` kingmezii/!14.573,62.975/!mp9/!MRS - EasTor/!10.784,66.442/!58
DMG/!MRS - lowel/!19.243,44.317/!m4a1/!GL ` kingmezii/!17.500,55.511/!27
DMG/!MRS - lowel/!19.368,53.643/!m4a1/!GL ` kingmezii/!17.226,56.738/!22
DMG/!GL ` kingmezii/!17.256,56.756/!ak47/!MRS - lowel/!19.315,53.636/!27
DMG/!MRS - lowel/!19.262,53.615/!m4a1/!GL ` kingmezii/!17.280,56.770/!22
DMG/!GL ` kingmezii/!17.294,56.779/!ak47/!MRS - lowel/!19.217,53.594/!27
DMG/!GL ` kingmezii/!17.317,56.795/!ak47/!MRS - lowel/!19.230,53.600/!110
KILL/!GL ` kingmezii/!17.317,56.795/!ak47 HS/!MRS - lowel/!19.230,53.600
KILL/!GL ` eraa/!13.043,83.014/!awp/!MRS - mopoz/!2.458,78.104
DMG/!GL ` eraa/!13.043,83.014/!awp/!MRS - mopoz/!2.458,78.104/!138
DMG/!GL ` hampus/!29.312,60.751/!ak47/!MRS - lowel/!35.982,45.988/!16
DMG/!GL ` kingmezii/!26.653,48.633/!ak47/!MRS - ALEXXXXX/!27.635,39.680/!141
KILL/!GL ` kingmezii/!26.653,48.633/!ak47 HS/!MRS - ALEXXXXX/!27.635,39.680
DMG/!GL ` Gux/!53.678,72.403/!aug/!MRS - mopoz/!51.785,55.432/!97
DMG/!GL ` Gux/!53.678,72.403/!aug/!MRS - mopoz/!51.783,55.451/!97
KILL/!GL ` Gux/!53.678,72.403/!aug HS/!MRS - mopoz/!51.783,55.451
DMG/!GL ` kingmezii/!21.045,42.042/!ak47/!MRS - EasTor/!9.251,36.128/!27
DMG/!GL ` kingmezii/!21.045,42.042/!ak47/!MRS - EasTor/!9.376,36.121/!33
DMG/!GL ` kingmezii/!21.045,42.042/!ak47/!MRS - EasTor/!9.487,36.093/!27
DMG/!GL ` kingmezii/!21.045,42.042/!ak47/!MRS - EasTor/!9.494,36.090/!108
KILL/!GL ` kingmezii/!21.045,42.042/!ak47 HS/!MRS - EasTor/!9.494,36.090
DMG/!MRS - steel/!9.784,36.734/!mac10/!GL ` kingmezii/!17.160,42.241/!13
DMG/!GL ` kingmezii/!17.164,42.250/!ak47/!MRS - steel/!9.764,36.764/!27
DMG/!MRS - steel/!9.670,36.904/!mac10/!GL ` kingmezii/!17.208,42.224/!13
DMG/!GL ` kingmezii/!17.226,42.199/!ak47/!MRS - steel/!9.760,36.770/!34
DMG/!MRS - steel/!9.802,36.710/!mac10/!GL ` kingmezii/!17.238,42.181/!13
DMG/!MRS - steel/!9.843,36.650/!mac10/!GL ` kingmezii/!17.248,42.165/!13
DMG/!MRS - steel/!9.883,36.593/!mac10/!GL ` kingmezii/!17.261,42.146/!13
DMG/!GL ` kingmezii/!17.261,42.146/!ak47/!MRS - steel/!9.883,36.593/!27
DMG/!MRS - steel/!9.903,36.564/!mac10/!GL ` kingmezii/!17.272,42.130/!13
KILL/!GL ` kingmezii/!17.293,42.099/!ak47/!MRS - steel/!9.938,36.515
DMG/!GL ` kingmezii/!17.293,42.099/!ak47/!MRS - steel/!9.938,36.515/!27
DMG/!MRS - lowel/!56.083,42.438/!ak47/!GL ` Gux/!48.818,71.865/!24
DMG/!MRS - lowel/!56.106,42.444/!ak47/!GL ` Gux/!48.743,71.844/!21
DMG/!MRS - lowel/!56.133,42.451/!ak47/!GL ` Gux/!48.642,71.816/!23
DMG/!MRS - lowel/!56.130,42.451/!ak47/!GL ` Gux/!48.487,71.774/!19
DMG/!GL ` hampus/!53.737,61.895/!ak47/!MRS - lowel/!53.547,51.073/!27
DMG/!GL ` hampus/!53.670,61.867/!ak47/!MRS - lowel/!53.472,51.072/!27
DMG/!GL ` RuStY^_^/!52.260,70.336/!m4a1_silencer/!MRS - lowel/!53.446,51.071/!22
DMG/!GL ` hampus/!53.659,61.864/!ak47/!MRS - lowel/!53.442,51.071/!27
KILL/!GL ` hampus/!53.659,61.864/!ak47/!MRS - lowel/!53.442,51.071
DMG/!GL ` kingmezii/!21.422,41.278/!ak47/!MRS - EasTor/!11.734,40.704/!35
DMG/!GL ` kingmezii/!21.420,41.278/!ak47/!MRS - EasTor/!11.783,41.094/!44
DMG/!GL ` kingmezii/!21.420,41.278/!ak47/!MRS - EasTor/!11.902,42.053/!26
KILL/!GL ` kingmezii/!21.420,41.278/!ak47/!MRS - EasTor/!11.902,42.053
DMG/!GL ` eraa/!14.301,53.177/!hegrenade/!MRS - lowel/!10.879,36.607/!26
DMG/!GL ` eraa/!14.301,53.177/!hegrenade/!MRS - ALEXXXXX/!6.649,37.821/!10
DMG/!GL ` eraa/!14.301,53.177/!hegrenade/!MRS - steel/!10.373,39.459/!3
DMG/!MRS - steel/!10.327,40.828/!glock/!GL ` kingmezii/!21.190,41.680/!11
DMG/!GL ` kingmezii/!21.199,41.602/!ak47/!MRS - steel/!10.292,41.293/!35
DMG/!GL ` kingmezii/!21.200,41.597/!ak47/!MRS - steel/!10.284,41.450/!35
DMG/!MRS - mopoz/!25.288,42.585/!glock/!GL ` kingmezii/!21.588,40.878/!13
DMG/!MRS - mopoz/!24.985,42.302/!glock/!GL ` kingmezii/!21.603,40.839/!13
DMG/!GL ` kingmezii/!21.620,40.833/!ak47/!MRS - steel/!10.479,42.749/!35
KILL/!GL ` kingmezii/!21.620,40.833/!ak47/!MRS - steel/!10.479,42.749
DMG/!MRS - mopoz/!24.126,41.000/!glock/!GL ` kingmezii/!21.629,40.916/!16
DMG/!MRS - mopoz/!24.025,41.005/!glock/!GL ` kingmezii/!21.670,40.903/!13
DMG/!MRS - mopoz/!23.958,41.030/!glock/!GL ` kingmezii/!21.680,40.873/!13
DMG/!MRS - lowel/!13.529,40.006/!glock/!GL ` kingmezii/!21.719,40.803/!12
DMG/!MRS - mopoz/!23.381,41.037/!glock/!GL ` kingmezii/!21.575,40.783/!13
KILL/!MRS - mopoz/!23.381,41.037/!glock/!GL ` kingmezii/!21.575,40.783
DMG/!MRS - ALEXXXXX/!10.026,45.128/!glock/!GL ` eraa/!15.594,54.794/!47
DMG/!MRS - ALEXXXXX/!10.444,44.898/!glock/!GL ` eraa/!15.084,55.176/!11
DMG/!MRS - ALEXXXXX/!10.646,44.894/!glock/!GL ` eraa/!14.964,55.316/!11
DMG/!MRS - ALEXXXXX/!11.051,45.221/!glock/!GL ` eraa/!14.884,55.389/!11
DMG/!GL ` eraa/!14.917,55.376/!p250/!MRS - ALEXXXXX/!11.043,45.349/!33
DMG/!MRS - ALEXXXXX/!10.950,45.490/!glock/!GL ` eraa/!14.910,55.378/!47
KILL/!MRS - ALEXXXXX/!10.950,45.490/!glock HS/!GL ` eraa/!14.910,55.378
DMG/!MRS - mopoz/!-11.011,57.735/!ak47/!GL ` RuStY^_^/!4.041,74.974/!26
DMG/!GL ` RuStY^_^/!4.004,74.984/!ak47/!MRS - mopoz/!-11.006,57.730/!137
KILL/!GL ` RuStY^_^/!4.004,74.984/!ak47 HS/!MRS - mopoz/!-11.006,57.730
DMG/!MRS - ALEXXXXX/!20.084,56.357/!awp/!GL ` hampus/!15.591,71.567/!47
DMG/!GL ` hampus/!15.591,71.567/!ak47/!MRS - ALEXXXXX/!20.080,56.356/!18
DMG/!GL ` hampus/!15.571,71.561/!ak47/!MRS - ALEXXXXX/!19.938,56.315/!34
KILL/!GL ` hampus/!15.553,71.556/!ak47/!MRS - ALEXXXXX/!19.123,56.082
DMG/!GL ` hampus/!15.553,71.556/!ak47/!MRS - ALEXXXXX/!19.123,56.082/!26
DMG/!MRS - lowel/!13.271,49.571/!ak47/!GL ` RuStY^_^/!12.909,57.240/!27
DMG/!MRS - lowel/!13.363,49.570/!ak47/!GL ` RuStY^_^/!12.899,57.178/!27
DMG/!MRS - lowel/!13.353,49.569/!ak47/!GL ` RuStY^_^/!12.898,57.175/!27
KILL/!MRS - lowel/!13.353,49.569/!ak47/!GL ` RuStY^_^/!12.898,57.175
DMG/!MRS - lowel/!10.259,63.047/!ak47/!GL ` hampus/!18.815,78.100/!26
DMG/!MRS - lowel/!10.198,63.078/!ak47/!GL ` hampus/!18.881,78.020/!26
KILL/!MRS - lowel/!10.208,63.072/!ak47 HS/!GL ` hampus/!18.900,78.003
DMG/!MRS - lowel/!10.208,63.072/!ak47/!GL ` hampus/!18.900,78.003/!107
DMG/!MRS - lowel/!30.727,79.682/!ak47/!GL ` Gux/!18.053,77.813/!27
DMG/!GL ` Gux/!18.071,77.833/!aug/!MRS - lowel/!30.726,79.684/!9
KILL/!GL ` Gux/!18.069,77.844/!aug HS/!MRS - lowel/!30.728,79.670
DMG/!GL ` Gux/!18.069,77.844/!aug/!MRS - lowel/!30.728,79.670/!109
DMG/!GL ` Gux/!24.871,62.753/!hegrenade/!MRS - mopoz/!37.678,49.802/!16
DMG/!MRS - mopoz/!45.133,61.226/!ak47/!GL ` Gux/!25.389,65.818/!26
DMG/!MRS - mopoz/!45.131,61.239/!ak47/!MRS - steel/!42.273,62.097/!36
DMG/!MRS - mopoz/!45.131,61.239/!ak47/!GL ` Gux/!25.395,65.833/!17
DMG/!GL ` Gux/!25.561,66.156/!m4a1_silencer/!MRS - steel/!41.910,62.927/!22
DMG/!MRS - mopoz/!44.974,60.597/!ak47/!GL ` Gux/!25.671,66.530/!26
KILL/!MRS - mopoz/!44.981,60.619/!ak47 HS/!GL ` Gux/!25.684,66.580
DMG/!MRS - mopoz/!44.981,60.619/!ak47/!GL ` Gux/!25.684,66.580/!107
DMG/!unnamed/!NAN/!/!GL ` eraa/!27.545,87.357/!5
DMG/!MRS - steel/!30.316,68.077/!hegrenade/!GL ` eraa/!26.230,70.876/!8
DMG/!MRS - steel/!30.316,68.077/!hegrenade/!GL ` kingmezii/!26.534,71.694/!7
DMG/!MRS - steel/!30.447,70.350/!inferno/!GL ` eraa/!25.364,70.903/!1
DMG/!MRS - steel/!30.518,70.613/!inferno/!GL ` eraa/!25.460,70.903/!2
DMG/!MRS - steel/!30.612,71.174/!inferno/!GL ` eraa/!25.675,70.924/!3
DMG/!MRS - steel/!30.787,71.642/!inferno/!GL ` eraa/!25.742,71.253/!4
DMG/!MRS - steel/!31.063,71.990/!inferno/!GL ` eraa/!25.797,71.870/!4
DMG/!MRS - steel/!31.529,72.692/!inferno/!GL ` eraa/!26.001,71.979/!6
DMG/!MRS - steel/!31.649,73.122/!inferno/!GL ` eraa/!26.357,71.800/!7
DMG/!MRS - EasTor/!39.879,71.951/!ak47/!GL ` eraa/!27.333,71.307/!108
KILL/!MRS - EasTor/!39.879,71.951/!ak47 HS/!GL ` eraa/!27.333,71.307
DMG/!unnamed/!NAN/!/!MRS - EasTor/!45.233,37.930/!12
DMG/!unnamed/!NAN/!/!MRS - mopoz/!52.458,36.492/!5
DMG/!unnamed/!NAN/!/!MRS - steel/!60.798,36.377/!1
DMG/!unnamed/!NAN/!/!GL ` hampus/!24.739,45.437/!21
DMG/!unnamed/!NAN/!/!GL ` RuStY^_^/!17.381,91.736/!1
DMG/!unnamed/!NAN/!/!MRS - lowel/!43.844,37.183/!11
DMG/!GL ` eraa/!6.040,41.158/!awp/!MRS - steel/!23.529,22.206/!80
DMG/!GL ` Gux/!37.257,71.597/!m4a1_silencer/!MRS - ALEXXXXX/!48.014,72.519/!91
DMG/!GL ` hampus/!34.009,64.354/!m4a1/!MRS - ALEXXXXX/!48.014,72.469/!16
KILL/!GL ` hampus/!34.009,64.354/!m4a1 WB/!MRS - ALEXXXXX/!48.014,72.469
DMG/!MRS - mopoz/!40.835,63.491/!ak47/!GL ` hampus/!33.895,64.418/!27
DMG/!MRS - mopoz/!40.739,63.499/!ak47/!GL ` hampus/!33.884,63.962/!27
DMG/!GL ` hampus/!33.884,63.962/!m4a1/!MRS - mopoz/!40.739,63.499/!22
DMG/!GL ` hampus/!33.880,63.906/!m4a1/!MRS - mopoz/!40.735,63.464/!22
DMG/!GL ` hampus/!33.878,63.863/!m4a1/!MRS - mopoz/!40.731,63.435/!22
DMG/!GL ` hampus/!33.877,63.824/!m4a1/!MRS - mopoz/!40.728,63.411/!22
DMG/!GL ` hampus/!33.874,63.763/!m4a1/!MRS - mopoz/!40.726,63.381/!22
KILL/!GL ` hampus/!33.874,63.763/!m4a1/!MRS - mopoz/!40.726,63.381
DMG/!MRS - EasTor/!50.079,64.674/!ak47/!GL ` hampus/!33.853,63.908/!26
DMG/!GL ` Gux/!32.036,68.743/!m4a1_silencer/!MRS - EasTor/!49.179,65.920/!22
DMG/!GL ` RuStY^_^/!23.942,77.782/!ak47/!MRS - EasTor/!50.422,68.395/!26
DMG/!MRS - lowel/!44.848,65.796/!inferno/!GL ` Gux/!34.569,71.679/!4
DMG/!MRS - lowel/!44.085,65.500/!inferno/!GL ` Gux/!34.529,72.048/!5
DMG/!GL ` RuStY^_^/!24.100,78.216/!ak47/!MRS - EasTor/!50.190,67.764/!26
DMG/!MRS - EasTor/!50.190,67.764/!ak47/!GL ` RuStY^_^/!24.092,78.197/!26
DMG/!MRS - lowel/!43.262,65.301/!inferno/!GL ` Gux/!34.157,72.378/!6
DMG/!GL ` hampus/!37.345,64.942/!m4a1/!MRS - lowel/!38.103,61.579/!16
KILL/!MRS - lowel/!38.103,61.579/!ak47 HS/!GL ` Gux/!33.423,77.813
DMG/!MRS - lowel/!38.103,61.579/!ak47/!GL ` Gux/!33.423,77.813/!107
DMG/!GL ` hampus/!37.218,64.840/!m4a1/!MRS - lowel/!38.144,61.591/!69
DMG/!GL ` hampus/!37.118,64.781/!m4a1/!MRS - lowel/!38.148,61.592/!66
KILL/!GL ` hampus/!37.118,64.781/!m4a1 HS WB/!MRS - lowel/!38.148,61.592
DMG/!MRS - steel/!50.007,72.299/!ak47/!GL ` RuStY^_^/!24.200,77.016/!7
DMG/!MRS - steel/!50.004,72.283/!ak47/!GL ` RuStY^_^/!24.238,77.160/!105
KILL/!MRS - steel/!50.004,72.283/!ak47 HS/!GL ` RuStY^_^/!24.238,77.160
DMG/!MRS - steel/!44.950,74.262/!ak47/!GL ` hampus/!37.466,71.777/!109
KILL/!MRS - steel/!44.950,74.262/!ak47 HS/!GL ` hampus/!37.466,71.777
DMG/!MRS - steel/!45.317,72.422/!ak47/!GL ` eraa/!24.004,76.936/!25
DMG/!MRS - steel/!45.317,72.421/!ak47/!GL ` eraa/!23.907,76.469/!4
DMG/!MRS - steel/!45.685,70.704/!ak47/!GL ` eraa/!24.374,77.366/!26
DMG/!MRS - steel/!45.685,70.704/!ak47/!GL ` eraa/!24.378,77.380/!26
DMG/!GL ` eraa/!24.380,77.386/!awp/!MRS - steel/!45.685,70.704/!136
KILL/!GL ` eraa/!24.380,77.386/!awp/!MRS - steel/!45.685,70.704
KILL/!MRS - EasTor/!25.606,83.357/!ak47 HS/!GL ` eraa/!19.920,80.095
DMG/!MRS - EasTor/!25.606,83.357/!ak47/!GL ` eraa/!19.920,80.095/!110
DMG/!GL ` kingmezii/!40.441,67.562/!m4a1_silencer/!MRS - EasTor/!27.741,62.926/!22
DMG/!GL ` kingmezii/!40.410,67.658/!m4a1_silencer/!MRS - EasTor/!27.761,62.813/!22
KILL/!GL ` kingmezii/!40.410,67.658/!m4a1_silencer/!MRS - EasTor/!27.761,62.813
DMG/!MRS - EasTor/!53.420,48.588/!inferno/!GL ` Gux/!47.401,74.879/!1
DMG/!MRS - EasTor/!53.409,49.617/!inferno/!GL ` Gux/!47.392,74.846/!2
DMG/!MRS - EasTor/!53.289,50.374/!inferno/!GL ` Gux/!47.364,74.936/!3
DMG/!MRS - EasTor/!53.090,51.201/!inferno/!GL ` Gux/!47.370,74.932/!4
DMG/!MRS - EasTor/!52.904,52.216/!inferno/!GL ` Gux/!47.436,74.941/!4
DMG/!MRS - EasTor/!52.740,53.141/!inferno/!GL ` Gux/!47.436,74.941/!5
DMG/!MRS - EasTor/!52.583,54.107/!inferno/!GL ` Gux/!47.428,74.933/!6
DMG/!MRS - EasTor/!52.425,55.112/!inferno/!GL ` Gux/!47.292,74.920/!7
DMG/!MRS - EasTor/!52.576,55.967/!inferno/!GL ` Gux/!47.392,74.924/!8
DMG/!MRS - EasTor/!52.763,56.847/!inferno/!GL ` Gux/!47.009,74.907/!8
DMG/!MRS - EasTor/!52.772,57.579/!inferno/!GL ` Gux/!46.299,75.115/!8
DMG/!MRS - EasTor/!52.788,58.394/!inferno/!GL ` Gux/!45.544,75.435/!8
DMG/!MRS - EasTor/!52.774,59.229/!inferno/!GL ` Gux/!44.675,75.400/!8
DMG/!MRS - EasTor/!52.891,60.013/!inferno/!GL ` Gux/!43.903,75.268/!8
DMG/!MRS - EasTor/!53.237,60.788/!inferno/!GL ` Gux/!43.012,75.276/!8
DMG/!MRS - ALEXXXXX/!36.682,61.605/!ak47/!GL ` RuStY^_^/!29.237,74.650/!27
DMG/!MRS - ALEXXXXX/!36.690,61.611/!ak47/!GL ` RuStY^_^/!29.176,74.526/!27
DMG/!MRS - mopoz/!36.456,68.813/!ak47/!GL ` hampus/!38.066,72.035/!20
DMG/!MRS - ALEXXXXX/!36.707,61.621/!ak47/!GL ` RuStY^_^/!29.132,74.436/!27
DMG/!GL ` Gux/!38.701,75.899/!m4a1/!MRS - mopoz/!36.352,69.141/!90
DMG/!MRS - ALEXXXXX/!36.736,61.638/!ak47/!GL ` RuStY^_^/!29.129,74.430/!27
KILL/!MRS - ALEXXXXX/!36.736,61.638/!ak47/!GL ` RuStY^_^/!29.129,74.430
DMG/!GL ` Gux/!38.578,75.936/!m4a1/!MRS - mopoz/!36.317,69.190/!22
KILL/!GL ` Gux/!38.578,75.936/!m4a1/!MRS - mopoz/!36.317,69.190
DMG/!GL ` hampus/!37.767,72.075/!m4a1/!MRS - ALEXXXXX/!36.792,61.672/!22
DMG/!GL ` hampus/!38.147,72.011/!m4a1/!MRS - ALEXXXXX/!36.741,61.645/!12
DMG/!GL ` Gux/!37.782,76.162/!m4a1/!MRS - ALEXXXXX/!36.703,61.646/!23
DMG/!GL ` hampus/!38.140,72.005/!m4a1/!MRS - ALEXXXXX/!36.684,61.648/!67
KILL/!GL ` hampus/!38.140,72.005/!m4a1 HS WB/!MRS - ALEXXXXX/!36.684,61.648
DMG/!MRS - lowel/!51.740,63.254/!inferno/!GL ` hampus/!37.365,71.456/!2
DMG/!MRS - lowel/!51.777,63.369/!inferno/!GL ` hampus/!37.544,71.801/!3
DMG/!MRS - lowel/!51.889,63.743/!inferno/!GL ` hampus/!37.572,71.626/!4
DMG/!MRS - lowel/!48.708,72.209/!ak47/!GL ` hampus/!36.767,76.565/!108
KILL/!MRS - lowel/!48.708,72.209/!ak47 HS/!GL ` hampus/!36.767,76.565
DMG/!MRS - steel/!37.694,61.694/!ak47/!GL ` Gux/!37.255,65.052/!26
KILL/!MRS - steel/!37.694,61.694/!ak47 WB/!GL ` Gux/!37.255,65.052
DMG/!GL ` kingmezii/!24.404,60.638/!ak47/!MRS - steel/!36.778,63.534/!27
DMG/!GL ` kingmezii/!24.391,60.701/!ak47/!MRS - steel/!36.830,63.682/!27
DMG/!GL ` kingmezii/!24.374,60.781/!ak47/!MRS - steel/!36.851,63.821/!27
KILL/!GL ` kingmezii/!24.356,60.858/!ak47/!MRS - steel/!36.826,63.940
DMG/!GL ` kingmezii/!24.356,60.858/!ak47/!MRS - steel/!36.826,63.940/!27
DMG/!GL ` kingmezii/!27.194,71.073/!ak47/!MRS - lowel/!39.999,71.946/!108
KILL/!GL ` kingmezii/!27.194,71.073/!ak47 HS/!MRS - lowel/!39.999,71.946
DMG/!MRS - EasTor/!48.846,72.260/!ak47/!GL ` kingmezii/!28.280,62.370/!26
DMG/!GL ` kingmezii/!28.517,62.320/!ak47/!MRS - EasTor/!48.803,72.356/!11
DMG/!MRS - EasTor/!48.802,72.358/!ak47/!GL ` kingmezii/!28.517,62.320/!26
DMG/!GL ` kingmezii/!28.499,62.359/!ak47/!MRS - EasTor/!48.802,72.358/!17
DMG/!GL ` kingmezii/!28.480,62.398/!ak47/!MRS - EasTor/!48.809,72.344/!11
DMG/!MRS - EasTor/!48.818,72.327/!ak47/!GL ` kingmezii/!28.480,62.398/!106
KILL/!MRS - EasTor/!48.818,72.327/!ak47 HS/!GL ` kingmezii/!28.480,62.398
DMG/!GL ` eraa/!43.443,70.207/!ssg08/!MRS - EasTor/!44.906,70.202/!74
KILL/!GL ` eraa/!43.443,70.207/!ssg08/!MRS - EasTor/!44.906,70.202
DMG/!GL ` kingmezii/!10.588,46.016/!hegrenade/!MRS - steel/!21.397,15.837/!48
DMG/!GL ` kingmezii/!10.588,46.016/!hegrenade/!MRS - EasTor/!20.630,15.967/!49
DMG/!GL ` kingmezii/!10.588,46.016/!hegrenade/!MRS - ALEXXXXX/!20.140,19.487/!13
DMG/!GL ` Gux/!52.931,68.208/!hegrenade/!MRS - mopoz/!51.956,49.093/!4
DMG/!GL ` RuStY^_^/!49.258,64.375/!hegrenade/!MRS - mopoz/!52.888,51.837/!20
DMG/!MRS - mopoz/!51.941,60.069/!galilar/!GL ` Gux/!57.029,69.640/!28
DMG/!MRS - mopoz/!51.986,60.165/!galilar/!GL ` Gux/!56.946,69.695/!22
DMG/!MRS - mopoz/!52.191,60.541/!galilar/!GL ` Gux/!56.700,69.800/!22
DMG/!MRS - mopoz/!52.287,60.706/!galilar/!GL ` Gux/!56.671,69.811/!22
DMG/!GL ` Gux/!56.523,69.873/!m4a1_silencer/!MRS - mopoz/!52.983,61.760/!28
DMG/!GL ` Gux/!56.276,69.972/!m4a1_silencer/!MRS - mopoz/!53.486,61.965/!22
DMG/!GL ` Gux/!56.203,69.999/!m4a1_silencer/!MRS - mopoz/!53.570,61.940/!22
KILL/!GL ` RuStY^_^/!55.093,70.024/!ak47/!MRS - mopoz/!53.781,61.851
DMG/!GL ` RuStY^_^/!55.093,70.024/!ak47/!MRS - mopoz/!53.781,61.851/!27
DMG/!MRS - ALEXXXXX/!4.075,77.606/!ak47/!GL ` eraa/!14.348,83.994/!108
KILL/!MRS - ALEXXXXX/!4.075,77.606/!ak47 HS/!GL ` eraa/!14.348,83.994
DMG/!GL ` kingmezii/!14.179,86.777/!m4a1/!MRS - steel/!2.851,75.288/!21
DMG/!GL ` kingmezii/!14.385,86.304/!m4a1/!MRS - ALEXXXXX/!3.705,81.787/!22
DMG/!GL ` kingmezii/!14.383,86.302/!m4a1/!MRS - ALEXXXXX/!3.663,81.872/!22
DMG/!GL ` kingmezii/!14.412,86.235/!m4a1/!MRS - ALEXXXXX/!3.614,81.972/!22
KILL/!GL ` kingmezii/!14.431,86.188/!m4a1/!MRS - ALEXXXXX/!3.613,81.976
DMG/!GL ` kingmezii/!14.431,86.188/!m4a1/!MRS - ALEXXXXX/!3.613,81.976/!27
DMG/!MRS - EasTor/!1.323,75.122/!ak47/!GL ` kingmezii/!14.690,85.714/!26
DMG/!MRS - EasTor/!1.275,75.182/!ak47/!GL ` kingmezii/!14.665,85.747/!33
DMG/!GL ` kingmezii/!14.671,85.740/!m4a1/!MRS - EasTor/!1.257,75.205/!87
KILL/!GL ` kingmezii/!14.671,85.740/!m4a1 HS/!MRS - EasTor/!1.257,75.205
DMG/!GL ` kingmezii/!14.681,85.727/!m4a1/!MRS - steel/!2.099,75.808/!21
DMG/!GL ` kingmezii/!14.709,85.691/!m4a1/!MRS - steel/!2.089,75.820/!87
KILL/!GL ` kingmezii/!14.709,85.691/!m4a1 HS/!MRS - steel/!2.089,75.820
DMG/!GL ` hampus/!3.413,82.883/!ak47/!MRS - lowel/!10.250,77.129/!34
DMG/!GL ` hampus/!3.441,82.875/!ak47/!MRS - lowel/!10.177,77.130/!34
DMG/!MRS - lowel/!10.179,77.139/!ak47/!GL ` hampus/!3.430,82.862/!27
DMG/!GL ` hampus/!3.427,82.859/!ak47/!MRS - lowel/!10.181,77.141/!27
DMG/!MRS - lowel/!10.195,77.158/!ak47/!GL ` hampus/!3.408,82.836/!27
DMG/!GL ` hampus/!3.405,82.833/!ak47/!MRS - lowel/!10.195,77.158/!27
KILL/!GL ` hampus/!3.405,82.833/!ak47/!MRS - lowel/!10.195,77.158
DMG/!GL ` kingmezii/!25.906,48.652/!ak47/!MRS - ALEXXXXX/!27.907,42.894/!142
KILL/!GL ` kingmezii/!25.906,48.652/!ak47 HS/!MRS - ALEXXXXX/!27.907,42.894
DMG/!MRS - lowel/!28.888,36.667/!deagle/!GL ` kingmezii/!26.150,48.686/!23
DMG/!MRS - lowel/!28.673,36.990/!deagle/!GL ` kingmezii/!26.369,48.726/!183
KILL/!MRS - lowel/!28.673,36.990/!deagle HS/!GL ` kingmezii/!26.369,48.726
DMG/!GL ` hampus/!29.907,64.006/!ak47/!MRS - steel/!28.147,43.200/!3
DMG/!GL ` hampus/!29.941,64.145/!ak47/!MRS - steel/!28.138,43.365/!5
DMG/!GL ` eraa/!12.690,62.870/!inferno/!MRS - lowel/!19.932,41.882/!4
DMG/!GL ` eraa/!12.379,63.627/!inferno/!MRS - lowel/!19.496,41.704/!4
DMG/!GL ` eraa/!11.827,64.393/!inferno/!MRS - steel/!20.791,41.190/!5
DMG/!GL ` eraa/!11.827,64.393/!inferno/!MRS - lowel/!18.719,41.550/!5
DMG/!GL ` eraa/!11.377,65.105/!inferno/!MRS - lowel/!17.856,41.544/!6
DMG/!GL ` eraa/!11.315,65.978/!inferno/!MRS - lowel/!17.113,42.162/!7
DMG/!GL ` eraa/!11.537,66.917/!inferno/!MRS - lowel/!16.729,43.110/!8
DMG/!GL ` eraa/!11.871,67.857/!inferno/!MRS - lowel/!16.231,44.017/!8
DMG/!MRS - steel/!44.127,64.894/!cz75a/!GL ` RuStY^_^/!48.903,67.207/!22
DMG/!MRS - steel/!44.044,65.039/!cz75a/!GL ` RuStY^_^/!48.968,67.103/!22
DMG/!GL ` RuStY^_^/!49.000,67.043/!ak47/!MRS - steel/!43.955,65.208/!35
DMG/!MRS - steel/!43.901,65.369/!cz75a/!GL ` RuStY^_^/!49.044,66.922/!27
DMG/!MRS - steel/!43.882,65.435/!cz75a/!GL ` RuStY^_^/!49.052,66.893/!21
DMG/!GL ` RuStY^_^/!49.055,66.885/!ak47/!MRS - steel/!43.879,65.447/!142
KILL/!GL ` RuStY^_^/!49.055,66.885/!ak47 HS/!MRS - steel/!43.879,65.447
KILL/!GL ` hampus/!4.443,79.282/!ak47 HS/!MRS - mopoz/!18.425,78.908
DMG/!GL ` hampus/!4.443,79.282/!ak47/!MRS - mopoz/!18.425,78.908/!139
DMG/!GL ` eraa/!24.120,86.970/!m4a1/!MRS - EasTor/!13.467,74.054/!31
DMG/!GL ` eraa/!24.120,86.970/!m4a1/!MRS - EasTor/!13.485,74.176/!31
DMG/!GL ` eraa/!24.120,86.970/!m4a1/!MRS - EasTor/!13.522,74.267/!31
KILL/!GL ` eraa/!24.120,86.970/!m4a1/!MRS - EasTor/!13.524,74.272
DMG/!GL ` eraa/!24.120,86.970/!m4a1/!MRS - EasTor/!13.524,74.272/!31
DMG/!GL ` hampus/!5.587,83.151/!ak47/!MRS - lowel/!16.115,69.602/!26
DMG/!GL ` hampus/!5.589,83.152/!ak47/!MRS - lowel/!16.092,69.581/!26
DMG/!GL ` hampus/!5.580,83.145/!ak47/!MRS - lowel/!16.071,69.565/!139
KILL/!GL ` hampus/!5.580,83.145/!ak47 HS/!MRS - lowel/!16.071,69.565
DMG/!MRS - steel/!16.746,49.291/!ak47/!GL ` eraa/!18.185,55.934/!27
DMG/!MRS - steel/!16.745,49.296/!ak47/!GL ` eraa/!18.179,55.935/!27
DMG/!MRS - steel/!16.766,49.292/!ak47/!GL ` eraa/!17.999,55.975/!3
DMG/!MRS - steel/!16.778,49.289/!ak47/!GL ` eraa/!17.909,56.025/!27
DMG/!MRS - steel/!16.801,49.298/!ak47/!GL ` eraa/!17.629,56.084/!10
DMG/!MRS - steel/!17.027,49.281/!ak47/!GL ` eraa/!17.512,56.087/!10
KILL/!MRS - steel/!17.027,49.281/!ak47 WB/!GL ` eraa/!17.512,56.087
DMG/!MRS - mopoz/!57.012,45.870/!hegrenade/!GL ` RuStY^_^/!48.861,64.337/!18
DMG/!MRS - mopoz/!57.012,45.870/!hegrenade/!GL ` Gux/!56.833,65.396/!1
DMG/!MRS - lowel/!32.570,58.363/!hegrenade/!GL ` RuStY^_^/!47.609,65.066/!43
DMG/!MRS - ALEXXXXX/!28.888,58.587/!hegrenade/!GL ` RuStY^_^/!47.624,65.028/!47
KILL/!MRS - ALEXXXXX/!28.888,58.587/!hegrenade/!GL ` RuStY^_^/!47.624,65.028
DMG/!MRS - steel/!10.680,47.628/!ak47/!GL ` kingmezii/!5.443,49.532/!27
DMG/!GL ` kingmezii/!5.437,49.514/!m4a1/!MRS - steel/!10.679,47.613/!22
DMG/!MRS - steel/!10.667,47.541/!ak47/!GL ` kingmezii/!5.407,49.417/!27
DMG/!GL ` kingmezii/!5.407,49.417/!m4a1/!MRS - steel/!10.667,47.541/!90
KILL/!GL ` kingmezii/!5.407,49.417/!m4a1 HS/!MRS - steel/!10.667,47.541
DMG/!MRS - mopoz/!51.881,54.501/!ak47/!GL ` Gux/!54.314,66.490/!27
DMG/!GL ` Gux/!54.314,66.490/!ak47/!MRS - mopoz/!51.907,54.513/!27
DMG/!MRS - mopoz/!51.937,54.507/!ak47/!GL ` Gux/!54.314,66.490/!27
DMG/!GL ` Gux/!54.314,66.490/!ak47/!MRS - mopoz/!51.937,54.507/!108
KILL/!GL ` Gux/!54.314,66.490/!ak47 HS/!MRS - mopoz/!51.937,54.507
DMG/!MRS - lowel/!44.591,63.778/!ak47/!GL ` Gux/!49.492,67.253/!27
KILL/!MRS - lowel/!44.570,63.813/!ak47/!GL ` Gux/!49.497,67.183
DMG/!MRS - lowel/!44.570,63.813/!ak47/!GL ` Gux/!49.497,67.183/!27
DMG/!GL ` hampus/!25.238,68.723/!hegrenade/!MRS - EasTor/!49.169,66.872/!34
DMG/!MRS - lowel/!28.882,68.895/!ak47/!GL ` hampus/!32.022,66.503/!21
DMG/!MRS - lowel/!28.920,68.939/!ak47/!GL ` hampus/!31.975,66.495/!27
DMG/!GL ` hampus/!31.936,66.457/!ak47/!MRS - lowel/!28.901,68.916/!110
KILL/!GL ` hampus/!31.936,66.457/!ak47 HS/!MRS - lowel/!28.901,68.916
DMG/!GL ` hampus/!33.516,61.800/!ak47/!MRS - EasTor/!50.090,65.548/!107
KILL/!GL ` hampus/!33.516,61.800/!ak47 HS/!MRS - EasTor/!50.090,65.548
DMG/!GL ` kingmezii/!32.055,65.165/!m4a1/!MRS - ALEXXXXX/!45.778,62.413/!22
DMG/!GL ` kingmezii/!32.149,65.216/!m4a1/!MRS - ALEXXXXX/!45.779,62.544/!27
DMG/!GL ` kingmezii/!32.170,65.284/!m4a1/!MRS - ALEXXXXX/!45.779,62.599/!16
DMG/!GL ` kingmezii/!32.184,65.343/!m4a1/!MRS - ALEXXXXX/!45.779,62.670/!20
DMG/!GL ` kingmezii/!32.199,65.415/!m4a1/!MRS - ALEXXXXX/!45.779,62.682/!22
KILL/!GL ` kingmezii/!32.199,65.415/!m4a1/!MRS - ALEXXXXX/!45.779,62.682
DMG/!MRS - ALEXXXXX/!43.302,61.143/!ak47/!GL ` hampus/!29.003,76.131/!33
DMG/!MRS - lowel/!45.194,58.728/!ak47/!GL ` hampus/!29.006,76.130/!33
DMG/!GL ` hampus/!29.017,76.125/!ak47/!MRS - lowel/!45.158,58.696/!26
DMG/!MRS - ALEXXXXX/!43.302,61.143/!ak47/!GL ` hampus/!29.025,76.132/!26
DMG/!GL ` hampus/!29.027,76.134/!ak47/!MRS - lowel/!45.158,58.696/!106
KILL/!GL ` hampus/!29.027,76.134/!ak47 HS/!MRS - lowel/!45.158,58.696
KILL/!MRS - ALEXXXXX/!43.302,61.143/!ak47 HS/!GL ` hampus/!29.038,76.145
DMG/!MRS - ALEXXXXX/!43.302,61.143/!ak47/!GL ` hampus/!29.038,76.145/!106
DMG/!MRS - steel/!51.936,57.753/!ak47/!GL ` Gux/!56.956,65.694/!27
DMG/!MRS - steel/!51.964,57.767/!ak47/!GL ` Gux/!56.922,65.737/!27
DMG/!MRS - steel/!51.953,57.770/!ak47/!GL ` Gux/!56.915,65.763/!27
KILL/!MRS - steel/!51.932,57.784/!ak47/!GL ` Gux/!56.914,65.766
DMG/!MRS - steel/!51.932,57.784/!ak47/!GL ` Gux/!56.914,65.766/!27
DMG/!MRS - ALEXXXXX/!42.634,63.855/!ak47/!GL ` RuStY^_^/!47.907,64.816/!27
DMG/!GL ` RuStY^_^/!47.889,64.833/!m4a1_silencer/!MRS - ALEXXXXX/!42.630,63.874/!22
DMG/!MRS - ALEXXXXX/!42.639,63.804/!ak47/!GL ` RuStY^_^/!47.933,64.584/!27
DMG/!GL ` RuStY^_^/!47.938,64.548/!m4a1_silencer/!MRS - ALEXXXXX/!42.639,63.801/!22
DMG/!GL ` RuStY^_^/!47.948,64.481/!m4a1_silencer/!MRS - ALEXXXXX/!42.642,63.786/!22
DMG/!MRS - ALEXXXXX/!42.642,63.790/!ak47/!GL ` RuStY^_^/!47.950,64.461/!27
DMG/!GL ` RuStY^_^/!47.952,64.446/!m4a1_silencer/!MRS - ALEXXXXX/!42.641,63.795/!22
DMG/!MRS - ALEXXXXX/!42.640,63.804/!ak47/!GL ` RuStY^_^/!47.954,64.428/!110
KILL/!MRS - ALEXXXXX/!42.640,63.804/!ak47 HS/!GL ` RuStY^_^/!47.954,64.428
DMG/!MRS - mopoz/!52.343,57.558/!ak47/!MRS - steel/!51.258,60.876/!9
DMG/!MRS - mopoz/!52.207,57.516/!ak47/!MRS - steel/!51.258,60.802/!36
DMG/!MRS - mopoz/!52.254,57.528/!ak47/!MRS - steel/!51.258,60.685/!9
DMG/!MRS - mopoz/!52.311,57.544/!ak47/!MRS - steel/!51.258,60.568/!11
DMG/!unnamed/!NAN/!/!GL ` eraa/!27.390,86.900/!9
DMG/!unnamed/!NAN/!/!MRS - steel/!60.751,36.377/!1
DMG/!unnamed/!NAN/!/!GL ` eraa/!6.578,49.597/!1
DMG/!unnamed/!NAN/!/!MRS - EasTor/!52.467,36.377/!5
DMG/!unnamed/!NAN/!/!MRS - ALEXXXXX/!61.375,36.376/!1
DMG/!unnamed/!NAN/!/!MRS - mopoz/!53.092,36.376/!4
DMG/!MRS - steel/!17.230,50.738/!hegrenade/!GL ` kingmezii/!20.569,58.321/!2
DMG/!MRS - steel/!17.230,50.738/!hegrenade/!GL ` eraa/!20.569,58.255/!1
DMG/!GL ` eraa/!20.569,58.266/!awp/!MRS - steel/!16.889,52.087/!111
KILL/!GL ` eraa/!20.569,58.266/!awp/!MRS - steel/!16.889,52.087
DMG/!GL ` Gux/!59.442,71.792/!aug/!MRS - mopoz/!51.931,56.356/!30
DMG/!GL ` Gux/!59.437,71.794/!aug/!MRS - mopoz/!51.904,56.432/!97
KILL/!GL ` Gux/!59.437,71.794/!aug HS/!MRS - mopoz/!51.904,56.432
DMG/!GL ` Gux/!58.230,72.333/!aug/!MRS - EasTor/!51.240,53.229/!30
DMG/!MRS - EasTor/!51.244,53.227/!ak47/!GL ` Gux/!58.225,72.335/!26
DMG/!GL ` Gux/!58.227,72.335/!aug/!MRS - EasTor/!51.251,53.225/!30
DMG/!MRS - EasTor/!51.251,53.225/!ak47/!GL ` Gux/!58.227,72.335/!26
DMG/!GL ` Gux/!58.227,72.335/!aug/!MRS - EasTor/!51.251,53.225/!30
DMG/!GL ` Gux/!58.227,72.335/!aug/!MRS - EasTor/!51.251,53.225/!30
KILL/!GL ` Gux/!58.227,72.335/!aug/!MRS - EasTor/!51.251,53.225
DMG/!GL ` RuStY^_^/!51.885,64.991/!m4a1_silencer/!MRS - ALEXXXXX/!53.343,55.315/!22
DMG/!GL ` RuStY^_^/!51.885,64.990/!m4a1_silencer/!MRS - ALEXXXXX/!53.267,55.315/!22
DMG/!MRS - ALEXXXXX/!53.262,55.315/!ak47/!GL ` RuStY^_^/!51.840,64.984/!27
DMG/!GL ` RuStY^_^/!51.816,64.980/!m4a1_silencer/!MRS - ALEXXXXX/!53.265,55.315/!22
DMG/!GL ` RuStY^_^/!51.752,64.971/!m4a1_silencer/!MRS - ALEXXXXX/!53.285,55.318/!22
DMG/!GL ` RuStY^_^/!51.702,64.963/!m4a1_silencer/!MRS - ALEXXXXX/!53.311,55.321/!91
KILL/!GL ` RuStY^_^/!51.702,64.963/!m4a1_silencer HS/!MRS - ALEXXXXX/!53.311,55.321
DMG/!unnamed/!NAN/!/!GL ` eraa/!33.237,76.701/!20
DMG/!MRS - lowel/!43.036,54.339/!ak47/!GL ` eraa/!42.058,72.132/!33
DMG/!MRS - lowel/!43.052,54.339/!ak47/!GL ` eraa/!42.050,72.131/!33
KILL/!MRS - lowel/!43.035,54.338/!ak47/!GL ` eraa/!42.047,72.131
DMG/!MRS - lowel/!43.035,54.338/!ak47/!GL ` eraa/!42.047,72.131/!26
DMG/!GL ` hampus/!47.514,70.819/!m4a1/!MRS - lowel/!41.997,54.350/!21
DMG/!GL ` hampus/!47.490,70.828/!m4a1/!MRS - lowel/!41.932,54.387/!27
DMG/!MRS - lowel/!41.884,54.407/!ak47/!GL ` hampus/!47.452,70.841/!26
DMG/!GL ` hampus/!47.399,70.859/!m4a1/!MRS - lowel/!41.841,54.424/!21
DMG/!MRS - lowel/!41.837,54.425/!ak47/!GL ` hampus/!47.394,70.861/!26
DMG/!GL ` hampus/!47.368,70.870/!m4a1/!MRS - lowel/!41.814,54.434/!21
DMG/!GL ` hampus/!47.294,70.895/!m4a1/!MRS - lowel/!41.822,54.431/!27
KILL/!GL ` hampus/!47.294,70.895/!m4a1/!MRS - lowel/!41.822,54.431
DMG/!GL ` hampus/!28.707,61.381/!inferno/!MRS - lowel/!39.085,48.082/!1
DMG/!GL ` hampus/!28.876,60.779/!inferno/!MRS - lowel/!38.342,47.708/!2
DMG/!GL ` hampus/!29.047,60.506/!inferno/!MRS - EasTor/!40.940,48.825/!3
DMG/!GL ` hampus/!29.047,60.506/!inferno/!MRS - lowel/!37.531,47.607/!3
DMG/!GL ` hampus/!28.728,60.443/!inferno/!MRS - EasTor/!40.154,48.826/!4
DMG/!GL ` hampus/!28.728,60.443/!inferno/!MRS - lowel/!36.761,47.567/!4
DMG/!GL ` hampus/!28.719,60.441/!inferno/!MRS - EasTor/!39.336,48.836/!4
DMG/!GL ` hampus/!28.719,60.441/!inferno/!MRS - lowel/!35.926,47.515/!4
DMG/!GL ` hampus/!28.831,60.464/!inferno/!MRS - EasTor/!38.626,49.099/!5
DMG/!GL ` hampus/!29.392,60.574/!inferno/!MRS - EasTor/!38.181,49.665/!6
DMG/!GL ` hampus/!30.012,60.695/!inferno/!MRS - EasTor/!38.036,50.399/!7
DMG/!GL ` hampus/!27.069,62.491/!m4a1/!MRS - lowel/!35.802,51.678/!14
DMG/!GL ` hampus/!27.060,62.483/!m4a1/!MRS - lowel/!35.852,51.718/!14
DMG/!MRS - mopoz/!52.283,47.422/!hegrenade/!GL ` RuStY^_^/!55.097,61.911/!6
DMG/!GL ` hampus/!24.714,60.812/!m4a1/!MRS - lowel/!45.595,63.549/!21
DMG/!MRS - mopoz/!51.917,57.279/!ak47/!GL ` Gux/!58.400,72.224/!26
DMG/!GL ` hampus/!24.728,60.684/!m4a1/!MRS - lowel/!45.563,63.646/!21
DMG/!MRS - mopoz/!51.954,57.286/!ak47/!GL ` Gux/!58.445,72.169/!27
DMG/!GL ` hampus/!24.745,60.536/!m4a1/!MRS - lowel/!45.565,63.640/!27
KILL/!GL ` hampus/!24.745,60.536/!m4a1/!MRS - lowel/!45.565,63.640
DMG/!MRS - mopoz/!51.950,57.289/!ak47/!GL ` Gux/!58.522,72.118/!26
DMG/!GL ` Gux/!58.526,72.115/!aug/!MRS - mopoz/!51.946,57.290/!30
DMG/!MRS - mopoz/!51.946,57.290/!ak47/!GL ` Gux/!58.523,72.116/!27
KILL/!MRS - mopoz/!51.946,57.290/!ak47/!GL ` Gux/!58.523,72.116
DMG/!GL ` RuStY^_^/!55.157,62.059/!ak47/!MRS - mopoz/!51.946,57.290/!27
DMG/!MRS - mopoz/!51.946,57.290/!ak47/!MRS - steel/!52.958,59.376/!9
DMG/!GL ` hampus/!24.754,60.129/!m4a1/!MRS - EasTor/!41.456,63.398/!21
DMG/!GL ` RuStY^_^/!55.089,62.114/!ak47/!MRS - steel/!52.959,59.371/!27
DMG/!MRS - mopoz/!51.944,57.291/!ak47/!MRS - steel/!52.959,59.371/!9
DMG/!GL ` RuStY^_^/!55.059,62.136/!ak47/!MRS - steel/!52.911,59.352/!27
DMG/!MRS - mopoz/!51.930,57.301/!ak47/!GL ` RuStY^_^/!55.059,62.136/!11
DMG/!GL ` RuStY^_^/!55.070,62.127/!ak47/!MRS - steel/!52.883,59.341/!27
DMG/!MRS - mopoz/!51.910,57.315/!ak47/!GL ` RuStY^_^/!55.070,62.127/!27
DMG/!MRS - mopoz/!51.882,57.332/!ak47/!GL ` RuStY^_^/!55.089,62.113/!110
KILL/!MRS - mopoz/!51.882,57.332/!ak47 HS/!GL ` RuStY^_^/!55.089,62.113
DMG/!GL ` hampus/!24.687,60.175/!m4a1/!MRS - EasTor/!41.389,63.565/!21
DMG/!GL ` hampus/!24.656,60.167/!m4a1/!MRS - EasTor/!41.372,63.610/!21
DMG/!GL ` hampus/!24.629,60.179/!m4a1/!MRS - EasTor/!41.376,63.603/!21
KILL/!GL ` hampus/!24.629,60.179/!m4a1/!MRS - EasTor/!41.376,63.603
DMG/!GL ` hampus/!26.534,69.587/!hegrenade/!MRS - ALEXXXXX/!52.989,64.284/!54
DMG/!GL ` hampus/!26.534,69.587/!hegrenade/!MRS - mopoz/!49.906,66.991/!16
DMG/!GL ` hampus/!26.534,69.587/!hegrenade/!MRS - steel/!47.717,65.949/!3
KILL/!GL ` hampus/!26.534,69.587/!hegrenade/!MRS - steel/!47.717,65.949
DMG/!MRS - mopoz/!39.062,72.831/!ak47/!GL ` hampus/!28.159,64.302/!27
DMG/!GL ` hampus/!28.160,64.308/!m4a1/!MRS - mopoz/!39.137,72.827/!88
KILL/!GL ` hampus/!28.160,64.308/!m4a1 HS/!MRS - mopoz/!39.137,72.827
DMG/!MRS - ALEXXXXX/!39.606,65.939/!ak47/!GL ` hampus/!27.899,64.728/!27
DMG/!MRS - ALEXXXXX/!39.606,65.935/!ak47/!GL ` hampus/!27.820,64.962/!27
DMG/!MRS - ALEXXXXX/!39.607,65.922/!ak47/!GL ` hampus/!27.759,65.043/!108
KILL/!MRS - ALEXXXXX/!39.607,65.922/!ak47 HS/!GL ` hampus/!27.759,65.043
DMG/!GL ` kingmezii/!54.082,62.978/!ak47/!MRS - ALEXXXXX/!50.581,64.593/!27
DMG/!GL ` kingmezii/!54.075,62.960/!ak47/!MRS - ALEXXXXX/!50.601,64.476/!27
KILL/!GL ` kingmezii/!54.075,62.960/!ak47/!MRS - ALEXXXXX/!50.601,64.476
DMG/!GL ` Gux/!44.910,72.356/!aug/!MRS - mopoz/!51.376,64.704/!24
DMG/!GL ` Gux/!44.868,72.301/!aug/!MRS - mopoz/!51.324,64.746/!24
DMG/!GL ` Gux/!44.809,72.242/!aug/!MRS - mopoz/!51.292,64.737/!98
KILL/!GL ` Gux/!44.809,72.242/!aug HS/!MRS - mopoz/!51.292,64.737
DMG/!MRS - steel/!51.207,64.239/!ak47/!GL ` Gux/!44.631,72.077/!27
DMG/!MRS - steel/!51.168,64.195/!ak47/!GL ` Gux/!44.609,72.057/!27
DMG/!MRS - steel/!51.167,64.194/!ak47/!GL ` Gux/!44.582,72.033/!27
DMG/!MRS - steel/!51.167,64.194/!ak47/!GL ` Gux/!44.556,72.012/!27
KILL/!MRS - steel/!51.167,64.194/!ak47/!GL ` Gux/!44.556,72.012
DMG/!MRS - steel/!38.685,61.242/!ak47/!GL ` RuStY^_^/!34.030,68.857/!27
DMG/!GL ` RuStY^_^/!34.133,68.930/!m4a1_silencer/!MRS - steel/!38.703,61.276/!22
DMG/!MRS - steel/!38.736,61.299/!ak47/!GL ` RuStY^_^/!34.213,68.985/!27
DMG/!GL ` RuStY^_^/!34.249,69.008/!m4a1_silencer/!MRS - steel/!38.777,61.324/!22
DMG/!GL ` RuStY^_^/!34.285,69.029/!m4a1_silencer/!MRS - steel/!38.796,61.335/!22
DMG/!GL ` RuStY^_^/!34.324,69.052/!m4a1_silencer/!MRS - steel/!38.788,61.331/!91
DMG/!MRS - steel/!38.788,61.331/!ak47/!GL ` RuStY^_^/!34.324,69.052/!27
KILL/!GL ` RuStY^_^/!34.324,69.052/!m4a1_silencer HS/!MRS - steel/!38.788,61.331
DMG/!MRS - ALEXXXXX/!39.613,66.670/!ak47/!GL ` RuStY^_^/!33.845,68.295/!34
KILL/!MRS - ALEXXXXX/!39.613,66.670/!ak47/!GL ` RuStY^_^/!33.845,68.295
DMG/!GL ` kingmezii/!42.104,54.385/!ak47/!MRS - lowel/!44.703,61.945/!27
DMG/!GL ` kingmezii/!42.104,54.385/!ak47/!MRS - EasTor/!46.329,66.721/!17
DMG/!GL ` kingmezii/!42.091,54.403/!ak47/!MRS - lowel/!44.640,61.866/!27
DMG/!GL ` kingmezii/!42.091,54.403/!ak47/!MRS - EasTor/!46.407,66.698/!17
DMG/!GL ` kingmezii/!42.059,54.415/!ak47/!MRS - lowel/!44.597,61.791/!27
DMG/!GL ` kingmezii/!42.016,54.429/!ak47/!MRS - lowel/!44.584,61.776/!27
KILL/!GL ` kingmezii/!42.016,54.429/!ak47/!MRS - lowel/!44.584,61.776
DMG/!GL ` hampus/!36.673,55.487/!hegrenade/!MRS - EasTor/!46.448,66.688/!53
KILL/!GL ` kingmezii/!41.956,54.451/!ak47/!MRS - EasTor/!46.384,66.711
DMG/!GL ` kingmezii/!41.956,54.451/!ak47/!MRS - EasTor/!46.384,66.711/!27
DMG/!GL ` eraa/!28.750,48.748/!hegrenade/!MRS - ALEXXXXX/!40.183,66.092/!7
DMG/!MRS - ALEXXXXX/!40.242,65.771/!ak47/!GL ` kingmezii/!45.551,55.053/!27
DMG/!GL ` kingmezii/!45.546,55.051/!ak47/!MRS - ALEXXXXX/!40.244,65.772/!108
KILL/!GL ` kingmezii/!45.546,55.051/!ak47 HS/!MRS - ALEXXXXX/!40.244,65.772
DMG/!MRS - EasTor/!47.020,25.315/!deagle/!GL ` hampus/!48.200,11.681/!43
DMG/!GL ` Gux/!52.482,25.357/!glock/!MRS - EasTor/!45.423,25.420/!50
DMG/!GL ` Gux/!52.486,25.417/!glock/!MRS - EasTor/!45.403,25.564/!49
DMG/!GL ` Gux/!52.493,25.598/!glock/!MRS - EasTor/!45.243,25.900/!12
KILL/!GL ` Gux/!52.493,25.598/!glock/!MRS - EasTor/!45.243,25.900
DMG/!GL ` eraa/!23.574,84.957/!glock/!MRS - steel/!15.851,79.736/!102
KILL/!GL ` eraa/!23.574,84.957/!glock HS/!MRS - steel/!15.851,79.736
DMG/!GL ` eraa/!13.398,67.338/!glock/!MRS - ALEXXXXX/!20.477,58.338/!11
DMG/!MRS - ALEXXXXX/!20.477,58.338/!m4a1/!GL ` eraa/!12.920,66.954/!39
DMG/!GL ` eraa/!13.211,67.205/!glock/!MRS - ALEXXXXX/!20.477,58.338/!46
DMG/!MRS - ALEXXXXX/!20.477,58.338/!m4a1/!GL ` eraa/!13.239,67.229/!127
KILL/!MRS - ALEXXXXX/!20.477,58.338/!m4a1 HS/!GL ` eraa/!13.239,67.229
DMG/!GL ` Gux/!8.473,33.608/!deagle/!MRS - ALEXXXXX/!17.783,50.881/!155
KILL/!GL ` Gux/!8.473,33.608/!deagle HS/!MRS - ALEXXXXX/!17.783,50.881
DMG/!MRS - lowel/!53.095,53.132/!m4a1/!GL ` RuStY^_^/!50.244,53.374/!130
KILL/!MRS - lowel/!53.095,53.132/!m4a1 HS/!GL ` RuStY^_^/!50.244,53.374
DMG/!GL ` Gux/!29.048,49.503/!deagle/!MRS - lowel/!40.516,54.425/!180
KILL/!GL ` Gux/!29.048,49.503/!deagle HS/!MRS - lowel/!40.516,54.425
KILL/!GL ` hampus/!1.895,31.300/!ak47 HS/!MRS - mopoz/!22.653,48.480
DMG/!GL ` hampus/!1.895,31.300/!ak47/!MRS - mopoz/!22.653,48.480/!105
DMG/!GL ` eraa/!41.141,7.896/!ak47/!GL ` Gux/!38.128,8.773/!9
DMG/!GL ` eraa/!42.042,8.903/!ak47/!GL ` Gux/!38.880,9.893/!9
DMG/!GL ` eraa/!43.197,9.837/!ak47/!GL ` Gux/!39.767,11.010/!9
DMG/!GL ` eraa/!44.691,12.237/!ak47/!GL ` Gux/!41.722,13.192/!36
DMG/!GL ` eraa/!45.257,13.698/!ak47/!GL ` Gux/!42.658,14.344/!36
DMG/!GL ` kingmezii/!15.327,24.723/!glock/!MRS - steel/!6.057,43.143/!21
DMG/!GL ` kingmezii/!13.257,25.298/!glock/!MRS - steel/!9.025,44.221/!21
DMG/!GL ` kingmezii/!11.863,25.032/!glock/!MRS - steel/!9.414,44.304/!27
DMG/!MRS - mopoz/!2.781,72.802/!hkp2000/!GL ` kingmezii/!-14.486,58.157/!28
DMG/!MRS - mopoz/!2.701,72.689/!hkp2000/!GL ` kingmezii/!-14.436,58.217/!113
KILL/!MRS - mopoz/!2.701,72.689/!hkp2000 HS/!GL ` kingmezii/!-14.436,58.217
DMG/!GL ` hampus/!-1.519,62.602/!glock/!MRS - mopoz/!2.701,72.689/!11
DMG/!GL ` hampus/!-1.533,62.633/!glock/!MRS - mopoz/!2.701,72.689/!100
KILL/!GL ` hampus/!-1.533,62.633/!glock HS/!MRS - mopoz/!2.701,72.689
DMG/!MRS - steel/!10.019,85.650/!usp_silencer/!GL ` hampus/!0.068,67.021/!14
DMG/!MRS - steel/!10.180,85.643/!usp_silencer/!GL ` hampus/!-0.501,66.375/!14
DMG/!GL ` hampus/!-0.761,66.248/!glock/!MRS - steel/!10.481,85.472/!83
DMG/!GL ` RuStY^_^/!8.237,68.385/!glock/!MRS - ALEXXXXX/!22.576,83.231/!21
DMG/!GL ` RuStY^_^/!8.625,70.215/!glock/!MRS - ALEXXXXX/!23.721,78.853/!22
KILL/!MRS - lowel/!24.102,86.890/!usp_silencer HS/!GL ` RuStY^_^/!8.452,70.574
DMG/!MRS - lowel/!24.102,86.890/!usp_silencer/!GL ` RuStY^_^/!8.452,70.574/!113
DMG/!MRS - lowel/!21.420,84.819/!usp_silencer/!GL ` eraa/!16.195,71.932/!15
DMG/!MRS - lowel/!21.367,84.842/!usp_silencer/!GL ` eraa/!16.164,71.946/!122
KILL/!MRS - lowel/!21.367,84.842/!usp_silencer HS/!GL ` eraa/!16.164,71.946
DMG/!MRS - steel/!13.905,87.827/!usp_silencer/!GL ` hampus/!5.251,78.184/!123
KILL/!MRS - steel/!13.905,87.827/!usp_silencer HS/!GL ` hampus/!5.251,78.184
DMG/!GL ` Gux/!18.584,56.613/!glock/!MRS - ALEXXXXX/!15.262,71.631/!23
DMG/!MRS - ALEXXXXX/!15.606,71.691/!usp_silencer/!GL ` Gux/!18.647,56.654/!120
KILL/!MRS - ALEXXXXX/!15.606,71.691/!usp_silencer HS/!GL ` Gux/!18.647,56.654
DMG/!GL ` Gux/!13.683,52.495/!glock/!MRS - steel/!19.117,58.587/!12
DMG/!MRS - steel/!19.264,58.447/!mp9/!GL ` RuStY^_^/!14.684,53.371/!17
DMG/!GL ` Gux/!13.558,52.424/!glock/!MRS - steel/!19.264,58.447/!12
DMG/!MRS - steel/!19.329,58.382/!mp9/!GL ` Gux/!13.630,52.263/!23
DMG/!MRS - steel/!19.327,58.393/!mp9/!GL ` Gux/!13.441,52.410/!23
DMG/!GL ` Gux/!13.455,52.395/!glock/!MRS - steel/!19.315,58.405/!12
DMG/!MRS - steel/!19.226,58.494/!mp9/!GL ` Gux/!13.395,52.455/!23
DMG/!GL ` Gux/!13.439,52.433/!glock/!MRS - steel/!19.248,58.470/!49
DMG/!MRS - steel/!19.275,58.439/!mp9/!GL ` Gux/!13.506,52.375/!23
KILL/!MRS - steel/!19.248,58.469/!mp9/!GL ` Gux/!13.544,52.341
DMG/!MRS - steel/!19.248,58.469/!mp9/!GL ` Gux/!13.544,52.341/!23
DMG/!MRS - mopoz/!15.256,72.810/!mp9/!GL ` eraa/!18.678,56.816/!15
DMG/!MRS - mopoz/!15.256,72.810/!mp9/!GL ` eraa/!18.939,56.958/!15
DMG/!MRS - mopoz/!15.256,72.810/!mp9/!GL ` eraa/!19.087,57.010/!15
DMG/!MRS - mopoz/!15.256,72.810/!mp9/!GL ` kingmezii/!18.203,56.465/!20
DMG/!MRS - mopoz/!15.290,72.815/!mp9/!GL ` kingmezii/!18.388,56.497/!20
DMG/!MRS - steel/!15.627,66.583/!mp9/!GL ` eraa/!19.983,57.751/!22
DMG/!MRS - steel/!15.597,66.570/!mp9/!GL ` eraa/!20.048,57.789/!22
DMG/!MRS - steel/!15.475,66.509/!mp9/!GL ` eraa/!20.040,57.784/!22
KILL/!MRS - steel/!15.475,66.509/!mp9/!GL ` eraa/!20.040,57.784
DMG/!GL ` RuStY^_^/!18.429,55.595/!glock/!MRS - mopoz/!15.444,72.002/!10
DMG/!MRS - mopoz/!15.484,72.009/!mp9/!GL ` RuStY^_^/!18.295,55.571/!82
DMG/!MRS - mopoz/!15.519,72.015/!mp9/!GL ` RuStY^_^/!18.340,55.579/!20
KILL/!MRS - mopoz/!15.519,72.015/!mp9/!GL ` RuStY^_^/!18.340,55.579
DMG/!GL ` kingmezii/!20.300,58.739/!glock/!MRS - steel/!15.527,65.555/!12
DMG/!GL ` kingmezii/!20.008,58.642/!glock/!MRS - steel/!15.399,65.482/!12
KILL/!GL ` kingmezii/!20.008,58.642/!glock/!MRS - steel/!15.399,65.482
DMG/!MRS - mopoz/!14.956,71.836/!mp9/!GL ` kingmezii/!19.698,58.398/!21
DMG/!MRS - mopoz/!14.956,71.836/!mp9/!GL ` kingmezii/!19.670,58.331/!21
KILL/!MRS - EasTor/!9.579,79.624/!mp9/!GL ` kingmezii/!19.291,57.552
DMG/!MRS - EasTor/!9.579,79.624/!mp9/!GL ` kingmezii/!19.291,57.552/!18
DMG/!MRS - mopoz/!12.491,71.599/!mp9/!GL ` hampus/!9.152,63.133/!91
DMG/!MRS - mopoz/!12.224,71.429/!mp9/!GL ` hampus/!9.209,63.132/!22
KILL/!MRS - mopoz/!12.224,71.429/!mp9/!GL ` hampus/!9.209,63.132
DMG/!MRS - lowel/!29.433,60.581/!hegrenade/!GL ` hampus/!41.855,48.732/!13
DMG/!MRS - EasTor/!14.479,65.833/!hegrenade/!GL ` Gux/!16.090,46.873/!1
DMG/!MRS - lowel/!40.339,72.115/!inferno/!GL ` hampus/!45.976,56.269/!1
DMG/!MRS - lowel/!40.129,72.079/!inferno/!GL ` hampus/!45.525,55.949/!2
DMG/!MRS - lowel/!40.504,72.137/!inferno/!GL ` hampus/!44.799,55.687/!3
DMG/!MRS - lowel/!41.184,72.225/!inferno/!GL ` hampus/!44.040,55.501/!4
DMG/!MRS - lowel/!41.821,72.297/!inferno/!GL ` hampus/!43.641,55.413/!4
DMG/!MRS - lowel/!41.826,72.298/!m4a1/!GL ` hampus/!43.641,55.413/!21
DMG/!GL ` hampus/!43.641,55.413/!ak47/!MRS - lowel/!41.824,72.298/!33
DMG/!GL ` hampus/!43.653,55.415/!ak47/!MRS - lowel/!41.807,72.296/!33
DMG/!MRS - lowel/!41.800,72.296/!inferno/!GL ` hampus/!43.658,55.415/!5
DMG/!GL ` hampus/!43.673,55.417/!ak47/!MRS - lowel/!41.783,72.294/!26
DMG/!GL ` hampus/!43.707,55.420/!ak47/!MRS - lowel/!41.748,72.291/!26
KILL/!GL ` hampus/!43.707,55.420/!ak47/!MRS - lowel/!41.748,72.291
DMG/!MRS - lowel/!41.748,72.291/!inferno/!GL ` hampus/!43.716,55.421/!6
DMG/!MRS - lowel/!41.748,72.291/!inferno/!GL ` hampus/!43.817,55.433/!7
DMG/!MRS - lowel/!41.748,72.291/!inferno/!GL ` hampus/!43.836,55.435/!8
DMG/!MRS - lowel/!41.748,72.291/!inferno/!GL ` hampus/!43.736,55.447/!8
DMG/!MRS - lowel/!41.748,72.291/!inferno/!GL ` hampus/!43.118,55.423/!8
DMG/!MRS - lowel/!15.735,64.075/!inferno/!GL ` hampus/!42.380,55.354/!8
KILL/!MRS - lowel/!16.195,63.951/!inferno/!GL ` hampus/!41.583,55.323
DMG/!MRS - lowel/!16.195,63.951/!inferno/!GL ` hampus/!41.583,55.323/!8
DMG/!GL ` kingmezii/!57.069,40.518/!hegrenade/!MRS - mopoz/!56.357,64.429/!21
DMG/!MRS - mopoz/!54.635,63.344/!mp9/!GL ` eraa/!52.137,54.631/!13
DMG/!MRS - mopoz/!54.414,63.431/!mp9/!GL ` Gux/!51.922,56.914/!56
DMG/!MRS - mopoz/!54.083,63.557/!mp9/!GL ` Gux/!51.924,56.951/!14
DMG/!GL ` Gux/!51.936,56.949/!ak47/!MRS - mopoz/!53.926,63.614/!27
DMG/!MRS - mopoz/!53.663,63.693/!mp9/!GL ` eraa/!52.085,55.042/!55
DMG/!GL ` Gux/!51.957,56.945/!ak47/!MRS - mopoz/!53.604,63.707/!27
DMG/!MRS - mopoz/!53.568,63.715/!mp9/!GL ` eraa/!52.094,55.108/!13
DMG/!GL ` Gux/!51.957,56.945/!ak47/!MRS - mopoz/!53.559,63.717/!27
KILL/!GL ` Gux/!51.957,56.945/!ak47/!MRS - mopoz/!53.559,63.717
DMG/!GL ` eraa/!52.355,55.076/!ak47/!GL ` kingmezii/!52.585,56.258/!36
DMG/!GL ` Gux/!54.469,61.424/!ak47/!MRS - ALEXXXXX/!44.764,70.483/!27
DMG/!MRS - ALEXXXXX/!44.760,70.477/!mp9/!GL ` Gux/!54.604,61.468/!16
DMG/!GL ` Gux/!54.621,61.471/!ak47/!MRS - ALEXXXXX/!44.741,70.456/!27
DMG/!GL ` Gux/!54.625,61.476/!ak47/!MRS - ALEXXXXX/!44.665,70.368/!27
DMG/!MRS - ALEXXXXX/!44.664,70.366/!mp9/!GL ` Gux/!54.625,61.476/!16
KILL/!MRS - ALEXXXXX/!44.664,70.366/!mp9/!GL ` Gux/!54.625,61.476
DMG/!MRS - ALEXXXXX/!43.014,69.979/!mp9/!GL ` RuStY^_^/!42.911,54.456/!12
DMG/!MRS - ALEXXXXX/!43.000,69.979/!mp9/!GL ` RuStY^_^/!42.852,54.457/!12
DMG/!MRS - ALEXXXXX/!43.060,69.978/!mp9/!GL ` RuStY^_^/!42.852,54.457/!12
DMG/!GL ` RuStY^_^/!42.873,54.457/!ak47/!MRS - ALEXXXXX/!43.000,69.979/!27
KILL/!GL ` RuStY^_^/!42.873,54.457/!ak47/!MRS - ALEXXXXX/!43.000,69.979
DMG/!MRS - steel/!25.821,77.335/!hegrenade/!GL ` kingmezii/!39.979,65.313/!9
DMG/!GL ` eraa/!49.147,71.125/!ak47/!MRS - steel/!28.635,73.508/!33
DMG/!GL ` eraa/!49.151,71.159/!ak47/!MRS - steel/!28.620,73.570/!137
KILL/!GL ` eraa/!49.151,71.159/!ak47 HS/!MRS - steel/!28.620,73.570
DMG/!MRS - EasTor/!40.498,54.340/!mp9/!GL ` RuStY^_^/!44.418,59.116/!14
DMG/!MRS - EasTor/!40.755,54.409/!mp9/!GL ` RuStY^_^/!44.291,58.976/!14
DMG/!MRS - EasTor/!40.764,54.412/!mp9/!GL ` RuStY^_^/!44.276,58.960/!14
DMG/!MRS - EasTor/!40.793,54.397/!mp9/!GL ` RuStY^_^/!44.309,59.001/!14
KILL/!MRS - EasTor/!41.591,54.470/!mp9/!GL ` RuStY^_^/!44.223,58.864
DMG/!MRS - EasTor/!41.591,54.470/!mp9/!GL ` RuStY^_^/!44.223,58.864/!14
DMG/!GL ` kingmezii/!43.408,65.568/!ak47/!MRS - EasTor/!44.764,54.535/!27
DMG/!MRS - EasTor/!44.793,54.544/!mp9/!GL ` kingmezii/!43.408,65.568/!13
DMG/!GL ` kingmezii/!43.410,65.569/!ak47/!MRS - EasTor/!44.760,54.539/!27
DMG/!GL ` kingmezii/!43.421,65.570/!ak47/!MRS - EasTor/!44.699,54.531/!27
DMG/!GL ` kingmezii/!43.444,65.573/!ak47/!MRS - EasTor/!44.714,54.532/!27
KILL/!GL ` kingmezii/!43.444,65.573/!ak47/!MRS - EasTor/!44.714,54.532
DMG/!MRS - mopoz/!51.602,64.487/!famas/!GL ` hampus/!53.147,60.911/!20
DMG/!GL ` hampus/!53.098,60.900/!ak47/!MRS - mopoz/!51.894,64.556/!27
DMG/!MRS - mopoz/!51.917,64.565/!famas/!GL ` hampus/!53.050,60.881/!20
DMG/!GL ` hampus/!53.013,60.867/!ak47/!MRS - mopoz/!51.935,64.571/!27
DMG/!MRS - mopoz/!51.949,64.576/!famas/!GL ` hampus/!52.984,60.856/!20
DMG/!GL ` hampus/!52.961,60.848/!ak47/!MRS - mopoz/!51.965,64.581/!27
DMG/!MRS - mopoz/!51.979,64.585/!famas/!GL ` hampus/!52.941,60.842/!20
DMG/!GL ` hampus/!52.923,60.837/!ak47/!MRS - mopoz/!51.998,64.590/!27
KILL/!GL ` hampus/!52.923,60.837/!ak47/!MRS - mopoz/!51.998,64.590
DMG/!GL ` Gux/!40.823,61.181/!mac10/!MRS - ALEXXXXX/!24.805,66.601/!14
DMG/!MRS - ALEXXXXX/!24.784,66.510/!m4a1/!GL ` Gux/!40.726,61.424/!27
DMG/!MRS - ALEXXXXX/!24.783,66.499/!m4a1/!GL ` Gux/!40.731,61.533/!21
DMG/!MRS - ALEXXXXX/!24.787,66.512/!m4a1/!GL ` Gux/!40.751,61.646/!27
DMG/!MRS - ALEXXXXX/!24.794,66.533/!m4a1/!GL ` Gux/!40.747,61.626/!27
KILL/!MRS - ALEXXXXX/!24.794,66.533/!m4a1/!GL ` Gux/!40.747,61.626
DMG/!GL ` RuStY^_^/!42.918,60.846/!ak47/!MRS - ALEXXXXX/!27.773,65.486/!27
DMG/!GL ` RuStY^_^/!42.879,60.717/!ak47/!MRS - ALEXXXXX/!27.801,65.603/!27
DMG/!MRS - ALEXXXXX/!27.803,65.618/!m4a1/!GL ` RuStY^_^/!42.843,60.596/!21
DMG/!MRS - ALEXXXXX/!27.782,65.551/!m4a1/!GL ` RuStY^_^/!42.842,60.593/!21
DMG/!GL ` RuStY^_^/!42.843,60.595/!ak47/!MRS - ALEXXXXX/!27.780,65.546/!139
KILL/!GL ` RuStY^_^/!42.843,60.595/!ak47 HS/!MRS - ALEXXXXX/!27.780,65.546
DMG/!GL ` RuStY^_^/!43.000,59.054/!ak47/!MRS - lowel/!40.338,76.665/!26
DMG/!GL ` RuStY^_^/!42.894,59.037/!ak47/!MRS - lowel/!40.298,76.646/!33
DMG/!GL ` kingmezii/!48.272,67.065/!ak47/!MRS - lowel/!40.261,76.640/!27
KILL/!GL ` kingmezii/!48.272,67.065/!ak47/!MRS - lowel/!40.231,76.635
DMG/!GL ` kingmezii/!48.272,67.065/!ak47/!MRS - lowel/!40.231,76.635/!27
DMG/!GL ` RuStY^_^/!12.436,33.507/!ak47/!MRS - EasTor/!1.929,21.553/!34
DMG/!GL ` RuStY^_^/!12.402,33.536/!ak47/!MRS - EasTor/!1.971,21.529/!34
DMG/!MRS - EasTor/!1.957,21.542/!awp/!GL ` RuStY^_^/!12.375,33.559/!110
KILL/!MRS - EasTor/!1.957,21.542/!awp/!GL ` RuStY^_^/!12.375,33.559
DMG/!unnamed/!NAN/!/!GL ` eraa/!27.453,38.971/!9
DMG/!unnamed/!NAN/!/!GL ` kingmezii/!24.440,37.006/!4
DMG/!unnamed/!NAN/!/!GL ` hampus/!60.820,36.376/!1
DMG/!GL ` Gux/!3.860,23.195/!ak47/!MRS - EasTor/!4.646,36.026/!33
DMG/!MRS - EasTor/!4.649,36.026/!awp/!GL ` Gux/!3.805,23.194/!110
KILL/!MRS - EasTor/!4.649,36.026/!awp/!GL ` Gux/!3.805,23.194
KILL/!MRS - steel/!10.574,39.484/!ak47 HS/!GL ` eraa/!1.433,31.972
DMG/!MRS - steel/!10.574,39.484/!ak47/!GL ` eraa/!1.433,31.972/!108
DMG/!MRS - steel/!10.426,45.643/!ak47/!GL ` RuStY^_^/!9.982,29.966/!27
DMG/!MRS - steel/!10.517,45.640/!ak47/!GL ` RuStY^_^/!9.972,30.069/!27
DMG/!MRS - steel/!10.616,45.634/!ak47/!GL ` RuStY^_^/!9.949,30.153/!33
DMG/!GL ` RuStY^_^/!9.700,30.406/!ak47/!MRS - steel/!12.288,45.512/!27
DMG/!MRS - steel/!12.262,45.530/!ak47/!GL ` RuStY^_^/!9.833,30.387/!33
KILL/!MRS - steel/!12.262,45.530/!ak47/!GL ` RuStY^_^/!9.833,30.387
DMG/!GL ` kingmezii/!1.906,31.470/!ak47/!MRS - steel/!12.332,45.516/!26
DMG/!GL ` kingmezii/!1.897,31.477/!ak47/!MRS - steel/!12.372,45.495/!138
KILL/!GL ` kingmezii/!1.897,31.477/!ak47 HS/!MRS - steel/!12.372,45.495
DMG/!GL ` kingmezii/!1.038,34.225/!ak47/!MRS - EasTor/!15.353,51.203/!26
KILL/!MRS - EasTor/!15.353,51.203/!awp/!GL ` kingmezii/!1.038,34.225
DMG/!MRS - EasTor/!15.353,51.203/!awp/!GL ` kingmezii/!1.038,34.225/!109
KILL/!GL ` hampus/!3.331,30.376/!ak47 HS/!MRS - EasTor/!10.442,48.872
DMG/!GL ` hampus/!3.331,30.376/!ak47/!MRS - EasTor/!10.442,48.872/!107
DMG/!MRS - ALEXXXXX/!18.904,58.848/!deagle/!GL ` hampus/!8.922,79.407/!35
DMG/!GL ` hampus/!8.928,79.403/!ak47/!MRS - ALEXXXXX/!18.856,58.824/!26
KILL/!MRS - ALEXXXXX/!18.784,56.570/!awp/!GL ` hampus/!10.369,81.746
DMG/!MRS - ALEXXXXX/!18.784,56.570/!awp/!GL ` hampus/!10.369,81.746/!109
DMG/!MRS - ALEXXXXX/!41.976,61.825/!inferno/!GL ` kingmezii/!34.133,58.735/!1
DMG/!MRS - lowel/!29.316,63.569/!hegrenade/!GL ` hampus/!31.174,59.561/!53
DMG/!MRS - lowel/!29.316,63.569/!hegrenade/!GL ` kingmezii/!34.388,60.065/!31
DMG/!GL ` Gux/!52.914,61.214/!mac10/!MRS - mopoz/!48.878,66.606/!9
DMG/!GL ` Gux/!53.071,62.270/!mac10/!MRS - mopoz/!48.860,66.632/!18
DMG/!GL ` Gux/!53.160,62.577/!mac10/!MRS - mopoz/!48.881,66.606/!14
DMG/!GL ` Gux/!53.347,63.301/!mac10/!MRS - mopoz/!48.896,66.586/!58
KILL/!GL ` Gux/!53.330,63.570/!mac10/!MRS - mopoz/!48.896,66.586
DMG/!GL ` Gux/!53.330,63.570/!mac10/!MRS - mopoz/!48.896,66.586/!14
DMG/!MRS - lowel/!48.662,64.372/!ak47/!GL ` Gux/!52.753,64.590/!27
DMG/!GL ` Gux/!52.728,64.628/!mac10/!MRS - lowel/!48.663,64.381/!61
DMG/!MRS - lowel/!48.657,64.259/!ak47/!GL ` Gux/!52.540,64.821/!27
DMG/!GL ` Gux/!52.512,64.878/!mac10/!MRS - lowel/!48.658,64.234/!15
DMG/!MRS - lowel/!48.659,64.234/!ak47/!GL ` Gux/!52.490,64.949/!27
DMG/!MRS - lowel/!48.660,64.234/!ak47/!GL ` Gux/!52.466,65.047/!27
KILL/!MRS - lowel/!48.660,64.234/!ak47/!GL ` Gux/!52.466,65.047
DMG/!MRS - lowel/!48.742,64.635/!ak47/!GL ` eraa/!53.230,63.514/!34
DMG/!GL ` eraa/!53.230,63.515/!ak47/!MRS - lowel/!48.718,64.501/!27
KILL/!GL ` eraa/!53.230,63.515/!ak47/!MRS - lowel/!48.718,64.501
DMG/!MRS - ALEXXXXX/!37.987,67.152/!m4a1/!GL ` eraa/!53.254,63.655/!87
KILL/!MRS - ALEXXXXX/!37.987,67.152/!m4a1 HS/!GL ` eraa/!53.254,63.655
DMG/!MRS - ALEXXXXX/!37.979,67.161/!m4a1/!GL ` RuStY^_^/!54.262,63.319/!23
DMG/!GL ` RuStY^_^/!54.290,63.420/!ak47/!MRS - ALEXXXXX/!37.930,67.153/!33
DMG/!GL ` RuStY^_^/!54.282,63.385/!ak47/!MRS - ALEXXXXX/!37.823,67.151/!26
DMG/!GL ` RuStY^_^/!54.256,63.272/!ak47/!MRS - ALEXXXXX/!37.796,67.162/!139
KILL/!GL ` RuStY^_^/!54.256,63.272/!ak47 HS/!MRS - ALEXXXXX/!37.796,67.162
DMG/!GL ` kingmezii/!39.890,55.231/!ak47/!MRS - steel/!28.983,49.474/!140
KILL/!GL ` kingmezii/!39.890,55.231/!ak47 HS/!MRS - steel/!28.983,49.474
DMG/!MRS - EasTor/!24.386,66.566/!awp/!GL ` RuStY^_^/!39.586,65.478/!110
KILL/!MRS - EasTor/!24.386,66.566/!awp/!GL ` RuStY^_^/!39.586,65.478
KILL/!GL ` hampus/!49.522,72.862/!ak47 HS/!MRS - EasTor/!42.279,71.751
DMG/!GL ` hampus/!49.522,72.862/!ak47/!MRS - EasTor/!42.279,71.751/!109
DMG/!unnamed/!NAN/!/!GL ` Gux/!30.730,28.021/!8
DMG/!MRS - EasTor/!5.998,41.408/!ssg08/!GL ` eraa/!23.740,22.211/!70
DMG/!MRS - steel/!29.517,46.358/!cz75a/!GL ` RuStY^_^/!29.630,51.730/!21
DMG/!MRS - steel/!29.115,46.511/!cz75a/!GL ` RuStY^_^/!29.730,51.524/!22
DMG/!GL ` RuStY^_^/!29.069,51.650/!ak47/!MRS - steel/!29.491,46.482/!34
DMG/!GL ` RuStY^_^/!29.003,51.650/!ak47/!MRS - steel/!29.575,46.484/!34
DMG/!GL ` RuStY^_^/!28.931,51.647/!ak47/!MRS - steel/!29.617,46.487/!27
DMG/!GL ` RuStY^_^/!28.842,51.641/!ak47/!MRS - steel/!29.651,46.500/!27
KILL/!GL ` RuStY^_^/!28.842,51.641/!ak47/!MRS - steel/!29.651,46.500
DMG/!GL ` kingmezii/!41.080,47.799/!ak47/!MRS - ALEXXXXX/!22.156,49.528/!44
DMG/!MRS - ALEXXXXX/!22.254,47.625/!deagle/!GL ` kingmezii/!43.350,48.086/!17
DMG/!GL ` Gux/!41.498,54.386/!ak47/!MRS - lowel/!45.778,58.443/!27
DMG/!GL ` Gux/!41.468,54.421/!ak47/!MRS - lowel/!45.778,58.313/!27
DMG/!GL ` Gux/!41.469,54.419/!ak47/!MRS - lowel/!45.755,58.292/!27
DMG/!GL ` Gux/!41.479,54.408/!ak47/!MRS - lowel/!45.737,58.318/!27
KILL/!GL ` Gux/!41.479,54.408/!ak47/!MRS - lowel/!45.737,58.318
DMG/!GL ` eraa/!26.802,29.295/!ak47/!MRS - ALEXXXXX/!26.762,47.377/!26
DMG/!GL ` Gux/!44.396,54.347/!ak47/!MRS - mopoz/!42.358,61.809/!27
DMG/!GL ` Gux/!44.401,54.349/!ak47/!MRS - mopoz/!42.410,61.810/!27
DMG/!GL ` Gux/!44.401,54.349/!ak47/!MRS - mopoz/!42.490,61.810/!27
DMG/!GL ` Gux/!44.401,54.349/!ak47/!MRS - mopoz/!42.631,61.839/!27
KILL/!GL ` Gux/!44.401,54.349/!ak47/!MRS - mopoz/!42.631,61.839
DMG/!GL ` Gux/!44.300,62.369/!ak47/!MRS - EasTor/!24.520,66.456/!138
KILL/!GL ` Gux/!44.300,62.369/!ak47 HS/!MRS - EasTor/!24.520,66.456
KILL/!GL ` Gux/!47.534,70.239/!ak47 HS/!MRS - ALEXXXXX/!35.483,74.162
DMG/!GL ` Gux/!47.534,70.239/!ak47/!MRS - ALEXXXXX/!35.483,74.162/!108
KILL/!GL ` hampus/!36.280,66.992/!world/!GL ` hampus/!36.280,66.992
KILL/!GL ` eraa/!36.147,5.489/!world/!GL ` eraa/!36.147,5.489
KILL/!GL ` Gux/!33.368,2.663/!world/!GL ` Gux/!33.368,2.663
KILL/!GL ` RuStY^_^/!34.939,5.410/!world/!GL ` RuStY^_^/!34.939,5.410
KILL/!GL ` kingmezii/!33.858,4.499/!world/!GL ` kingmezii/!33.858,4.499
