faze-vs-heretics-m2-train.out
de_train
DMG/!Bymas/!48.682,60.771/!glock/!Lucky/!53.641,58.744/!12
DMG/!kioShiMa/!55.618,59.715/!hkp2000/!Bymas/!48.573,60.457/!16
DMG/!Lucky/!53.761,59.004/!hkp2000/!Bymas/!48.564,60.431/!16
DMG/!Bymas/!48.571,60.456/!glock/!Lucky/!53.760,59.001/!12
DMG/!kioShiMa/!55.819,59.454/!hkp2000/!Bymas/!48.595,60.543/!16
DMG/!rain/!48.190,60.206/!glock/!kioShiMa/!55.865,59.372/!12
DMG/!kioShiMa/!55.864,59.341/!hkp2000/!rain/!48.178,60.206/!24
DMG/!Bymas/!48.586,60.771/!glock/!Lucky/!53.729,58.899/!12
DMG/!Lucky/!53.720,58.874/!hkp2000/!Bymas/!48.582,60.771/!133
KILL/!Lucky/!53.720,58.874/!usp_silencer HS/!Bymas/!48.582,60.771
DMG/!rain/!48.151,60.206/!glock/!kioShiMa/!55.885,59.425/!15
DMG/!rain/!48.060,60.392/!glock/!kioShiMa/!55.895,59.408/!12
DMG/!rain/!48.066,59.876/!glock/!Lucky/!53.714,58.887/!109
KILL/!rain/!48.066,59.876/!glock HS/!Lucky/!53.714,58.887
DMG/!kioShiMa/!55.850,59.079/!hkp2000/!broky/!50.513,60.512/!132
KILL/!kioShiMa/!55.850,59.079/!usp_silencer HS/!broky/!50.513,60.512
KILL/!rain/!48.378,59.745/!glock HS/!kioShiMa/!55.943,59.393
DMG/!rain/!48.378,59.745/!glock/!kioShiMa/!55.943,59.393/!106
DMG/!NiKo/!53.048,77.165/!glock/!Maka/!60.816,67.764/!11
DMG/!rain/!52.519,58.662/!glock/!Maka/!60.742,67.239/!98
KILL/!rain/!52.519,58.662/!glock HS/!Maka/!60.742,67.239
DMG/!Nivera/!67.043,67.779/!hkp2000/!NiKo/!53.531,70.238/!30
DMG/!NiKo/!53.618,70.753/!glock/!Nivera/!67.120,68.177/!95
DMG/!NiKo/!53.626,70.793/!glock/!Nivera/!67.148,68.352/!95
KILL/!NiKo/!53.626,70.793/!glock HS/!Nivera/!67.148,68.352
DMG/!xms/!71.377,64.208/!hkp2000/!coldzera/!55.437,70.816/!118
KILL/!xms/!71.377,64.208/!usp_silencer HS/!coldzera/!55.437,70.816
DMG/!rain/!55.405,65.094/!hkp2000/!xms/!71.751,64.359/!15
DMG/!rain/!55.400,64.968/!hkp2000/!xms/!71.903,64.420/!119
KILL/!rain/!55.400,64.968/!usp_silencer HS/!xms/!71.903,64.420
DMG/!coldzera/!42.295,50.357/!galilar/!xms/!53.166,48.563/!18
DMG/!coldzera/!42.295,50.357/!galilar/!xms/!53.152,48.302/!5
DMG/!coldzera/!42.295,50.357/!galilar/!xms/!53.278,48.127/!5
DMG/!coldzera/!42.295,50.357/!galilar/!xms/!53.350,47.923/!5
DMG/!xms/!67.890,42.886/!deagle/!broky/!53.188,44.552/!42
DMG/!broky/!53.181,44.478/!mac10/!xms/!67.892,42.896/!6
DMG/!xms/!67.893,42.900/!deagle/!broky/!53.181,43.240/!53
DMG/!broky/!53.176,43.102/!mac10/!xms/!67.893,42.911/!11
DMG/!Bymas/!53.105,45.704/!galilar/!xms/!67.893,42.907/!90
KILL/!Bymas/!53.105,45.704/!galilar HS/!xms/!67.893,42.907
DMG/!broky/!54.105,46.261/!inferno/!Lucky/!83.105,52.299/!1
DMG/!coldzera/!72.790,32.496/!galilar/!Maka/!91.464,33.363/!115
KILL/!coldzera/!72.790,32.496/!galilar HS/!Maka/!91.464,33.363
DMG/!unnamed/!NAN/!/!coldzera/!86.067,32.365/!11
DMG/!unnamed/!NAN/!/!Bymas/!86.182,39.105/!15
DMG/!unnamed/!NAN/!/!rain/!51.120,70.070/!7
DMG/!unnamed/!NAN/!/!kioShiMa/!52.579,76.268/!2
DMG/!Bymas/!89.402,99.062/!galilar/!Lucky/!87.200,75.167/!2
DMG/!Bymas/!89.388,99.148/!galilar/!Lucky/!87.119,75.172/!114
KILL/!Bymas/!89.388,99.148/!galilar HS/!Lucky/!87.119,75.172
DMG/!Nivera/!60.351,65.022/!deagle/!broky/!51.960,77.120/!172
KILL/!Nivera/!60.351,65.022/!deagle HS/!broky/!51.960,77.120
DMG/!Bymas/!80.289,38.570/!galilar/!xms/!90.793,49.879/!29
DMG/!Bymas/!80.334,38.528/!galilar/!xms/!90.855,49.823/!116
KILL/!Bymas/!80.334,38.528/!galilar HS/!xms/!90.855,49.823
DMG/!unnamed/!NAN/!/!coldzera/!85.286,32.693/!13
DMG/!unnamed/!NAN/!/!NiKo/!42.133,31.969/!50
DMG/!unnamed/!NAN/!/!rain/!85.938,32.127/!11
DMG/!coldzera/!84.822,32.424/!galilar/!rain/!85.938,32.127/!9
DMG/!coldzera/!84.673,32.276/!glock/!rain/!85.938,32.127/!18
DMG/!xms/!58.079,45.720/!m4a1/!rain/!52.548,50.191/!22
DMG/!xms/!58.123,45.781/!m4a1/!rain/!52.647,50.245/!22
DMG/!xms/!58.080,45.726/!m4a1/!rain/!52.986,50.279/!10
DMG/!xms/!58.115,45.765/!m4a1/!rain/!53.070,50.292/!28
DMG/!xms/!58.190,45.793/!m4a1/!rain/!53.109,50.294/!28
KILL/!xms/!58.190,45.793/!m4a1_silencer/!rain/!53.109,50.294
DMG/!Bymas/!52.212,50.070/!galilar/!xms/!58.423,45.810/!91
DMG/!Bymas/!52.195,50.039/!galilar/!xms/!58.431,45.807/!91
KILL/!Bymas/!52.195,50.039/!galilar HS/!xms/!58.431,45.807
DMG/!Maka/!67.975,32.099/!awp/!broky/!53.051,47.210/!109
KILL/!Maka/!67.975,32.099/!awp/!broky/!53.051,47.210
DMG/!Bymas/!68.679,50.414/!galilar/!Maka/!70.751,32.819/!28
DMG/!unnamed/!NAN/!/!coldzera/!57.777,36.770/!11
DMG/!Bymas/!68.762,50.423/!galilar/!Maka/!70.776,32.822/!115
KILL/!Bymas/!68.762,50.423/!galilar HS/!Maka/!70.776,32.822
DMG/!NiKo/!66.741,49.636/!inferno/!Lucky/!86.854,48.373/!4
DMG/!NiKo/!66.728,49.624/!inferno/!Lucky/!87.199,48.537/!5
DMG/!NiKo/!66.726,49.620/!inferno/!Lucky/!87.535,48.406/!6
DMG/!NiKo/!66.816,49.281/!inferno/!Lucky/!87.837,48.109/!7
DMG/!NiKo/!67.106,48.673/!inferno/!Lucky/!88.174,47.945/!8
DMG/!NiKo/!67.236,48.506/!inferno/!Lucky/!88.627,47.781/!8
DMG/!NiKo/!67.444,48.312/!inferno/!Lucky/!89.052,47.216/!8
DMG/!NiKo/!67.676,47.796/!inferno/!Lucky/!89.245,46.437/!8
DMG/!kioShiMa/!88.150,38.552/!m4a1/!coldzera/!58.518,39.210/!21
DMG/!coldzera/!58.548,39.197/!galilar/!kioShiMa/!88.159,38.456/!21
DMG/!coldzera/!58.557,39.306/!galilar/!kioShiMa/!88.160,38.365/!21
DMG/!kioShiMa/!88.158,38.262/!m4a1/!coldzera/!58.573,39.610/!21
DMG/!coldzera/!58.571,39.560/!galilar/!kioShiMa/!88.158,38.263/!21
DMG/!kioShiMa/!88.158,38.264/!m4a1/!coldzera/!58.570,39.531/!84
KILL/!kioShiMa/!88.158,38.264/!m4a1 HS/!coldzera/!58.570,39.531
DMG/!Nivera/!82.046,50.783/!deagle/!Bymas/!73.574,48.242/!48
KILL/!Nivera/!82.080,50.338/!deagle/!Bymas/!74.127,46.962
DMG/!Nivera/!82.080,50.338/!deagle/!Bymas/!74.127,46.962/!60
DMG/!Lucky/!88.684,40.220/!m4a1/!NiKo/!61.498,40.029/!22
DMG/!Lucky/!88.688,40.214/!m4a1/!NiKo/!61.476,39.935/!22
DMG/!kioShiMa/!74.097,33.448/!m4a1/!NiKo/!61.469,39.882/!22
DMG/!kioShiMa/!74.079,33.415/!m4a1/!NiKo/!61.465,39.802/!22
DMG/!kioShiMa/!74.079,33.415/!m4a1/!NiKo/!61.465,39.758/!27
KILL/!kioShiMa/!74.079,33.415/!m4a1/!NiKo/!61.465,39.758
DMG/!broky/!50.294,98.695/!awp/!Nivera/!89.666,96.611/!107
KILL/!broky/!50.294,98.695/!awp/!Nivera/!89.666,96.611
DMG/!xms/!53.170,48.578/!hegrenade/!NiKo/!44.784,56.993/!2
DMG/!Lucky/!89.546,95.254/!m4a1/!Bymas/!74.680,98.743/!22
DMG/!Bymas/!74.792,99.014/!ak47/!Lucky/!89.546,95.254/!27
DMG/!Lucky/!89.418,94.746/!m4a1/!Bymas/!74.733,98.798/!28
DMG/!Lucky/!90.159,98.129/!hegrenade/!Bymas/!73.035,95.160/!38
DMG/!rain/!46.459,75.874/!ak47/!Maka/!61.537,79.707/!108
KILL/!rain/!46.459,75.874/!ak47 HS/!Maka/!61.537,79.707
KILL/!Lucky/!100.403,61.905/!awp/!NiKo/!54.295,62.499
DMG/!Lucky/!100.403,61.905/!awp/!NiKo/!54.295,62.499/!106
DMG/!kioShiMa/!80.229,67.189/!m4a1/!rain/!62.450,77.707/!21
DMG/!kioShiMa/!80.227,67.185/!m4a1/!rain/!62.414,77.646/!21
KILL/!rain/!62.452,77.710/!ak47 HS/!kioShiMa/!80.227,67.185
DMG/!rain/!62.452,77.710/!ak47/!kioShiMa/!80.227,67.185/!106
DMG/!Bymas/!71.141,68.821/!inferno/!xms/!81.015,65.060/!8
DMG/!Bymas/!71.158,68.348/!inferno/!xms/!81.306,65.408/!8
DMG/!Bymas/!71.313,67.911/!inferno/!xms/!81.487,65.277/!8
DMG/!Bymas/!71.314,67.912/!inferno/!xms/!82.617,64.781/!8
DMG/!Bymas/!71.314,67.912/!inferno/!xms/!83.253,65.162/!8
DMG/!Bymas/!71.314,67.912/!inferno/!xms/!83.649,65.434/!8
KILL/!rain/!81.419,81.388/!ak47 HS/!xms/!81.400,66.898
DMG/!rain/!81.419,81.388/!ak47/!xms/!81.400,66.898/!108
DMG/!Lucky/!98.754,51.418/!awp/!rain/!99.478,69.183/!110
KILL/!Lucky/!98.754,51.418/!awp/!rain/!99.478,69.183
DMG/!coldzera/!101.630,35.011/!ak47/!Lucky/!94.066,48.830/!27
DMG/!Bymas/!90.891,50.296/!ak47/!Lucky/!94.067,48.849/!27
DMG/!coldzera/!101.627,35.026/!ak47/!Lucky/!94.066,48.835/!27
KILL/!coldzera/!101.627,35.026/!ak47/!Lucky/!94.066,48.835
DMG/!unnamed/!NAN/!/!broky/!59.413,41.826/!10
DMG/!unnamed/!NAN/!/!Bymas/!95.664,46.328/!4
KILL/!coldzera/!53.620,76.339/!ak47 HS/!Maka/!66.214,61.266
DMG/!coldzera/!53.620,76.339/!ak47/!Maka/!66.214,61.266/!138
DMG/!Maka/!66.214,61.266/!smokegrenade/!coldzera/!53.620,76.339/!1
DMG/!rain/!48.063,59.555/!inferno/!Nivera/!42.319,50.433/!1
DMG/!rain/!48.202,59.555/!inferno/!xms/!44.343,50.200/!3
DMG/!rain/!48.339,59.555/!inferno/!xms/!43.632,50.564/!4
DMG/!rain/!48.800,59.555/!inferno/!xms/!43.316,51.301/!4
DMG/!Lucky/!44.302,56.152/!hkp2000/!broky/!50.243,55.421/!16
DMG/!Lucky/!44.691,56.773/!hkp2000/!broky/!50.243,55.421/!16
DMG/!Lucky/!45.170,56.992/!hkp2000/!broky/!50.252,55.538/!16
DMG/!Nivera/!42.796,56.524/!deagle/!broky/!50.336,55.842/!49
DMG/!Lucky/!46.051,56.993/!hkp2000/!broky/!50.318,55.729/!16
KILL/!Lucky/!46.051,56.993/!usp_silencer/!broky/!50.318,55.729
DMG/!NiKo/!44.118,82.880/!ak47/!Nivera/!43.548,58.133/!136
KILL/!NiKo/!44.118,82.880/!ak47 HS/!Nivera/!43.548,58.133
DMG/!kioShiMa/!77.928,70.352/!p250/!rain/!68.991,66.888/!21
DMG/!coldzera/!60.498,77.648/!ak47/!kioShiMa/!77.892,70.335/!34
DMG/!NiKo/!43.336,79.997/!ak47/!Lucky/!46.189,79.672/!35
DMG/!coldzera/!60.486,77.618/!ak47/!kioShiMa/!77.714,70.295/!34
KILL/!coldzera/!60.469,77.579/!ak47/!kioShiMa/!77.637,70.270
DMG/!coldzera/!60.469,77.579/!ak47/!kioShiMa/!77.637,70.270/!34
DMG/!NiKo/!43.292,79.678/!ak47/!Lucky/!46.145,79.453/!35
DMG/!Lucky/!46.140,79.421/!awp/!NiKo/!43.290,79.674/!111
KILL/!Lucky/!46.140,79.421/!awp/!NiKo/!43.290,79.674
DMG/!Lucky/!48.666,90.833/!awp/!rain/!46.239,76.637/!110
KILL/!Lucky/!48.666,90.833/!awp/!rain/!46.239,76.637
DMG/!coldzera/!69.320,76.738/!ak47/!xms/!74.801,58.699/!34
DMG/!coldzera/!69.316,76.752/!ak47/!xms/!74.802,58.701/!34
KILL/!coldzera/!69.315,76.752/!ak47 HS/!xms/!74.797,58.694
DMG/!coldzera/!69.315,76.752/!ak47/!xms/!74.797,58.694/!138
KILL/!Lucky/!44.397,78.483/!awp/!coldzera/!74.910,77.461
DMG/!Lucky/!44.397,78.483/!awp/!coldzera/!74.910,77.461/!108
DMG/!unnamed/!NAN/!/!Bymas/!87.615,77.161/!43
DMG/!unnamed/!NAN/!/!Lucky/!53.563,97.925/!5
DMG/!unnamed/!NAN/!/!coldzera/!48.589,59.813/!24
DMG/!coldzera/!51.232,58.737/!awp/!kioShiMa/!65.875,69.304/!440
KILL/!coldzera/!51.232,58.737/!awp HS/!kioShiMa/!65.875,69.304
DMG/!Lucky/!66.454,69.762/!hegrenade/!coldzera/!48.060,59.570/!1
DMG/!coldzera/!50.918,50.034/!ak47/!xms/!83.862,49.667/!32
DMG/!NiKo/!51.201,48.980/!ak47/!xms/!83.966,49.715/!32
DMG/!coldzera/!50.986,50.077/!ak47/!xms/!83.943,49.796/!32
DMG/!xms/!83.924,49.742/!m4a1/!NiKo/!51.201,48.966/!22
KILL/!coldzera/!50.986,50.077/!ak47/!xms/!83.924,49.747
DMG/!coldzera/!50.986,50.077/!ak47/!xms/!83.924,49.747/!32
DMG/!coldzera/!83.212,53.110/!ak47/!Maka/!70.528,57.726/!90
DMG/!coldzera/!83.212,53.110/!ak47/!Maka/!70.527,57.722/!140
KILL/!coldzera/!83.212,53.110/!ak47 HS/!Maka/!70.527,57.722
DMG/!Nivera/!86.220,66.618/!awp/!coldzera/!70.660,57.861/!110
KILL/!Nivera/!86.220,66.618/!awp/!coldzera/!70.660,57.861
DMG/!Nivera/!73.038,80.490/!awp/!NiKo/!91.722,75.850/!109
KILL/!Nivera/!73.038,80.490/!awp/!NiKo/!91.722,75.850
DMG/!unnamed/!NAN/!/!Lucky/!81.127,59.355/!9
KILL/!Nivera/!71.657,80.405/!awp/!rain/!88.043,76.421
DMG/!Nivera/!71.657,80.405/!awp/!rain/!88.043,76.421/!110
DMG/!broky/!42.352,55.914/!awp/!Maka/!45.501,31.986/!35
DMG/!Maka/!88.197,47.276/!smokegrenade/!coldzera/!53.315,49.465/!1
DMG/!rain/!62.159,50.462/!ak47/!Maka/!85.829,41.225/!26
DMG/!rain/!62.185,50.449/!ak47/!Maka/!85.810,41.258/!7
DMG/!rain/!62.187,50.448/!ak47/!Maka/!85.808,41.263/!26
DMG/!rain/!62.200,50.443/!ak47/!Maka/!85.809,41.260/!26
KILL/!rain/!62.200,50.443/!ak47/!Maka/!85.809,41.260
DMG/!xms/!62.683,41.906/!m4a1/!rain/!71.511,48.196/!22
DMG/!xms/!62.683,41.906/!m4a1/!rain/!71.673,48.009/!22
DMG/!xms/!62.683,41.906/!m4a1/!rain/!71.737,47.878/!22
DMG/!xms/!62.683,41.906/!m4a1/!rain/!71.776,47.745/!22
DMG/!xms/!62.683,41.906/!m4a1/!rain/!71.657,47.591/!91
KILL/!xms/!62.683,41.906/!m4a1_silencer HS/!rain/!71.657,47.591
DMG/!NiKo/!70.484,48.343/!ak47/!xms/!62.746,41.775/!27
DMG/!NiKo/!70.475,48.366/!ak47/!xms/!62.685,41.782/!109
DMG/!xms/!62.685,41.782/!m4a1/!NiKo/!70.475,48.366/!22
KILL/!NiKo/!70.475,48.366/!ak47 HS/!xms/!62.685,41.782
DMG/!unnamed/!NAN/!/!coldzera/!48.074,59.905/!5
DMG/!xms/!54.144,46.601/!hegrenade/!broky/!43.430,54.225/!28
DMG/!xms/!54.144,46.601/!hegrenade/!NiKo/!41.629,55.750/!7
DMG/!kioShiMa/!64.471,61.906/!hegrenade/!rain/!51.510,72.890/!37
KILL/!rain/!60.271,79.608/!ak47 HS/!Lucky/!68.451,76.791
DMG/!rain/!60.271,79.608/!ak47/!Lucky/!68.451,76.791/!109
DMG/!NiKo/!54.578,50.383/!ak47/!xms/!67.133,48.023/!27
KILL/!NiKo/!54.675,50.344/!ak47 HS/!xms/!67.131,48.012
DMG/!NiKo/!54.675,50.344/!ak47/!xms/!67.131,48.012/!108
DMG/!Nivera/!74.925,65.947/!m4a1/!rain/!66.818,78.696/!22
DMG/!Nivera/!74.919,65.937/!m4a1/!rain/!66.826,78.687/!88
KILL/!Nivera/!74.919,65.937/!m4a1 HS/!rain/!66.826,78.687
DMG/!Bymas/!82.189,71.296/!ak47/!Nivera/!74.430,60.914/!140
KILL/!Bymas/!82.189,71.296/!ak47 HS/!Nivera/!74.430,60.914
DMG/!Maka/!83.230,43.071/!awp/!broky/!65.423,43.598/!110
KILL/!Maka/!83.230,43.071/!awp/!broky/!65.423,43.598
DMG/!NiKo/!89.935,50.353/!ak47/!Maka/!89.368,43.789/!142
KILL/!NiKo/!89.935,50.353/!ak47 HS/!Maka/!89.368,43.789
DMG/!kioShiMa/!75.939,65.146/!m4a1/!Bymas/!81.593,69.143/!10
DMG/!kioShiMa/!75.983,65.085/!m4a1/!Bymas/!81.608,69.128/!8
DMG/!kioShiMa/!76.027,65.023/!m4a1/!Bymas/!81.684,69.117/!22
DMG/!Bymas/!81.824,69.113/!ak47/!kioShiMa/!76.219,64.766/!27
DMG/!Bymas/!81.870,69.113/!ak47/!kioShiMa/!76.244,64.734/!27
DMG/!Bymas/!81.876,69.115/!ak47/!kioShiMa/!76.267,64.706/!27
DMG/!Bymas/!81.876,69.115/!ak47/!kioShiMa/!76.285,64.685/!27
KILL/!Bymas/!81.876,69.115/!ak47/!kioShiMa/!76.285,64.685
DMG/!Nivera/!79.212,77.600/!awp/!rain/!44.395,78.366/!59
DMG/!Nivera/!80.069,78.147/!awp/!NiKo/!50.057,78.168/!135
KILL/!Nivera/!80.069,78.147/!awp/!NiKo/!50.057,78.168
DMG/!Bymas/!91.912,98.988/!hegrenade/!Nivera/!85.846,75.214/!74
DMG/!Bymas/!89.533,100.478/!ak47/!Nivera/!87.278,75.765/!136
KILL/!Bymas/!89.533,100.478/!ak47 HS/!Nivera/!87.278,75.765
DMG/!coldzera/!54.561,58.550/!ak47/!kioShiMa/!57.522,73.719/!27
DMG/!coldzera/!54.569,58.549/!ak47/!kioShiMa/!57.522,73.719/!27
DMG/!coldzera/!54.588,58.545/!ak47/!kioShiMa/!57.522,73.719/!27
DMG/!coldzera/!54.618,58.539/!ak47/!kioShiMa/!57.522,73.719/!33
KILL/!coldzera/!54.618,58.539/!ak47/!kioShiMa/!57.522,73.719
DMG/!Lucky/!66.741,76.260/!hegrenade/!broky/!46.139,79.344/!44
DMG/!Lucky/!63.633,78.743/!m4a1/!broky/!53.978,78.994/!28
DMG/!Lucky/!63.616,78.728/!m4a1/!broky/!53.991,79.135/!28
KILL/!Lucky/!63.616,78.728/!m4a1/!broky/!53.991,79.135
DMG/!Maka/!100.347,69.467/!inferno/!Bymas/!87.618,82.807/!1
DMG/!Maka/!100.048,68.794/!inferno/!Bymas/!88.112,82.083/!2
DMG/!Maka/!99.633,68.141/!inferno/!Bymas/!88.664,81.258/!3
DMG/!Maka/!99.004,67.784/!inferno/!Bymas/!89.098,80.455/!4
DMG/!Maka/!98.240,67.691/!inferno/!Bymas/!89.224,79.609/!4
DMG/!rain/!45.362,76.863/!ak47/!Lucky/!62.139,79.271/!139
KILL/!rain/!45.362,76.863/!ak47 HS/!Lucky/!62.139,79.271
DMG/!Bymas/!80.205,71.374/!ak47/!Maka/!82.307,64.960/!27
DMG/!coldzera/!75.917,69.281/!ak47/!Maka/!82.294,64.957/!27
DMG/!Bymas/!80.207,71.375/!ak47/!Maka/!82.292,64.956/!142
KILL/!Bymas/!80.207,71.375/!ak47 HS/!Maka/!82.292,64.956
DMG/!xms/!59.437,62.751/!famas/!coldzera/!75.823,69.190/!19
DMG/!xms/!59.437,62.751/!famas/!coldzera/!75.736,69.134/!19
DMG/!xms/!59.437,62.751/!famas/!coldzera/!75.712,69.124/!78
KILL/!xms/!59.437,62.751/!famas HS/!coldzera/!75.712,69.124
DMG/!Bymas/!80.264,71.155/!ak47/!xms/!59.027,64.454/!137
KILL/!Bymas/!80.264,71.155/!ak47 HS/!xms/!59.027,64.454
DMG/!Bymas/!89.550,91.346/!hegrenade/!Lucky/!92.653,76.996/!2
DMG/!rain/!45.722,76.736/!inferno/!Nivera/!65.299,76.030/!2
DMG/!rain/!45.782,77.058/!inferno/!Nivera/!65.300,76.249/!3
DMG/!rain/!45.776,77.022/!inferno/!Nivera/!65.301,76.327/!4
DMG/!rain/!45.804,77.057/!inferno/!Nivera/!65.301,76.327/!4
DMG/!rain/!45.882,77.080/!inferno/!Nivera/!65.298,75.975/!5
DMG/!rain/!45.891,77.084/!inferno/!Nivera/!65.297,75.283/!6
DMG/!rain/!45.894,77.099/!inferno/!Nivera/!65.307,74.356/!7
DMG/!Bymas/!88.272,75.241/!ak47/!Nivera/!65.311,74.009/!137
KILL/!Bymas/!88.272,75.241/!ak47 HS/!Nivera/!65.311,74.009
DMG/!rain/!50.818,79.042/!ak47/!kioShiMa/!53.833,74.267/!27
DMG/!rain/!50.733,78.984/!ak47/!kioShiMa/!53.844,74.404/!27
DMG/!rain/!50.791,79.023/!ak47/!kioShiMa/!53.847,74.420/!142
KILL/!rain/!50.791,79.023/!ak47 HS/!kioShiMa/!53.847,74.420
DMG/!Bymas/!76.207,72.856/!ak47/!Lucky/!84.591,63.721/!27
DMG/!Bymas/!76.207,72.856/!ak47/!NiKo/!76.643,71.929/!36
DMG/!Bymas/!76.207,72.856/!ak47/!Lucky/!84.545,63.722/!17
DMG/!Lucky/!84.460,63.724/!deagle/!Bymas/!76.207,72.856/!45
DMG/!NiKo/!76.556,71.844/!ak47/!Lucky/!84.418,63.717/!27
DMG/!Bymas/!76.207,72.856/!ak47/!Lucky/!84.414,63.714/!27
KILL/!Bymas/!76.207,72.856/!ak47/!Lucky/!84.414,63.714
DMG/!xms/!53.816,58.780/!p250/!rain/!53.333,77.446/!79
DMG/!rain/!53.297,77.445/!ak47/!xms/!54.048,58.786/!26
DMG/!xms/!54.264,58.795/!p250/!rain/!53.316,77.445/!79
KILL/!xms/!54.264,58.795/!p250 HS/!rain/!53.316,77.445
DMG/!unnamed/!NAN/!/!coldzera/!48.607,59.934/!5
DMG/!NiKo/!59.618,69.757/!ak47/!xms/!54.462,60.745/!34
DMG/!xms/!54.485,60.727/!p250/!NiKo/!59.620,69.755/!87
KILL/!xms/!54.485,60.727/!p250 HS/!NiKo/!59.620,69.755
DMG/!coldzera/!49.914,59.469/!ak47/!xms/!54.446,60.246/!24
DMG/!coldzera/!49.929,59.434/!ak47/!xms/!54.447,60.229/!27
KILL/!coldzera/!49.929,59.434/!ak47/!xms/!54.447,60.229
DMG/!broky/!99.860,75.353/!awp/!Maka/!96.934,63.479/!113
KILL/!broky/!99.860,75.353/!awp/!Maka/!96.934,63.479
DMG/!kioShiMa/!64.999,69.762/!aug/!rain/!52.303,59.037/!7
DMG/!kioShiMa/!64.963,69.750/!aug/!rain/!52.607,58.881/!1
DMG/!kioShiMa/!64.978,69.732/!aug/!rain/!52.728,58.872/!17
DMG/!kioShiMa/!64.718,69.762/!inferno/!coldzera/!55.026,59.838/!6
DMG/!Lucky/!70.877,70.420/!inferno/!Bymas/!51.153,75.495/!8
DMG/!Lucky/!70.877,70.420/!inferno/!Bymas/!51.730,76.099/!8
DMG/!Lucky/!70.877,70.420/!inferno/!Bymas/!52.309,76.682/!8
DMG/!Lucky/!70.930,70.308/!inferno/!Bymas/!52.572,76.945/!8
DMG/!Lucky/!70.923,70.328/!m4a1/!coldzera/!54.062,63.337/!22
DMG/!Lucky/!70.923,70.328/!m4a1/!coldzera/!54.053,63.462/!22
DMG/!Lucky/!70.923,70.328/!m4a1/!coldzera/!54.035,63.556/!22
DMG/!Lucky/!70.923,70.328/!m4a1/!coldzera/!53.948,63.872/!24
DMG/!kioShiMa/!61.416,68.586/!aug/!Bymas/!51.794,77.337/!24
DMG/!kioShiMa/!61.428,68.600/!aug/!Bymas/!51.799,77.343/!30
DMG/!Lucky/!70.923,70.328/!m4a1/!coldzera/!53.906,63.995/!24
KILL/!Lucky/!70.923,70.328/!m4a1_silencer/!coldzera/!53.906,63.995
DMG/!kioShiMa/!61.444,68.618/!aug/!Bymas/!51.811,77.349/!30
KILL/!kioShiMa/!61.444,68.618/!aug/!Bymas/!51.811,77.349
DMG/!Lucky/!70.988,68.797/!m4a1/!rain/!53.583,64.600/!22
DMG/!Lucky/!70.965,68.597/!m4a1/!rain/!53.534,64.803/!28
DMG/!Lucky/!70.984,68.504/!m4a1/!rain/!53.538,64.786/!24
DMG/!Lucky/!71.001,68.422/!m4a1/!rain/!53.542,64.766/!28
KILL/!Lucky/!71.001,68.422/!m4a1_silencer/!rain/!53.542,64.766
DMG/!Lucky/!71.069,68.072/!m4a1/!kioShiMa/!64.252,67.033/!7
DMG/!kioShiMa/!62.316,65.699/!aug/!NiKo/!53.943,75.954/!2
DMG/!Nivera/!75.656,71.742/!awp/!NiKo/!54.117,75.595/!109
KILL/!Nivera/!75.656,71.742/!awp/!NiKo/!54.117,75.595
DMG/!xms/!55.541,64.222/!m4a1/!broky/!53.524,74.423/!22
DMG/!Nivera/!72.544,72.211/!awp/!broky/!53.516,74.394/!25
DMG/!xms/!55.636,64.266/!m4a1/!broky/!53.495,74.347/!27
DMG/!xms/!55.813,64.315/!m4a1/!broky/!53.456,74.275/!22
DMG/!broky/!53.420,74.241/!ak47/!xms/!55.863,64.331/!27
DMG/!xms/!55.852,64.328/!m4a1/!broky/!53.423,74.238/!22
KILL/!xms/!55.852,64.328/!m4a1/!broky/!53.423,74.238
DMG/!Maka/!83.833,76.708/!inferno/!rain/!58.954,79.768/!1
DMG/!Maka/!82.881,76.716/!inferno/!rain/!59.946,79.692/!2
DMG/!Maka/!81.891,76.719/!inferno/!rain/!60.690,79.681/!3
DMG/!Maka/!80.939,76.708/!inferno/!rain/!61.407,79.498/!4
DMG/!Maka/!79.911,76.696/!inferno/!rain/!62.080,78.974/!4
DMG/!kioShiMa/!62.490,61.300/!hegrenade/!broky/!46.422,78.406/!4
DMG/!broky/!46.422,78.424/!awp/!Maka/!78.734,77.785/!108
KILL/!broky/!46.422,78.424/!awp/!Maka/!78.734,77.785
DMG/!Lucky/!77.794,67.989/!inferno/!rain/!69.895,78.603/!4
DMG/!rain/!72.898,81.386/!inferno/!Lucky/!76.649,66.026/!1
DMG/!rain/!72.474,81.358/!inferno/!Lucky/!76.170,65.862/!2
DMG/!rain/!72.036,81.389/!inferno/!Lucky/!75.749,65.717/!3
DMG/!Bymas/!99.049,76.768/!ak47/!Nivera/!96.363,61.661/!108
KILL/!Bymas/!99.049,76.768/!ak47 HS/!Nivera/!96.363,61.661
DMG/!Lucky/!76.649,65.967/!ak47/!Bymas/!100.759,66.170/!26
DMG/!Lucky/!76.650,65.923/!ak47/!Bymas/!100.759,66.189/!25
DMG/!Bymas/!100.759,66.209/!ak47/!Lucky/!76.650,65.932/!33
DMG/!NiKo/!58.587,73.737/!ak47/!kioShiMa/!53.447,58.489/!27
DMG/!Bymas/!100.759,66.249/!ak47/!Lucky/!76.650,65.949/!33
DMG/!Bymas/!100.758,66.287/!ak47/!Lucky/!76.650,65.949/!25
DMG/!Lucky/!76.650,65.949/!ak47/!Bymas/!100.758,66.299/!33
DMG/!NiKo/!58.612,73.737/!ak47/!kioShiMa/!53.443,58.510/!33
DMG/!Lucky/!76.650,65.956/!ak47/!Bymas/!100.759,66.330/!25
KILL/!Lucky/!76.650,65.956/!ak47/!Bymas/!100.759,66.330
DMG/!NiKo/!58.610,73.738/!ak47/!kioShiMa/!53.405,58.522/!33
DMG/!kioShiMa/!53.394,58.525/!aug/!NiKo/!58.604,73.740/!24
DMG/!NiKo/!58.603,73.740/!ak47/!kioShiMa/!53.379,58.531/!27
KILL/!NiKo/!58.603,73.740/!ak47/!kioShiMa/!53.379,58.531
DMG/!coldzera/!81.358,72.486/!ak47/!Lucky/!78.435,65.908/!10
KILL/!coldzera/!81.358,72.486/!ak47 WB/!Lucky/!78.435,65.908
DMG/!xms/!97.203,62.492/!ak47/!rain/!68.009,61.892/!26
DMG/!xms/!97.202,62.492/!ak47/!rain/!68.009,61.892/!26
DMG/!rain/!68.009,61.911/!ak47/!xms/!97.202,62.507/!26
DMG/!rain/!68.033,61.912/!ak47/!xms/!97.201,62.538/!26
DMG/!xms/!97.202,62.529/!ak47/!rain/!68.091,61.913/!105
KILL/!xms/!97.202,62.529/!ak47 HS/!rain/!68.091,61.913
DMG/!coldzera/!97.638,77.884/!ak47/!xms/!97.085,63.480/!27
DMG/!coldzera/!99.088,77.709/!ak47/!xms/!96.875,64.570/!27
KILL/!coldzera/!99.088,77.709/!ak47/!xms/!96.875,64.570
DMG/!Maka/!57.758,66.615/!hegrenade/!Bymas/!50.930,74.031/!22
DMG/!Maka/!53.455,80.107/!m4a1/!Bymas/!53.238,69.900/!27
DMG/!Bymas/!53.310,69.749/!ak47/!Lucky/!78.660,69.815/!26
DMG/!Bymas/!53.310,69.751/!ak47/!Lucky/!78.668,69.790/!33
DMG/!Bymas/!53.311,69.777/!ak47/!Lucky/!78.678,69.760/!33
DMG/!kioShiMa/!66.786,73.530/!m4a1/!Bymas/!53.171,72.196/!22
DMG/!Bymas/!53.187,72.218/!ak47/!kioShiMa/!66.791,73.541/!27
DMG/!kioShiMa/!66.791,73.539/!m4a1/!Bymas/!53.187,72.218/!88
KILL/!kioShiMa/!66.791,73.539/!m4a1 HS/!Bymas/!53.187,72.218
DMG/!rain/!43.714,49.743/!ak47/!xms/!56.035,49.140/!27
DMG/!rain/!43.714,49.743/!ak47/!xms/!56.207,49.151/!27
DMG/!rain/!43.713,49.734/!ak47/!xms/!56.328,49.147/!27
DMG/!rain/!43.712,49.713/!ak47/!xms/!56.348,49.137/!33
KILL/!rain/!43.712,49.713/!ak47/!xms/!56.348,49.137
DMG/!xms/!56.348,49.137/!inferno/!rain/!47.775,50.130/!8
DMG/!rain/!99.278,32.227/!ak47/!kioShiMa/!101.480,33.942/!27
DMG/!rain/!99.278,32.227/!ak47/!kioShiMa/!101.517,33.818/!27
DMG/!rain/!99.237,32.293/!ak47/!kioShiMa/!101.625,33.628/!27
KILL/!rain/!99.237,32.293/!ak47/!kioShiMa/!101.625,33.628
DMG/!rain/!98.811,32.585/!ak47/!Lucky/!101.184,34.922/!27
KILL/!rain/!98.811,32.585/!ak47/!Lucky/!101.184,34.922
DMG/!Maka/!101.700,33.680/!ak47/!rain/!96.110,33.857/!110
KILL/!Maka/!101.700,33.680/!ak47 HS/!rain/!96.110,33.857
DMG/!broky/!53.648,47.891/!awp/!Nivera/!88.053,49.968/!135
KILL/!broky/!53.648,47.891/!awp/!Nivera/!88.053,49.968
DMG/!unnamed/!NAN/!/!broky/!47.523,62.946/!22
DMG/!unnamed/!NAN/!/!NiKo/!90.334,32.753/!3
DMG/!kioShiMa/!61.045,66.114/!inferno/!coldzera/!48.231,59.587/!8
DMG/!kioShiMa/!60.567,65.408/!inferno/!coldzera/!48.217,59.587/!8
DMG/!Lucky/!64.627,76.446/!hegrenade/!rain/!45.369,73.346/!42
DMG/!kioShiMa/!60.408,67.324/!hegrenade/!coldzera/!48.065,59.587/!2
KILL/!rain/!44.395,78.654/!ak47 HS/!Lucky/!64.448,76.913
DMG/!rain/!44.395,78.654/!ak47/!Lucky/!64.448,76.913/!107
DMG/!kioShiMa/!53.778,58.941/!ump45/!coldzera/!48.102,59.586/!19
DMG/!kioShiMa/!53.505,58.971/!ump45/!coldzera/!48.087,59.586/!21
DMG/!kioShiMa/!53.382,59.005/!ump45/!coldzera/!48.100,59.586/!4
DMG/!kioShiMa/!53.249,59.053/!ump45/!coldzera/!48.103,59.586/!3
DMG/!NiKo/!51.535,59.583/!hegrenade/!kioShiMa/!49.850,60.692/!47
DMG/!kioShiMa/!49.850,60.692/!ump45/!coldzera/!48.062,60.167/!24
DMG/!kioShiMa/!49.850,60.692/!ump45/!coldzera/!48.062,60.167/!19
KILL/!kioShiMa/!49.850,60.692/!ump45/!coldzera/!48.062,60.167
DMG/!unnamed/!NAN/!/!NiKo/!48.613,59.889/!8
DMG/!Maka/!87.024,75.471/!awp/!Bymas/!89.532,98.319/!438
KILL/!Maka/!87.024,75.471/!awp HS/!Bymas/!89.532,98.319
DMG/!NiKo/!48.632,59.909/!ak47/!kioShiMa/!52.964,58.489/!27
DMG/!NiKo/!48.629,59.902/!ak47/!kioShiMa/!52.961,58.489/!27
KILL/!NiKo/!48.629,59.902/!ak47/!kioShiMa/!52.961,58.489
DMG/!NiKo/!54.110,58.565/!ak47/!Nivera/!60.711,78.103/!26
DMG/!NiKo/!54.113,58.564/!ak47/!Nivera/!60.703,78.099/!26
DMG/!NiKo/!54.118,58.562/!ak47/!Nivera/!60.698,78.077/!26
DMG/!rain/!55.406,80.050/!ak47/!Nivera/!60.690,78.051/!34
KILL/!rain/!55.406,80.050/!ak47/!Nivera/!60.690,78.051
DMG/!Maka/!80.749,79.235/!awp/!rain/!65.582,78.867/!441
KILL/!Maka/!80.749,79.235/!awp HS/!rain/!65.582,78.867
KILL/!NiKo/!56.014,60.062/!ak47 HS/!xms/!48.294,59.571
DMG/!NiKo/!56.014,60.062/!ak47/!xms/!48.294,59.571/!109
DMG/!broky/!59.838,71.757/!awp/!Maka/!83.560,74.921/!5
DMG/!Maka/!83.404,75.368/!inferno/!NiKo/!51.951,58.555/!4
DMG/!Maka/!83.425,75.181/!inferno/!NiKo/!51.998,58.499/!5
DMG/!Maka/!83.435,75.081/!inferno/!NiKo/!51.998,58.499/!6
DMG/!broky/!60.660,65.760/!awp/!Maka/!82.833,76.010/!109
KILL/!broky/!60.660,65.760/!awp/!Maka/!82.833,76.010
DMG/!Lucky/!43.619,83.475/!smokegrenade/!broky/!74.601,65.507/!2
DMG/!rain/!55.746,64.642/!hkp2000/!xms/!53.437,59.501/!132
KILL/!rain/!55.746,64.642/!usp_silencer HS/!xms/!53.437,59.501
DMG/!Nivera/!54.464,59.005/!glock/!rain/!55.736,64.646/!109
KILL/!Nivera/!54.464,59.005/!glock HS/!rain/!55.736,64.646
DMG/!broky/!73.982,68.669/!hegrenade/!Nivera/!54.587,61.695/!31
DMG/!broky/!73.982,68.669/!hegrenade/!kioShiMa/!54.012,59.177/!6
DMG/!broky/!72.868,67.332/!hkp2000/!Nivera/!58.776,69.241/!15
DMG/!broky/!74.064,60.944/!hkp2000/!kioShiMa/!69.582,65.515/!20
DMG/!broky/!74.417,61.408/!hkp2000/!kioShiMa/!69.498,65.464/!16
KILL/!kioShiMa/!68.654,64.593/!glock HS/!broky/!76.251,63.265
DMG/!kioShiMa/!68.654,64.593/!glock/!broky/!76.251,63.265/!105
DMG/!NiKo/!58.898,69.910/!hkp2000/!Nivera/!60.336,69.761/!138
KILL/!NiKo/!58.898,69.910/!usp_silencer HS/!Nivera/!60.336,69.761
DMG/!Bymas/!74.795,59.668/!p250/!kioShiMa/!67.615,64.725/!107
KILL/!Bymas/!74.795,59.668/!cz75a HS/!kioShiMa/!67.615,64.725
DMG/!Lucky/!53.747,59.189/!glock/!NiKo/!58.483,70.108/!11
DMG/!Lucky/!53.747,59.184/!glock/!NiKo/!58.483,70.107/!98
KILL/!Lucky/!53.747,59.184/!glock HS/!NiKo/!58.483,70.107
DMG/!Maka/!58.311,71.072/!hkp2000/!coldzera/!71.309,64.138/!121
KILL/!Maka/!58.311,71.072/!usp_silencer HS/!coldzera/!71.309,64.138
DMG/!Lucky/!62.745,61.486/!inferno/!Bymas/!75.298,64.227/!1
DMG/!Bymas/!60.262,71.533/!hkp2000/!Maka/!59.607,64.207/!32
DMG/!Lucky/!66.930,61.378/!glock/!Bymas/!60.002,71.589/!11
KILL/!Lucky/!66.930,61.378/!glock HS/!Bymas/!60.023,71.588
DMG/!Lucky/!66.930,61.378/!glock/!Bymas/!60.023,71.588/!97
DMG/!NiKo/!82.889,78.199/!ssg08/!Nivera/!46.380,78.211/!277
KILL/!NiKo/!82.889,78.199/!ssg08 HS/!Nivera/!46.380,78.211
DMG/!Lucky/!52.145,58.490/!galilar/!coldzera/!62.694,69.762/!22
DMG/!coldzera/!62.676,69.759/!deagle/!Lucky/!52.149,58.490/!72
DMG/!Lucky/!52.145,58.497/!galilar/!coldzera/!62.677,69.739/!22
DMG/!Lucky/!52.139,58.502/!galilar/!coldzera/!62.764,69.717/!7
DMG/!Lucky/!52.139,58.502/!galilar/!coldzera/!62.846,69.660/!7
DMG/!Lucky/!52.139,58.502/!galilar/!coldzera/!62.965,69.556/!28
DMG/!Lucky/!52.139,58.502/!galilar/!coldzera/!62.957,69.563/!28
KILL/!Lucky/!52.139,58.502/!galilar/!coldzera/!62.957,69.563
DMG/!kioShiMa/!52.026,76.917/!ak47/!broky/!71.022,60.582/!136
KILL/!kioShiMa/!52.026,76.917/!ak47 HS/!broky/!71.022,60.582
DMG/!kioShiMa/!54.222,74.558/!ak47/!NiKo/!84.779,75.752/!26
DMG/!rain/!73.181,59.827/!deagle/!kioShiMa/!56.314,73.197/!37
DMG/!kioShiMa/!56.660,73.482/!ak47/!NiKo/!84.892,76.037/!32
DMG/!rain/!74.116,59.065/!deagle/!kioShiMa/!59.036,70.497/!39
DMG/!kioShiMa/!58.970,70.399/!ak47/!rain/!74.100,59.044/!138
KILL/!kioShiMa/!58.970,70.399/!ak47 HS/!rain/!74.100,59.044
DMG/!NiKo/!73.994,80.949/!ssg08/!xms/!58.593,72.017/!72
DMG/!xms/!58.714,72.023/!ak47/!NiKo/!74.233,80.884/!10
DMG/!xms/!58.734,72.025/!ak47/!NiKo/!74.365,80.848/!10
DMG/!xms/!58.734,72.025/!ak47/!NiKo/!74.475,80.850/!9
DMG/!NiKo/!74.341,81.038/!ssg08/!xms/!58.700,72.084/!187
KILL/!NiKo/!74.341,81.038/!ssg08 HS WB/!xms/!58.700,72.084
KILL/!Maka/!58.246,70.305/!ak47 HS/!Bymas/!72.332,62.162
DMG/!Maka/!58.246,70.305/!ak47/!Bymas/!72.332,62.162/!107
DMG/!NiKo/!81.291,70.615/!ssg08/!Maka/!66.175,67.159/!90
KILL/!Lucky/!53.663,65.424/!galilar/!NiKo/!80.905,70.531
DMG/!Lucky/!53.663,65.424/!galilar/!NiKo/!80.905,70.531/!21
DMG/!Lucky/!44.767,74.851/!hegrenade/!Bymas/!73.526,65.130/!53
DMG/!Nivera/!44.985,81.566/!hegrenade/!Bymas/!73.215,64.797/!31
DMG/!Maka/!48.202,63.288/!inferno/!rain/!49.341,60.065/!1
DMG/!Maka/!47.910,63.284/!inferno/!rain/!50.020,60.195/!2
DMG/!Maka/!47.857,63.280/!inferno/!rain/!50.879,59.961/!3
DMG/!Maka/!47.995,63.286/!inferno/!rain/!51.793,59.731/!4
DMG/!Maka/!48.057,63.289/!inferno/!rain/!52.786,59.677/!4
DMG/!Maka/!48.001,63.273/!inferno/!rain/!53.784,59.663/!5
DMG/!Nivera/!44.406,78.450/!ak47/!coldzera/!79.009,77.212/!33
DMG/!Nivera/!44.406,78.440/!ak47/!coldzera/!79.014,77.365/!33
DMG/!Lucky/!49.825,78.412/!ak47/!NiKo/!58.821,71.617/!35
DMG/!NiKo/!58.823,71.617/!deagle/!Lucky/!49.788,78.358/!46
DMG/!Lucky/!49.761,78.320/!ak47/!NiKo/!58.818,71.610/!140
KILL/!Lucky/!49.761,78.320/!ak47 HS/!NiKo/!58.818,71.610
DMG/!coldzera/!79.023,77.668/!hkp2000/!Nivera/!44.397,78.324/!12
KILL/!Nivera/!45.349,78.433/!ak47 HS/!coldzera/!78.575,77.799
DMG/!Nivera/!45.349,78.433/!ak47/!coldzera/!78.575,77.799/!134
DMG/!Lucky/!51.448,79.061/!ak47/!rain/!53.238,74.951/!142
KILL/!Lucky/!51.448,79.061/!ak47 HS/!rain/!53.238,74.951
DMG/!kioShiMa/!51.644,55.641/!inferno/!Maka/!48.061,59.583/!3
DMG/!kioShiMa/!51.615,56.935/!inferno/!Maka/!48.399,59.583/!3
DMG/!kioShiMa/!51.590,57.221/!inferno/!Maka/!49.191,59.583/!3
DMG/!kioShiMa/!51.647,57.349/!inferno/!Maka/!49.979,59.583/!3
DMG/!kioShiMa/!51.647,57.343/!inferno/!Maka/!50.680,59.438/!3
DMG/!kioShiMa/!51.647,57.329/!inferno/!Maka/!51.495,59.357/!3
DMG/!kioShiMa/!51.627,57.200/!inferno/!Maka/!52.347,59.414/!3
DMG/!kioShiMa/!51.626,57.196/!inferno/!Maka/!53.228,59.515/!3
DMG/!kioShiMa/!51.622,57.213/!inferno/!Maka/!53.949,59.959/!3
DMG/!kioShiMa/!51.636,57.154/!inferno/!Maka/!54.372,60.653/!3
DMG/!Bymas/!65.299,76.715/!p250/!Lucky/!66.248,77.614/!23
DMG/!Bymas/!65.299,76.695/!p250/!Lucky/!66.400,77.516/!95
KILL/!Bymas/!65.299,76.695/!p250 HS/!Lucky/!66.400,77.516
DMG/!xms/!88.766,76.473/!galilar/!broky/!71.208,80.747/!28
DMG/!broky/!71.290,81.092/!hkp2000/!xms/!88.746,76.511/!14
DMG/!xms/!88.746,76.512/!galilar/!broky/!71.264,80.992/!36
DMG/!xms/!88.749,76.522/!galilar/!broky/!71.258,80.969/!36
KILL/!xms/!88.749,76.522/!galilar/!broky/!71.258,80.969
DMG/!Maka/!68.155,77.477/!deagle/!Bymas/!62.039,79.146/!55
KILL/!Maka/!68.155,77.477/!deagle/!Bymas/!62.039,79.146
DMG/!Maka/!51.313,79.174/!awp/!rain/!64.910,61.496/!84
DMG/!rain/!63.408,62.855/!inferno/!Maka/!49.664,77.817/!3
DMG/!xms/!79.702,98.078/!inferno/!broky/!88.754,91.874/!1
DMG/!xms/!80.307,98.596/!inferno/!broky/!88.979,92.603/!2
DMG/!xms/!81.013,99.047/!inferno/!broky/!89.295,93.267/!3
DMG/!xms/!81.708,99.437/!inferno/!broky/!89.463,93.601/!4
KILL/!broky/!89.482,93.643/!awp/!xms/!81.574,99.356
DMG/!broky/!89.482,93.643/!awp/!xms/!81.574,99.356/!111
DMG/!xms/!81.574,99.356/!inferno/!broky/!89.390,93.511/!4
DMG/!xms/!81.574,99.356/!inferno/!broky/!89.217,92.856/!5
DMG/!xms/!81.574,99.356/!inferno/!broky/!88.943,91.980/!6
DMG/!xms/!81.574,99.356/!inferno/!broky/!88.373,91.178/!7
DMG/!xms/!81.574,99.356/!inferno/!broky/!88.120,90.272/!8
DMG/!coldzera/!74.578,66.318/!inferno/!Maka/!45.239,78.819/!1
DMG/!Nivera/!85.787,100.555/!ak47/!broky/!90.124,79.173/!33
DMG/!Bymas/!52.744,49.793/!m4a1/!kioShiMa/!44.852,47.930/!11
DMG/!Bymas/!64.204,35.117/!m4a1/!kioShiMa/!51.564,50.472/!21
DMG/!Bymas/!64.204,35.117/!m4a1/!kioShiMa/!51.461,50.457/!21
DMG/!Bymas/!64.228,35.137/!m4a1/!kioShiMa/!51.367,50.450/!21
DMG/!kioShiMa/!51.300,50.423/!ak47/!Bymas/!64.324,35.218/!11
DMG/!kioShiMa/!51.350,50.205/!ak47/!Bymas/!64.379,35.264/!11
DMG/!Bymas/!68.978,48.022/!m4a1/!Maka/!51.199,48.883/!27
DMG/!Bymas/!68.978,48.022/!m4a1/!Maka/!51.199,48.903/!87
KILL/!Bymas/!68.978,48.022/!m4a1 HS/!Maka/!51.199,48.903
DMG/!Bymas/!67.096,48.477/!m4a1/!Nivera/!49.047,50.022/!27
DMG/!unnamed/!NAN/!/!Lucky/!59.513,35.356/!9
DMG/!broky/!78.343,34.550/!awp/!Lucky/!62.746,36.457/!137
KILL/!broky/!78.343,34.550/!awp/!Lucky/!62.746,36.457
DMG/!rain/!82.513,47.187/!m4a1/!Nivera/!50.112,48.788/!9
DMG/!rain/!82.404,45.587/!m4a1/!kioShiMa/!54.264,42.858/!21
KILL/!kioShiMa/!54.268,42.814/!ak47/!rain/!82.397,45.646
DMG/!kioShiMa/!54.268,42.814/!ak47/!rain/!82.397,45.646/!26
DMG/!broky/!75.867,32.375/!awp/!kioShiMa/!54.269,42.809/!136
KILL/!broky/!75.867,32.375/!awp/!kioShiMa/!54.269,42.809
KILL/!broky/!49.891,31.970/!awp/!Nivera/!44.830,34.178
DMG/!broky/!49.891,31.970/!awp/!Nivera/!44.830,34.178/!111
DMG/!rain/!72.558,63.497/!hegrenade/!Nivera/!51.388,79.186/!27
DMG/!NiKo/!74.459,67.203/!hegrenade/!Maka/!45.886,80.208/!38
DMG/!NiKo/!74.459,67.203/!hegrenade/!Nivera/!48.847,78.850/!28
DMG/!coldzera/!91.210,78.122/!hegrenade/!xms/!89.550,92.512/!4
DMG/!rain/!54.545,59.245/!m4a1/!kioShiMa/!50.088,58.761/!91
KILL/!rain/!54.539,59.277/!m4a1 HS/!kioShiMa/!50.088,58.840
DMG/!rain/!54.539,59.277/!m4a1/!kioShiMa/!50.088,58.840/!91
DMG/!Nivera/!86.249,98.624/!awp/!coldzera/!90.399,77.345/!109
KILL/!Nivera/!86.249,98.624/!awp/!coldzera/!90.399,77.345
DMG/!rain/!70.751,72.088/!ak47/!xms/!90.717,78.203/!106
KILL/!rain/!70.751,72.088/!ak47 HS/!xms/!90.717,78.203
DMG/!NiKo/!78.445,75.932/!m4a1/!Nivera/!92.045,79.590/!15
DMG/!NiKo/!78.445,75.932/!m4a1/!Nivera/!92.029,79.617/!16
DMG/!NiKo/!78.445,75.932/!m4a1/!Nivera/!92.008,79.655/!12
DMG/!NiKo/!78.445,75.932/!m4a1/!Nivera/!92.006,79.657/!9
KILL/!NiKo/!78.445,75.932/!m4a1 WB/!Nivera/!92.006,79.657
DMG/!Bymas/!87.572,42.418/!ak47/!Lucky/!56.186,44.954/!26
DMG/!Bymas/!87.591,42.656/!ak47/!Lucky/!56.180,44.756/!26
DMG/!Bymas/!87.591,42.656/!ak47/!Lucky/!56.180,44.756/!104
KILL/!Bymas/!87.591,42.656/!ak47 HS/!Lucky/!56.180,44.756
DMG/!Maka/!55.895,43.706/!deagle/!Bymas/!87.559,43.727/!119
KILL/!Maka/!55.895,43.706/!deagle HS/!Bymas/!87.559,43.727
KILL/!Maka/!54.078,48.013/!deagle HS/!NiKo/!77.718,50.299
DMG/!Maka/!54.078,48.013/!deagle/!NiKo/!77.718,50.299/!141
DMG/!Maka/!47.372,49.710/!deagle/!rain/!43.644,50.202/!54
DMG/!rain/!43.681,50.301/!ak47/!Maka/!47.412,50.069/!27
DMG/!rain/!43.679,50.285/!ak47/!Maka/!47.411,50.078/!27
DMG/!rain/!43.677,50.260/!ak47/!Maka/!47.401,50.069/!110
KILL/!rain/!43.677,50.260/!ak47 HS/!Maka/!47.401,50.069
DMG/!kioShiMa/!54.537,74.863/!ak47/!broky/!95.481,74.940/!102
KILL/!kioShiMa/!54.537,74.863/!ak47 HS/!broky/!95.481,74.940
DMG/!kioShiMa/!54.354,72.832/!ak47/!NiKo/!70.028,63.076/!26
DMG/!NiKo/!70.034,63.086/!inferno/!Nivera/!51.225,75.673/!8
DMG/!kioShiMa/!54.280,72.708/!ak47/!NiKo/!70.038,63.092/!26
DMG/!kioShiMa/!54.247,72.654/!ak47/!NiKo/!70.036,63.090/!33
DMG/!NiKo/!70.037,63.091/!inferno/!Nivera/!51.966,76.051/!8
DMG/!NiKo/!70.075,63.151/!inferno/!Nivera/!52.848,76.095/!8
DMG/!NiKo/!70.075,63.151/!m4a1/!kioShiMa/!54.125,72.454/!21
DMG/!kioShiMa/!54.098,72.404/!ak47/!NiKo/!70.075,63.151/!26
KILL/!kioShiMa/!54.098,72.404/!ak47/!NiKo/!70.075,63.151
KILL/!xms/!87.310,95.426/!deagle HS/!coldzera/!88.783,88.714
DMG/!xms/!87.310,95.426/!deagle/!coldzera/!88.783,88.714/!203
DMG/!Bymas/!102.300,53.388/!m4a1/!xms/!97.485,75.092/!86
DMG/!Bymas/!102.272,52.630/!m4a1/!xms/!96.874,75.015/!6
DMG/!Bymas/!100.525,31.923/!m4a1/!kioShiMa/!101.313,36.669/!22
DMG/!Bymas/!100.636,31.793/!m4a1/!kioShiMa/!101.447,36.642/!22
DMG/!kioShiMa/!101.472,36.637/!ak47/!Bymas/!100.631,31.794/!110
KILL/!kioShiMa/!101.472,36.637/!ak47 HS/!Bymas/!100.631,31.794
DMG/!unnamed/!NAN/!/!Lucky/!53.364,80.111/!40
DMG/!unnamed/!NAN/!/!xms/!55.318,97.412/!3
DMG/!unnamed/!NAN/!/!kioShiMa/!88.981,35.732/!1
DMG/!unnamed/!NAN/!/!rain/!45.799,78.810/!11
DMG/!unnamed/!NAN/!/!Maka/!89.007,39.051/!3
DMG/!unnamed/!NAN/!/!Nivera/!89.202,93.401/!5
DMG/!Bymas/!59.038,47.340/!hkp2000/!Maka/!51.237,50.402/!24
DMG/!Bymas/!59.109,47.195/!hkp2000/!Maka/!51.504,50.278/!16
KILL/!Bymas/!59.386,46.536/!usp_silencer HS/!Maka/!51.746,50.462
DMG/!Bymas/!59.386,46.536/!hkp2000/!Maka/!51.746,50.462/!64
DMG/!xms/!50.985,48.929/!awp/!NiKo/!81.470,49.957/!139
KILL/!xms/!50.985,48.929/!awp/!NiKo/!81.470,49.957
DMG/!broky/!83.177,46.108/!hkp2000/!Nivera/!53.056,49.974/!16
DMG/!Lucky/!51.119,49.130/!m4a1/!Bymas/!67.622,47.963/!125
KILL/!Lucky/!51.119,49.130/!m4a1 HS/!Bymas/!67.622,47.963
DMG/!Nivera/!55.730,45.311/!m4a1/!broky/!82.172,43.724/!30
DMG/!broky/!82.153,43.205/!hkp2000/!Nivera/!55.734,45.371/!13
DMG/!Nivera/!55.737,45.408/!m4a1/!broky/!82.139,42.930/!7
DMG/!Lucky/!53.686,48.208/!m4a1/!rain/!88.197,49.197/!83
DMG/!broky/!63.632,35.130/!hkp2000/!xms/!55.421,43.118/!15
DMG/!broky/!63.434,35.402/!hkp2000/!xms/!55.792,43.117/!15
DMG/!broky/!63.209,35.566/!hkp2000/!xms/!56.027,43.125/!20
DMG/!broky/!62.614,35.627/!hkp2000/!xms/!56.161,43.177/!16
DMG/!broky/!62.001,35.864/!hkp2000/!xms/!56.297,43.251/!16
KILL/!broky/!60.435,37.324/!usp_silencer/!xms/!56.137,43.049
DMG/!broky/!60.435,37.324/!hkp2000/!xms/!56.137,43.049/!20
DMG/!Nivera/!63.242,46.575/!m4a1/!broky/!64.776,39.940/!32
DMG/!Nivera/!63.231,46.572/!m4a1/!broky/!64.898,39.915/!40
KILL/!Nivera/!63.231,46.572/!m4a1/!broky/!64.898,39.915
DMG/!kioShiMa/!55.241,32.430/!ak47/!coldzera/!86.678,50.257/!133
KILL/!kioShiMa/!55.241,32.430/!ak47 HS/!coldzera/!86.678,50.257
DMG/!Nivera/!93.331,50.445/!hkp2000/!rain/!97.267,45.171/!16
DMG/!rain/!97.267,45.171/!ak47/!Nivera/!93.432,50.545/!110
KILL/!rain/!97.267,45.171/!ak47 HS/!Nivera/!93.432,50.545
DMG/!unnamed/!NAN/!/!kioShiMa/!40.165,56.600/!27
DMG/!kioShiMa/!41.610,54.575/!ak47/!broky/!44.971,49.779/!34
DMG/!xms/!43.810,48.669/!awp/!broky/!48.241,50.001/!111
KILL/!xms/!43.810,48.669/!awp/!broky/!48.241,50.001
DMG/!Bymas/!57.563,45.588/!m4a1/!xms/!52.065,49.607/!28
DMG/!Bymas/!57.562,45.590/!m4a1/!xms/!52.042,49.580/!22
DMG/!Bymas/!57.562,45.590/!m4a1/!xms/!52.035,49.572/!28
DMG/!Bymas/!57.562,45.590/!m4a1/!xms/!52.035,49.572/!28
KILL/!Bymas/!57.562,45.590/!m4a1/!xms/!52.035,49.572
DMG/!rain/!82.313,49.688/!ak47/!Nivera/!52.025,49.905/!26
DMG/!rain/!82.317,49.877/!ak47/!Lucky/!50.904,49.125/!32
DMG/!Lucky/!50.921,49.121/!m4a1/!rain/!82.317,49.931/!83
DMG/!rain/!82.317,49.942/!ak47/!Nivera/!52.009,49.853/!32
KILL/!rain/!82.316,49.985/!ak47 HS/!Nivera/!52.009,49.897
DMG/!rain/!82.316,49.985/!ak47/!Nivera/!52.009,49.897/!104
DMG/!rain/!82.309,50.086/!ak47/!Lucky/!50.921,49.121/!32
DMG/!Lucky/!50.921,49.121/!m4a1/!rain/!82.298,50.225/!26
KILL/!Lucky/!50.921,49.121/!m4a1/!rain/!82.298,50.225
DMG/!kioShiMa/!55.300,32.186/!ak47/!Bymas/!68.827,48.022/!26
DMG/!Bymas/!68.827,48.022/!m4a1/!Lucky/!51.623,49.266/!87
KILL/!Bymas/!68.827,48.022/!m4a1 HS/!Lucky/!51.623,49.266
DMG/!kioShiMa/!55.290,32.198/!ak47/!Bymas/!68.827,48.022/!37
KILL/!kioShiMa/!55.310,32.181/!ak47 HS/!Bymas/!68.820,48.018
DMG/!kioShiMa/!55.310,32.181/!ak47/!Bymas/!68.820,48.018/!106
DMG/!unnamed/!NAN/!/!kioShiMa/!56.869,35.112/!1
DMG/!coldzera/!81.201,73.375/!m4a1/!Maka/!61.200,67.393/!21
DMG/!coldzera/!81.511,70.434/!m4a1/!Maka/!60.157,69.761/!21
DMG/!coldzera/!81.511,70.434/!m4a1/!Maka/!60.014,69.762/!21
DMG/!coldzera/!81.511,70.434/!m4a1/!Maka/!60.084,69.762/!21
DMG/!coldzera/!81.513,70.375/!m4a1/!Maka/!60.003,69.762/!21
KILL/!coldzera/!81.513,70.375/!m4a1/!Maka/!60.003,69.762
DMG/!kioShiMa/!53.520,44.251/!ak47/!NiKo/!71.659,32.006/!16
DMG/!kioShiMa/!55.486,48.811/!ak47/!coldzera/!82.323,47.166/!26
DMG/!kioShiMa/!55.488,48.843/!ak47/!coldzera/!82.317,47.052/!26
DMG/!coldzera/!82.334,47.286/!ak47/!kioShiMa/!55.487,48.812/!32
DMG/!coldzera/!82.337,47.331/!ak47/!kioShiMa/!55.489,48.850/!25
DMG/!kioShiMa/!55.489,48.850/!ak47/!coldzera/!82.334,47.286/!26
DMG/!coldzera/!82.333,47.259/!ak47/!kioShiMa/!55.489,48.850/!32
KILL/!coldzera/!82.330,47.223/!ak47/!kioShiMa/!55.489,48.850
DMG/!coldzera/!82.330,47.223/!ak47/!kioShiMa/!55.489,48.850/!32
DMG/!unnamed/!NAN/!/!NiKo/!59.012,40.401/!6
